ARM GAS  C:\Users\isaac\AppData\Local\Temp\ccDS8uAZ.s 			page 1


   1              		.syntax unified
   2              		.cpu cortex-m3
   3              		.fpu softvfp
   4              		.eabi_attribute 20, 1
   5              		.eabi_attribute 21, 1
   6              		.eabi_attribute 23, 3
   7              		.eabi_attribute 24, 1
   8              		.eabi_attribute 25, 1
   9              		.eabi_attribute 26, 1
  10              		.eabi_attribute 30, 1
  11              		.eabi_attribute 34, 1
  12              		.eabi_attribute 18, 4
  13              		.thumb
  14              		.syntax unified
  15              		.file	"cymetadata.c"
  16              		.text
  17              	.Ltext0:
  18              		.cfi_sections	.debug_frame
  19              		.global	cy_metadata
  20              		.global	cy_meta_flashprotect
  21              		.global	cy_meta_wonvl
  22              		.global	cy_meta_custnvl
  23              		.global	cy_meta_configecc
  24              		.section	.cyconfigecc,"a",%progbits
  25              		.align	2
  26              		.type	cy_meta_configecc, %object
  27              		.size	cy_meta_configecc, 1060
  28              	cy_meta_configecc:
  29 0000 02       		.byte	2
  30 0001 45       		.byte	69
  31 0002 00       		.byte	0
  32 0003 40       		.byte	64
  33 0004 04       		.byte	4
  34 0005 4F       		.byte	79
  35 0006 00       		.byte	0
  36 0007 40       		.byte	64
  37 0008 02       		.byte	2
  38 0009 64       		.byte	100
  39 000a 00       		.byte	0
  40 000b 40       		.byte	64
  41 000c 02       		.byte	2
  42 000d 65       		.byte	101
  43 000e 00       		.byte	0
  44 000f 40       		.byte	64
  45 0010 03       		.byte	3
  46 0011 05       		.byte	5
  47 0012 01       		.byte	1
  48 0013 40       		.byte	64
  49 0014 06       		.byte	6
  50 0015 09       		.byte	9
  51 0016 01       		.byte	1
  52 0017 40       		.byte	64
  53 0018 3E       		.byte	62
  54 0019 0A       		.byte	10
  55 001a 01       		.byte	1
  56 001b 40       		.byte	64
  57 001c 23       		.byte	35
ARM GAS  C:\Users\isaac\AppData\Local\Temp\ccDS8uAZ.s 			page 2


  58 001d 0B       		.byte	11
  59 001e 01       		.byte	1
  60 001f 40       		.byte	64
  61 0020 04       		.byte	4
  62 0021 0C       		.byte	12
  63 0022 01       		.byte	1
  64 0023 40       		.byte	64
  65 0024 01       		.byte	1
  66 0025 0D       		.byte	13
  67 0026 01       		.byte	1
  68 0027 40       		.byte	64
  69 0028 0E       		.byte	14
  70 0029 18       		.byte	24
  71 002a 01       		.byte	1
  72 002b 40       		.byte	64
  73 002c 38       		.byte	56
  74 002d 19       		.byte	25
  75 002e 01       		.byte	1
  76 002f 40       		.byte	64
  77 0030 69       		.byte	105
  78 0031 1A       		.byte	26
  79 0032 01       		.byte	1
  80 0033 40       		.byte	64
  81 0034 49       		.byte	73
  82 0035 1B       		.byte	27
  83 0036 01       		.byte	1
  84 0037 40       		.byte	64
  85 0038 03       		.byte	3
  86 0039 40       		.byte	64
  87 003a 01       		.byte	1
  88 003b 40       		.byte	64
  89 003c 02       		.byte	2
  90 003d 41       		.byte	65
  91 003e 01       		.byte	1
  92 003f 40       		.byte	64
  93 0040 0C       		.byte	12
  94 0041 42       		.byte	66
  95 0042 01       		.byte	1
  96 0043 40       		.byte	64
  97 0044 09       		.byte	9
  98 0045 4D       		.byte	77
  99 0046 01       		.byte	1
 100 0047 40       		.byte	64
 101 0048 04       		.byte	4
 102 0049 50       		.byte	80
 103 004a 01       		.byte	1
 104 004b 40       		.byte	64
 105 004c 01       		.byte	1
 106 004d 51       		.byte	81
 107 004e 01       		.byte	1
 108 004f 40       		.byte	64
 109 0050 18       		.byte	24
 110 0051 01       		.byte	1
 111 0052 7D       		.byte	125
 112 0053 01       		.byte	1
 113 0054 01       		.byte	1
 114 0055 10       		.byte	16
ARM GAS  C:\Users\isaac\AppData\Local\Temp\ccDS8uAZ.s 			page 3


 115 0056 0A       		.byte	10
 116 0057 4B       		.byte	75
 117 0058 0D       		.byte	13
 118 0059 80       		.byte	-128
 119 005a 16       		.byte	22
 120 005b 4B       		.byte	75
 121 005c 8A       		.byte	-118
 122 005d 38       		.byte	56
 123 005e 8B       		.byte	-117
 124 005f 0D       		.byte	13
 125 0060 88       		.byte	-120
 126 0061 72       		.byte	114
 127 0062 8B       		.byte	-117
 128 0063 0F       		.byte	15
 129 0064 E2       		.byte	-30
 130 0065 08       		.byte	8
 131 0066 E6       		.byte	-26
 132 0067 01       		.byte	1
 133 0068 EA       		.byte	-22
 134 0069 08       		.byte	8
 135 006a 94       		.byte	-108
 136 006b 2C       		.byte	44
 137 006c 9F       		.byte	-97
 138 006d 01       		.byte	1
 139 006e A1       		.byte	-95
 140 006f 08       		.byte	8
 141 0070 A4       		.byte	-92
 142 0071 02       		.byte	2
 143 0072 A6       		.byte	-90
 144 0073 02       		.byte	2
 145 0074 A7       		.byte	-89
 146 0075 20       		.byte	32
 147 0076 40       		.byte	64
 148 0077 51       		.byte	81
 149 0078 49       		.byte	73
 150 0079 FF       		.byte	-1
 151 007a 4A       		.byte	74
 152 007b FF       		.byte	-1
 153 007c 4B       		.byte	75
 154 007d FF       		.byte	-1
 155 007e 4F       		.byte	79
 156 007f 01       		.byte	1
 157 0080 50       		.byte	80
 158 0081 18       		.byte	24
 159 0082 54       		.byte	84
 160 0083 18       		.byte	24
 161 0084 56       		.byte	86
 162 0085 04       		.byte	4
 163 0086 5A       		.byte	90
 164 0087 04       		.byte	4
 165 0088 5B       		.byte	91
 166 0089 04       		.byte	4
 167 008a 5D       		.byte	93
 168 008b 01       		.byte	1
 169 008c 5F       		.byte	95
 170 008d 01       		.byte	1
 171 008e 60       		.byte	96
ARM GAS  C:\Users\isaac\AppData\Local\Temp\ccDS8uAZ.s 			page 4


 172 008f 40       		.byte	64
 173 0090 62       		.byte	98
 174 0091 40       		.byte	64
 175 0092 64       		.byte	100
 176 0093 40       		.byte	64
 177 0094 65       		.byte	101
 178 0095 40       		.byte	64
 179 0096 66       		.byte	102
 180 0097 80       		.byte	-128
 181 0098 68       		.byte	104
 182 0099 80       		.byte	-128
 183 009a 6A       		.byte	106
 184 009b 80       		.byte	-128
 185 009c 6C       		.byte	108
 186 009d 80       		.byte	-128
 187 009e 6E       		.byte	110
 188 009f 80       		.byte	-128
 189 00a0 82       		.byte	-126
 190 00a1 01       		.byte	1
 191 00a2 84       		.byte	-124
 192 00a3 02       		.byte	2
 193 00a4 88       		.byte	-120
 194 00a5 02       		.byte	2
 195 00a6 90       		.byte	-112
 196 00a7 02       		.byte	2
 197 00a8 93       		.byte	-109
 198 00a9 01       		.byte	1
 199 00aa 9E       		.byte	-98
 200 00ab 01       		.byte	1
 201 00ac A7       		.byte	-89
 202 00ad 01       		.byte	1
 203 00ae B0       		.byte	-80
 204 00af 01       		.byte	1
 205 00b0 B2       		.byte	-78
 206 00b1 02       		.byte	2
 207 00b2 B7       		.byte	-73
 208 00b3 01       		.byte	1
 209 00b4 BE       		.byte	-66
 210 00b5 01       		.byte	1
 211 00b6 BF       		.byte	-65
 212 00b7 40       		.byte	64
 213 00b8 C0       		.byte	-64
 214 00b9 15       		.byte	21
 215 00ba C5       		.byte	-59
 216 00bb EC       		.byte	-20
 217 00bc C6       		.byte	-58
 218 00bd 02       		.byte	2
 219 00be C8       		.byte	-56
 220 00bf 07       		.byte	7
 221 00c0 C9       		.byte	-55
 222 00c1 FF       		.byte	-1
 223 00c2 CA       		.byte	-54
 224 00c3 FF       		.byte	-1
 225 00c4 CB       		.byte	-53
 226 00c5 FF       		.byte	-1
 227 00c6 CD       		.byte	-51
 228 00c7 83       		.byte	-125
ARM GAS  C:\Users\isaac\AppData\Local\Temp\ccDS8uAZ.s 			page 5


 229 00c8 CE       		.byte	-50
 230 00c9 03       		.byte	3
 231 00ca CF       		.byte	-49
 232 00cb 01       		.byte	1
 233 00cc D0       		.byte	-48
 234 00cd 18       		.byte	24
 235 00ce D2       		.byte	-46
 236 00cf 80       		.byte	-128
 237 00d0 D4       		.byte	-44
 238 00d1 01       		.byte	1
 239 00d2 D6       		.byte	-42
 240 00d3 04       		.byte	4
 241 00d4 D8       		.byte	-40
 242 00d5 04       		.byte	4
 243 00d6 D9       		.byte	-39
 244 00d7 04       		.byte	4
 245 00d8 DA       		.byte	-38
 246 00d9 04       		.byte	4
 247 00da DB       		.byte	-37
 248 00db 04       		.byte	4
 249 00dc DD       		.byte	-35
 250 00dd 11       		.byte	17
 251 00de DF       		.byte	-33
 252 00df 01       		.byte	1
 253 00e0 E0       		.byte	-32
 254 00e1 40       		.byte	64
 255 00e2 E2       		.byte	-30
 256 00e3 40       		.byte	64
 257 00e4 E4       		.byte	-28
 258 00e5 40       		.byte	64
 259 00e6 E5       		.byte	-27
 260 00e7 40       		.byte	64
 261 00e8 E6       		.byte	-26
 262 00e9 80       		.byte	-128
 263 00ea E8       		.byte	-24
 264 00eb 80       		.byte	-128
 265 00ec EA       		.byte	-22
 266 00ed 80       		.byte	-128
 267 00ee EC       		.byte	-20
 268 00ef 80       		.byte	-128
 269 00f0 EE       		.byte	-18
 270 00f1 80       		.byte	-128
 271 00f2 04       		.byte	4
 272 00f3 28       		.byte	40
 273 00f4 05       		.byte	5
 274 00f5 01       		.byte	1
 275 00f6 0C       		.byte	12
 276 00f7 82       		.byte	-126
 277 00f8 1C       		.byte	28
 278 00f9 40       		.byte	64
 279 00fa 1D       		.byte	29
 280 00fb 08       		.byte	8
 281 00fc 24       		.byte	36
 282 00fd 01       		.byte	1
 283 00fe 2F       		.byte	47
 284 00ff 20       		.byte	32
 285 0100 36       		.byte	54
ARM GAS  C:\Users\isaac\AppData\Local\Temp\ccDS8uAZ.s 			page 6


 286 0101 02       		.byte	2
 287 0102 43       		.byte	67
 288 0103 80       		.byte	-128
 289 0104 47       		.byte	71
 290 0105 40       		.byte	64
 291 0106 48       		.byte	72
 292 0107 01       		.byte	1
 293 0108 4D       		.byte	77
 294 0109 04       		.byte	4
 295 010a 4F       		.byte	79
 296 010b 81       		.byte	-127
 297 010c 54       		.byte	84
 298 010d 80       		.byte	-128
 299 010e 57       		.byte	87
 300 010f C0       		.byte	-64
 301 0110 5B       		.byte	91
 302 0111 01       		.byte	1
 303 0112 5C       		.byte	92
 304 0113 40       		.byte	64
 305 0114 5D       		.byte	93
 306 0115 04       		.byte	4
 307 0116 5F       		.byte	95
 308 0117 01       		.byte	1
 309 0118 60       		.byte	96
 310 0119 85       		.byte	-123
 311 011a 67       		.byte	103
 312 011b 80       		.byte	-128
 313 011c 74       		.byte	116
 314 011d 01       		.byte	1
 315 011e 75       		.byte	117
 316 011f 01       		.byte	1
 317 0120 77       		.byte	119
 318 0121 40       		.byte	64
 319 0122 80       		.byte	-128
 320 0123 80       		.byte	-128
 321 0124 87       		.byte	-121
 322 0125 40       		.byte	64
 323 0126 AF       		.byte	-81
 324 0127 40       		.byte	64
 325 0128 C0       		.byte	-64
 326 0129 70       		.byte	112
 327 012a C2       		.byte	-62
 328 012b 90       		.byte	-112
 329 012c CA       		.byte	-54
 330 012d 40       		.byte	64
 331 012e CC       		.byte	-52
 332 012f 80       		.byte	-128
 333 0130 D0       		.byte	-48
 334 0131 18       		.byte	24
 335 0132 D2       		.byte	-46
 336 0133 18       		.byte	24
 337 0134 D6       		.byte	-42
 338 0135 D1       		.byte	-47
 339 0136 D8       		.byte	-40
 340 0137 8D       		.byte	-115
 341 0138 38       		.byte	56
 342 0139 80       		.byte	-128
ARM GAS  C:\Users\isaac\AppData\Local\Temp\ccDS8uAZ.s 			page 7


 343 013a 3E       		.byte	62
 344 013b 40       		.byte	64
 345 013c 58       		.byte	88
 346 013d 04       		.byte	4
 347 013e 5F       		.byte	95
 348 013f 01       		.byte	1
 349 0140 1F       		.byte	31
 350 0141 40       		.byte	64
 351 0142 86       		.byte	-122
 352 0143 01       		.byte	1
 353 0144 8A       		.byte	-118
 354 0145 02       		.byte	2
 355 0146 8E       		.byte	-114
 356 0147 01       		.byte	1
 357 0148 90       		.byte	-112
 358 0149 04       		.byte	4
 359 014a 98       		.byte	-104
 360 014b 01       		.byte	1
 361 014c A2       		.byte	-94
 362 014d 02       		.byte	2
 363 014e A8       		.byte	-88
 364 014f 01       		.byte	1
 365 0150 B2       		.byte	-78
 366 0151 01       		.byte	1
 367 0152 B4       		.byte	-76
 368 0153 02       		.byte	2
 369 0154 B6       		.byte	-74
 370 0155 04       		.byte	4
 371 0156 B8       		.byte	-72
 372 0157 08       		.byte	8
 373 0158 BE       		.byte	-66
 374 0159 50       		.byte	80
 375 015a D8       		.byte	-40
 376 015b 04       		.byte	4
 377 015c DF       		.byte	-33
 378 015d 01       		.byte	1
 379 015e 00       		.byte	0
 380 015f 50       		.byte	80
 381 0160 03       		.byte	3
 382 0161 10       		.byte	16
 383 0162 05       		.byte	5
 384 0163 29       		.byte	41
 385 0164 06       		.byte	6
 386 0165 01       		.byte	1
 387 0166 07       		.byte	7
 388 0167 04       		.byte	4
 389 0168 09       		.byte	9
 390 0169 20       		.byte	32
 391 016a 0A       		.byte	10
 392 016b 80       		.byte	-128
 393 016c 0D       		.byte	13
 394 016d 08       		.byte	8
 395 016e 0E       		.byte	14
 396 016f C6       		.byte	-58
 397 0170 10       		.byte	16
 398 0171 80       		.byte	-128
 399 0172 11       		.byte	17
ARM GAS  C:\Users\isaac\AppData\Local\Temp\ccDS8uAZ.s 			page 8


 400 0173 20       		.byte	32
 401 0174 16       		.byte	22
 402 0175 80       		.byte	-128
 403 0176 17       		.byte	23
 404 0177 2A       		.byte	42
 405 0178 18       		.byte	24
 406 0179 16       		.byte	22
 407 017a 1C       		.byte	28
 408 017b 40       		.byte	64
 409 017c 1D       		.byte	29
 410 017d A1       		.byte	-95
 411 017e 1E       		.byte	30
 412 017f 24       		.byte	36
 413 0180 25       		.byte	37
 414 0181 10       		.byte	16
 415 0182 26       		.byte	38
 416 0183 0A       		.byte	10
 417 0184 27       		.byte	39
 418 0185 15       		.byte	21
 419 0186 2D       		.byte	45
 420 0187 29       		.byte	41
 421 0188 2E       		.byte	46
 422 0189 80       		.byte	-128
 423 018a 36       		.byte	54
 424 018b 41       		.byte	65
 425 018c 37       		.byte	55
 426 018d 28       		.byte	40
 427 018e 3C       		.byte	60
 428 018f 40       		.byte	64
 429 0190 3D       		.byte	61
 430 0191 08       		.byte	8
 431 0192 3E       		.byte	62
 432 0193 22       		.byte	34
 433 0194 45       		.byte	69
 434 0195 A8       		.byte	-88
 435 0196 46       		.byte	70
 436 0197 20       		.byte	32
 437 0198 4C       		.byte	76
 438 0199 80       		.byte	-128
 439 019a 4D       		.byte	77
 440 019b 20       		.byte	32
 441 019c 4E       		.byte	78
 442 019d 02       		.byte	2
 443 019e 57       		.byte	87
 444 019f 20       		.byte	32
 445 01a0 5E       		.byte	94
 446 01a1 20       		.byte	32
 447 01a2 6C       		.byte	108
 448 01a3 16       		.byte	22
 449 01a4 6D       		.byte	109
 450 01a5 10       		.byte	16
 451 01a6 6E       		.byte	110
 452 01a7 08       		.byte	8
 453 01a8 76       		.byte	118
 454 01a9 03       		.byte	3
 455 01aa 77       		.byte	119
 456 01ab 28       		.byte	40
ARM GAS  C:\Users\isaac\AppData\Local\Temp\ccDS8uAZ.s 			page 9


 457 01ac 89       		.byte	-119
 458 01ad 21       		.byte	33
 459 01ae 8E       		.byte	-114
 460 01af 48       		.byte	72
 461 01b0 94       		.byte	-108
 462 01b1 2C       		.byte	44
 463 01b2 9F       		.byte	-97
 464 01b3 01       		.byte	1
 465 01b4 A1       		.byte	-95
 466 01b5 08       		.byte	8
 467 01b6 A4       		.byte	-92
 468 01b7 02       		.byte	2
 469 01b8 A6       		.byte	-90
 470 01b9 02       		.byte	2
 471 01ba A7       		.byte	-89
 472 01bb 20       		.byte	32
 473 01bc C0       		.byte	-64
 474 01bd F7       		.byte	-9
 475 01be C2       		.byte	-62
 476 01bf FA       		.byte	-6
 477 01c0 C4       		.byte	-60
 478 01c1 7A       		.byte	122
 479 01c2 CA       		.byte	-54
 480 01c3 F0       		.byte	-16
 481 01c4 CC       		.byte	-52
 482 01c5 F0       		.byte	-16
 483 01c6 CE       		.byte	-50
 484 01c7 F0       		.byte	-16
 485 01c8 D0       		.byte	-48
 486 01c9 70       		.byte	112
 487 01ca D2       		.byte	-46
 488 01cb 30       		.byte	48
 489 01cc D6       		.byte	-42
 490 01cd 20       		.byte	32
 491 01ce 00       		.byte	0
 492 01cf DC       		.byte	-36
 493 01d0 02       		.byte	2
 494 01d1 22       		.byte	34
 495 01d2 04       		.byte	4
 496 01d3 10       		.byte	16
 497 01d4 05       		.byte	5
 498 01d5 80       		.byte	-128
 499 01d6 06       		.byte	6
 500 01d7 AC       		.byte	-84
 501 01d8 07       		.byte	7
 502 01d9 13       		.byte	19
 503 01da 0E       		.byte	14
 504 01db 03       		.byte	3
 505 01dc 0F       		.byte	15
 506 01dd 0C       		.byte	12
 507 01de 10       		.byte	16
 508 01df 09       		.byte	9
 509 01e0 12       		.byte	18
 510 01e1 D0       		.byte	-48
 511 01e2 14       		.byte	20
 512 01e3 14       		.byte	20
 513 01e4 15       		.byte	21
ARM GAS  C:\Users\isaac\AppData\Local\Temp\ccDS8uAZ.s 			page 10


 514 01e5 2C       		.byte	44
 515 01e6 17       		.byte	23
 516 01e7 43       		.byte	67
 517 01e8 19       		.byte	25
 518 01e9 71       		.byte	113
 519 01ea 1B       		.byte	27
 520 01eb 06       		.byte	6
 521 01ec 1F       		.byte	31
 522 01ed 08       		.byte	8
 523 01ee 20       		.byte	32
 524 01ef 10       		.byte	16
 525 01f0 22       		.byte	34
 526 01f1 40       		.byte	64
 527 01f2 26       		.byte	38
 528 01f3 20       		.byte	32
 529 01f4 28       		.byte	40
 530 01f5 0C       		.byte	12
 531 01f6 29       		.byte	41
 532 01f7 71       		.byte	113
 533 01f8 2A       		.byte	42
 534 01f9 71       		.byte	113
 535 01fa 2B       		.byte	43
 536 01fb 0E       		.byte	14
 537 01fc 30       		.byte	48
 538 01fd 1F       		.byte	31
 539 01fe 31       		.byte	49
 540 01ff C0       		.byte	-64
 541 0200 33       		.byte	51
 542 0201 0F       		.byte	15
 543 0202 34       		.byte	52
 544 0203 E0       		.byte	-32
 545 0204 35       		.byte	53
 546 0205 30       		.byte	48
 547 0206 39       		.byte	57
 548 0207 22       		.byte	34
 549 0208 3A       		.byte	58
 550 0209 20       		.byte	32
 551 020a 3B       		.byte	59
 552 020b 08       		.byte	8
 553 020c 3F       		.byte	63
 554 020d 10       		.byte	16
 555 020e 40       		.byte	64
 556 020f 02       		.byte	2
 557 0210 46       		.byte	70
 558 0211 04       		.byte	4
 559 0212 49       		.byte	73
 560 0213 FF       		.byte	-1
 561 0214 4A       		.byte	74
 562 0215 07       		.byte	7
 563 0216 4B       		.byte	75
 564 0217 FF       		.byte	-1
 565 0218 4C       		.byte	76
 566 0219 40       		.byte	64
 567 021a 4D       		.byte	77
 568 021b 20       		.byte	32
 569 021c 4E       		.byte	78
 570 021d F0       		.byte	-16
ARM GAS  C:\Users\isaac\AppData\Local\Temp\ccDS8uAZ.s 			page 11


 571 021e 4F       		.byte	79
 572 021f 05       		.byte	5
 573 0220 50       		.byte	80
 574 0221 08       		.byte	8
 575 0222 58       		.byte	88
 576 0223 04       		.byte	4
 577 0224 59       		.byte	89
 578 0225 04       		.byte	4
 579 0226 5A       		.byte	90
 580 0227 04       		.byte	4
 581 0228 5F       		.byte	95
 582 0229 01       		.byte	1
 583 022a 60       		.byte	96
 584 022b 40       		.byte	64
 585 022c 61       		.byte	97
 586 022d A8       		.byte	-88
 587 022e 62       		.byte	98
 588 022f 40       		.byte	64
 589 0230 63       		.byte	99
 590 0231 20       		.byte	32
 591 0232 80       		.byte	-128
 592 0233 0A       		.byte	10
 593 0234 82       		.byte	-126
 594 0235 14       		.byte	20
 595 0236 84       		.byte	-124
 596 0237 40       		.byte	64
 597 0238 86       		.byte	-122
 598 0239 20       		.byte	32
 599 023a 88       		.byte	-120
 600 023b 13       		.byte	19
 601 023c 89       		.byte	-119
 602 023d 06       		.byte	6
 603 023e 8A       		.byte	-118
 604 023f 0C       		.byte	12
 605 0240 8C       		.byte	-116
 606 0241 80       		.byte	-128
 607 0242 8E       		.byte	-114
 608 0243 20       		.byte	32
 609 0244 91       		.byte	-111
 610 0245 04       		.byte	4
 611 0246 92       		.byte	-110
 612 0247 08       		.byte	8
 613 0248 93       		.byte	-109
 614 0249 02       		.byte	2
 615 024a 94       		.byte	-108
 616 024b 13       		.byte	19
 617 024c 95       		.byte	-107
 618 024d 06       		.byte	6
 619 024e 96       		.byte	-106
 620 024f 04       		.byte	4
 621 0250 98       		.byte	-104
 622 0251 E0       		.byte	-32
 623 0252 9C       		.byte	-100
 624 0253 20       		.byte	32
 625 0254 9E       		.byte	-98
 626 0255 C0       		.byte	-64
 627 0256 A1       		.byte	-95
ARM GAS  C:\Users\isaac\AppData\Local\Temp\ccDS8uAZ.s 			page 12


 628 0257 08       		.byte	8
 629 0258 A5       		.byte	-91
 630 0259 02       		.byte	2
 631 025a A6       		.byte	-90
 632 025b 15       		.byte	21
 633 025c A7       		.byte	-89
 634 025d 05       		.byte	5
 635 025e A8       		.byte	-88
 636 025f E0       		.byte	-32
 637 0260 AC       		.byte	-84
 638 0261 03       		.byte	3
 639 0262 AE       		.byte	-82
 640 0263 14       		.byte	20
 641 0264 B0       		.byte	-80
 642 0265 10       		.byte	16
 643 0266 B3       		.byte	-77
 644 0267 01       		.byte	1
 645 0268 B4       		.byte	-76
 646 0269 0F       		.byte	15
 647 026a B5       		.byte	-75
 648 026b 08       		.byte	8
 649 026c B6       		.byte	-74
 650 026d E0       		.byte	-32
 651 026e B7       		.byte	-73
 652 026f 06       		.byte	6
 653 0270 BA       		.byte	-70
 654 0271 20       		.byte	32
 655 0272 BE       		.byte	-66
 656 0273 01       		.byte	1
 657 0274 BF       		.byte	-65
 658 0275 10       		.byte	16
 659 0276 C0       		.byte	-64
 660 0277 26       		.byte	38
 661 0278 C1       		.byte	-63
 662 0279 03       		.byte	3
 663 027a C5       		.byte	-59
 664 027b 0B       		.byte	11
 665 027c C6       		.byte	-58
 666 027d 0E       		.byte	14
 667 027e C7       		.byte	-57
 668 027f C0       		.byte	-64
 669 0280 C8       		.byte	-56
 670 0281 25       		.byte	37
 671 0282 C9       		.byte	-55
 672 0283 FF       		.byte	-1
 673 0284 CA       		.byte	-54
 674 0285 FF       		.byte	-1
 675 0286 CB       		.byte	-53
 676 0287 FF       		.byte	-1
 677 0288 CE       		.byte	-50
 678 0289 F0       		.byte	-16
 679 028a CF       		.byte	-49
 680 028b 44       		.byte	68
 681 028c D0       		.byte	-48
 682 028d 0C       		.byte	12
 683 028e D4       		.byte	-44
 684 028f 01       		.byte	1
ARM GAS  C:\Users\isaac\AppData\Local\Temp\ccDS8uAZ.s 			page 13


 685 0290 D8       		.byte	-40
 686 0291 04       		.byte	4
 687 0292 D9       		.byte	-39
 688 0293 04       		.byte	4
 689 0294 DA       		.byte	-38
 690 0295 04       		.byte	4
 691 0296 DB       		.byte	-37
 692 0297 04       		.byte	4
 693 0298 DF       		.byte	-33
 694 0299 01       		.byte	1
 695 029a E6       		.byte	-26
 696 029b C0       		.byte	-64
 697 029c EA       		.byte	-22
 698 029d 40       		.byte	64
 699 029e EB       		.byte	-21
 700 029f 02       		.byte	2
 701 02a0 02       		.byte	2
 702 02a1 40       		.byte	64
 703 02a2 03       		.byte	3
 704 02a3 12       		.byte	18
 705 02a4 05       		.byte	5
 706 02a5 18       		.byte	24
 707 02a6 06       		.byte	6
 708 02a7 40       		.byte	64
 709 02a8 07       		.byte	7
 710 02a9 02       		.byte	2
 711 02aa 0A       		.byte	10
 712 02ab 20       		.byte	32
 713 02ac 0B       		.byte	11
 714 02ad 40       		.byte	64
 715 02ae 0C       		.byte	12
 716 02af 04       		.byte	4
 717 02b0 0E       		.byte	14
 718 02b1 0A       		.byte	10
 719 02b2 0F       		.byte	15
 720 02b3 40       		.byte	64
 721 02b4 10       		.byte	16
 722 02b5 04       		.byte	4
 723 02b6 11       		.byte	17
 724 02b7 04       		.byte	4
 725 02b8 12       		.byte	18
 726 02b9 80       		.byte	-128
 727 02ba 15       		.byte	21
 728 02bb 14       		.byte	20
 729 02bc 16       		.byte	22
 730 02bd 01       		.byte	1
 731 02be 19       		.byte	25
 732 02bf 20       		.byte	32
 733 02c0 1A       		.byte	26
 734 02c1 80       		.byte	-128
 735 02c2 1B       		.byte	27
 736 02c3 02       		.byte	2
 737 02c4 1D       		.byte	29
 738 02c5 10       		.byte	16
 739 02c6 1E       		.byte	30
 740 02c7 42       		.byte	66
 741 02c8 20       		.byte	32
ARM GAS  C:\Users\isaac\AppData\Local\Temp\ccDS8uAZ.s 			page 14


 742 02c9 04       		.byte	4
 743 02ca 22       		.byte	34
 744 02cb 08       		.byte	8
 745 02cc 23       		.byte	35
 746 02cd 40       		.byte	64
 747 02ce 25       		.byte	37
 748 02cf 04       		.byte	4
 749 02d0 27       		.byte	39
 750 02d1 0A       		.byte	10
 751 02d2 28       		.byte	40
 752 02d3 04       		.byte	4
 753 02d4 29       		.byte	41
 754 02d5 20       		.byte	32
 755 02d6 2A       		.byte	42
 756 02d7 20       		.byte	32
 757 02d8 2D       		.byte	45
 758 02d9 09       		.byte	9
 759 02da 2F       		.byte	47
 760 02db 80       		.byte	-128
 761 02dc 31       		.byte	49
 762 02dd 10       		.byte	16
 763 02de 32       		.byte	50
 764 02df 88       		.byte	-120
 765 02e0 33       		.byte	51
 766 02e1 10       		.byte	16
 767 02e2 36       		.byte	54
 768 02e3 04       		.byte	4
 769 02e4 37       		.byte	55
 770 02e5 02       		.byte	2
 771 02e6 38       		.byte	56
 772 02e7 08       		.byte	8
 773 02e8 39       		.byte	57
 774 02e9 04       		.byte	4
 775 02ea 3B       		.byte	59
 776 02eb 40       		.byte	64
 777 02ec 3D       		.byte	61
 778 02ed 10       		.byte	16
 779 02ee 40       		.byte	64
 780 02ef 04       		.byte	4
 781 02f0 46       		.byte	70
 782 02f1 20       		.byte	32
 783 02f2 47       		.byte	71
 784 02f3 10       		.byte	16
 785 02f4 4C       		.byte	76
 786 02f5 04       		.byte	4
 787 02f6 4E       		.byte	78
 788 02f7 10       		.byte	16
 789 02f8 50       		.byte	80
 790 02f9 04       		.byte	4
 791 02fa 52       		.byte	82
 792 02fb 80       		.byte	-128
 793 02fc 56       		.byte	86
 794 02fd 03       		.byte	3
 795 02fe 57       		.byte	87
 796 02ff 80       		.byte	-128
 797 0300 5C       		.byte	92
 798 0301 20       		.byte	32
ARM GAS  C:\Users\isaac\AppData\Local\Temp\ccDS8uAZ.s 			page 15


 799 0302 5D       		.byte	93
 800 0303 01       		.byte	1
 801 0304 5E       		.byte	94
 802 0305 40       		.byte	64
 803 0306 5F       		.byte	95
 804 0307 08       		.byte	8
 805 0308 86       		.byte	-122
 806 0309 48       		.byte	72
 807 030a 89       		.byte	-119
 808 030b 08       		.byte	8
 809 030c 8C       		.byte	-116
 810 030d 20       		.byte	32
 811 030e 8E       		.byte	-114
 812 030f 02       		.byte	2
 813 0310 91       		.byte	-111
 814 0311 10       		.byte	16
 815 0312 96       		.byte	-106
 816 0313 80       		.byte	-128
 817 0314 9D       		.byte	-99
 818 0315 08       		.byte	8
 819 0316 9F       		.byte	-97
 820 0317 02       		.byte	2
 821 0318 A2       		.byte	-94
 822 0319 04       		.byte	4
 823 031a A5       		.byte	-91
 824 031b 04       		.byte	4
 825 031c A6       		.byte	-90
 826 031d 01       		.byte	1
 827 031e B4       		.byte	-76
 828 031f 01       		.byte	1
 829 0320 C0       		.byte	-64
 830 0321 FD       		.byte	-3
 831 0322 C2       		.byte	-62
 832 0323 FC       		.byte	-4
 833 0324 C4       		.byte	-60
 834 0325 EE       		.byte	-18
 835 0326 CA       		.byte	-54
 836 0327 C4       		.byte	-60
 837 0328 CC       		.byte	-52
 838 0329 CE       		.byte	-50
 839 032a CE       		.byte	-50
 840 032b 2A       		.byte	42
 841 032c D0       		.byte	-48
 842 032d 64       		.byte	100
 843 032e D2       		.byte	-46
 844 032f 20       		.byte	32
 845 0330 D6       		.byte	-42
 846 0331 F0       		.byte	-16
 847 0332 32       		.byte	50
 848 0333 40       		.byte	64
 849 0334 35       		.byte	53
 850 0335 80       		.byte	-128
 851 0336 CC       		.byte	-52
 852 0337 30       		.byte	48
 853 0338 96       		.byte	-106
 854 0339 80       		.byte	-128
 855 033a 9D       		.byte	-99
ARM GAS  C:\Users\isaac\AppData\Local\Temp\ccDS8uAZ.s 			page 16


 856 033b 80       		.byte	-128
 857 033c 5B       		.byte	91
 858 033d 08       		.byte	8
 859 033e 5F       		.byte	95
 860 033f 08       		.byte	8
 861 0340 82       		.byte	-126
 862 0341 40       		.byte	64
 863 0342 85       		.byte	-123
 864 0343 80       		.byte	-128
 865 0344 96       		.byte	-106
 866 0345 80       		.byte	-128
 867 0346 9B       		.byte	-101
 868 0347 08       		.byte	8
 869 0348 9D       		.byte	-99
 870 0349 80       		.byte	-128
 871 034a AF       		.byte	-81
 872 034b 08       		.byte	8
 873 034c D6       		.byte	-42
 874 034d C0       		.byte	-64
 875 034e E2       		.byte	-30
 876 034f 10       		.byte	16
 877 0350 E6       		.byte	-26
 878 0351 80       		.byte	-128
 879 0352 EA       		.byte	-22
 880 0353 10       		.byte	16
 881 0354 10       		.byte	16
 882 0355 40       		.byte	64
 883 0356 7C       		.byte	124
 884 0357 40       		.byte	64
 885 0358 88       		.byte	-120
 886 0359 40       		.byte	64
 887 035a 90       		.byte	-112
 888 035b 40       		.byte	64
 889 035c B4       		.byte	-76
 890 035d 40       		.byte	64
 891 035e C4       		.byte	-60
 892 035f 08       		.byte	8
 893 0360 DE       		.byte	-34
 894 0361 04       		.byte	4
 895 0362 E2       		.byte	-30
 896 0363 01       		.byte	1
 897 0364 E8       		.byte	-24
 898 0365 02       		.byte	2
 899 0366 00       		.byte	0
 900 0367 03       		.byte	3
 901 0368 0C       		.byte	12
 902 0369 03       		.byte	3
 903 036a 10       		.byte	16
 904 036b 01       		.byte	1
 905 036c 1C       		.byte	28
 906 036d 01       		.byte	1
 907 036e 00       		.byte	0
 908 036f 0F       		.byte	15
 909 0370 80       		.byte	-128
 910 0371 80       		.byte	-128
 911 0372 00       		.byte	0
 912 0373 00       		.byte	0
ARM GAS  C:\Users\isaac\AppData\Local\Temp\ccDS8uAZ.s 			page 17


 913 0374 40       		.byte	64
 914 0375 00       		.byte	0
 915 0376 00       		.byte	0
 916 0377 00       		.byte	0
 917 0378 8F       		.byte	-113
 918 0379 10       		.byte	16
 919 037a 40       		.byte	64
 920 037b 00       		.byte	0
 921 037c 01       		.byte	1
 922 037d 00       		.byte	0
 923 037e 20       		.byte	32
 924 037f 04       		.byte	4
 925 0380 CF       		.byte	-49
 926 0381 00       		.byte	0
 927 0382 00       		.byte	0
 928 0383 E3       		.byte	-29
 929 0384 08       		.byte	8
 930 0385 1C       		.byte	28
 931 0386 00       		.byte	0
 932 0387 E1       		.byte	-31
 933 0388 8C       		.byte	-116
 934 0389 C0       		.byte	-64
 935 038a 43       		.byte	67
 936 038b 00       		.byte	0
 937 038c 00       		.byte	0
 938 038d 08       		.byte	8
 939 038e 43       		.byte	67
 940 038f 00       		.byte	0
 941 0390 C3       		.byte	-61
 942 0391 18       		.byte	24
 943 0392 0C       		.byte	12
 944 0393 00       		.byte	0
 945 0394 03       		.byte	3
 946 0395 3C       		.byte	60
 947 0396 10       		.byte	16
 948 0397 C2       		.byte	-62
 949 0398 02       		.byte	2
 950 0399 E7       		.byte	-25
 951 039a 20       		.byte	32
 952 039b 18       		.byte	24
 953 039c 04       		.byte	4
 954 039d 44       		.byte	68
 955 039e 00       		.byte	0
 956 039f 00       		.byte	0
 957 03a0 0C       		.byte	12
 958 03a1 FF       		.byte	-1
 959 03a2 00       		.byte	0
 960 03a3 00       		.byte	0
 961 03a4 00       		.byte	0
 962 03a5 80       		.byte	-128
 963 03a6 00       		.byte	0
 964 03a7 00       		.byte	0
 965 03a8 4C       		.byte	76
 966 03a9 38       		.byte	56
 967 03aa 80       		.byte	-128
 968 03ab 1F       		.byte	31
 969 03ac 0F       		.byte	15
ARM GAS  C:\Users\isaac\AppData\Local\Temp\ccDS8uAZ.s 			page 18


 970 03ad 00       		.byte	0
 971 03ae 30       		.byte	48
 972 03af C0       		.byte	-64
 973 03b0 00       		.byte	0
 974 03b1 00       		.byte	0
 975 03b2 22       		.byte	34
 976 03b3 28       		.byte	40
 977 03b4 00       		.byte	0
 978 03b5 00       		.byte	0
 979 03b6 44       		.byte	68
 980 03b7 00       		.byte	0
 981 03b8 23       		.byte	35
 982 03b9 06       		.byte	6
 983 03ba 05       		.byte	5
 984 03bb 00       		.byte	0
 985 03bc 01       		.byte	1
 986 03bd E0       		.byte	-32
 987 03be C0       		.byte	-64
 988 03bf 00       		.byte	0
 989 03c0 0A       		.byte	10
 990 03c1 FF       		.byte	-1
 991 03c2 FF       		.byte	-1
 992 03c3 FF       		.byte	-1
 993 03c4 62       		.byte	98
 994 03c5 A0       		.byte	-96
 995 03c6 F0       		.byte	-16
 996 03c7 41       		.byte	65
 997 03c8 0C       		.byte	12
 998 03c9 00       		.byte	0
 999 03ca 00       		.byte	0
 1000 03cb 00       		.byte	0
 1001 03cc 00       		.byte	0
 1002 03cd 00       		.byte	0
 1003 03ce 02       		.byte	2
 1004 03cf 11       		.byte	17
 1005 03d0 04       		.byte	4
 1006 03d1 04       		.byte	4
 1007 03d2 04       		.byte	4
 1008 03d3 04       		.byte	4
 1009 03d4 00       		.byte	0
 1010 03d5 00       		.byte	0
 1011 03d6 00       		.byte	0
 1012 03d7 01       		.byte	1
 1013 03d8 00       		.byte	0
 1014 03d9 00       		.byte	0
 1015 03da 00       		.byte	0
 1016 03db 00       		.byte	0
 1017 03dc 00       		.byte	0
 1018 03dd 00       		.byte	0
 1019 03de 40       		.byte	64
 1020 03df 02       		.byte	2
 1021 03e0 00       		.byte	0
 1022 03e1 10       		.byte	16
 1023 03e2 30       		.byte	48
 1024 03e3 10       		.byte	16
 1025 03e4 00       		.byte	0
 1026 03e5 10       		.byte	16
ARM GAS  C:\Users\isaac\AppData\Local\Temp\ccDS8uAZ.s 			page 19


 1027 03e6 10       		.byte	16
 1028 03e7 12       		.byte	18
 1029 03e8 00       		.byte	0
 1030 03e9 00       		.byte	0
 1031 03ea 00       		.byte	0
 1032 03eb 00       		.byte	0
 1033 03ec 00       		.byte	0
 1034 03ed 00       		.byte	0
 1035 03ee 00       		.byte	0
 1036 03ef 00       		.byte	0
 1037 03f0 00       		.byte	0
 1038 03f1 00       		.byte	0
 1039 03f2 00       		.byte	0
 1040 03f3 00       		.byte	0
 1041 03f4 00       		.byte	0
 1042 03f5 00       		.byte	0
 1043 03f6 00       		.byte	0
 1044 03f7 00       		.byte	0
 1045 03f8 80       		.byte	-128
 1046 03f9 00       		.byte	0
 1047 03fa 40       		.byte	64
 1048 03fb 80       		.byte	-128
 1049 03fc 80       		.byte	-128
 1050 03fd 00       		.byte	0
 1051 03fe 80       		.byte	-128
 1052 03ff 00       		.byte	0
 1053 0400 00       		.byte	0
 1054 0401 00       		.byte	0
 1055 0402 00       		.byte	0
 1056 0403 00       		.byte	0
 1057 0404 20       		.byte	32
 1058 0405 20       		.byte	32
 1059 0406 00       		.byte	0
 1060 0407 00       		.byte	0
 1061 0408 00       		.byte	0
 1062 0409 00       		.byte	0
 1063 040a 00       		.byte	0
 1064 040b 00       		.byte	0
 1065 040c 00       		.byte	0
 1066 040d 0B       		.byte	11
 1067 040e 0B       		.byte	11
 1068 040f 00       		.byte	0
 1069 0410 00       		.byte	0
 1070 0411 00       		.byte	0
 1071 0412 00       		.byte	0
 1072 0413 00       		.byte	0
 1073 0414 00       		.byte	0
 1074 0415 7F       		.byte	127
 1075 0416 7F       		.byte	127
 1076 0417 00       		.byte	0
 1077 0418 00       		.byte	0
 1078 0419 00       		.byte	0
 1079 041a 00       		.byte	0
 1080 041b 00       		.byte	0
 1081 041c 01       		.byte	1
 1082 041d 01       		.byte	1
 1083 041e 00       		.byte	0
ARM GAS  C:\Users\isaac\AppData\Local\Temp\ccDS8uAZ.s 			page 20


 1084 041f 00       		.byte	0
 1085 0420 00       		.byte	0
 1086 0421 00       		.byte	0
 1087 0422 00       		.byte	0
 1088 0423 00       		.byte	0
 1089              		.section	.cywolatch,"a",%progbits
 1090              		.align	2
 1091              		.type	cy_meta_wonvl, %object
 1092              		.size	cy_meta_wonvl, 4
 1093              	cy_meta_wonvl:
 1094 0000 BC       		.byte	-68
 1095 0001 90       		.byte	-112
 1096 0002 AC       		.byte	-84
 1097 0003 AF       		.byte	-81
 1098              		.section	.cycustnvl,"a",%progbits
 1099              		.align	2
 1100              		.type	cy_meta_custnvl, %object
 1101              		.size	cy_meta_custnvl, 4
 1102              	cy_meta_custnvl:
 1103 0000 00       		.byte	0
 1104 0001 00       		.byte	0
 1105 0002 40       		.byte	64
 1106 0003 05       		.byte	5
 1107              		.section	.cymeta,"a",%progbits
 1108              		.align	2
 1109              		.type	cy_metadata, %object
 1110              		.size	cy_metadata, 12
 1111              	cy_metadata:
 1112 0000 00       		.byte	0
 1113 0001 01       		.byte	1
 1114 0002 2E       		.byte	46
 1115 0003 16       		.byte	22
 1116 0004 10       		.byte	16
 1117 0005 69       		.byte	105
 1118 0006 00       		.byte	0
 1119 0007 01       		.byte	1
 1120 0008 00       		.byte	0
 1121 0009 00       		.byte	0
 1122 000a 00       		.byte	0
 1123 000b 00       		.byte	0
 1124              		.section	.cyflashprotect,"a",%progbits
 1125              		.align	2
 1126              		.type	cy_meta_flashprotect, %object
 1127              		.size	cy_meta_flashprotect, 256
 1128              	cy_meta_flashprotect:
 1129 0000 00000000 		.space	256
 1129      00000000 
 1129      00000000 
 1129      00000000 
 1129      00000000 
 1130              		.text
 1131              	.Letext0:
 1132              		.file 1 "c:\\program files (x86)\\cypress\\psoc creator\\4.2\\psoc creator\\import\\gnu\\arm\\5.4.
 1133              		.file 2 "c:\\program files (x86)\\cypress\\psoc creator\\4.2\\psoc creator\\import\\gnu\\arm\\5.4.
 1134              		.file 3 "Generated_Source\\PSoC5\\cymetadata.c"
 1135              		.section	.debug_info,"",%progbits
 1136              	.Ldebug_info0:
ARM GAS  C:\Users\isaac\AppData\Local\Temp\ccDS8uAZ.s 			page 21


 1137 0000 31010000 		.4byte	0x131
 1138 0004 0400     		.2byte	0x4
 1139 0006 00000000 		.4byte	.Ldebug_abbrev0
 1140 000a 04       		.byte	0x4
 1141 000b 01       		.uleb128 0x1
 1142 000c 24000000 		.4byte	.LASF17
 1143 0010 0C       		.byte	0xc
 1144 0011 C1010000 		.4byte	.LASF18
 1145 0015 5F010000 		.4byte	.LASF19
 1146 0019 00000000 		.4byte	.Ldebug_line0
 1147 001d 02       		.uleb128 0x2
 1148 001e 01       		.byte	0x1
 1149 001f 06       		.byte	0x6
 1150 0020 B5010000 		.4byte	.LASF0
 1151 0024 03       		.uleb128 0x3
 1152 0025 00000000 		.4byte	.LASF9
 1153 0029 01       		.byte	0x1
 1154 002a 1D       		.byte	0x1d
 1155 002b 2F000000 		.4byte	0x2f
 1156 002f 02       		.uleb128 0x2
 1157 0030 01       		.byte	0x1
 1158 0031 08       		.byte	0x8
 1159 0032 16000000 		.4byte	.LASF1
 1160 0036 02       		.uleb128 0x2
 1161 0037 02       		.byte	0x2
 1162 0038 05       		.byte	0x5
 1163 0039 A2010000 		.4byte	.LASF2
 1164 003d 02       		.uleb128 0x2
 1165 003e 02       		.byte	0x2
 1166 003f 07       		.byte	0x7
 1167 0040 C4000000 		.4byte	.LASF3
 1168 0044 02       		.uleb128 0x2
 1169 0045 04       		.byte	0x4
 1170 0046 05       		.byte	0x5
 1171 0047 AC010000 		.4byte	.LASF4
 1172 004b 02       		.uleb128 0x2
 1173 004c 04       		.byte	0x4
 1174 004d 07       		.byte	0x7
 1175 004e B2000000 		.4byte	.LASF5
 1176 0052 02       		.uleb128 0x2
 1177 0053 08       		.byte	0x8
 1178 0054 05       		.byte	0x5
 1179 0055 51010000 		.4byte	.LASF6
 1180 0059 02       		.uleb128 0x2
 1181 005a 08       		.byte	0x8
 1182 005b 07       		.byte	0x7
 1183 005c 06010000 		.4byte	.LASF7
 1184 0060 04       		.uleb128 0x4
 1185 0061 04       		.byte	0x4
 1186 0062 05       		.byte	0x5
 1187 0063 696E7400 		.ascii	"int\000"
 1188 0067 02       		.uleb128 0x2
 1189 0068 04       		.byte	0x4
 1190 0069 07       		.byte	0x7
 1191 006a F9000000 		.4byte	.LASF8
 1192 006e 03       		.uleb128 0x3
 1193 006f 1D010000 		.4byte	.LASF10
ARM GAS  C:\Users\isaac\AppData\Local\Temp\ccDS8uAZ.s 			page 22


 1194 0073 02       		.byte	0x2
 1195 0074 18       		.byte	0x18
 1196 0075 24000000 		.4byte	0x24
 1197 0079 05       		.uleb128 0x5
 1198 007a 91000000 		.4byte	0x91
 1199 007e 8A000000 		.4byte	0x8a
 1200 0082 06       		.uleb128 0x6
 1201 0083 8A000000 		.4byte	0x8a
 1202 0087 2304     		.2byte	0x423
 1203 0089 00       		.byte	0
 1204 008a 02       		.uleb128 0x2
 1205 008b 04       		.byte	0x4
 1206 008c 07       		.byte	0x7
 1207 008d 48010000 		.4byte	.LASF11
 1208 0091 07       		.uleb128 0x7
 1209 0092 6E000000 		.4byte	0x6e
 1210 0096 08       		.uleb128 0x8
 1211 0097 E7000000 		.4byte	.LASF12
 1212 009b 03       		.byte	0x3
 1213 009c 1F       		.byte	0x1f
 1214 009d A7000000 		.4byte	0xa7
 1215 00a1 05       		.uleb128 0x5
 1216 00a2 03       		.byte	0x3
 1217 00a3 00000000 		.4byte	cy_meta_configecc
 1218 00a7 07       		.uleb128 0x7
 1219 00a8 79000000 		.4byte	0x79
 1220 00ac 05       		.uleb128 0x5
 1221 00ad 91000000 		.4byte	0x91
 1222 00b1 BC000000 		.4byte	0xbc
 1223 00b5 09       		.uleb128 0x9
 1224 00b6 8A000000 		.4byte	0x8a
 1225 00ba 03       		.byte	0x3
 1226 00bb 00       		.byte	0
 1227 00bc 08       		.uleb128 0x8
 1228 00bd D7000000 		.4byte	.LASF13
 1229 00c1 03       		.byte	0x3
 1230 00c2 B1       		.byte	0xb1
 1231 00c3 CD000000 		.4byte	0xcd
 1232 00c7 05       		.uleb128 0x5
 1233 00c8 03       		.byte	0x3
 1234 00c9 00000000 		.4byte	cy_meta_custnvl
 1235 00cd 07       		.uleb128 0x7
 1236 00ce AC000000 		.4byte	0xac
 1237 00d2 08       		.uleb128 0x8
 1238 00d3 3A010000 		.4byte	.LASF14
 1239 00d7 03       		.byte	0x3
 1240 00d8 BF       		.byte	0xbf
 1241 00d9 E3000000 		.4byte	0xe3
 1242 00dd 05       		.uleb128 0x5
 1243 00de 03       		.byte	0x3
 1244 00df 00000000 		.4byte	cy_meta_wonvl
 1245 00e3 07       		.uleb128 0x7
 1246 00e4 AC000000 		.4byte	0xac
 1247 00e8 05       		.uleb128 0x5
 1248 00e9 91000000 		.4byte	0x91
 1249 00ed F8000000 		.4byte	0xf8
 1250 00f1 09       		.uleb128 0x9
ARM GAS  C:\Users\isaac\AppData\Local\Temp\ccDS8uAZ.s 			page 23


 1251 00f2 8A000000 		.4byte	0x8a
 1252 00f6 FF       		.byte	0xff
 1253 00f7 00       		.byte	0
 1254 00f8 08       		.uleb128 0x8
 1255 00f9 25010000 		.4byte	.LASF15
 1256 00fd 03       		.byte	0x3
 1257 00fe CD       		.byte	0xcd
 1258 00ff 09010000 		.4byte	0x109
 1259 0103 05       		.uleb128 0x5
 1260 0104 03       		.byte	0x3
 1261 0105 00000000 		.4byte	cy_meta_flashprotect
 1262 0109 07       		.uleb128 0x7
 1263 010a E8000000 		.4byte	0xe8
 1264 010e 05       		.uleb128 0x5
 1265 010f 91000000 		.4byte	0x91
 1266 0113 1E010000 		.4byte	0x11e
 1267 0117 09       		.uleb128 0x9
 1268 0118 8A000000 		.4byte	0x8a
 1269 011c 0B       		.byte	0xb
 1270 011d 00       		.byte	0
 1271 011e 08       		.uleb128 0x8
 1272 011f 0A000000 		.4byte	.LASF16
 1273 0123 03       		.byte	0x3
 1274 0124 FA       		.byte	0xfa
 1275 0125 2F010000 		.4byte	0x12f
 1276 0129 05       		.uleb128 0x5
 1277 012a 03       		.byte	0x3
 1278 012b 00000000 		.4byte	cy_metadata
 1279 012f 07       		.uleb128 0x7
 1280 0130 0E010000 		.4byte	0x10e
 1281 0134 00       		.byte	0
 1282              		.section	.debug_abbrev,"",%progbits
 1283              	.Ldebug_abbrev0:
 1284 0000 01       		.uleb128 0x1
 1285 0001 11       		.uleb128 0x11
 1286 0002 01       		.byte	0x1
 1287 0003 25       		.uleb128 0x25
 1288 0004 0E       		.uleb128 0xe
 1289 0005 13       		.uleb128 0x13
 1290 0006 0B       		.uleb128 0xb
 1291 0007 03       		.uleb128 0x3
 1292 0008 0E       		.uleb128 0xe
 1293 0009 1B       		.uleb128 0x1b
 1294 000a 0E       		.uleb128 0xe
 1295 000b 10       		.uleb128 0x10
 1296 000c 17       		.uleb128 0x17
 1297 000d 00       		.byte	0
 1298 000e 00       		.byte	0
 1299 000f 02       		.uleb128 0x2
 1300 0010 24       		.uleb128 0x24
 1301 0011 00       		.byte	0
 1302 0012 0B       		.uleb128 0xb
 1303 0013 0B       		.uleb128 0xb
 1304 0014 3E       		.uleb128 0x3e
 1305 0015 0B       		.uleb128 0xb
 1306 0016 03       		.uleb128 0x3
 1307 0017 0E       		.uleb128 0xe
ARM GAS  C:\Users\isaac\AppData\Local\Temp\ccDS8uAZ.s 			page 24


 1308 0018 00       		.byte	0
 1309 0019 00       		.byte	0
 1310 001a 03       		.uleb128 0x3
 1311 001b 16       		.uleb128 0x16
 1312 001c 00       		.byte	0
 1313 001d 03       		.uleb128 0x3
 1314 001e 0E       		.uleb128 0xe
 1315 001f 3A       		.uleb128 0x3a
 1316 0020 0B       		.uleb128 0xb
 1317 0021 3B       		.uleb128 0x3b
 1318 0022 0B       		.uleb128 0xb
 1319 0023 49       		.uleb128 0x49
 1320 0024 13       		.uleb128 0x13
 1321 0025 00       		.byte	0
 1322 0026 00       		.byte	0
 1323 0027 04       		.uleb128 0x4
 1324 0028 24       		.uleb128 0x24
 1325 0029 00       		.byte	0
 1326 002a 0B       		.uleb128 0xb
 1327 002b 0B       		.uleb128 0xb
 1328 002c 3E       		.uleb128 0x3e
 1329 002d 0B       		.uleb128 0xb
 1330 002e 03       		.uleb128 0x3
 1331 002f 08       		.uleb128 0x8
 1332 0030 00       		.byte	0
 1333 0031 00       		.byte	0
 1334 0032 05       		.uleb128 0x5
 1335 0033 01       		.uleb128 0x1
 1336 0034 01       		.byte	0x1
 1337 0035 49       		.uleb128 0x49
 1338 0036 13       		.uleb128 0x13
 1339 0037 01       		.uleb128 0x1
 1340 0038 13       		.uleb128 0x13
 1341 0039 00       		.byte	0
 1342 003a 00       		.byte	0
 1343 003b 06       		.uleb128 0x6
 1344 003c 21       		.uleb128 0x21
 1345 003d 00       		.byte	0
 1346 003e 49       		.uleb128 0x49
 1347 003f 13       		.uleb128 0x13
 1348 0040 2F       		.uleb128 0x2f
 1349 0041 05       		.uleb128 0x5
 1350 0042 00       		.byte	0
 1351 0043 00       		.byte	0
 1352 0044 07       		.uleb128 0x7
 1353 0045 26       		.uleb128 0x26
 1354 0046 00       		.byte	0
 1355 0047 49       		.uleb128 0x49
 1356 0048 13       		.uleb128 0x13
 1357 0049 00       		.byte	0
 1358 004a 00       		.byte	0
 1359 004b 08       		.uleb128 0x8
 1360 004c 34       		.uleb128 0x34
 1361 004d 00       		.byte	0
 1362 004e 03       		.uleb128 0x3
 1363 004f 0E       		.uleb128 0xe
 1364 0050 3A       		.uleb128 0x3a
ARM GAS  C:\Users\isaac\AppData\Local\Temp\ccDS8uAZ.s 			page 25


 1365 0051 0B       		.uleb128 0xb
 1366 0052 3B       		.uleb128 0x3b
 1367 0053 0B       		.uleb128 0xb
 1368 0054 49       		.uleb128 0x49
 1369 0055 13       		.uleb128 0x13
 1370 0056 3F       		.uleb128 0x3f
 1371 0057 19       		.uleb128 0x19
 1372 0058 02       		.uleb128 0x2
 1373 0059 18       		.uleb128 0x18
 1374 005a 00       		.byte	0
 1375 005b 00       		.byte	0
 1376 005c 09       		.uleb128 0x9
 1377 005d 21       		.uleb128 0x21
 1378 005e 00       		.byte	0
 1379 005f 49       		.uleb128 0x49
 1380 0060 13       		.uleb128 0x13
 1381 0061 2F       		.uleb128 0x2f
 1382 0062 0B       		.uleb128 0xb
 1383 0063 00       		.byte	0
 1384 0064 00       		.byte	0
 1385 0065 00       		.byte	0
 1386              		.section	.debug_aranges,"",%progbits
 1387 0000 14000000 		.4byte	0x14
 1388 0004 0200     		.2byte	0x2
 1389 0006 00000000 		.4byte	.Ldebug_info0
 1390 000a 04       		.byte	0x4
 1391 000b 00       		.byte	0
 1392 000c 0000     		.2byte	0
 1393 000e 0000     		.2byte	0
 1394 0010 00000000 		.4byte	0
 1395 0014 00000000 		.4byte	0
 1396              		.section	.debug_line,"",%progbits
 1397              	.Ldebug_line0:
 1398 0000 3D010000 		.section	.debug_str,"MS",%progbits,1
 1398      02003701 
 1398      00000201 
 1398      FB0E0D00 
 1398      01010101 
 1399              	.LASF9:
 1400 0000 5F5F7569 		.ascii	"__uint8_t\000"
 1400      6E74385F 
 1400      7400
 1401              	.LASF16:
 1402 000a 63795F6D 		.ascii	"cy_metadata\000"
 1402      65746164 
 1402      61746100 
 1403              	.LASF1:
 1404 0016 756E7369 		.ascii	"unsigned char\000"
 1404      676E6564 
 1404      20636861 
 1404      7200
 1405              	.LASF17:
 1406 0024 474E5520 		.ascii	"GNU C11 5.4.1 20160609 (release) [ARM/embedded-5-br"
 1406      43313120 
 1406      352E342E 
 1406      31203230 
 1406      31363036 
ARM GAS  C:\Users\isaac\AppData\Local\Temp\ccDS8uAZ.s 			page 26


 1407 0057 616E6368 		.ascii	"anch revision 237715] -mcpu=cortex-m3 -mthumb -g -O"
 1407      20726576 
 1407      6973696F 
 1407      6E203233 
 1407      37373135 
 1408 008a 67202D66 		.ascii	"g -ffunction-sections -ffat-lto-objects\000"
 1408      66756E63 
 1408      74696F6E 
 1408      2D736563 
 1408      74696F6E 
 1409              	.LASF5:
 1410 00b2 6C6F6E67 		.ascii	"long unsigned int\000"
 1410      20756E73 
 1410      69676E65 
 1410      6420696E 
 1410      7400
 1411              	.LASF3:
 1412 00c4 73686F72 		.ascii	"short unsigned int\000"
 1412      7420756E 
 1412      7369676E 
 1412      65642069 
 1412      6E7400
 1413              	.LASF13:
 1414 00d7 63795F6D 		.ascii	"cy_meta_custnvl\000"
 1414      6574615F 
 1414      63757374 
 1414      6E766C00 
 1415              	.LASF12:
 1416 00e7 63795F6D 		.ascii	"cy_meta_configecc\000"
 1416      6574615F 
 1416      636F6E66 
 1416      69676563 
 1416      6300
 1417              	.LASF8:
 1418 00f9 756E7369 		.ascii	"unsigned int\000"
 1418      676E6564 
 1418      20696E74 
 1418      00
 1419              	.LASF7:
 1420 0106 6C6F6E67 		.ascii	"long long unsigned int\000"
 1420      206C6F6E 
 1420      6720756E 
 1420      7369676E 
 1420      65642069 
 1421              	.LASF10:
 1422 011d 75696E74 		.ascii	"uint8_t\000"
 1422      385F7400 
 1423              	.LASF15:
 1424 0125 63795F6D 		.ascii	"cy_meta_flashprotect\000"
 1424      6574615F 
 1424      666C6173 
 1424      6870726F 
 1424      74656374 
 1425              	.LASF14:
 1426 013a 63795F6D 		.ascii	"cy_meta_wonvl\000"
 1426      6574615F 
 1426      776F6E76 
ARM GAS  C:\Users\isaac\AppData\Local\Temp\ccDS8uAZ.s 			page 27


 1426      6C00
 1427              	.LASF11:
 1428 0148 73697A65 		.ascii	"sizetype\000"
 1428      74797065 
 1428      00
 1429              	.LASF6:
 1430 0151 6C6F6E67 		.ascii	"long long int\000"
 1430      206C6F6E 
 1430      6720696E 
 1430      7400
 1431              	.LASF19:
 1432 015f 433A5C55 		.ascii	"C:\\Users\\isaac\\Documents\\PSoC Creator\\PROYECT_"
 1432      73657273 
 1432      5C697361 
 1432      61635C44 
 1432      6F63756D 
 1433 018d 55315F53 		.ascii	"U1_SNAKE\\Snake.cydsn\000"
 1433      4E414B45 
 1433      5C536E61 
 1433      6B652E63 
 1433      7964736E 
 1434              	.LASF2:
 1435 01a2 73686F72 		.ascii	"short int\000"
 1435      7420696E 
 1435      7400
 1436              	.LASF4:
 1437 01ac 6C6F6E67 		.ascii	"long int\000"
 1437      20696E74 
 1437      00
 1438              	.LASF0:
 1439 01b5 7369676E 		.ascii	"signed char\000"
 1439      65642063 
 1439      68617200 
 1440              	.LASF18:
 1441 01c1 47656E65 		.ascii	"Generated_Source\\PSoC5\\cymetadata.c\000"
 1441      72617465 
 1441      645F536F 
 1441      75726365 
 1441      5C50536F 
 1442              		.ident	"GCC: (GNU Tools for ARM Embedded Processors) 5.4.1 20160609 (release) [ARM/embedded-5-bran
