ARM GAS  C:\Users\isaac\AppData\Local\Temp\ccs0Cn2r.s 			page 1


   1              		.syntax unified
   2              		.cpu cortex-m3
   3              		.fpu softvfp
   4              		.eabi_attribute 20, 1
   5              		.eabi_attribute 21, 1
   6              		.eabi_attribute 23, 3
   7              		.eabi_attribute 24, 1
   8              		.eabi_attribute 25, 1
   9              		.eabi_attribute 26, 1
  10              		.eabi_attribute 30, 1
  11              		.eabi_attribute 34, 1
  12              		.eabi_attribute 18, 4
  13              		.thumb
  14              		.syntax unified
  15              		.file	"PRS_PM.c"
  16              		.text
  17              	.Ltext0:
  18              		.cfi_sections	.debug_frame
  19              		.section	.text.PRS_SaveConfig,"ax",%progbits
  20              		.align	2
  21              		.global	PRS_SaveConfig
  22              		.thumb
  23              		.thumb_func
  24              		.type	PRS_SaveConfig, %function
  25              	PRS_SaveConfig:
  26              	.LFB0:
  27              		.file 1 "Generated_Source\\PSoC5\\PRS_PM.c"
   1:Generated_Source\PSoC5/PRS_PM.c **** /*******************************************************************************
   2:Generated_Source\PSoC5/PRS_PM.c **** * File Name: PRS_PM.c
   3:Generated_Source\PSoC5/PRS_PM.c **** * Version 2.40
   4:Generated_Source\PSoC5/PRS_PM.c **** *
   5:Generated_Source\PSoC5/PRS_PM.c **** * Description:
   6:Generated_Source\PSoC5/PRS_PM.c **** *  This file provides Sleep APIs for PRS component.
   7:Generated_Source\PSoC5/PRS_PM.c **** *
   8:Generated_Source\PSoC5/PRS_PM.c **** * Note:
   9:Generated_Source\PSoC5/PRS_PM.c **** *  None
  10:Generated_Source\PSoC5/PRS_PM.c **** *
  11:Generated_Source\PSoC5/PRS_PM.c **** ********************************************************************************
  12:Generated_Source\PSoC5/PRS_PM.c **** * Copyright 2008-2013, Cypress Semiconductor Corporation.  All rights reserved.
  13:Generated_Source\PSoC5/PRS_PM.c **** * You may use this file only in accordance with the license, terms, conditions, 
  14:Generated_Source\PSoC5/PRS_PM.c **** * disclaimers, and limitations in the end user license agreement accompanying 
  15:Generated_Source\PSoC5/PRS_PM.c **** * the software package with which this file was provided.
  16:Generated_Source\PSoC5/PRS_PM.c **** *******************************************************************************/
  17:Generated_Source\PSoC5/PRS_PM.c **** 
  18:Generated_Source\PSoC5/PRS_PM.c **** #include "PRS.h"
  19:Generated_Source\PSoC5/PRS_PM.c **** 
  20:Generated_Source\PSoC5/PRS_PM.c **** #if ((PRS_TIME_MULTIPLEXING_ENABLE) && (PRS_WAKEUP_BEHAVIOUR == PRS__RESUMEWORK))
  21:Generated_Source\PSoC5/PRS_PM.c ****     uint8 PRS_sleepState = PRS_NORMAL_SEQUENCE;    
  22:Generated_Source\PSoC5/PRS_PM.c **** #endif  /* End ((PRS_TIME_MULTIPLEXING_ENABLE) && 
  23:Generated_Source\PSoC5/PRS_PM.c ****           (PRS_WAKEUP_BEHAVIOUR == PRS__RESUMEWORK)) */
  24:Generated_Source\PSoC5/PRS_PM.c **** 
  25:Generated_Source\PSoC5/PRS_PM.c **** 
  26:Generated_Source\PSoC5/PRS_PM.c **** /*******************************************************************************
  27:Generated_Source\PSoC5/PRS_PM.c **** * Function Name: PRS_SaveConfig
  28:Generated_Source\PSoC5/PRS_PM.c **** ********************************************************************************
  29:Generated_Source\PSoC5/PRS_PM.c **** *
  30:Generated_Source\PSoC5/PRS_PM.c **** * Summary:
ARM GAS  C:\Users\isaac\AppData\Local\Temp\ccs0Cn2r.s 			page 2


  31:Generated_Source\PSoC5/PRS_PM.c **** *  Saves seed and polynomial registers.
  32:Generated_Source\PSoC5/PRS_PM.c **** *
  33:Generated_Source\PSoC5/PRS_PM.c **** * Parameters:
  34:Generated_Source\PSoC5/PRS_PM.c **** *  void
  35:Generated_Source\PSoC5/PRS_PM.c **** *
  36:Generated_Source\PSoC5/PRS_PM.c **** * Return:
  37:Generated_Source\PSoC5/PRS_PM.c **** *  void
  38:Generated_Source\PSoC5/PRS_PM.c **** *
  39:Generated_Source\PSoC5/PRS_PM.c **** * Global Variables:
  40:Generated_Source\PSoC5/PRS_PM.c **** *  PRS_backup - modified when non-retention registers are saved.
  41:Generated_Source\PSoC5/PRS_PM.c **** *
  42:Generated_Source\PSoC5/PRS_PM.c **** *******************************************************************************/
  43:Generated_Source\PSoC5/PRS_PM.c **** void PRS_SaveConfig(void) 
  44:Generated_Source\PSoC5/PRS_PM.c **** {    
  28              		.loc 1 44 0
  29              		.cfi_startproc
  30              		@ args = 0, pretend = 0, frame = 0
  31              		@ frame_needed = 0, uses_anonymous_args = 0
  32              		@ link register save eliminated.
  33 0000 7047     		bx	lr
  34              		.cfi_endproc
  35              	.LFE0:
  36              		.size	PRS_SaveConfig, .-PRS_SaveConfig
  37 0002 00BF     		.section	.text.PRS_Sleep,"ax",%progbits
  38              		.align	2
  39              		.global	PRS_Sleep
  40              		.thumb
  41              		.thumb_func
  42              		.type	PRS_Sleep, %function
  43              	PRS_Sleep:
  44              	.LFB1:
  45:Generated_Source\PSoC5/PRS_PM.c ****     #if (PRS_WAKEUP_BEHAVIOUR == PRS__RESUMEWORK)
  46:Generated_Source\PSoC5/PRS_PM.c ****         /* Save dff register for time mult */
  47:Generated_Source\PSoC5/PRS_PM.c ****         #if (PRS_TIME_MULTIPLEXING_ENABLE)
  48:Generated_Source\PSoC5/PRS_PM.c ****             PRS_backup.dffStatus = PRS_STATUS;
  49:Generated_Source\PSoC5/PRS_PM.c ****             /* Clear normal dff sequence set */
  50:Generated_Source\PSoC5/PRS_PM.c ****             PRS_sleepState &= ((uint8)~PRS_NORMAL_SEQUENCE);
  51:Generated_Source\PSoC5/PRS_PM.c ****         #endif  /* End PRS_TIME_MULTIPLEXING_ENABLE */
  52:Generated_Source\PSoC5/PRS_PM.c ****         
  53:Generated_Source\PSoC5/PRS_PM.c ****         /* Save A0 and A1 registers */
  54:Generated_Source\PSoC5/PRS_PM.c ****         #if (PRS_PRS_SIZE <= 32u)
  55:Generated_Source\PSoC5/PRS_PM.c ****             PRS_backup.seed = PRS_Read();
  56:Generated_Source\PSoC5/PRS_PM.c ****             
  57:Generated_Source\PSoC5/PRS_PM.c ****         #else
  58:Generated_Source\PSoC5/PRS_PM.c ****             PRS_backup.seedUpper = PRS_ReadUpper();
  59:Generated_Source\PSoC5/PRS_PM.c ****             PRS_backup.seedLower = PRS_ReadLower();
  60:Generated_Source\PSoC5/PRS_PM.c ****             
  61:Generated_Source\PSoC5/PRS_PM.c ****         #endif     /* End (PRS_PRS_SIZE <= 32u) */
  62:Generated_Source\PSoC5/PRS_PM.c ****         
  63:Generated_Source\PSoC5/PRS_PM.c ****     #endif  /* End (PRS_WAKEUP_BEHAVIOUR == PRS__RESUMEWORK) */
  64:Generated_Source\PSoC5/PRS_PM.c **** }
  65:Generated_Source\PSoC5/PRS_PM.c **** 
  66:Generated_Source\PSoC5/PRS_PM.c **** 
  67:Generated_Source\PSoC5/PRS_PM.c **** /*******************************************************************************
  68:Generated_Source\PSoC5/PRS_PM.c **** * Function Name: PRS_Sleep
  69:Generated_Source\PSoC5/PRS_PM.c **** ********************************************************************************
  70:Generated_Source\PSoC5/PRS_PM.c **** *
ARM GAS  C:\Users\isaac\AppData\Local\Temp\ccs0Cn2r.s 			page 3


  71:Generated_Source\PSoC5/PRS_PM.c **** * Summary:
  72:Generated_Source\PSoC5/PRS_PM.c **** *  Stops PRS computation and saves PRS configuration.
  73:Generated_Source\PSoC5/PRS_PM.c **** *
  74:Generated_Source\PSoC5/PRS_PM.c **** * Parameters:
  75:Generated_Source\PSoC5/PRS_PM.c **** *  void
  76:Generated_Source\PSoC5/PRS_PM.c **** *
  77:Generated_Source\PSoC5/PRS_PM.c **** * Return:
  78:Generated_Source\PSoC5/PRS_PM.c **** *  void
  79:Generated_Source\PSoC5/PRS_PM.c **** *
  80:Generated_Source\PSoC5/PRS_PM.c **** * Global Variables:
  81:Generated_Source\PSoC5/PRS_PM.c **** *  PRS_backup - modified when non-retention registers are saved.
  82:Generated_Source\PSoC5/PRS_PM.c **** *
  83:Generated_Source\PSoC5/PRS_PM.c **** *******************************************************************************/
  84:Generated_Source\PSoC5/PRS_PM.c **** void PRS_Sleep(void) 
  85:Generated_Source\PSoC5/PRS_PM.c **** {
  45              		.loc 1 85 0
  46              		.cfi_startproc
  47              		@ args = 0, pretend = 0, frame = 0
  48              		@ frame_needed = 0, uses_anonymous_args = 0
  49              		.loc 1 85 0
  50 0000 08B5     		push	{r3, lr}
  51              		.cfi_def_cfa_offset 8
  52              		.cfi_offset 3, -8
  53              		.cfi_offset 14, -4
  86:Generated_Source\PSoC5/PRS_PM.c ****     /* Store PRS enable state */
  87:Generated_Source\PSoC5/PRS_PM.c ****     if(PRS_IS_PRS_ENABLE(PRS_CONTROL_REG))
  54              		.loc 1 87 0
  55 0002 074B     		ldr	r3, .L6
  56 0004 1B78     		ldrb	r3, [r3]	@ zero_extendqisi2
  57 0006 13F0010F 		tst	r3, #1
  58 000a 05D0     		beq	.L3
  88:Generated_Source\PSoC5/PRS_PM.c ****     {
  89:Generated_Source\PSoC5/PRS_PM.c ****         PRS_backup.enableState = 1u;
  59              		.loc 1 89 0
  60 000c 0122     		movs	r2, #1
  61 000e 054B     		ldr	r3, .L6+4
  62 0010 1A70     		strb	r2, [r3]
  90:Generated_Source\PSoC5/PRS_PM.c ****         PRS_Stop();
  63              		.loc 1 90 0
  64 0012 FFF7FEFF 		bl	PRS_Stop
  65              	.LVL0:
  66 0016 08BD     		pop	{r3, pc}
  67              	.L3:
  91:Generated_Source\PSoC5/PRS_PM.c ****     }
  92:Generated_Source\PSoC5/PRS_PM.c ****     else
  93:Generated_Source\PSoC5/PRS_PM.c ****     {
  94:Generated_Source\PSoC5/PRS_PM.c ****         PRS_backup.enableState = 0u;
  68              		.loc 1 94 0
  69 0018 0022     		movs	r2, #0
  70 001a 024B     		ldr	r3, .L6+4
  71 001c 1A70     		strb	r2, [r3]
  72 001e 08BD     		pop	{r3, pc}
  73              	.L7:
  74              		.align	2
  75              	.L6:
  76 0020 7A640040 		.word	1073767546
  77 0024 00000000 		.word	PRS_backup
ARM GAS  C:\Users\isaac\AppData\Local\Temp\ccs0Cn2r.s 			page 4


  78              		.cfi_endproc
  79              	.LFE1:
  80              		.size	PRS_Sleep, .-PRS_Sleep
  81              		.section	.text.PRS_RestoreConfig,"ax",%progbits
  82              		.align	2
  83              		.global	PRS_RestoreConfig
  84              		.thumb
  85              		.thumb_func
  86              		.type	PRS_RestoreConfig, %function
  87              	PRS_RestoreConfig:
  88              	.LFB2:
  95:Generated_Source\PSoC5/PRS_PM.c ****     }
  96:Generated_Source\PSoC5/PRS_PM.c ****     
  97:Generated_Source\PSoC5/PRS_PM.c ****     PRS_SaveConfig();
  98:Generated_Source\PSoC5/PRS_PM.c **** }
  99:Generated_Source\PSoC5/PRS_PM.c **** 
 100:Generated_Source\PSoC5/PRS_PM.c **** 
 101:Generated_Source\PSoC5/PRS_PM.c **** /*******************************************************************************
 102:Generated_Source\PSoC5/PRS_PM.c **** * Function Name: PRS_RestoreConfig
 103:Generated_Source\PSoC5/PRS_PM.c **** ********************************************************************************
 104:Generated_Source\PSoC5/PRS_PM.c **** *
 105:Generated_Source\PSoC5/PRS_PM.c **** * Summary:
 106:Generated_Source\PSoC5/PRS_PM.c **** *  Restores seed and polynomial registers.
 107:Generated_Source\PSoC5/PRS_PM.c **** *
 108:Generated_Source\PSoC5/PRS_PM.c **** * Parameters:
 109:Generated_Source\PSoC5/PRS_PM.c **** *  void
 110:Generated_Source\PSoC5/PRS_PM.c **** *
 111:Generated_Source\PSoC5/PRS_PM.c **** * Return:
 112:Generated_Source\PSoC5/PRS_PM.c **** *  void
 113:Generated_Source\PSoC5/PRS_PM.c **** *
 114:Generated_Source\PSoC5/PRS_PM.c **** *******************************************************************************/
 115:Generated_Source\PSoC5/PRS_PM.c **** #if (PRS_WAKEUP_BEHAVIOUR == PRS__RESUMEWORK)
 116:Generated_Source\PSoC5/PRS_PM.c ****     #if (PRS_TIME_MULTIPLEXING_ENABLE)
 117:Generated_Source\PSoC5/PRS_PM.c ****         void PRS_RestoreConfig(void) 
 118:Generated_Source\PSoC5/PRS_PM.c ****         {   
 119:Generated_Source\PSoC5/PRS_PM.c ****             /* Restore A0 and A1 registers */
 120:Generated_Source\PSoC5/PRS_PM.c ****             #if (PRS_PRS_SIZE <= 32u)
 121:Generated_Source\PSoC5/PRS_PM.c ****                 PRS_WriteSeed(PRS_backup.seed);
 122:Generated_Source\PSoC5/PRS_PM.c ****             #else
 123:Generated_Source\PSoC5/PRS_PM.c ****                 PRS_WriteSeedUpper(PRS_backup.seedUpper);
 124:Generated_Source\PSoC5/PRS_PM.c ****                 PRS_WriteSeedLower(PRS_backup.seedLower);
 125:Generated_Source\PSoC5/PRS_PM.c ****             #endif  /* End (PRS_PRS_SIZE <= 32u) */
 126:Generated_Source\PSoC5/PRS_PM.c ****             
 127:Generated_Source\PSoC5/PRS_PM.c ****             #if (PRS_RUN_MODE == PRS__CLOCKED)
 128:Generated_Source\PSoC5/PRS_PM.c ****                 #if (PRS_PRS_SIZE <= 32u)
 129:Generated_Source\PSoC5/PRS_PM.c ****                     PRS_ResetSeedInit(PRS_DEFAULT_SEED);                        
 130:Generated_Source\PSoC5/PRS_PM.c ****                 #else
 131:Generated_Source\PSoC5/PRS_PM.c ****                     PRS_ResetSeedInitUpper(PRS_DEFAULT_SEED_UPPER);
 132:Generated_Source\PSoC5/PRS_PM.c ****                     PRS_ResetSeedInitLower(PRS_DEFAULT_SEED_LOWER); 
 133:Generated_Source\PSoC5/PRS_PM.c ****                 #endif  /* End (PRS_PRS_SIZE <= 32u) */ 
 134:Generated_Source\PSoC5/PRS_PM.c ****             #endif  /* End (PRS_RUN_MODE == PRS__CLOCKED) */
 135:Generated_Source\PSoC5/PRS_PM.c ****             
 136:Generated_Source\PSoC5/PRS_PM.c ****             /* Restore dff state for time mult: use async set/reest */
 137:Generated_Source\PSoC5/PRS_PM.c ****             /* Set CI, SI, SO, STATE0, STATE1 */
 138:Generated_Source\PSoC5/PRS_PM.c ****             PRS_CONTROL_REG = PRS_backup.dffStatus;
 139:Generated_Source\PSoC5/PRS_PM.c ****             
 140:Generated_Source\PSoC5/PRS_PM.c ****             /* Make pulse, to set trigger to defined state */
ARM GAS  C:\Users\isaac\AppData\Local\Temp\ccs0Cn2r.s 			page 5


 141:Generated_Source\PSoC5/PRS_PM.c ****             PRS_EXECUTE_DFF_SET;
 142:Generated_Source\PSoC5/PRS_PM.c ****             
 143:Generated_Source\PSoC5/PRS_PM.c ****             /* Set normal dff sequence set */
 144:Generated_Source\PSoC5/PRS_PM.c ****             PRS_sleepState |= PRS_NORMAL_SEQUENCE;
 145:Generated_Source\PSoC5/PRS_PM.c ****         }
 146:Generated_Source\PSoC5/PRS_PM.c ****         
 147:Generated_Source\PSoC5/PRS_PM.c ****     #else
 148:Generated_Source\PSoC5/PRS_PM.c ****         void PRS_RestoreConfig(void) 
 149:Generated_Source\PSoC5/PRS_PM.c ****         {   
 150:Generated_Source\PSoC5/PRS_PM.c ****             /* Restore A0 and A1 registers */
 151:Generated_Source\PSoC5/PRS_PM.c ****             #if (PRS_PRS_SIZE <= 32u)
 152:Generated_Source\PSoC5/PRS_PM.c ****                 PRS_WriteSeed(PRS_backup.seed);
 153:Generated_Source\PSoC5/PRS_PM.c ****             #else
 154:Generated_Source\PSoC5/PRS_PM.c ****                 PRS_WriteSeedUpper(PRS_backup.seedUpper);
 155:Generated_Source\PSoC5/PRS_PM.c ****                 PRS_WriteSeedLower(PRS_backup.seedLower);
 156:Generated_Source\PSoC5/PRS_PM.c ****             #endif  /* End (PRS_PRS_SIZE <= 32u) */
 157:Generated_Source\PSoC5/PRS_PM.c ****             
 158:Generated_Source\PSoC5/PRS_PM.c ****             #if (PRS_RUN_MODE == PRS__CLOCKED)
 159:Generated_Source\PSoC5/PRS_PM.c ****                 #if (PRS_PRS_SIZE <= 32u)
 160:Generated_Source\PSoC5/PRS_PM.c ****                     PRS_ResetSeedInit(PRS_DEFAULT_SEED);                        
 161:Generated_Source\PSoC5/PRS_PM.c ****                 #else
 162:Generated_Source\PSoC5/PRS_PM.c ****                     PRS_ResetSeedInitUpper(PRS_DEFAULT_SEED_UPPER);
 163:Generated_Source\PSoC5/PRS_PM.c ****                     PRS_ResetSeedInitLower(PRS_DEFAULT_SEED_LOWER); 
 164:Generated_Source\PSoC5/PRS_PM.c ****                 #endif  /* End (PRS_PRS_SIZE <= 32u) */ 
 165:Generated_Source\PSoC5/PRS_PM.c ****             #endif  /* End (PRS_RUN_MODE == PRS__CLOCKED) */
 166:Generated_Source\PSoC5/PRS_PM.c ****         }
 167:Generated_Source\PSoC5/PRS_PM.c ****         
 168:Generated_Source\PSoC5/PRS_PM.c ****     #endif  /* End (PRS_TIME_MULTIPLEXING_ENABLE) */
 169:Generated_Source\PSoC5/PRS_PM.c ****     
 170:Generated_Source\PSoC5/PRS_PM.c **** #else
 171:Generated_Source\PSoC5/PRS_PM.c ****     void PRS_RestoreConfig(void) 
 172:Generated_Source\PSoC5/PRS_PM.c ****     {
  89              		.loc 1 172 0
  90              		.cfi_startproc
  91              		@ args = 0, pretend = 0, frame = 0
  92              		@ frame_needed = 0, uses_anonymous_args = 0
  93 0000 08B5     		push	{r3, lr}
  94              		.cfi_def_cfa_offset 8
  95              		.cfi_offset 3, -8
  96              		.cfi_offset 14, -4
 173:Generated_Source\PSoC5/PRS_PM.c ****         PRS_Init();
  97              		.loc 1 173 0
  98 0002 FFF7FEFF 		bl	PRS_Init
  99              	.LVL1:
 100 0006 08BD     		pop	{r3, pc}
 101              		.cfi_endproc
 102              	.LFE2:
 103              		.size	PRS_RestoreConfig, .-PRS_RestoreConfig
 104              		.section	.text.PRS_Wakeup,"ax",%progbits
 105              		.align	2
 106              		.global	PRS_Wakeup
 107              		.thumb
 108              		.thumb_func
 109              		.type	PRS_Wakeup, %function
 110              	PRS_Wakeup:
 111              	.LFB3:
 174:Generated_Source\PSoC5/PRS_PM.c ****     }
ARM GAS  C:\Users\isaac\AppData\Local\Temp\ccs0Cn2r.s 			page 6


 175:Generated_Source\PSoC5/PRS_PM.c ****     
 176:Generated_Source\PSoC5/PRS_PM.c **** #endif  /* End (PRS_WAKEUP_BEHAVIOUR == PRS__RESUMEWORK) */
 177:Generated_Source\PSoC5/PRS_PM.c **** 
 178:Generated_Source\PSoC5/PRS_PM.c **** 
 179:Generated_Source\PSoC5/PRS_PM.c **** /*******************************************************************************
 180:Generated_Source\PSoC5/PRS_PM.c **** * Function Name: PRS_Wakeup
 181:Generated_Source\PSoC5/PRS_PM.c **** ********************************************************************************
 182:Generated_Source\PSoC5/PRS_PM.c **** *
 183:Generated_Source\PSoC5/PRS_PM.c **** * Summary:
 184:Generated_Source\PSoC5/PRS_PM.c **** *  Restores PRS configuration and starts PRS computation. 
 185:Generated_Source\PSoC5/PRS_PM.c **** *
 186:Generated_Source\PSoC5/PRS_PM.c **** * Parameters:
 187:Generated_Source\PSoC5/PRS_PM.c **** *  void
 188:Generated_Source\PSoC5/PRS_PM.c **** *
 189:Generated_Source\PSoC5/PRS_PM.c **** * Return:
 190:Generated_Source\PSoC5/PRS_PM.c **** *  void
 191:Generated_Source\PSoC5/PRS_PM.c **** *
 192:Generated_Source\PSoC5/PRS_PM.c **** *******************************************************************************/
 193:Generated_Source\PSoC5/PRS_PM.c **** #if ((PRS_WAKEUP_BEHAVIOUR == PRS__RESUMEWORK) && (PRS_TIME_MULTIPLEXING_ENABLE))
 194:Generated_Source\PSoC5/PRS_PM.c ****     void PRS_Wakeup(void) 
 195:Generated_Source\PSoC5/PRS_PM.c **** #else
 196:Generated_Source\PSoC5/PRS_PM.c ****     void PRS_Wakeup(void) 
 197:Generated_Source\PSoC5/PRS_PM.c **** #endif  /* End ((PRS_WAKEUP_BEHAVIOUR == PRS__RESUMEWORK) && 
 198:Generated_Source\PSoC5/PRS_PM.c ****                 (PRS_TIME_MULTIPLEXING_ENABLE)) */
 199:Generated_Source\PSoC5/PRS_PM.c **** {
 112              		.loc 1 199 0
 113              		.cfi_startproc
 114              		@ args = 0, pretend = 0, frame = 0
 115              		@ frame_needed = 0, uses_anonymous_args = 0
 116 0000 08B5     		push	{r3, lr}
 117              		.cfi_def_cfa_offset 8
 118              		.cfi_offset 3, -8
 119              		.cfi_offset 14, -4
 200:Generated_Source\PSoC5/PRS_PM.c ****     PRS_RestoreConfig();
 120              		.loc 1 200 0
 121 0002 FFF7FEFF 		bl	PRS_RestoreConfig
 122              	.LVL2:
 201:Generated_Source\PSoC5/PRS_PM.c ****     
 202:Generated_Source\PSoC5/PRS_PM.c ****     /* Restore PRS enable state */
 203:Generated_Source\PSoC5/PRS_PM.c ****     if (PRS_backup.enableState != 0u)
 123              		.loc 1 203 0
 124 0006 034B     		ldr	r3, .L13
 125 0008 1B78     		ldrb	r3, [r3]	@ zero_extendqisi2
 126 000a 0BB1     		cbz	r3, .L10
 204:Generated_Source\PSoC5/PRS_PM.c ****     {
 205:Generated_Source\PSoC5/PRS_PM.c ****         PRS_Enable();
 127              		.loc 1 205 0
 128 000c FFF7FEFF 		bl	PRS_Enable
 129              	.LVL3:
 130              	.L10:
 131 0010 08BD     		pop	{r3, pc}
 132              	.L14:
 133 0012 00BF     		.align	2
 134              	.L13:
 135 0014 00000000 		.word	PRS_backup
 136              		.cfi_endproc
 137              	.LFE3:
ARM GAS  C:\Users\isaac\AppData\Local\Temp\ccs0Cn2r.s 			page 7


 138              		.size	PRS_Wakeup, .-PRS_Wakeup
 139              		.text
 140              	.Letext0:
 141              		.file 2 "Generated_Source\\PSoC5\\cytypes.h"
 142              		.file 3 "Generated_Source\\PSoC5\\PRS.h"
 143              		.section	.debug_info,"",%progbits
 144              	.Ldebug_info0:
 145 0000 6B010000 		.4byte	0x16b
 146 0004 0400     		.2byte	0x4
 147 0006 00000000 		.4byte	.Ldebug_abbrev0
 148 000a 04       		.byte	0x4
 149 000b 01       		.uleb128 0x1
 150 000c 61000000 		.4byte	.LASF23
 151 0010 0C       		.byte	0xc
 152 0011 7C010000 		.4byte	.LASF24
 153 0015 EF000000 		.4byte	.LASF25
 154 0019 00000000 		.4byte	.Ldebug_ranges0+0
 155 001d 00000000 		.4byte	0
 156 0021 00000000 		.4byte	.Ldebug_line0
 157 0025 02       		.uleb128 0x2
 158 0026 01       		.byte	0x1
 159 0027 06       		.byte	0x6
 160 0028 DF010000 		.4byte	.LASF0
 161 002c 02       		.uleb128 0x2
 162 002d 01       		.byte	0x1
 163 002e 08       		.byte	0x8
 164 002f 3D000000 		.4byte	.LASF1
 165 0033 02       		.uleb128 0x2
 166 0034 02       		.byte	0x2
 167 0035 05       		.byte	0x5
 168 0036 02020000 		.4byte	.LASF2
 169 003a 02       		.uleb128 0x2
 170 003b 02       		.byte	0x2
 171 003c 07       		.byte	0x7
 172 003d 0E000000 		.4byte	.LASF3
 173 0041 02       		.uleb128 0x2
 174 0042 04       		.byte	0x4
 175 0043 05       		.byte	0x5
 176 0044 B3010000 		.4byte	.LASF4
 177 0048 02       		.uleb128 0x2
 178 0049 04       		.byte	0x4
 179 004a 07       		.byte	0x7
 180 004b 32010000 		.4byte	.LASF5
 181 004f 02       		.uleb128 0x2
 182 0050 08       		.byte	0x8
 183 0051 05       		.byte	0x5
 184 0052 00000000 		.4byte	.LASF6
 185 0056 02       		.uleb128 0x2
 186 0057 08       		.byte	0x8
 187 0058 07       		.byte	0x7
 188 0059 44010000 		.4byte	.LASF7
 189 005d 03       		.uleb128 0x3
 190 005e 04       		.byte	0x4
 191 005f 05       		.byte	0x5
 192 0060 696E7400 		.ascii	"int\000"
 193 0064 02       		.uleb128 0x2
 194 0065 04       		.byte	0x4
ARM GAS  C:\Users\isaac\AppData\Local\Temp\ccs0Cn2r.s 			page 8


 195 0066 07       		.byte	0x7
 196 0067 30000000 		.4byte	.LASF8
 197 006b 04       		.uleb128 0x4
 198 006c D9010000 		.4byte	.LASF12
 199 0070 02       		.byte	0x2
 200 0071 E401     		.2byte	0x1e4
 201 0073 2C000000 		.4byte	0x2c
 202 0077 02       		.uleb128 0x2
 203 0078 04       		.byte	0x4
 204 0079 04       		.byte	0x4
 205 007a 6D010000 		.4byte	.LASF9
 206 007e 02       		.uleb128 0x2
 207 007f 08       		.byte	0x8
 208 0080 04       		.byte	0x4
 209 0081 C8010000 		.4byte	.LASF10
 210 0085 02       		.uleb128 0x2
 211 0086 01       		.byte	0x1
 212 0087 08       		.byte	0x8
 213 0088 9C010000 		.4byte	.LASF11
 214 008c 04       		.uleb128 0x4
 215 008d 0C020000 		.4byte	.LASF13
 216 0091 02       		.byte	0x2
 217 0092 8E02     		.2byte	0x28e
 218 0094 98000000 		.4byte	0x98
 219 0098 05       		.uleb128 0x5
 220 0099 6B000000 		.4byte	0x6b
 221 009d 02       		.uleb128 0x2
 222 009e 08       		.byte	0x8
 223 009f 04       		.byte	0x4
 224 00a0 EB010000 		.4byte	.LASF14
 225 00a4 02       		.uleb128 0x2
 226 00a5 04       		.byte	0x4
 227 00a6 07       		.byte	0x7
 228 00a7 1A020000 		.4byte	.LASF15
 229 00ab 06       		.uleb128 0x6
 230 00ac 01       		.byte	0x1
 231 00ad 03       		.byte	0x3
 232 00ae 31       		.byte	0x31
 233 00af C0000000 		.4byte	0xc0
 234 00b3 07       		.uleb128 0x7
 235 00b4 BC010000 		.4byte	.LASF26
 236 00b8 03       		.byte	0x3
 237 00b9 33       		.byte	0x33
 238 00ba 6B000000 		.4byte	0x6b
 239 00be 00       		.byte	0
 240 00bf 00       		.byte	0
 241 00c0 08       		.uleb128 0x8
 242 00c1 5B010000 		.4byte	.LASF16
 243 00c5 03       		.byte	0x3
 244 00c6 47       		.byte	0x47
 245 00c7 AB000000 		.4byte	0xab
 246 00cb 09       		.uleb128 0x9
 247 00cc 21000000 		.4byte	.LASF27
 248 00d0 01       		.byte	0x1
 249 00d1 2B       		.byte	0x2b
 250 00d2 00000000 		.4byte	.LFB0
 251 00d6 02000000 		.4byte	.LFE0-.LFB0
ARM GAS  C:\Users\isaac\AppData\Local\Temp\ccs0Cn2r.s 			page 9


 252 00da 01       		.uleb128 0x1
 253 00db 9C       		.byte	0x9c
 254 00dc 0A       		.uleb128 0xa
 255 00dd CF010000 		.4byte	.LASF17
 256 00e1 01       		.byte	0x1
 257 00e2 54       		.byte	0x54
 258 00e3 00000000 		.4byte	.LFB1
 259 00e7 28000000 		.4byte	.LFE1-.LFB1
 260 00eb 01       		.uleb128 0x1
 261 00ec 9C       		.byte	0x9c
 262 00ed FB000000 		.4byte	0xfb
 263 00f1 0B       		.uleb128 0xb
 264 00f2 16000000 		.4byte	.LVL0
 265 00f6 4D010000 		.4byte	0x14d
 266 00fa 00       		.byte	0
 267 00fb 0A       		.uleb128 0xa
 268 00fc A1010000 		.4byte	.LASF18
 269 0100 01       		.byte	0x1
 270 0101 AB       		.byte	0xab
 271 0102 00000000 		.4byte	.LFB2
 272 0106 08000000 		.4byte	.LFE2-.LFB2
 273 010a 01       		.uleb128 0x1
 274 010b 9C       		.byte	0x9c
 275 010c 1A010000 		.4byte	0x11a
 276 0110 0B       		.uleb128 0xb
 277 0111 06000000 		.4byte	.LVL1
 278 0115 58010000 		.4byte	0x158
 279 0119 00       		.byte	0
 280 011a 0A       		.uleb128 0xa
 281 011b 4B000000 		.4byte	.LASF19
 282 011f 01       		.byte	0x1
 283 0120 C4       		.byte	0xc4
 284 0121 00000000 		.4byte	.LFB3
 285 0125 18000000 		.4byte	.LFE3-.LFB3
 286 0129 01       		.uleb128 0x1
 287 012a 9C       		.byte	0x9c
 288 012b 42010000 		.4byte	0x142
 289 012f 0B       		.uleb128 0xb
 290 0130 06000000 		.4byte	.LVL2
 291 0134 FB000000 		.4byte	0xfb
 292 0138 0B       		.uleb128 0xb
 293 0139 10000000 		.4byte	.LVL3
 294 013d 63010000 		.4byte	0x163
 295 0141 00       		.byte	0
 296 0142 0C       		.uleb128 0xc
 297 0143 F7010000 		.4byte	.LASF28
 298 0147 03       		.byte	0x3
 299 0148 4B       		.byte	0x4b
 300 0149 C0000000 		.4byte	0xc0
 301 014d 0D       		.uleb128 0xd
 302 014e 73010000 		.4byte	.LASF20
 303 0152 73010000 		.4byte	.LASF20
 304 0156 03       		.byte	0x3
 305 0157 5A       		.byte	0x5a
 306 0158 0D       		.uleb128 0xd
 307 0159 11020000 		.4byte	.LASF21
 308 015d 11020000 		.4byte	.LASF21
ARM GAS  C:\Users\isaac\AppData\Local\Temp\ccs0Cn2r.s 			page 10


 309 0161 03       		.byte	0x3
 310 0162 57       		.byte	0x57
 311 0163 0D       		.uleb128 0xd
 312 0164 56000000 		.4byte	.LASF22
 313 0168 56000000 		.4byte	.LASF22
 314 016c 03       		.byte	0x3
 315 016d 58       		.byte	0x58
 316 016e 00       		.byte	0
 317              		.section	.debug_abbrev,"",%progbits
 318              	.Ldebug_abbrev0:
 319 0000 01       		.uleb128 0x1
 320 0001 11       		.uleb128 0x11
 321 0002 01       		.byte	0x1
 322 0003 25       		.uleb128 0x25
 323 0004 0E       		.uleb128 0xe
 324 0005 13       		.uleb128 0x13
 325 0006 0B       		.uleb128 0xb
 326 0007 03       		.uleb128 0x3
 327 0008 0E       		.uleb128 0xe
 328 0009 1B       		.uleb128 0x1b
 329 000a 0E       		.uleb128 0xe
 330 000b 55       		.uleb128 0x55
 331 000c 17       		.uleb128 0x17
 332 000d 11       		.uleb128 0x11
 333 000e 01       		.uleb128 0x1
 334 000f 10       		.uleb128 0x10
 335 0010 17       		.uleb128 0x17
 336 0011 00       		.byte	0
 337 0012 00       		.byte	0
 338 0013 02       		.uleb128 0x2
 339 0014 24       		.uleb128 0x24
 340 0015 00       		.byte	0
 341 0016 0B       		.uleb128 0xb
 342 0017 0B       		.uleb128 0xb
 343 0018 3E       		.uleb128 0x3e
 344 0019 0B       		.uleb128 0xb
 345 001a 03       		.uleb128 0x3
 346 001b 0E       		.uleb128 0xe
 347 001c 00       		.byte	0
 348 001d 00       		.byte	0
 349 001e 03       		.uleb128 0x3
 350 001f 24       		.uleb128 0x24
 351 0020 00       		.byte	0
 352 0021 0B       		.uleb128 0xb
 353 0022 0B       		.uleb128 0xb
 354 0023 3E       		.uleb128 0x3e
 355 0024 0B       		.uleb128 0xb
 356 0025 03       		.uleb128 0x3
 357 0026 08       		.uleb128 0x8
 358 0027 00       		.byte	0
 359 0028 00       		.byte	0
 360 0029 04       		.uleb128 0x4
 361 002a 16       		.uleb128 0x16
 362 002b 00       		.byte	0
 363 002c 03       		.uleb128 0x3
 364 002d 0E       		.uleb128 0xe
 365 002e 3A       		.uleb128 0x3a
ARM GAS  C:\Users\isaac\AppData\Local\Temp\ccs0Cn2r.s 			page 11


 366 002f 0B       		.uleb128 0xb
 367 0030 3B       		.uleb128 0x3b
 368 0031 05       		.uleb128 0x5
 369 0032 49       		.uleb128 0x49
 370 0033 13       		.uleb128 0x13
 371 0034 00       		.byte	0
 372 0035 00       		.byte	0
 373 0036 05       		.uleb128 0x5
 374 0037 35       		.uleb128 0x35
 375 0038 00       		.byte	0
 376 0039 49       		.uleb128 0x49
 377 003a 13       		.uleb128 0x13
 378 003b 00       		.byte	0
 379 003c 00       		.byte	0
 380 003d 06       		.uleb128 0x6
 381 003e 13       		.uleb128 0x13
 382 003f 01       		.byte	0x1
 383 0040 0B       		.uleb128 0xb
 384 0041 0B       		.uleb128 0xb
 385 0042 3A       		.uleb128 0x3a
 386 0043 0B       		.uleb128 0xb
 387 0044 3B       		.uleb128 0x3b
 388 0045 0B       		.uleb128 0xb
 389 0046 01       		.uleb128 0x1
 390 0047 13       		.uleb128 0x13
 391 0048 00       		.byte	0
 392 0049 00       		.byte	0
 393 004a 07       		.uleb128 0x7
 394 004b 0D       		.uleb128 0xd
 395 004c 00       		.byte	0
 396 004d 03       		.uleb128 0x3
 397 004e 0E       		.uleb128 0xe
 398 004f 3A       		.uleb128 0x3a
 399 0050 0B       		.uleb128 0xb
 400 0051 3B       		.uleb128 0x3b
 401 0052 0B       		.uleb128 0xb
 402 0053 49       		.uleb128 0x49
 403 0054 13       		.uleb128 0x13
 404 0055 38       		.uleb128 0x38
 405 0056 0B       		.uleb128 0xb
 406 0057 00       		.byte	0
 407 0058 00       		.byte	0
 408 0059 08       		.uleb128 0x8
 409 005a 16       		.uleb128 0x16
 410 005b 00       		.byte	0
 411 005c 03       		.uleb128 0x3
 412 005d 0E       		.uleb128 0xe
 413 005e 3A       		.uleb128 0x3a
 414 005f 0B       		.uleb128 0xb
 415 0060 3B       		.uleb128 0x3b
 416 0061 0B       		.uleb128 0xb
 417 0062 49       		.uleb128 0x49
 418 0063 13       		.uleb128 0x13
 419 0064 00       		.byte	0
 420 0065 00       		.byte	0
 421 0066 09       		.uleb128 0x9
 422 0067 2E       		.uleb128 0x2e
ARM GAS  C:\Users\isaac\AppData\Local\Temp\ccs0Cn2r.s 			page 12


 423 0068 00       		.byte	0
 424 0069 3F       		.uleb128 0x3f
 425 006a 19       		.uleb128 0x19
 426 006b 03       		.uleb128 0x3
 427 006c 0E       		.uleb128 0xe
 428 006d 3A       		.uleb128 0x3a
 429 006e 0B       		.uleb128 0xb
 430 006f 3B       		.uleb128 0x3b
 431 0070 0B       		.uleb128 0xb
 432 0071 27       		.uleb128 0x27
 433 0072 19       		.uleb128 0x19
 434 0073 11       		.uleb128 0x11
 435 0074 01       		.uleb128 0x1
 436 0075 12       		.uleb128 0x12
 437 0076 06       		.uleb128 0x6
 438 0077 40       		.uleb128 0x40
 439 0078 18       		.uleb128 0x18
 440 0079 9742     		.uleb128 0x2117
 441 007b 19       		.uleb128 0x19
 442 007c 00       		.byte	0
 443 007d 00       		.byte	0
 444 007e 0A       		.uleb128 0xa
 445 007f 2E       		.uleb128 0x2e
 446 0080 01       		.byte	0x1
 447 0081 3F       		.uleb128 0x3f
 448 0082 19       		.uleb128 0x19
 449 0083 03       		.uleb128 0x3
 450 0084 0E       		.uleb128 0xe
 451 0085 3A       		.uleb128 0x3a
 452 0086 0B       		.uleb128 0xb
 453 0087 3B       		.uleb128 0x3b
 454 0088 0B       		.uleb128 0xb
 455 0089 27       		.uleb128 0x27
 456 008a 19       		.uleb128 0x19
 457 008b 11       		.uleb128 0x11
 458 008c 01       		.uleb128 0x1
 459 008d 12       		.uleb128 0x12
 460 008e 06       		.uleb128 0x6
 461 008f 40       		.uleb128 0x40
 462 0090 18       		.uleb128 0x18
 463 0091 9742     		.uleb128 0x2117
 464 0093 19       		.uleb128 0x19
 465 0094 01       		.uleb128 0x1
 466 0095 13       		.uleb128 0x13
 467 0096 00       		.byte	0
 468 0097 00       		.byte	0
 469 0098 0B       		.uleb128 0xb
 470 0099 898201   		.uleb128 0x4109
 471 009c 00       		.byte	0
 472 009d 11       		.uleb128 0x11
 473 009e 01       		.uleb128 0x1
 474 009f 31       		.uleb128 0x31
 475 00a0 13       		.uleb128 0x13
 476 00a1 00       		.byte	0
 477 00a2 00       		.byte	0
 478 00a3 0C       		.uleb128 0xc
 479 00a4 34       		.uleb128 0x34
ARM GAS  C:\Users\isaac\AppData\Local\Temp\ccs0Cn2r.s 			page 13


 480 00a5 00       		.byte	0
 481 00a6 03       		.uleb128 0x3
 482 00a7 0E       		.uleb128 0xe
 483 00a8 3A       		.uleb128 0x3a
 484 00a9 0B       		.uleb128 0xb
 485 00aa 3B       		.uleb128 0x3b
 486 00ab 0B       		.uleb128 0xb
 487 00ac 49       		.uleb128 0x49
 488 00ad 13       		.uleb128 0x13
 489 00ae 3F       		.uleb128 0x3f
 490 00af 19       		.uleb128 0x19
 491 00b0 3C       		.uleb128 0x3c
 492 00b1 19       		.uleb128 0x19
 493 00b2 00       		.byte	0
 494 00b3 00       		.byte	0
 495 00b4 0D       		.uleb128 0xd
 496 00b5 2E       		.uleb128 0x2e
 497 00b6 00       		.byte	0
 498 00b7 3F       		.uleb128 0x3f
 499 00b8 19       		.uleb128 0x19
 500 00b9 3C       		.uleb128 0x3c
 501 00ba 19       		.uleb128 0x19
 502 00bb 6E       		.uleb128 0x6e
 503 00bc 0E       		.uleb128 0xe
 504 00bd 03       		.uleb128 0x3
 505 00be 0E       		.uleb128 0xe
 506 00bf 3A       		.uleb128 0x3a
 507 00c0 0B       		.uleb128 0xb
 508 00c1 3B       		.uleb128 0x3b
 509 00c2 0B       		.uleb128 0xb
 510 00c3 00       		.byte	0
 511 00c4 00       		.byte	0
 512 00c5 00       		.byte	0
 513              		.section	.debug_aranges,"",%progbits
 514 0000 34000000 		.4byte	0x34
 515 0004 0200     		.2byte	0x2
 516 0006 00000000 		.4byte	.Ldebug_info0
 517 000a 04       		.byte	0x4
 518 000b 00       		.byte	0
 519 000c 0000     		.2byte	0
 520 000e 0000     		.2byte	0
 521 0010 00000000 		.4byte	.LFB0
 522 0014 02000000 		.4byte	.LFE0-.LFB0
 523 0018 00000000 		.4byte	.LFB1
 524 001c 28000000 		.4byte	.LFE1-.LFB1
 525 0020 00000000 		.4byte	.LFB2
 526 0024 08000000 		.4byte	.LFE2-.LFB2
 527 0028 00000000 		.4byte	.LFB3
 528 002c 18000000 		.4byte	.LFE3-.LFB3
 529 0030 00000000 		.4byte	0
 530 0034 00000000 		.4byte	0
 531              		.section	.debug_ranges,"",%progbits
 532              	.Ldebug_ranges0:
 533 0000 00000000 		.4byte	.LFB0
 534 0004 02000000 		.4byte	.LFE0
 535 0008 00000000 		.4byte	.LFB1
 536 000c 28000000 		.4byte	.LFE1
ARM GAS  C:\Users\isaac\AppData\Local\Temp\ccs0Cn2r.s 			page 14


 537 0010 00000000 		.4byte	.LFB2
 538 0014 08000000 		.4byte	.LFE2
 539 0018 00000000 		.4byte	.LFB3
 540 001c 18000000 		.4byte	.LFE3
 541 0020 00000000 		.4byte	0
 542 0024 00000000 		.4byte	0
 543              		.section	.debug_line,"",%progbits
 544              	.Ldebug_line0:
 545 0000 9A000000 		.section	.debug_str,"MS",%progbits,1
 545      02004C00 
 545      00000201 
 545      FB0E0D00 
 545      01010101 
 546              	.LASF6:
 547 0000 6C6F6E67 		.ascii	"long long int\000"
 547      206C6F6E 
 547      6720696E 
 547      7400
 548              	.LASF3:
 549 000e 73686F72 		.ascii	"short unsigned int\000"
 549      7420756E 
 549      7369676E 
 549      65642069 
 549      6E7400
 550              	.LASF27:
 551 0021 5052535F 		.ascii	"PRS_SaveConfig\000"
 551      53617665 
 551      436F6E66 
 551      696700
 552              	.LASF8:
 553 0030 756E7369 		.ascii	"unsigned int\000"
 553      676E6564 
 553      20696E74 
 553      00
 554              	.LASF1:
 555 003d 756E7369 		.ascii	"unsigned char\000"
 555      676E6564 
 555      20636861 
 555      7200
 556              	.LASF19:
 557 004b 5052535F 		.ascii	"PRS_Wakeup\000"
 557      57616B65 
 557      757000
 558              	.LASF22:
 559 0056 5052535F 		.ascii	"PRS_Enable\000"
 559      456E6162 
 559      6C6500
 560              	.LASF23:
 561 0061 474E5520 		.ascii	"GNU C11 5.4.1 20160609 (release) [ARM/embedded-5-br"
 561      43313120 
 561      352E342E 
 561      31203230 
 561      31363036 
 562 0094 616E6368 		.ascii	"anch revision 237715] -mcpu=cortex-m3 -mthumb -g -O"
 562      20726576 
 562      6973696F 
 562      6E203233 
ARM GAS  C:\Users\isaac\AppData\Local\Temp\ccs0Cn2r.s 			page 15


 562      37373135 
 563 00c7 67202D66 		.ascii	"g -ffunction-sections -ffat-lto-objects\000"
 563      66756E63 
 563      74696F6E 
 563      2D736563 
 563      74696F6E 
 564              	.LASF25:
 565 00ef 433A5C55 		.ascii	"C:\\Users\\isaac\\Documents\\PSoC Creator\\PROYECT_"
 565      73657273 
 565      5C697361 
 565      61635C44 
 565      6F63756D 
 566 011d 55315F53 		.ascii	"U1_SNAKE\\Snake.cydsn\000"
 566      4E414B45 
 566      5C536E61 
 566      6B652E63 
 566      7964736E 
 567              	.LASF5:
 568 0132 6C6F6E67 		.ascii	"long unsigned int\000"
 568      20756E73 
 568      69676E65 
 568      6420696E 
 568      7400
 569              	.LASF7:
 570 0144 6C6F6E67 		.ascii	"long long unsigned int\000"
 570      206C6F6E 
 570      6720756E 
 570      7369676E 
 570      65642069 
 571              	.LASF16:
 572 015b 5052535F 		.ascii	"PRS_BACKUP_STRUCT\000"
 572      4241434B 
 572      55505F53 
 572      54525543 
 572      5400
 573              	.LASF9:
 574 016d 666C6F61 		.ascii	"float\000"
 574      7400
 575              	.LASF20:
 576 0173 5052535F 		.ascii	"PRS_Stop\000"
 576      53746F70 
 576      00
 577              	.LASF24:
 578 017c 47656E65 		.ascii	"Generated_Source\\PSoC5\\PRS_PM.c\000"
 578      72617465 
 578      645F536F 
 578      75726365 
 578      5C50536F 
 579              	.LASF11:
 580 019c 63686172 		.ascii	"char\000"
 580      00
 581              	.LASF18:
 582 01a1 5052535F 		.ascii	"PRS_RestoreConfig\000"
 582      52657374 
 582      6F726543 
 582      6F6E6669 
 582      6700
ARM GAS  C:\Users\isaac\AppData\Local\Temp\ccs0Cn2r.s 			page 16


 583              	.LASF4:
 584 01b3 6C6F6E67 		.ascii	"long int\000"
 584      20696E74 
 584      00
 585              	.LASF26:
 586 01bc 656E6162 		.ascii	"enableState\000"
 586      6C655374 
 586      61746500 
 587              	.LASF10:
 588 01c8 646F7562 		.ascii	"double\000"
 588      6C6500
 589              	.LASF17:
 590 01cf 5052535F 		.ascii	"PRS_Sleep\000"
 590      536C6565 
 590      7000
 591              	.LASF12:
 592 01d9 75696E74 		.ascii	"uint8\000"
 592      3800
 593              	.LASF0:
 594 01df 7369676E 		.ascii	"signed char\000"
 594      65642063 
 594      68617200 
 595              	.LASF14:
 596 01eb 6C6F6E67 		.ascii	"long double\000"
 596      20646F75 
 596      626C6500 
 597              	.LASF28:
 598 01f7 5052535F 		.ascii	"PRS_backup\000"
 598      6261636B 
 598      757000
 599              	.LASF2:
 600 0202 73686F72 		.ascii	"short int\000"
 600      7420696E 
 600      7400
 601              	.LASF13:
 602 020c 72656738 		.ascii	"reg8\000"
 602      00
 603              	.LASF21:
 604 0211 5052535F 		.ascii	"PRS_Init\000"
 604      496E6974 
 604      00
 605              	.LASF15:
 606 021a 73697A65 		.ascii	"sizetype\000"
 606      74797065 
 606      00
 607              		.ident	"GCC: (GNU Tools for ARM Embedded Processors) 5.4.1 20160609 (release) [ARM/embedded-5-bran
