ARM GAS  C:\Users\isaac\AppData\Local\Temp\ccHjsZun.s 			page 1


   1              		.syntax unified
   2              		.cpu cortex-m3
   3              		.fpu softvfp
   4              		.eabi_attribute 20, 1
   5              		.eabi_attribute 21, 1
   6              		.eabi_attribute 23, 3
   7              		.eabi_attribute 24, 1
   8              		.eabi_attribute 25, 1
   9              		.eabi_attribute 26, 1
  10              		.eabi_attribute 30, 1
  11              		.eabi_attribute 34, 1
  12              		.eabi_attribute 18, 4
  13              		.thumb
  14              		.syntax unified
  15              		.file	"cymetadata.c"
  16              		.text
  17              	.Ltext0:
  18              		.cfi_sections	.debug_frame
  19              		.global	cy_metadata
  20              		.global	cy_meta_flashprotect
  21              		.global	cy_meta_wonvl
  22              		.global	cy_meta_custnvl
  23              		.global	cy_meta_configecc
  24              		.section	.cyconfigecc,"a",%progbits
  25              		.align	2
  26              		.type	cy_meta_configecc, %object
  27              		.size	cy_meta_configecc, 800
  28              	cy_meta_configecc:
  29 0000 02       		.byte	2
  30 0001 45       		.byte	69
  31 0002 00       		.byte	0
  32 0003 40       		.byte	64
  33 0004 02       		.byte	2
  34 0005 52       		.byte	82
  35 0006 00       		.byte	0
  36 0007 40       		.byte	64
  37 0008 03       		.byte	3
  38 0009 65       		.byte	101
  39 000a 00       		.byte	0
  40 000b 40       		.byte	64
  41 000c 01       		.byte	1
  42 000d 15       		.byte	21
  43 000e 01       		.byte	1
  44 000f 40       		.byte	64
  45 0010 12       		.byte	18
  46 0011 18       		.byte	24
  47 0012 01       		.byte	1
  48 0013 40       		.byte	64
  49 0014 39       		.byte	57
  50 0015 19       		.byte	25
  51 0016 01       		.byte	1
  52 0017 40       		.byte	64
  53 0018 67       		.byte	103
  54 0019 1A       		.byte	26
  55 001a 01       		.byte	1
  56 001b 40       		.byte	64
  57 001c 4B       		.byte	75
ARM GAS  C:\Users\isaac\AppData\Local\Temp\ccHjsZun.s 			page 2


  58 001d 1B       		.byte	27
  59 001e 01       		.byte	1
  60 001f 40       		.byte	64
  61 0020 02       		.byte	2
  62 0021 40       		.byte	64
  63 0022 01       		.byte	1
  64 0023 40       		.byte	64
  65 0024 01       		.byte	1
  66 0025 41       		.byte	65
  67 0026 01       		.byte	1
  68 0027 40       		.byte	64
  69 0028 01       		.byte	1
  70 0029 42       		.byte	66
  71 002a 01       		.byte	1
  72 002b 40       		.byte	64
  73 002c 01       		.byte	1
  74 002d 43       		.byte	67
  75 002e 01       		.byte	1
  76 002f 40       		.byte	64
  77 0030 01       		.byte	1
  78 0031 48       		.byte	72
  79 0032 01       		.byte	1
  80 0033 40       		.byte	64
  81 0034 03       		.byte	3
  82 0035 49       		.byte	73
  83 0036 01       		.byte	1
  84 0037 40       		.byte	64
  85 0038 01       		.byte	1
  86 0039 4C       		.byte	76
  87 003a 01       		.byte	1
  88 003b 40       		.byte	64
  89 003c 07       		.byte	7
  90 003d 4D       		.byte	77
  91 003e 01       		.byte	1
  92 003f 40       		.byte	64
  93 0040 02       		.byte	2
  94 0041 50       		.byte	80
  95 0042 01       		.byte	1
  96 0043 40       		.byte	64
  97 0044 01       		.byte	1
  98 0045 51       		.byte	81
  99 0046 01       		.byte	1
 100 0047 40       		.byte	64
 101 0048 00       		.byte	0
 102 0049 01       		.byte	1
 103 004a 7D       		.byte	125
 104 004b 01       		.byte	1
 105 004c 61       		.byte	97
 106 004d 80       		.byte	-128
 107 004e 64       		.byte	100
 108 004f 40       		.byte	64
 109 0050 88       		.byte	-120
 110 0051 72       		.byte	114
 111 0052 8A       		.byte	-118
 112 0053 0F       		.byte	15
 113 0054 8B       		.byte	-117
 114 0055 38       		.byte	56
ARM GAS  C:\Users\isaac\AppData\Local\Temp\ccHjsZun.s 			page 3


 115 0056 E6       		.byte	-26
 116 0057 02       		.byte	2
 117 0058 8D       		.byte	-115
 118 0059 01       		.byte	1
 119 005a 8E       		.byte	-114
 120 005b 02       		.byte	2
 121 005c 90       		.byte	-112
 122 005d 08       		.byte	8
 123 005e 9A       		.byte	-102
 124 005f 04       		.byte	4
 125 0060 A2       		.byte	-94
 126 0061 02       		.byte	2
 127 0062 A4       		.byte	-92
 128 0063 01       		.byte	1
 129 0064 A8       		.byte	-88
 130 0065 01       		.byte	1
 131 0066 AC       		.byte	-84
 132 0067 01       		.byte	1
 133 0068 B0       		.byte	-80
 134 0069 02       		.byte	2
 135 006a B2       		.byte	-78
 136 006b 04       		.byte	4
 137 006c B3       		.byte	-77
 138 006d 01       		.byte	1
 139 006e B4       		.byte	-76
 140 006f 01       		.byte	1
 141 0070 B6       		.byte	-74
 142 0071 08       		.byte	8
 143 0072 BE       		.byte	-66
 144 0073 41       		.byte	65
 145 0074 BF       		.byte	-65
 146 0075 04       		.byte	4
 147 0076 D8       		.byte	-40
 148 0077 04       		.byte	4
 149 0078 D9       		.byte	-39
 150 0079 04       		.byte	4
 151 007a DF       		.byte	-33
 152 007b 01       		.byte	1
 153 007c 00       		.byte	0
 154 007d 40       		.byte	64
 155 007e 04       		.byte	4
 156 007f 02       		.byte	2
 157 0080 05       		.byte	5
 158 0081 69       		.byte	105
 159 0082 07       		.byte	7
 160 0083 10       		.byte	16
 161 0084 08       		.byte	8
 162 0085 20       		.byte	32
 163 0086 0A       		.byte	10
 164 0087 40       		.byte	64
 165 0088 0D       		.byte	13
 166 0089 20       		.byte	32
 167 008a 0E       		.byte	14
 168 008b 02       		.byte	2
 169 008c 0F       		.byte	15
 170 008d 80       		.byte	-128
 171 008e 10       		.byte	16
ARM GAS  C:\Users\isaac\AppData\Local\Temp\ccHjsZun.s 			page 4


 172 008f A8       		.byte	-88
 173 0090 11       		.byte	17
 174 0091 40       		.byte	64
 175 0092 16       		.byte	22
 176 0093 01       		.byte	1
 177 0094 17       		.byte	23
 178 0095 25       		.byte	37
 179 0096 19       		.byte	25
 180 0097 20       		.byte	32
 181 0098 1A       		.byte	26
 182 0099 01       		.byte	1
 183 009a 1B       		.byte	27
 184 009b 06       		.byte	6
 185 009c 1D       		.byte	29
 186 009d 01       		.byte	1
 187 009e 1E       		.byte	30
 188 009f 2A       		.byte	42
 189 00a0 1F       		.byte	31
 190 00a1 01       		.byte	1
 191 00a2 22       		.byte	34
 192 00a3 04       		.byte	4
 193 00a4 24       		.byte	36
 194 00a5 41       		.byte	65
 195 00a6 25       		.byte	37
 196 00a7 22       		.byte	34
 197 00a8 27       		.byte	39
 198 00a9 10       		.byte	16
 199 00aa 2A       		.byte	42
 200 00ab 40       		.byte	64
 201 00ac 2B       		.byte	43
 202 00ad 02       		.byte	2
 203 00ae 2C       		.byte	44
 204 00af 04       		.byte	4
 205 00b0 2D       		.byte	45
 206 00b1 0A       		.byte	10
 207 00b2 2F       		.byte	47
 208 00b3 01       		.byte	1
 209 00b4 35       		.byte	53
 210 00b5 60       		.byte	96
 211 00b6 36       		.byte	54
 212 00b7 01       		.byte	1
 213 00b8 37       		.byte	55
 214 00b9 04       		.byte	4
 215 00ba 3B       		.byte	59
 216 00bb 80       		.byte	-128
 217 00bc 3E       		.byte	62
 218 00bd 22       		.byte	34
 219 00be 3F       		.byte	63
 220 00bf 88       		.byte	-120
 221 00c0 44       		.byte	68
 222 00c1 04       		.byte	4
 223 00c2 45       		.byte	69
 224 00c3 22       		.byte	34
 225 00c4 47       		.byte	71
 226 00c5 40       		.byte	64
 227 00c6 4C       		.byte	76
 228 00c7 81       		.byte	-127
ARM GAS  C:\Users\isaac\AppData\Local\Temp\ccHjsZun.s 			page 5


 229 00c8 4D       		.byte	77
 230 00c9 20       		.byte	32
 231 00ca 55       		.byte	85
 232 00cb 08       		.byte	8
 233 00cc 5E       		.byte	94
 234 00cd 20       		.byte	32
 235 00ce 6C       		.byte	108
 236 00cf 28       		.byte	40
 237 00d0 6D       		.byte	109
 238 00d1 40       		.byte	64
 239 00d2 6E       		.byte	110
 240 00d3 14       		.byte	20
 241 00d4 76       		.byte	118
 242 00d5 23       		.byte	35
 243 00d6 77       		.byte	119
 244 00d7 24       		.byte	36
 245 00d8 86       		.byte	-122
 246 00d9 01       		.byte	1
 247 00da C0       		.byte	-64
 248 00db F1       		.byte	-15
 249 00dc C2       		.byte	-62
 250 00dd DA       		.byte	-38
 251 00de C4       		.byte	-60
 252 00df FF       		.byte	-1
 253 00e0 CA       		.byte	-54
 254 00e1 F0       		.byte	-16
 255 00e2 CC       		.byte	-52
 256 00e3 F0       		.byte	-16
 257 00e4 CE       		.byte	-50
 258 00e5 F8       		.byte	-8
 259 00e6 D0       		.byte	-48
 260 00e7 B0       		.byte	-80
 261 00e8 D2       		.byte	-46
 262 00e9 30       		.byte	48
 263 00ea D6       		.byte	-42
 264 00eb 20       		.byte	32
 265 00ec E0       		.byte	-32
 266 00ed 08       		.byte	8
 267 00ee 03       		.byte	3
 268 00ef 08       		.byte	8
 269 00f0 05       		.byte	5
 270 00f1 33       		.byte	51
 271 00f2 07       		.byte	7
 272 00f3 0C       		.byte	12
 273 00f4 08       		.byte	8
 274 00f5 0C       		.byte	12
 275 00f6 0A       		.byte	10
 276 00f7 71       		.byte	113
 277 00f8 0C       		.byte	12
 278 00f9 DC       		.byte	-36
 279 00fa 0D       		.byte	13
 280 00fb 0A       		.byte	10
 281 00fc 0E       		.byte	14
 282 00fd 22       		.byte	34
 283 00fe 0F       		.byte	15
 284 00ff 34       		.byte	52
 285 0100 12       		.byte	18
ARM GAS  C:\Users\isaac\AppData\Local\Temp\ccHjsZun.s 			page 6


 286 0101 03       		.byte	3
 287 0102 14       		.byte	20
 288 0103 14       		.byte	20
 289 0104 15       		.byte	21
 290 0105 03       		.byte	3
 291 0106 17       		.byte	23
 292 0107 14       		.byte	20
 293 0108 1C       		.byte	28
 294 0109 09       		.byte	9
 295 010a 1E       		.byte	30
 296 010b D0       		.byte	-48
 297 010c 25       		.byte	37
 298 010d 40       		.byte	64
 299 010e 26       		.byte	38
 300 010f 20       		.byte	32
 301 0110 27       		.byte	39
 302 0111 15       		.byte	21
 303 0112 28       		.byte	40
 304 0113 10       		.byte	16
 305 0114 29       		.byte	41
 306 0115 33       		.byte	51
 307 0116 2A       		.byte	42
 308 0117 AC       		.byte	-84
 309 0118 2B       		.byte	43
 310 0119 04       		.byte	4
 311 011a 2C       		.byte	44
 312 011b 10       		.byte	16
 313 011c 2E       		.byte	46
 314 011d 40       		.byte	64
 315 011e 30       		.byte	48
 316 011f 1F       		.byte	31
 317 0120 31       		.byte	49
 318 0121 10       		.byte	16
 319 0122 33       		.byte	51
 320 0123 0F       		.byte	15
 321 0124 34       		.byte	52
 322 0125 E0       		.byte	-32
 323 0126 37       		.byte	55
 324 0127 60       		.byte	96
 325 0128 39       		.byte	57
 326 0129 80       		.byte	-128
 327 012a 3A       		.byte	58
 328 012b 20       		.byte	32
 329 012c 3B       		.byte	59
 330 012d 08       		.byte	8
 331 012e 3F       		.byte	63
 332 012f 01       		.byte	1
 333 0130 40       		.byte	64
 334 0131 32       		.byte	50
 335 0132 41       		.byte	65
 336 0133 06       		.byte	6
 337 0134 46       		.byte	70
 338 0135 BE       		.byte	-66
 339 0136 47       		.byte	71
 340 0137 0C       		.byte	12
 341 0138 48       		.byte	72
 342 0139 1C       		.byte	28
ARM GAS  C:\Users\isaac\AppData\Local\Temp\ccHjsZun.s 			page 7


 343 013a 49       		.byte	73
 344 013b FF       		.byte	-1
 345 013c 4A       		.byte	74
 346 013d FF       		.byte	-1
 347 013e 4B       		.byte	75
 348 013f FF       		.byte	-1
 349 0140 4E       		.byte	78
 350 0141 F0       		.byte	-16
 351 0142 4F       		.byte	79
 352 0143 44       		.byte	68
 353 0144 50       		.byte	80
 354 0145 0C       		.byte	12
 355 0146 54       		.byte	84
 356 0147 01       		.byte	1
 357 0148 58       		.byte	88
 358 0149 04       		.byte	4
 359 014a 59       		.byte	89
 360 014b 04       		.byte	4
 361 014c 5A       		.byte	90
 362 014d 04       		.byte	4
 363 014e 5B       		.byte	91
 364 014f 04       		.byte	4
 365 0150 5F       		.byte	95
 366 0151 01       		.byte	1
 367 0152 66       		.byte	102
 368 0153 C0       		.byte	-64
 369 0154 6A       		.byte	106
 370 0155 40       		.byte	64
 371 0156 6B       		.byte	107
 372 0157 02       		.byte	2
 373 0158 81       		.byte	-127
 374 0159 24       		.byte	36
 375 015a 82       		.byte	-126
 376 015b 08       		.byte	8
 377 015c 83       		.byte	-125
 378 015d 1A       		.byte	26
 379 015e 85       		.byte	-123
 380 015f 7C       		.byte	124
 381 0160 88       		.byte	-120
 382 0161 31       		.byte	49
 383 0162 89       		.byte	-119
 384 0163 7C       		.byte	124
 385 0164 8A       		.byte	-118
 386 0165 0E       		.byte	14
 387 0166 8C       		.byte	-116
 388 0167 2C       		.byte	44
 389 0168 8E       		.byte	-114
 390 0169 03       		.byte	3
 391 016a 91       		.byte	-111
 392 016b 10       		.byte	16
 393 016c 93       		.byte	-109
 394 016d 61       		.byte	97
 395 016e 95       		.byte	-107
 396 016f 48       		.byte	72
 397 0170 96       		.byte	-106
 398 0171 40       		.byte	64
 399 0172 97       		.byte	-105
ARM GAS  C:\Users\isaac\AppData\Local\Temp\ccHjsZun.s 			page 8


 400 0173 16       		.byte	22
 401 0174 9A       		.byte	-102
 402 0175 40       		.byte	64
 403 0176 9E       		.byte	-98
 404 0177 0C       		.byte	12
 405 0178 A4       		.byte	-92
 406 0179 31       		.byte	49
 407 017a A6       		.byte	-90
 408 017b 06       		.byte	6
 409 017c AA       		.byte	-86
 410 017d 13       		.byte	19
 411 017e B0       		.byte	-80
 412 017f 0F       		.byte	15
 413 0180 B1       		.byte	-79
 414 0181 03       		.byte	3
 415 0182 B2       		.byte	-78
 416 0183 40       		.byte	64
 417 0184 B4       		.byte	-76
 418 0185 30       		.byte	48
 419 0186 B5       		.byte	-75
 420 0187 0C       		.byte	12
 421 0188 B7       		.byte	-73
 422 0189 70       		.byte	112
 423 018a B8       		.byte	-72
 424 018b 20       		.byte	32
 425 018c BA       		.byte	-70
 426 018d 02       		.byte	2
 427 018e BE       		.byte	-66
 428 018f 14       		.byte	20
 429 0190 BF       		.byte	-65
 430 0191 01       		.byte	1
 431 0192 C0       		.byte	-64
 432 0193 02       		.byte	2
 433 0194 C6       		.byte	-58
 434 0195 04       		.byte	4
 435 0196 C9       		.byte	-55
 436 0197 FF       		.byte	-1
 437 0198 CA       		.byte	-54
 438 0199 07       		.byte	7
 439 019a CB       		.byte	-53
 440 019b FF       		.byte	-1
 441 019c CC       		.byte	-52
 442 019d 40       		.byte	64
 443 019e CD       		.byte	-51
 444 019f 20       		.byte	32
 445 01a0 CE       		.byte	-50
 446 01a1 F0       		.byte	-16
 447 01a2 CF       		.byte	-49
 448 01a3 05       		.byte	5
 449 01a4 D0       		.byte	-48
 450 01a5 08       		.byte	8
 451 01a6 D4       		.byte	-44
 452 01a7 18       		.byte	24
 453 01a8 D6       		.byte	-42
 454 01a9 04       		.byte	4
 455 01aa D8       		.byte	-40
 456 01ab 04       		.byte	4
ARM GAS  C:\Users\isaac\AppData\Local\Temp\ccHjsZun.s 			page 9


 457 01ac D9       		.byte	-39
 458 01ad 04       		.byte	4
 459 01ae DA       		.byte	-38
 460 01af 04       		.byte	4
 461 01b0 DB       		.byte	-37
 462 01b1 04       		.byte	4
 463 01b2 DF       		.byte	-33
 464 01b3 01       		.byte	1
 465 01b4 E0       		.byte	-32
 466 01b5 40       		.byte	64
 467 01b6 E1       		.byte	-31
 468 01b7 A8       		.byte	-88
 469 01b8 E2       		.byte	-30
 470 01b9 40       		.byte	64
 471 01ba E3       		.byte	-29
 472 01bb 20       		.byte	32
 473 01bc 00       		.byte	0
 474 01bd 40       		.byte	64
 475 01be 01       		.byte	1
 476 01bf 20       		.byte	32
 477 01c0 04       		.byte	4
 478 01c1 40       		.byte	64
 479 01c2 05       		.byte	5
 480 01c3 20       		.byte	32
 481 01c4 06       		.byte	6
 482 01c5 80       		.byte	-128
 483 01c6 0A       		.byte	10
 484 01c7 40       		.byte	64
 485 01c8 0B       		.byte	11
 486 01c9 21       		.byte	33
 487 01ca 0D       		.byte	13
 488 01cb 08       		.byte	8
 489 01cc 0E       		.byte	14
 490 01cd 08       		.byte	8
 491 01ce 0F       		.byte	15
 492 01cf 01       		.byte	1
 493 01d0 11       		.byte	17
 494 01d1 88       		.byte	-120
 495 01d2 12       		.byte	18
 496 01d3 08       		.byte	8
 497 01d4 15       		.byte	21
 498 01d5 08       		.byte	8
 499 01d6 16       		.byte	22
 500 01d7 04       		.byte	4
 501 01d8 19       		.byte	25
 502 01d9 20       		.byte	32
 503 01da 1A       		.byte	26
 504 01db 40       		.byte	64
 505 01dc 1C       		.byte	28
 506 01dd 40       		.byte	64
 507 01de 1F       		.byte	31
 508 01df 24       		.byte	36
 509 01e0 21       		.byte	33
 510 01e1 04       		.byte	4
 511 01e2 22       		.byte	34
 512 01e3 08       		.byte	8
 513 01e4 23       		.byte	35
ARM GAS  C:\Users\isaac\AppData\Local\Temp\ccHjsZun.s 			page 10


 514 01e5 81       		.byte	-127
 515 01e6 27       		.byte	39
 516 01e7 49       		.byte	73
 517 01e8 29       		.byte	41
 518 01e9 20       		.byte	32
 519 01ea 2A       		.byte	42
 520 01eb 04       		.byte	4
 521 01ec 30       		.byte	48
 522 01ed 08       		.byte	8
 523 01ee 33       		.byte	51
 524 01ef 30       		.byte	48
 525 01f0 35       		.byte	53
 526 01f1 02       		.byte	2
 527 01f2 37       		.byte	55
 528 01f3 09       		.byte	9
 529 01f4 38       		.byte	56
 530 01f5 40       		.byte	64
 531 01f6 39       		.byte	57
 532 01f7 08       		.byte	8
 533 01f8 3B       		.byte	59
 534 01f9 01       		.byte	1
 535 01fa 3E       		.byte	62
 536 01fb 16       		.byte	22
 537 01fc 41       		.byte	65
 538 01fd 04       		.byte	4
 539 01fe 42       		.byte	66
 540 01ff 08       		.byte	8
 541 0200 47       		.byte	71
 542 0201 10       		.byte	16
 543 0202 49       		.byte	73
 544 0203 20       		.byte	32
 545 0204 50       		.byte	80
 546 0205 08       		.byte	8
 547 0206 53       		.byte	83
 548 0207 50       		.byte	80
 549 0208 55       		.byte	85
 550 0209 44       		.byte	68
 551 020a 56       		.byte	86
 552 020b 8C       		.byte	-116
 553 020c 58       		.byte	88
 554 020d 02       		.byte	2
 555 020e 5A       		.byte	90
 556 020f 08       		.byte	8
 557 0210 5B       		.byte	91
 558 0211 A0       		.byte	-96
 559 0212 5C       		.byte	92
 560 0213 01       		.byte	1
 561 0214 66       		.byte	102
 562 0215 40       		.byte	64
 563 0216 67       		.byte	103
 564 0217 48       		.byte	72
 565 0218 7C       		.byte	124
 566 0219 02       		.byte	2
 567 021a 7F       		.byte	127
 568 021b 40       		.byte	64
 569 021c 87       		.byte	-121
 570 021d 40       		.byte	64
ARM GAS  C:\Users\isaac\AppData\Local\Temp\ccHjsZun.s 			page 11


 571 021e 88       		.byte	-120
 572 021f 28       		.byte	40
 573 0220 89       		.byte	-119
 574 0221 40       		.byte	64
 575 0222 8A       		.byte	-118
 576 0223 02       		.byte	2
 577 0224 8B       		.byte	-117
 578 0225 20       		.byte	32
 579 0226 8F       		.byte	-113
 580 0227 48       		.byte	72
 581 0228 90       		.byte	-112
 582 0229 01       		.byte	1
 583 022a 92       		.byte	-110
 584 022b 1C       		.byte	28
 585 022c 96       		.byte	-106
 586 022d 40       		.byte	64
 587 022e 97       		.byte	-105
 588 022f 80       		.byte	-128
 589 0230 9A       		.byte	-102
 590 0231 40       		.byte	64
 591 0232 9C       		.byte	-100
 592 0233 20       		.byte	32
 593 0234 9D       		.byte	-99
 594 0235 42       		.byte	66
 595 0236 9F       		.byte	-97
 596 0237 41       		.byte	65
 597 0238 A1       		.byte	-95
 598 0239 08       		.byte	8
 599 023a A2       		.byte	-94
 600 023b 04       		.byte	4
 601 023c A7       		.byte	-89
 602 023d 40       		.byte	64
 603 023e C0       		.byte	-64
 604 023f D3       		.byte	-45
 605 0240 C2       		.byte	-62
 606 0241 ED       		.byte	-19
 607 0242 C4       		.byte	-60
 608 0243 67       		.byte	103
 609 0244 CA       		.byte	-54
 610 0245 06       		.byte	6
 611 0246 CC       		.byte	-52
 612 0247 C2       		.byte	-62
 613 0248 CE       		.byte	-50
 614 0249 EB       		.byte	-21
 615 024a D0       		.byte	-48
 616 024b 26       		.byte	38
 617 024c D2       		.byte	-46
 618 024d 04       		.byte	4
 619 024e D6       		.byte	-42
 620 024f 8F       		.byte	-113
 621 0250 D8       		.byte	-40
 622 0251 B0       		.byte	-80
 623 0252 32       		.byte	50
 624 0253 20       		.byte	32
 625 0254 CC       		.byte	-52
 626 0255 10       		.byte	16
 627 0256 A6       		.byte	-90
ARM GAS  C:\Users\isaac\AppData\Local\Temp\ccHjsZun.s 			page 12


 628 0257 20       		.byte	32
 629 0258 A6       		.byte	-90
 630 0259 20       		.byte	32
 631 025a A6       		.byte	-90
 632 025b 20       		.byte	32
 633 025c A6       		.byte	-90
 634 025d 20       		.byte	32
 635 025e 86       		.byte	-122
 636 025f 20       		.byte	32
 637 0260 A6       		.byte	-90
 638 0261 20       		.byte	32
 639 0262 E6       		.byte	-26
 640 0263 40       		.byte	64
 641 0264 87       		.byte	-121
 642 0265 10       		.byte	16
 643 0266 10       		.byte	16
 644 0267 40       		.byte	64
 645 0268 73       		.byte	115
 646 0269 10       		.byte	16
 647 026a 88       		.byte	-120
 648 026b 40       		.byte	64
 649 026c 93       		.byte	-109
 650 026d 10       		.byte	16
 651 026e C4       		.byte	-60
 652 026f 08       		.byte	8
 653 0270 DC       		.byte	-36
 654 0271 01       		.byte	1
 655 0272 E2       		.byte	-30
 656 0273 01       		.byte	1
 657 0274 10       		.byte	16
 658 0275 01       		.byte	1
 659 0276 1C       		.byte	28
 660 0277 01       		.byte	1
 661 0278 00       		.byte	0
 662 0279 03       		.byte	3
 663 027a 00       		.byte	0
 664 027b 00       		.byte	0
 665 027c 73       		.byte	115
 666 027d 10       		.byte	16
 667 027e 0C       		.byte	12
 668 027f 00       		.byte	0
 669 0280 1C       		.byte	28
 670 0281 00       		.byte	0
 671 0282 63       		.byte	99
 672 0283 04       		.byte	4
 673 0284 00       		.byte	0
 674 0285 18       		.byte	24
 675 0286 23       		.byte	35
 676 0287 00       		.byte	0
 677 0288 01       		.byte	1
 678 0289 80       		.byte	-128
 679 028a 00       		.byte	0
 680 028b 00       		.byte	0
 681 028c 02       		.byte	2
 682 028d 1C       		.byte	28
 683 028e 00       		.byte	0
 684 028f E1       		.byte	-31
ARM GAS  C:\Users\isaac\AppData\Local\Temp\ccHjsZun.s 			page 13


 685 0290 00       		.byte	0
 686 0291 08       		.byte	8
 687 0292 00       		.byte	0
 688 0293 00       		.byte	0
 689 0294 7F       		.byte	127
 690 0295 00       		.byte	0
 691 0296 00       		.byte	0
 692 0297 E3       		.byte	-29
 693 0298 1F       		.byte	31
 694 0299 44       		.byte	68
 695 029a 60       		.byte	96
 696 029b 00       		.byte	0
 697 029c 03       		.byte	3
 698 029d C0       		.byte	-64
 699 029e 00       		.byte	0
 700 029f 00       		.byte	0
 701 02a0 04       		.byte	4
 702 02a1 3C       		.byte	60
 703 02a2 00       		.byte	0
 704 02a3 C2       		.byte	-62
 705 02a4 0C       		.byte	12
 706 02a5 FF       		.byte	-1
 707 02a6 00       		.byte	0
 708 02a7 00       		.byte	0
 709 02a8 08       		.byte	8
 710 02a9 E7       		.byte	-25
 711 02aa 00       		.byte	0
 712 02ab 18       		.byte	24
 713 02ac 0F       		.byte	15
 714 02ad 38       		.byte	56
 715 02ae 10       		.byte	16
 716 02af 1F       		.byte	31
 717 02b0 40       		.byte	64
 718 02b1 00       		.byte	0
 719 02b2 2C       		.byte	44
 720 02b3 C0       		.byte	-64
 721 02b4 20       		.byte	32
 722 02b5 00       		.byte	0
 723 02b6 82       		.byte	-126
 724 02b7 28       		.byte	40
 725 02b8 00       		.byte	0
 726 02b9 00       		.byte	0
 727 02ba 04       		.byte	4
 728 02bb 00       		.byte	0
 729 02bc 56       		.byte	86
 730 02bd 02       		.byte	2
 731 02be 04       		.byte	4
 732 02bf 00       		.byte	0
 733 02c0 01       		.byte	1
 734 02c1 C0       		.byte	-64
 735 02c2 00       		.byte	0
 736 02c3 0E       		.byte	14
 737 02c4 12       		.byte	18
 738 02c5 FF       		.byte	-1
 739 02c6 FF       		.byte	-1
 740 02c7 FF       		.byte	-1
 741 02c8 62       		.byte	98
ARM GAS  C:\Users\isaac\AppData\Local\Temp\ccHjsZun.s 			page 14


 742 02c9 A0       		.byte	-96
 743 02ca F0       		.byte	-16
 744 02cb 41       		.byte	65
 745 02cc 0C       		.byte	12
 746 02cd 00       		.byte	0
 747 02ce 00       		.byte	0
 748 02cf 00       		.byte	0
 749 02d0 00       		.byte	0
 750 02d1 00       		.byte	0
 751 02d2 02       		.byte	2
 752 02d3 11       		.byte	17
 753 02d4 04       		.byte	4
 754 02d5 04       		.byte	4
 755 02d6 04       		.byte	4
 756 02d7 04       		.byte	4
 757 02d8 00       		.byte	0
 758 02d9 00       		.byte	0
 759 02da 00       		.byte	0
 760 02db 01       		.byte	1
 761 02dc 00       		.byte	0
 762 02dd 00       		.byte	0
 763 02de 00       		.byte	0
 764 02df 00       		.byte	0
 765 02e0 00       		.byte	0
 766 02e1 00       		.byte	0
 767 02e2 40       		.byte	64
 768 02e3 02       		.byte	2
 769 02e4 00       		.byte	0
 770 02e5 10       		.byte	16
 771 02e6 30       		.byte	48
 772 02e7 10       		.byte	16
 773 02e8 00       		.byte	0
 774 02e9 10       		.byte	16
 775 02ea 10       		.byte	16
 776 02eb 12       		.byte	18
 777 02ec 00       		.byte	0
 778 02ed 00       		.byte	0
 779 02ee 00       		.byte	0
 780 02ef 00       		.byte	0
 781 02f0 00       		.byte	0
 782 02f1 00       		.byte	0
 783 02f2 00       		.byte	0
 784 02f3 00       		.byte	0
 785 02f4 00       		.byte	0
 786 02f5 00       		.byte	0
 787 02f6 00       		.byte	0
 788 02f7 00       		.byte	0
 789 02f8 00       		.byte	0
 790 02f9 00       		.byte	0
 791 02fa 00       		.byte	0
 792 02fb 00       		.byte	0
 793 02fc 01       		.byte	1
 794 02fd 01       		.byte	1
 795 02fe 00       		.byte	0
 796 02ff 00       		.byte	0
 797 0300 00       		.byte	0
 798 0301 00       		.byte	0
ARM GAS  C:\Users\isaac\AppData\Local\Temp\ccHjsZun.s 			page 15


 799 0302 00       		.byte	0
 800 0303 00       		.byte	0
 801 0304 80       		.byte	-128
 802 0305 00       		.byte	0
 803 0306 40       		.byte	64
 804 0307 80       		.byte	-128
 805 0308 80       		.byte	-128
 806 0309 00       		.byte	0
 807 030a 80       		.byte	-128
 808 030b 00       		.byte	0
 809 030c 00       		.byte	0
 810 030d 00       		.byte	0
 811 030e 00       		.byte	0
 812 030f 00       		.byte	0
 813 0310 20       		.byte	32
 814 0311 20       		.byte	32
 815 0312 00       		.byte	0
 816 0313 00       		.byte	0
 817 0314 00       		.byte	0
 818 0315 00       		.byte	0
 819 0316 00       		.byte	0
 820 0317 00       		.byte	0
 821 0318 00       		.byte	0
 822 0319 0B       		.byte	11
 823 031a 0B       		.byte	11
 824 031b 00       		.byte	0
 825 031c 00       		.byte	0
 826 031d 00       		.byte	0
 827 031e 00       		.byte	0
 828 031f 00       		.byte	0
 829              		.section	.cywolatch,"a",%progbits
 830              		.align	2
 831              		.type	cy_meta_wonvl, %object
 832              		.size	cy_meta_wonvl, 4
 833              	cy_meta_wonvl:
 834 0000 BC       		.byte	-68
 835 0001 90       		.byte	-112
 836 0002 AC       		.byte	-84
 837 0003 AF       		.byte	-81
 838              		.section	.cycustnvl,"a",%progbits
 839              		.align	2
 840              		.type	cy_meta_custnvl, %object
 841              		.size	cy_meta_custnvl, 4
 842              	cy_meta_custnvl:
 843 0000 00       		.byte	0
 844 0001 00       		.byte	0
 845 0002 40       		.byte	64
 846 0003 05       		.byte	5
 847              		.section	.cymeta,"a",%progbits
 848              		.align	2
 849              		.type	cy_metadata, %object
 850              		.size	cy_metadata, 12
 851              	cy_metadata:
 852 0000 00       		.byte	0
 853 0001 01       		.byte	1
 854 0002 2E       		.byte	46
 855 0003 16       		.byte	22
ARM GAS  C:\Users\isaac\AppData\Local\Temp\ccHjsZun.s 			page 16


 856 0004 10       		.byte	16
 857 0005 69       		.byte	105
 858 0006 00       		.byte	0
 859 0007 01       		.byte	1
 860 0008 00       		.byte	0
 861 0009 00       		.byte	0
 862 000a 00       		.byte	0
 863 000b 00       		.byte	0
 864              		.section	.cyflashprotect,"a",%progbits
 865              		.align	2
 866              		.type	cy_meta_flashprotect, %object
 867              		.size	cy_meta_flashprotect, 256
 868              	cy_meta_flashprotect:
 869 0000 00000000 		.space	256
 869      00000000 
 869      00000000 
 869      00000000 
 869      00000000 
 870              		.text
 871              	.Letext0:
 872              		.file 1 "c:\\program files (x86)\\cypress\\psoc creator\\4.2\\psoc creator\\import\\gnu\\arm\\5.4.
 873              		.file 2 "c:\\program files (x86)\\cypress\\psoc creator\\4.2\\psoc creator\\import\\gnu\\arm\\5.4.
 874              		.file 3 "Generated_Source\\PSoC5\\cymetadata.c"
 875              		.section	.debug_info,"",%progbits
 876              	.Ldebug_info0:
 877 0000 31010000 		.4byte	0x131
 878 0004 0400     		.2byte	0x4
 879 0006 00000000 		.4byte	.Ldebug_abbrev0
 880 000a 04       		.byte	0x4
 881 000b 01       		.uleb128 0x1
 882 000c 24000000 		.4byte	.LASF17
 883 0010 0C       		.byte	0xc
 884 0011 BB010000 		.4byte	.LASF18
 885 0015 B2000000 		.4byte	.LASF19
 886 0019 00000000 		.4byte	.Ldebug_line0
 887 001d 02       		.uleb128 0x2
 888 001e 01       		.byte	0x1
 889 001f 06       		.byte	0x6
 890 0020 AF010000 		.4byte	.LASF0
 891 0024 03       		.uleb128 0x3
 892 0025 00000000 		.4byte	.LASF9
 893 0029 01       		.byte	0x1
 894 002a 1D       		.byte	0x1d
 895 002b 2F000000 		.4byte	0x2f
 896 002f 02       		.uleb128 0x2
 897 0030 01       		.byte	0x1
 898 0031 08       		.byte	0x8
 899 0032 16000000 		.4byte	.LASF1
 900 0036 02       		.uleb128 0x2
 901 0037 02       		.byte	0x2
 902 0038 05       		.byte	0x5
 903 0039 9C010000 		.4byte	.LASF2
 904 003d 02       		.uleb128 0x2
 905 003e 02       		.byte	0x2
 906 003f 07       		.byte	0x7
 907 0040 01010000 		.4byte	.LASF3
 908 0044 02       		.uleb128 0x2
ARM GAS  C:\Users\isaac\AppData\Local\Temp\ccHjsZun.s 			page 17


 909 0045 04       		.byte	0x4
 910 0046 05       		.byte	0x5
 911 0047 A6010000 		.4byte	.LASF4
 912 004b 02       		.uleb128 0x2
 913 004c 04       		.byte	0x4
 914 004d 07       		.byte	0x7
 915 004e EF000000 		.4byte	.LASF5
 916 0052 02       		.uleb128 0x2
 917 0053 08       		.byte	0x8
 918 0054 05       		.byte	0x5
 919 0055 8E010000 		.4byte	.LASF6
 920 0059 02       		.uleb128 0x2
 921 005a 08       		.byte	0x8
 922 005b 07       		.byte	0x7
 923 005c 43010000 		.4byte	.LASF7
 924 0060 04       		.uleb128 0x4
 925 0061 04       		.byte	0x4
 926 0062 05       		.byte	0x5
 927 0063 696E7400 		.ascii	"int\000"
 928 0067 02       		.uleb128 0x2
 929 0068 04       		.byte	0x4
 930 0069 07       		.byte	0x7
 931 006a 36010000 		.4byte	.LASF8
 932 006e 03       		.uleb128 0x3
 933 006f 5A010000 		.4byte	.LASF10
 934 0073 02       		.byte	0x2
 935 0074 18       		.byte	0x18
 936 0075 24000000 		.4byte	0x24
 937 0079 05       		.uleb128 0x5
 938 007a 91000000 		.4byte	0x91
 939 007e 8A000000 		.4byte	0x8a
 940 0082 06       		.uleb128 0x6
 941 0083 8A000000 		.4byte	0x8a
 942 0087 1F03     		.2byte	0x31f
 943 0089 00       		.byte	0
 944 008a 02       		.uleb128 0x2
 945 008b 04       		.byte	0x4
 946 008c 07       		.byte	0x7
 947 008d 85010000 		.4byte	.LASF11
 948 0091 07       		.uleb128 0x7
 949 0092 6E000000 		.4byte	0x6e
 950 0096 08       		.uleb128 0x8
 951 0097 24010000 		.4byte	.LASF12
 952 009b 03       		.byte	0x3
 953 009c 1F       		.byte	0x1f
 954 009d A7000000 		.4byte	0xa7
 955 00a1 05       		.uleb128 0x5
 956 00a2 03       		.byte	0x3
 957 00a3 00000000 		.4byte	cy_meta_configecc
 958 00a7 07       		.uleb128 0x7
 959 00a8 79000000 		.4byte	0x79
 960 00ac 05       		.uleb128 0x5
 961 00ad 91000000 		.4byte	0x91
 962 00b1 BC000000 		.4byte	0xbc
 963 00b5 09       		.uleb128 0x9
 964 00b6 8A000000 		.4byte	0x8a
 965 00ba 03       		.byte	0x3
ARM GAS  C:\Users\isaac\AppData\Local\Temp\ccHjsZun.s 			page 18


 966 00bb 00       		.byte	0
 967 00bc 08       		.uleb128 0x8
 968 00bd 14010000 		.4byte	.LASF13
 969 00c1 03       		.byte	0x3
 970 00c2 90       		.byte	0x90
 971 00c3 CD000000 		.4byte	0xcd
 972 00c7 05       		.uleb128 0x5
 973 00c8 03       		.byte	0x3
 974 00c9 00000000 		.4byte	cy_meta_custnvl
 975 00cd 07       		.uleb128 0x7
 976 00ce AC000000 		.4byte	0xac
 977 00d2 08       		.uleb128 0x8
 978 00d3 77010000 		.4byte	.LASF14
 979 00d7 03       		.byte	0x3
 980 00d8 9E       		.byte	0x9e
 981 00d9 E3000000 		.4byte	0xe3
 982 00dd 05       		.uleb128 0x5
 983 00de 03       		.byte	0x3
 984 00df 00000000 		.4byte	cy_meta_wonvl
 985 00e3 07       		.uleb128 0x7
 986 00e4 AC000000 		.4byte	0xac
 987 00e8 05       		.uleb128 0x5
 988 00e9 91000000 		.4byte	0x91
 989 00ed F8000000 		.4byte	0xf8
 990 00f1 09       		.uleb128 0x9
 991 00f2 8A000000 		.4byte	0x8a
 992 00f6 FF       		.byte	0xff
 993 00f7 00       		.byte	0
 994 00f8 08       		.uleb128 0x8
 995 00f9 62010000 		.4byte	.LASF15
 996 00fd 03       		.byte	0x3
 997 00fe AC       		.byte	0xac
 998 00ff 09010000 		.4byte	0x109
 999 0103 05       		.uleb128 0x5
 1000 0104 03       		.byte	0x3
 1001 0105 00000000 		.4byte	cy_meta_flashprotect
 1002 0109 07       		.uleb128 0x7
 1003 010a E8000000 		.4byte	0xe8
 1004 010e 05       		.uleb128 0x5
 1005 010f 91000000 		.4byte	0x91
 1006 0113 1E010000 		.4byte	0x11e
 1007 0117 09       		.uleb128 0x9
 1008 0118 8A000000 		.4byte	0x8a
 1009 011c 0B       		.byte	0xb
 1010 011d 00       		.byte	0
 1011 011e 08       		.uleb128 0x8
 1012 011f 0A000000 		.4byte	.LASF16
 1013 0123 03       		.byte	0x3
 1014 0124 D9       		.byte	0xd9
 1015 0125 2F010000 		.4byte	0x12f
 1016 0129 05       		.uleb128 0x5
 1017 012a 03       		.byte	0x3
 1018 012b 00000000 		.4byte	cy_metadata
 1019 012f 07       		.uleb128 0x7
 1020 0130 0E010000 		.4byte	0x10e
 1021 0134 00       		.byte	0
 1022              		.section	.debug_abbrev,"",%progbits
ARM GAS  C:\Users\isaac\AppData\Local\Temp\ccHjsZun.s 			page 19


 1023              	.Ldebug_abbrev0:
 1024 0000 01       		.uleb128 0x1
 1025 0001 11       		.uleb128 0x11
 1026 0002 01       		.byte	0x1
 1027 0003 25       		.uleb128 0x25
 1028 0004 0E       		.uleb128 0xe
 1029 0005 13       		.uleb128 0x13
 1030 0006 0B       		.uleb128 0xb
 1031 0007 03       		.uleb128 0x3
 1032 0008 0E       		.uleb128 0xe
 1033 0009 1B       		.uleb128 0x1b
 1034 000a 0E       		.uleb128 0xe
 1035 000b 10       		.uleb128 0x10
 1036 000c 17       		.uleb128 0x17
 1037 000d 00       		.byte	0
 1038 000e 00       		.byte	0
 1039 000f 02       		.uleb128 0x2
 1040 0010 24       		.uleb128 0x24
 1041 0011 00       		.byte	0
 1042 0012 0B       		.uleb128 0xb
 1043 0013 0B       		.uleb128 0xb
 1044 0014 3E       		.uleb128 0x3e
 1045 0015 0B       		.uleb128 0xb
 1046 0016 03       		.uleb128 0x3
 1047 0017 0E       		.uleb128 0xe
 1048 0018 00       		.byte	0
 1049 0019 00       		.byte	0
 1050 001a 03       		.uleb128 0x3
 1051 001b 16       		.uleb128 0x16
 1052 001c 00       		.byte	0
 1053 001d 03       		.uleb128 0x3
 1054 001e 0E       		.uleb128 0xe
 1055 001f 3A       		.uleb128 0x3a
 1056 0020 0B       		.uleb128 0xb
 1057 0021 3B       		.uleb128 0x3b
 1058 0022 0B       		.uleb128 0xb
 1059 0023 49       		.uleb128 0x49
 1060 0024 13       		.uleb128 0x13
 1061 0025 00       		.byte	0
 1062 0026 00       		.byte	0
 1063 0027 04       		.uleb128 0x4
 1064 0028 24       		.uleb128 0x24
 1065 0029 00       		.byte	0
 1066 002a 0B       		.uleb128 0xb
 1067 002b 0B       		.uleb128 0xb
 1068 002c 3E       		.uleb128 0x3e
 1069 002d 0B       		.uleb128 0xb
 1070 002e 03       		.uleb128 0x3
 1071 002f 08       		.uleb128 0x8
 1072 0030 00       		.byte	0
 1073 0031 00       		.byte	0
 1074 0032 05       		.uleb128 0x5
 1075 0033 01       		.uleb128 0x1
 1076 0034 01       		.byte	0x1
 1077 0035 49       		.uleb128 0x49
 1078 0036 13       		.uleb128 0x13
 1079 0037 01       		.uleb128 0x1
ARM GAS  C:\Users\isaac\AppData\Local\Temp\ccHjsZun.s 			page 20


 1080 0038 13       		.uleb128 0x13
 1081 0039 00       		.byte	0
 1082 003a 00       		.byte	0
 1083 003b 06       		.uleb128 0x6
 1084 003c 21       		.uleb128 0x21
 1085 003d 00       		.byte	0
 1086 003e 49       		.uleb128 0x49
 1087 003f 13       		.uleb128 0x13
 1088 0040 2F       		.uleb128 0x2f
 1089 0041 05       		.uleb128 0x5
 1090 0042 00       		.byte	0
 1091 0043 00       		.byte	0
 1092 0044 07       		.uleb128 0x7
 1093 0045 26       		.uleb128 0x26
 1094 0046 00       		.byte	0
 1095 0047 49       		.uleb128 0x49
 1096 0048 13       		.uleb128 0x13
 1097 0049 00       		.byte	0
 1098 004a 00       		.byte	0
 1099 004b 08       		.uleb128 0x8
 1100 004c 34       		.uleb128 0x34
 1101 004d 00       		.byte	0
 1102 004e 03       		.uleb128 0x3
 1103 004f 0E       		.uleb128 0xe
 1104 0050 3A       		.uleb128 0x3a
 1105 0051 0B       		.uleb128 0xb
 1106 0052 3B       		.uleb128 0x3b
 1107 0053 0B       		.uleb128 0xb
 1108 0054 49       		.uleb128 0x49
 1109 0055 13       		.uleb128 0x13
 1110 0056 3F       		.uleb128 0x3f
 1111 0057 19       		.uleb128 0x19
 1112 0058 02       		.uleb128 0x2
 1113 0059 18       		.uleb128 0x18
 1114 005a 00       		.byte	0
 1115 005b 00       		.byte	0
 1116 005c 09       		.uleb128 0x9
 1117 005d 21       		.uleb128 0x21
 1118 005e 00       		.byte	0
 1119 005f 49       		.uleb128 0x49
 1120 0060 13       		.uleb128 0x13
 1121 0061 2F       		.uleb128 0x2f
 1122 0062 0B       		.uleb128 0xb
 1123 0063 00       		.byte	0
 1124 0064 00       		.byte	0
 1125 0065 00       		.byte	0
 1126              		.section	.debug_aranges,"",%progbits
 1127 0000 14000000 		.4byte	0x14
 1128 0004 0200     		.2byte	0x2
 1129 0006 00000000 		.4byte	.Ldebug_info0
 1130 000a 04       		.byte	0x4
 1131 000b 00       		.byte	0
 1132 000c 0000     		.2byte	0
 1133 000e 0000     		.2byte	0
 1134 0010 00000000 		.4byte	0
 1135 0014 00000000 		.4byte	0
 1136              		.section	.debug_line,"",%progbits
ARM GAS  C:\Users\isaac\AppData\Local\Temp\ccHjsZun.s 			page 21


 1137              	.Ldebug_line0:
 1138 0000 3D010000 		.section	.debug_str,"MS",%progbits,1
 1138      02003701 
 1138      00000201 
 1138      FB0E0D00 
 1138      01010101 
 1139              	.LASF9:
 1140 0000 5F5F7569 		.ascii	"__uint8_t\000"
 1140      6E74385F 
 1140      7400
 1141              	.LASF16:
 1142 000a 63795F6D 		.ascii	"cy_metadata\000"
 1142      65746164 
 1142      61746100 
 1143              	.LASF1:
 1144 0016 756E7369 		.ascii	"unsigned char\000"
 1144      676E6564 
 1144      20636861 
 1144      7200
 1145              	.LASF17:
 1146 0024 474E5520 		.ascii	"GNU C11 5.4.1 20160609 (release) [ARM/embedded-5-br"
 1146      43313120 
 1146      352E342E 
 1146      31203230 
 1146      31363036 
 1147 0057 616E6368 		.ascii	"anch revision 237715] -mcpu=cortex-m3 -mthumb -g -O"
 1147      20726576 
 1147      6973696F 
 1147      6E203233 
 1147      37373135 
 1148 008a 67202D66 		.ascii	"g -ffunction-sections -ffat-lto-objects\000"
 1148      66756E63 
 1148      74696F6E 
 1148      2D736563 
 1148      74696F6E 
 1149              	.LASF19:
 1150 00b2 433A5C55 		.ascii	"C:\\Users\\isaac\\Documents\\PSoC Creator\\P7_EEPRO"
 1150      73657273 
 1150      5C697361 
 1150      61635C44 
 1150      6F63756D 
 1151 00e0 4D5C4545 		.ascii	"M\\EEPROM.cydsn\000"
 1151      50524F4D 
 1151      2E637964 
 1151      736E00
 1152              	.LASF5:
 1153 00ef 6C6F6E67 		.ascii	"long unsigned int\000"
 1153      20756E73 
 1153      69676E65 
 1153      6420696E 
 1153      7400
 1154              	.LASF3:
 1155 0101 73686F72 		.ascii	"short unsigned int\000"
 1155      7420756E 
 1155      7369676E 
 1155      65642069 
 1155      6E7400
ARM GAS  C:\Users\isaac\AppData\Local\Temp\ccHjsZun.s 			page 22


 1156              	.LASF13:
 1157 0114 63795F6D 		.ascii	"cy_meta_custnvl\000"
 1157      6574615F 
 1157      63757374 
 1157      6E766C00 
 1158              	.LASF12:
 1159 0124 63795F6D 		.ascii	"cy_meta_configecc\000"
 1159      6574615F 
 1159      636F6E66 
 1159      69676563 
 1159      6300
 1160              	.LASF8:
 1161 0136 756E7369 		.ascii	"unsigned int\000"
 1161      676E6564 
 1161      20696E74 
 1161      00
 1162              	.LASF7:
 1163 0143 6C6F6E67 		.ascii	"long long unsigned int\000"
 1163      206C6F6E 
 1163      6720756E 
 1163      7369676E 
 1163      65642069 
 1164              	.LASF10:
 1165 015a 75696E74 		.ascii	"uint8_t\000"
 1165      385F7400 
 1166              	.LASF15:
 1167 0162 63795F6D 		.ascii	"cy_meta_flashprotect\000"
 1167      6574615F 
 1167      666C6173 
 1167      6870726F 
 1167      74656374 
 1168              	.LASF14:
 1169 0177 63795F6D 		.ascii	"cy_meta_wonvl\000"
 1169      6574615F 
 1169      776F6E76 
 1169      6C00
 1170              	.LASF11:
 1171 0185 73697A65 		.ascii	"sizetype\000"
 1171      74797065 
 1171      00
 1172              	.LASF6:
 1173 018e 6C6F6E67 		.ascii	"long long int\000"
 1173      206C6F6E 
 1173      6720696E 
 1173      7400
 1174              	.LASF2:
 1175 019c 73686F72 		.ascii	"short int\000"
 1175      7420696E 
 1175      7400
 1176              	.LASF4:
 1177 01a6 6C6F6E67 		.ascii	"long int\000"
 1177      20696E74 
 1177      00
 1178              	.LASF0:
 1179 01af 7369676E 		.ascii	"signed char\000"
 1179      65642063 
 1179      68617200 
ARM GAS  C:\Users\isaac\AppData\Local\Temp\ccHjsZun.s 			page 23


 1180              	.LASF18:
 1181 01bb 47656E65 		.ascii	"Generated_Source\\PSoC5\\cymetadata.c\000"
 1181      72617465 
 1181      645F536F 
 1181      75726365 
 1181      5C50536F 
 1182              		.ident	"GCC: (GNU Tools for ARM Embedded Processors) 5.4.1 20160609 (release) [ARM/embedded-5-bran
