ARM GAS  C:\Users\isaac\AppData\Local\Temp\ccmoftDY.s 			page 1


   1              		.syntax unified
   2              		.cpu cortex-m3
   3              		.fpu softvfp
   4              		.eabi_attribute 20, 1
   5              		.eabi_attribute 21, 1
   6              		.eabi_attribute 23, 3
   7              		.eabi_attribute 24, 1
   8              		.eabi_attribute 25, 1
   9              		.eabi_attribute 26, 1
  10              		.eabi_attribute 30, 1
  11              		.eabi_attribute 34, 1
  12              		.eabi_attribute 18, 4
  13              		.thumb
  14              		.syntax unified
  15              		.file	"main.c"
  16              		.text
  17              	.Ltext0:
  18              		.cfi_sections	.debug_frame
  19              		.section	.text.UART_handler,"ax",%progbits
  20              		.align	2
  21              		.global	UART_handler
  22              		.thumb
  23              		.thumb_func
  24              		.type	UART_handler, %function
  25              	UART_handler:
  26              	.LFB65:
  27              		.file 1 "main.c"
   1:main.c        **** #include "project.h"
   2:main.c        **** #include "stdio.h"
   3:main.c        **** 
   4:main.c        **** char val[2];
   5:main.c        **** char val_r[2];
   6:main.c        **** char msg[40];
   7:main.c        **** char state = 'f';
   8:main.c        **** char ins_1 = 'n';
   9:main.c        **** 
  10:main.c        **** int sum;
  11:main.c        **** 
  12:main.c        **** CY_ISR_PROTO(UART_handler);
  13:main.c        **** CY_ISR_PROTO(RESET_handler);
  14:main.c        **** CY_ISR_PROTO(RESTART_handler);
  15:main.c        **** int ChartoInt(char t_);
  16:main.c        **** int main(void)
  17:main.c        **** {
  18:main.c        ****     CyGlobalIntEnable;
  19:main.c        ****     UART_Start();
  20:main.c        ****     EEPROM_Start();
  21:main.c        ****     isr_UART_StartEx(UART_handler);
  22:main.c        ****     isr_RESET_StartEx(RESET_handler);
  23:main.c        ****     isr_RESTART_StartEx(RESTART_handler);
  24:main.c        ****     for(;;)
  25:main.c        ****     {
  26:main.c        ****         switch(state){
  27:main.c        ****             case 'f':
  28:main.c        ****                 val_r[0] = EEPROM_ReadByte(0);
  29:main.c        ****                 if(val_r[0] != 'n'){
  30:main.c        ****                         state = 'i';
ARM GAS  C:\Users\isaac\AppData\Local\Temp\ccmoftDY.s 			page 2


  31:main.c        ****                 }
  32:main.c        ****                 else{
  33:main.c        ****                 EEPROM_WriteByte(ins_1, 0);
  34:main.c        ****                 EEPROM_WriteByte(ins_1, 1);
  35:main.c        ****                 state = 'i';
  36:main.c        ****                 }
  37:main.c        ****                 break;
  38:main.c        ****             case 'i':
  39:main.c        ****                 val_r[0] = EEPROM_ReadByte(0);
  40:main.c        ****                 val_r[1] = EEPROM_ReadByte(1);
  41:main.c        ****                 if(val_r[0] != 'n'){
  42:main.c        ****                     state = 'a';
  43:main.c        ****                 }
  44:main.c        ****                 else {
  45:main.c        ****                     UART_PutString("Plase input your first value \n");
  46:main.c        ****                     state = 'b';
  47:main.c        ****                 }
  48:main.c        ****                 break;
  49:main.c        ****             case 'a':
  50:main.c        ****                 if(val_r[1] != 'n'){
  51:main.c        ****                     state = 's';
  52:main.c        ****                 }
  53:main.c        ****                 else {
  54:main.c        ****                     UART_PutString("Plase input your second value \n");
  55:main.c        ****                     state = 'c';
  56:main.c        ****                 }
  57:main.c        ****                 break;
  58:main.c        ****             case 'b':
  59:main.c        ****                 if(val_r[0] != 'n'){
  60:main.c        ****                     state = 'a';
  61:main.c        ****                 }
  62:main.c        ****                 break;
  63:main.c        ****             case 'c':
  64:main.c        ****                 if(val_r[1] != 'n'){
  65:main.c        ****                     state = 's';
  66:main.c        ****                 }
  67:main.c        ****                 break;
  68:main.c        ****             case 's':
  69:main.c        ****                     sum = ChartoInt(val_r[0]) + ChartoInt(val_r[1]);
  70:main.c        ****                     sprintf(msg, "Your sum is %d \n", sum);
  71:main.c        ****                     UART_PutString(msg);
  72:main.c        ****                     state = 'p';
  73:main.c        ****                 break;
  74:main.c        ****             case 'p':
  75:main.c        ****                 break;
  76:main.c        ****         }
  77:main.c        ****     }
  78:main.c        **** }
  79:main.c        **** 
  80:main.c        **** CY_ISR(UART_handler){
  28              		.loc 1 80 0
  29              		.cfi_startproc
  30              		@ args = 0, pretend = 0, frame = 0
  31              		@ frame_needed = 0, uses_anonymous_args = 0
  32 0000 08B5     		push	{r3, lr}
  33              		.cfi_def_cfa_offset 8
  34              		.cfi_offset 3, -8
ARM GAS  C:\Users\isaac\AppData\Local\Temp\ccmoftDY.s 			page 3


  35              		.cfi_offset 14, -4
  81:main.c        ****     switch(state){
  36              		.loc 1 81 0
  37 0002 114B     		ldr	r3, .L6
  38 0004 1B78     		ldrb	r3, [r3]	@ zero_extendqisi2
  39 0006 622B     		cmp	r3, #98
  40 0008 02D0     		beq	.L3
  41 000a 632B     		cmp	r3, #99
  42 000c 0DD0     		beq	.L4
  43 000e 18E0     		b	.L2
  44              	.L3:
  82:main.c        ****         case 'b':
  83:main.c        ****             val[0] = UART_GetChar();
  45              		.loc 1 83 0
  46 0010 FFF7FEFF 		bl	UART_GetChar
  47              	.LVL0:
  48 0014 0D4B     		ldr	r3, .L6+4
  49 0016 1870     		strb	r0, [r3]
  84:main.c        ****             EEPROM_WriteByte(val[0], 0);
  50              		.loc 1 84 0
  51 0018 0021     		movs	r1, #0
  52 001a FFF7FEFF 		bl	EEPROM_WriteByte
  53              	.LVL1:
  85:main.c        ****             val_r[0] = EEPROM_ReadByte(0);
  54              		.loc 1 85 0
  55 001e 0020     		movs	r0, #0
  56 0020 FFF7FEFF 		bl	EEPROM_ReadByte
  57              	.LVL2:
  58 0024 0A4B     		ldr	r3, .L6+8
  59 0026 1870     		strb	r0, [r3]
  86:main.c        ****             break;
  60              		.loc 1 86 0
  61 0028 0BE0     		b	.L2
  62              	.L4:
  87:main.c        ****         case 'c':
  88:main.c        ****             val[1] = UART_GetChar();
  63              		.loc 1 88 0
  64 002a FFF7FEFF 		bl	UART_GetChar
  65              	.LVL3:
  66 002e 074B     		ldr	r3, .L6+4
  67 0030 5870     		strb	r0, [r3, #1]
  89:main.c        ****             EEPROM_WriteByte(val[1], 1);
  68              		.loc 1 89 0
  69 0032 0121     		movs	r1, #1
  70 0034 FFF7FEFF 		bl	EEPROM_WriteByte
  71              	.LVL4:
  90:main.c        ****             val_r[1] = EEPROM_ReadByte(1);
  72              		.loc 1 90 0
  73 0038 0120     		movs	r0, #1
  74 003a FFF7FEFF 		bl	EEPROM_ReadByte
  75              	.LVL5:
  76 003e 044B     		ldr	r3, .L6+8
  77 0040 5870     		strb	r0, [r3, #1]
  78              	.L2:
  91:main.c        ****             break;
  92:main.c        ****         default:
  93:main.c        ****             break;
ARM GAS  C:\Users\isaac\AppData\Local\Temp\ccmoftDY.s 			page 4


  94:main.c        ****     }
  95:main.c        ****     isr_UART_ClearPending();
  79              		.loc 1 95 0
  80 0042 FFF7FEFF 		bl	isr_UART_ClearPending
  81              	.LVL6:
  82 0046 08BD     		pop	{r3, pc}
  83              	.L7:
  84              		.align	2
  85              	.L6:
  86 0048 00000000 		.word	.LANCHOR0
  87 004c 00000000 		.word	val
  88 0050 00000000 		.word	val_r
  89              		.cfi_endproc
  90              	.LFE65:
  91              		.size	UART_handler, .-UART_handler
  92              		.section	.text.RESET_handler,"ax",%progbits
  93              		.align	2
  94              		.global	RESET_handler
  95              		.thumb
  96              		.thumb_func
  97              		.type	RESET_handler, %function
  98              	RESET_handler:
  99              	.LFB66:
  96:main.c        **** }
  97:main.c        **** CY_ISR(RESET_handler){
 100              		.loc 1 97 0
 101              		.cfi_startproc
 102              		@ args = 0, pretend = 0, frame = 0
 103              		@ frame_needed = 0, uses_anonymous_args = 0
 104 0000 08B5     		push	{r3, lr}
 105              		.cfi_def_cfa_offset 8
 106              		.cfi_offset 3, -8
 107              		.cfi_offset 14, -4
  98:main.c        ****     state = 's';
 108              		.loc 1 98 0
 109 0002 7322     		movs	r2, #115
 110 0004 054B     		ldr	r3, .L10
 111 0006 1A70     		strb	r2, [r3]
  99:main.c        ****     BTN_1_ClearInterrupt();
 112              		.loc 1 99 0
 113 0008 FFF7FEFF 		bl	BTN_1_ClearInterrupt
 114              	.LVL7:
 100:main.c        ****     isr_RESET_ClearPending();
 115              		.loc 1 100 0
 116 000c FFF7FEFF 		bl	isr_RESET_ClearPending
 117              	.LVL8:
 101:main.c        ****     CyDelay(50);
 118              		.loc 1 101 0
 119 0010 3220     		movs	r0, #50
 120 0012 FFF7FEFF 		bl	CyDelay
 121              	.LVL9:
 102:main.c        ****     CySoftwareReset();
 122              		.loc 1 102 0
 123 0016 FFF7FEFF 		bl	CySoftwareReset
 124              	.LVL10:
 125 001a 08BD     		pop	{r3, pc}
 126              	.L11:
ARM GAS  C:\Users\isaac\AppData\Local\Temp\ccmoftDY.s 			page 5


 127              		.align	2
 128              	.L10:
 129 001c 00000000 		.word	.LANCHOR0
 130              		.cfi_endproc
 131              	.LFE66:
 132              		.size	RESET_handler, .-RESET_handler
 133              		.section	.text.RESTART_handler,"ax",%progbits
 134              		.align	2
 135              		.global	RESTART_handler
 136              		.thumb
 137              		.thumb_func
 138              		.type	RESTART_handler, %function
 139              	RESTART_handler:
 140              	.LFB67:
 103:main.c        **** };
 104:main.c        **** CY_ISR(RESTART_handler){
 141              		.loc 1 104 0
 142              		.cfi_startproc
 143              		@ args = 0, pretend = 0, frame = 0
 144              		@ frame_needed = 0, uses_anonymous_args = 0
 145 0000 10B5     		push	{r4, lr}
 146              		.cfi_def_cfa_offset 8
 147              		.cfi_offset 4, -8
 148              		.cfi_offset 14, -4
 105:main.c        ****     EEPROM_WriteByte(ins_1, 0);
 149              		.loc 1 105 0
 150 0002 084C     		ldr	r4, .L14
 151 0004 0021     		movs	r1, #0
 152 0006 6078     		ldrb	r0, [r4, #1]	@ zero_extendqisi2
 153 0008 FFF7FEFF 		bl	EEPROM_WriteByte
 154              	.LVL11:
 106:main.c        ****     EEPROM_WriteByte(ins_1, 1);
 155              		.loc 1 106 0
 156 000c 0121     		movs	r1, #1
 157 000e 6078     		ldrb	r0, [r4, #1]	@ zero_extendqisi2
 158 0010 FFF7FEFF 		bl	EEPROM_WriteByte
 159              	.LVL12:
 107:main.c        ****     state = 'i';
 160              		.loc 1 107 0
 161 0014 6923     		movs	r3, #105
 162 0016 2370     		strb	r3, [r4]
 108:main.c        ****     BTN_2_ClearInterrupt();
 163              		.loc 1 108 0
 164 0018 FFF7FEFF 		bl	BTN_2_ClearInterrupt
 165              	.LVL13:
 109:main.c        ****     isr_RESTART_ClearPending();
 166              		.loc 1 109 0
 167 001c FFF7FEFF 		bl	isr_RESTART_ClearPending
 168              	.LVL14:
 169 0020 10BD     		pop	{r4, pc}
 170              	.L15:
 171 0022 00BF     		.align	2
 172              	.L14:
 173 0024 00000000 		.word	.LANCHOR0
 174              		.cfi_endproc
 175              	.LFE67:
 176              		.size	RESTART_handler, .-RESTART_handler
ARM GAS  C:\Users\isaac\AppData\Local\Temp\ccmoftDY.s 			page 6


 177              		.section	.text.ChartoInt,"ax",%progbits
 178              		.align	2
 179              		.global	ChartoInt
 180              		.thumb
 181              		.thumb_func
 182              		.type	ChartoInt, %function
 183              	ChartoInt:
 184              	.LFB68:
 110:main.c        **** };
 111:main.c        **** int ChartoInt(char t_){
 185              		.loc 1 111 0
 186              		.cfi_startproc
 187              		@ args = 0, pretend = 0, frame = 0
 188              		@ frame_needed = 0, uses_anonymous_args = 0
 189              		@ link register save eliminated.
 190              	.LVL15:
 112:main.c        ****     return t_ - '0';
 113:main.c        **** };
 191              		.loc 1 113 0
 192 0000 3038     		subs	r0, r0, #48
 193              	.LVL16:
 194 0002 7047     		bx	lr
 195              		.cfi_endproc
 196              	.LFE68:
 197              		.size	ChartoInt, .-ChartoInt
 198              		.section	.text.main,"ax",%progbits
 199              		.align	2
 200              		.global	main
 201              		.thumb
 202              		.thumb_func
 203              		.type	main, %function
 204              	main:
 205              	.LFB64:
  17:main.c        ****     CyGlobalIntEnable;
 206              		.loc 1 17 0
 207              		.cfi_startproc
 208              		@ Volatile: function does not return.
 209              		@ args = 0, pretend = 0, frame = 0
 210              		@ frame_needed = 0, uses_anonymous_args = 0
 211 0000 08B5     		push	{r3, lr}
 212              		.cfi_def_cfa_offset 8
 213              		.cfi_offset 3, -8
 214              		.cfi_offset 14, -4
  18:main.c        ****     UART_Start();
 215              		.loc 1 18 0
 216              		.syntax unified
 217              	@ 18 "main.c" 1
 218 0002 62B6     		CPSIE   i
 219              	@ 0 "" 2
  19:main.c        ****     EEPROM_Start();
 220              		.loc 1 19 0
 221              		.thumb
 222              		.syntax unified
 223 0004 FFF7FEFF 		bl	UART_Start
 224              	.LVL17:
  20:main.c        ****     isr_UART_StartEx(UART_handler);
 225              		.loc 1 20 0
ARM GAS  C:\Users\isaac\AppData\Local\Temp\ccmoftDY.s 			page 7


 226 0008 FFF7FEFF 		bl	EEPROM_Start
 227              	.LVL18:
  21:main.c        ****     isr_RESET_StartEx(RESET_handler);
 228              		.loc 1 21 0
 229 000c 4D48     		ldr	r0, .L32
 230 000e FFF7FEFF 		bl	isr_UART_StartEx
 231              	.LVL19:
  22:main.c        ****     isr_RESTART_StartEx(RESTART_handler);
 232              		.loc 1 22 0
 233 0012 4D48     		ldr	r0, .L32+4
 234 0014 FFF7FEFF 		bl	isr_RESET_StartEx
 235              	.LVL20:
  23:main.c        ****     for(;;)
 236              		.loc 1 23 0
 237 0018 4C48     		ldr	r0, .L32+8
 238 001a FFF7FEFF 		bl	isr_RESTART_StartEx
 239              	.LVL21:
 240              	.L19:
  26:main.c        ****             case 'f':
 241              		.loc 1 26 0
 242 001e 4C4B     		ldr	r3, .L32+12
 243 0020 1B78     		ldrb	r3, [r3]	@ zero_extendqisi2
 244 0022 613B     		subs	r3, r3, #97
 245 0024 122B     		cmp	r3, #18
 246 0026 FAD8     		bhi	.L19
 247 0028 01A2     		adr	r2, .L21
 248 002a 52F823F0 		ldr	pc, [r2, r3, lsl #2]
 249 002e 00BF     		.p2align 2
 250              	.L21:
 251 0030 D9000000 		.word	.L20+1
 252 0034 F7000000 		.word	.L22+1
 253 0038 07010000 		.word	.L23+1
 254 003c 1F000000 		.word	.L19+1
 255 0040 1F000000 		.word	.L19+1
 256 0044 7D000000 		.word	.L24+1
 257 0048 1F000000 		.word	.L19+1
 258 004c 1F000000 		.word	.L19+1
 259 0050 AB000000 		.word	.L25+1
 260 0054 1F000000 		.word	.L19+1
 261 0058 1F000000 		.word	.L19+1
 262 005c 1F000000 		.word	.L19+1
 263 0060 1F000000 		.word	.L19+1
 264 0064 1F000000 		.word	.L19+1
 265 0068 1F000000 		.word	.L19+1
 266 006c 1F000000 		.word	.L19+1
 267 0070 1F000000 		.word	.L19+1
 268 0074 1F000000 		.word	.L19+1
 269 0078 17010000 		.word	.L26+1
 270              		.p2align 1
 271              	.L24:
  28:main.c        ****                 if(val_r[0] != 'n'){
 272              		.loc 1 28 0
 273 007c 0020     		movs	r0, #0
 274 007e FFF7FEFF 		bl	EEPROM_ReadByte
 275              	.LVL22:
 276 0082 344B     		ldr	r3, .L32+16
 277 0084 1870     		strb	r0, [r3]
ARM GAS  C:\Users\isaac\AppData\Local\Temp\ccmoftDY.s 			page 8


  29:main.c        ****                         state = 'i';
 278              		.loc 1 29 0
 279 0086 6E28     		cmp	r0, #110
 280 0088 03D0     		beq	.L27
  30:main.c        ****                 }
 281              		.loc 1 30 0
 282 008a 6922     		movs	r2, #105
 283 008c 304B     		ldr	r3, .L32+12
 284 008e 1A70     		strb	r2, [r3]
 285 0090 C5E7     		b	.L19
 286              	.L27:
  33:main.c        ****                 EEPROM_WriteByte(ins_1, 1);
 287              		.loc 1 33 0
 288 0092 2F4C     		ldr	r4, .L32+12
 289 0094 0021     		movs	r1, #0
 290 0096 6078     		ldrb	r0, [r4, #1]	@ zero_extendqisi2
 291 0098 FFF7FEFF 		bl	EEPROM_WriteByte
 292              	.LVL23:
  34:main.c        ****                 state = 'i';
 293              		.loc 1 34 0
 294 009c 0121     		movs	r1, #1
 295 009e 6078     		ldrb	r0, [r4, #1]	@ zero_extendqisi2
 296 00a0 FFF7FEFF 		bl	EEPROM_WriteByte
 297              	.LVL24:
  35:main.c        ****                 }
 298              		.loc 1 35 0
 299 00a4 6923     		movs	r3, #105
 300 00a6 2370     		strb	r3, [r4]
 301 00a8 B9E7     		b	.L19
 302              	.L25:
  39:main.c        ****                 val_r[1] = EEPROM_ReadByte(1);
 303              		.loc 1 39 0
 304 00aa 0020     		movs	r0, #0
 305 00ac FFF7FEFF 		bl	EEPROM_ReadByte
 306              	.LVL25:
 307 00b0 284C     		ldr	r4, .L32+16
 308 00b2 2070     		strb	r0, [r4]
  40:main.c        ****                 if(val_r[0] != 'n'){
 309              		.loc 1 40 0
 310 00b4 0120     		movs	r0, #1
 311 00b6 FFF7FEFF 		bl	EEPROM_ReadByte
 312              	.LVL26:
 313 00ba 6070     		strb	r0, [r4, #1]
  41:main.c        ****                     state = 'a';
 314              		.loc 1 41 0
 315 00bc 2378     		ldrb	r3, [r4]	@ zero_extendqisi2
 316 00be 6E2B     		cmp	r3, #110
 317 00c0 03D0     		beq	.L29
  42:main.c        ****                 }
 318              		.loc 1 42 0
 319 00c2 6122     		movs	r2, #97
 320 00c4 224B     		ldr	r3, .L32+12
 321 00c6 1A70     		strb	r2, [r3]
 322 00c8 A9E7     		b	.L19
 323              	.L29:
  45:main.c        ****                     state = 'b';
 324              		.loc 1 45 0
ARM GAS  C:\Users\isaac\AppData\Local\Temp\ccmoftDY.s 			page 9


 325 00ca 2348     		ldr	r0, .L32+20
 326 00cc FFF7FEFF 		bl	UART_PutString
 327              	.LVL27:
  46:main.c        ****                 }
 328              		.loc 1 46 0
 329 00d0 6222     		movs	r2, #98
 330 00d2 1F4B     		ldr	r3, .L32+12
 331 00d4 1A70     		strb	r2, [r3]
 332 00d6 A2E7     		b	.L19
 333              	.L20:
  50:main.c        ****                     state = 's';
 334              		.loc 1 50 0
 335 00d8 1E4B     		ldr	r3, .L32+16
 336 00da 5B78     		ldrb	r3, [r3, #1]	@ zero_extendqisi2
 337 00dc 6E2B     		cmp	r3, #110
 338 00de 03D0     		beq	.L30
  51:main.c        ****                 }
 339              		.loc 1 51 0
 340 00e0 7322     		movs	r2, #115
 341 00e2 1B4B     		ldr	r3, .L32+12
 342 00e4 1A70     		strb	r2, [r3]
 343 00e6 9AE7     		b	.L19
 344              	.L30:
  54:main.c        ****                     state = 'c';
 345              		.loc 1 54 0
 346 00e8 1C48     		ldr	r0, .L32+24
 347 00ea FFF7FEFF 		bl	UART_PutString
 348              	.LVL28:
  55:main.c        ****                 }
 349              		.loc 1 55 0
 350 00ee 6322     		movs	r2, #99
 351 00f0 174B     		ldr	r3, .L32+12
 352 00f2 1A70     		strb	r2, [r3]
 353 00f4 93E7     		b	.L19
 354              	.L22:
  59:main.c        ****                     state = 'a';
 355              		.loc 1 59 0
 356 00f6 174B     		ldr	r3, .L32+16
 357 00f8 1B78     		ldrb	r3, [r3]	@ zero_extendqisi2
 358 00fa 6E2B     		cmp	r3, #110
 359 00fc 8FD0     		beq	.L19
  60:main.c        ****                 }
 360              		.loc 1 60 0
 361 00fe 6122     		movs	r2, #97
 362 0100 134B     		ldr	r3, .L32+12
 363 0102 1A70     		strb	r2, [r3]
 364 0104 8BE7     		b	.L19
 365              	.L23:
  64:main.c        ****                     state = 's';
 366              		.loc 1 64 0
 367 0106 134B     		ldr	r3, .L32+16
 368 0108 5B78     		ldrb	r3, [r3, #1]	@ zero_extendqisi2
 369 010a 6E2B     		cmp	r3, #110
 370 010c 87D0     		beq	.L19
  65:main.c        ****                 }
 371              		.loc 1 65 0
 372 010e 7322     		movs	r2, #115
ARM GAS  C:\Users\isaac\AppData\Local\Temp\ccmoftDY.s 			page 10


 373 0110 0F4B     		ldr	r3, .L32+12
 374 0112 1A70     		strb	r2, [r3]
 375 0114 83E7     		b	.L19
 376              	.L26:
  69:main.c        ****                     sprintf(msg, "Your sum is %d \n", sum);
 377              		.loc 1 69 0
 378 0116 0F4D     		ldr	r5, .L32+16
 379 0118 2878     		ldrb	r0, [r5]	@ zero_extendqisi2
 380 011a FFF7FEFF 		bl	ChartoInt
 381              	.LVL29:
 382 011e 0446     		mov	r4, r0
 383 0120 6878     		ldrb	r0, [r5, #1]	@ zero_extendqisi2
 384 0122 FFF7FEFF 		bl	ChartoInt
 385              	.LVL30:
 386 0126 2218     		adds	r2, r4, r0
 387 0128 0D4B     		ldr	r3, .L32+28
 388 012a 1A60     		str	r2, [r3]
  70:main.c        ****                     UART_PutString(msg);
 389              		.loc 1 70 0
 390 012c 0D4C     		ldr	r4, .L32+32
 391 012e 0E49     		ldr	r1, .L32+36
 392 0130 2046     		mov	r0, r4
 393 0132 FFF7FEFF 		bl	sprintf
 394              	.LVL31:
  71:main.c        ****                     state = 'p';
 395              		.loc 1 71 0
 396 0136 2046     		mov	r0, r4
 397 0138 FFF7FEFF 		bl	UART_PutString
 398              	.LVL32:
  72:main.c        ****                 break;
 399              		.loc 1 72 0
 400 013c 7022     		movs	r2, #112
 401 013e 044B     		ldr	r3, .L32+12
 402 0140 1A70     		strb	r2, [r3]
  73:main.c        ****             case 'p':
 403              		.loc 1 73 0
 404 0142 6CE7     		b	.L19
 405              	.L33:
 406              		.align	2
 407              	.L32:
 408 0144 00000000 		.word	UART_handler
 409 0148 00000000 		.word	RESET_handler
 410 014c 00000000 		.word	RESTART_handler
 411 0150 00000000 		.word	.LANCHOR0
 412 0154 00000000 		.word	val_r
 413 0158 00000000 		.word	.LC0
 414 015c 20000000 		.word	.LC1
 415 0160 00000000 		.word	sum
 416 0164 00000000 		.word	msg
 417 0168 40000000 		.word	.LC2
 418              		.cfi_endproc
 419              	.LFE64:
 420              		.size	main, .-main
 421              		.comm	sum,4,4
 422              		.global	ins_1
 423              		.global	state
 424              		.comm	msg,40,4
ARM GAS  C:\Users\isaac\AppData\Local\Temp\ccmoftDY.s 			page 11


 425              		.comm	val_r,2,4
 426              		.comm	val,2,4
 427              		.data
 428              		.set	.LANCHOR0,. + 0
 429              		.type	state, %object
 430              		.size	state, 1
 431              	state:
 432 0000 66       		.byte	102
 433              		.type	ins_1, %object
 434              		.size	ins_1, 1
 435              	ins_1:
 436 0001 6E       		.byte	110
 437              		.section	.rodata.str1.4,"aMS",%progbits,1
 438              		.align	2
 439              	.LC0:
 440 0000 506C6173 		.ascii	"Plase input your first value \012\000"
 440      6520696E 
 440      70757420 
 440      796F7572 
 440      20666972 
 441 001f 00       		.space	1
 442              	.LC1:
 443 0020 506C6173 		.ascii	"Plase input your second value \012\000"
 443      6520696E 
 443      70757420 
 443      796F7572 
 443      20736563 
 444              	.LC2:
 445 0040 596F7572 		.ascii	"Your sum is %d \012\000"
 445      2073756D 
 445      20697320 
 445      2564200A 
 445      00
 446              		.text
 447              	.Letext0:
 448              		.file 2 "c:\\program files (x86)\\cypress\\psoc creator\\4.2\\psoc creator\\import\\gnu\\arm\\5.4.
 449              		.file 3 "c:\\program files (x86)\\cypress\\psoc creator\\4.2\\psoc creator\\import\\gnu\\arm\\5.4.
 450              		.file 4 "Generated_Source\\PSoC5/core_cm3.h"
 451              		.file 5 "Generated_Source\\PSoC5/UART.h"
 452              		.file 6 "Generated_Source\\PSoC5/EEPROM.h"
 453              		.file 7 "Generated_Source\\PSoC5/isr_UART.h"
 454              		.file 8 "Generated_Source\\PSoC5/BTN_1.h"
 455              		.file 9 "Generated_Source\\PSoC5/isr_RESET.h"
 456              		.file 10 "Generated_Source\\PSoC5/CyLib.h"
 457              		.file 11 "Generated_Source\\PSoC5/BTN_2.h"
 458              		.file 12 "Generated_Source\\PSoC5/isr_RESTART.h"
 459              		.file 13 "c:\\program files (x86)\\cypress\\psoc creator\\4.2\\psoc creator\\import\\gnu\\arm\\5.4
 460              		.section	.debug_info,"",%progbits
 461              	.Ldebug_info0:
 462 0000 68040000 		.4byte	0x468
 463 0004 0400     		.2byte	0x4
 464 0006 00000000 		.4byte	.Ldebug_abbrev0
 465 000a 04       		.byte	0x4
 466 000b 01       		.uleb128 0x1
 467 000c EF000000 		.4byte	.LASF40
 468 0010 0C       		.byte	0xc
 469 0011 66020000 		.4byte	.LASF41
ARM GAS  C:\Users\isaac\AppData\Local\Temp\ccmoftDY.s 			page 12


 470 0015 4F000000 		.4byte	.LASF42
 471 0019 00000000 		.4byte	.Ldebug_ranges0+0
 472 001d 00000000 		.4byte	0
 473 0021 00000000 		.4byte	.Ldebug_line0
 474 0025 02       		.uleb128 0x2
 475 0026 01       		.byte	0x1
 476 0027 06       		.byte	0x6
 477 0028 B8020000 		.4byte	.LASF0
 478 002c 02       		.uleb128 0x2
 479 002d 01       		.byte	0x1
 480 002e 08       		.byte	0x8
 481 002f E1000000 		.4byte	.LASF1
 482 0033 02       		.uleb128 0x2
 483 0034 02       		.byte	0x2
 484 0035 05       		.byte	0x5
 485 0036 7F020000 		.4byte	.LASF2
 486 003a 02       		.uleb128 0x2
 487 003b 02       		.byte	0x2
 488 003c 07       		.byte	0x7
 489 003d 92010000 		.4byte	.LASF3
 490 0041 03       		.uleb128 0x3
 491 0042 31000000 		.4byte	.LASF9
 492 0046 02       		.byte	0x2
 493 0047 3F       		.byte	0x3f
 494 0048 4C000000 		.4byte	0x4c
 495 004c 02       		.uleb128 0x2
 496 004d 04       		.byte	0x4
 497 004e 05       		.byte	0x5
 498 004f 99020000 		.4byte	.LASF4
 499 0053 02       		.uleb128 0x2
 500 0054 04       		.byte	0x4
 501 0055 07       		.byte	0x7
 502 0056 CD010000 		.4byte	.LASF5
 503 005a 02       		.uleb128 0x2
 504 005b 08       		.byte	0x8
 505 005c 05       		.byte	0x5
 506 005d 58020000 		.4byte	.LASF6
 507 0061 02       		.uleb128 0x2
 508 0062 08       		.byte	0x8
 509 0063 07       		.byte	0x7
 510 0064 11020000 		.4byte	.LASF7
 511 0068 04       		.uleb128 0x4
 512 0069 04       		.byte	0x4
 513 006a 05       		.byte	0x5
 514 006b 696E7400 		.ascii	"int\000"
 515 006f 02       		.uleb128 0x2
 516 0070 04       		.byte	0x4
 517 0071 07       		.byte	0x7
 518 0072 F7010000 		.4byte	.LASF8
 519 0076 03       		.uleb128 0x3
 520 0077 47020000 		.4byte	.LASF10
 521 007b 03       		.byte	0x3
 522 007c 2C       		.byte	0x2c
 523 007d 41000000 		.4byte	0x41
 524 0081 02       		.uleb128 0x2
 525 0082 04       		.byte	0x4
 526 0083 04       		.byte	0x4
ARM GAS  C:\Users\isaac\AppData\Local\Temp\ccmoftDY.s 			page 13


 527 0084 C4000000 		.4byte	.LASF11
 528 0088 02       		.uleb128 0x2
 529 0089 08       		.byte	0x8
 530 008a 04       		.byte	0x4
 531 008b 8C000000 		.4byte	.LASF12
 532 008f 02       		.uleb128 0x2
 533 0090 01       		.byte	0x1
 534 0091 08       		.byte	0x8
 535 0092 6D020000 		.4byte	.LASF13
 536 0096 02       		.uleb128 0x2
 537 0097 08       		.byte	0x8
 538 0098 04       		.byte	0x4
 539 0099 AC020000 		.4byte	.LASF14
 540 009d 02       		.uleb128 0x2
 541 009e 04       		.byte	0x4
 542 009f 07       		.byte	0x7
 543 00a0 4F020000 		.4byte	.LASF15
 544 00a4 05       		.uleb128 0x5
 545 00a5 EA010000 		.4byte	.LASF16
 546 00a9 01       		.byte	0x1
 547 00aa 50       		.byte	0x50
 548 00ab 00000000 		.4byte	.LFB65
 549 00af 54000000 		.4byte	.LFE65-.LFB65
 550 00b3 01       		.uleb128 0x1
 551 00b4 9C       		.byte	0x9c
 552 00b5 21010000 		.4byte	0x121
 553 00b9 06       		.uleb128 0x6
 554 00ba 14000000 		.4byte	.LVL0
 555 00be B0030000 		.4byte	0x3b0
 556 00c2 07       		.uleb128 0x7
 557 00c3 1E000000 		.4byte	.LVL1
 558 00c7 BB030000 		.4byte	0x3bb
 559 00cb D5000000 		.4byte	0xd5
 560 00cf 08       		.uleb128 0x8
 561 00d0 01       		.uleb128 0x1
 562 00d1 51       		.byte	0x51
 563 00d2 01       		.uleb128 0x1
 564 00d3 30       		.byte	0x30
 565 00d4 00       		.byte	0
 566 00d5 07       		.uleb128 0x7
 567 00d6 24000000 		.4byte	.LVL2
 568 00da C6030000 		.4byte	0x3c6
 569 00de E8000000 		.4byte	0xe8
 570 00e2 08       		.uleb128 0x8
 571 00e3 01       		.uleb128 0x1
 572 00e4 50       		.byte	0x50
 573 00e5 01       		.uleb128 0x1
 574 00e6 30       		.byte	0x30
 575 00e7 00       		.byte	0
 576 00e8 06       		.uleb128 0x6
 577 00e9 2E000000 		.4byte	.LVL3
 578 00ed B0030000 		.4byte	0x3b0
 579 00f1 07       		.uleb128 0x7
 580 00f2 38000000 		.4byte	.LVL4
 581 00f6 BB030000 		.4byte	0x3bb
 582 00fa 04010000 		.4byte	0x104
 583 00fe 08       		.uleb128 0x8
ARM GAS  C:\Users\isaac\AppData\Local\Temp\ccmoftDY.s 			page 14


 584 00ff 01       		.uleb128 0x1
 585 0100 51       		.byte	0x51
 586 0101 01       		.uleb128 0x1
 587 0102 31       		.byte	0x31
 588 0103 00       		.byte	0
 589 0104 07       		.uleb128 0x7
 590 0105 3E000000 		.4byte	.LVL5
 591 0109 C6030000 		.4byte	0x3c6
 592 010d 17010000 		.4byte	0x117
 593 0111 08       		.uleb128 0x8
 594 0112 01       		.uleb128 0x1
 595 0113 50       		.byte	0x50
 596 0114 01       		.uleb128 0x1
 597 0115 31       		.byte	0x31
 598 0116 00       		.byte	0
 599 0117 06       		.uleb128 0x6
 600 0118 46000000 		.4byte	.LVL6
 601 011c D1030000 		.4byte	0x3d1
 602 0120 00       		.byte	0
 603 0121 05       		.uleb128 0x5
 604 0122 39020000 		.4byte	.LASF17
 605 0126 01       		.byte	0x1
 606 0127 61       		.byte	0x61
 607 0128 00000000 		.4byte	.LFB66
 608 012c 20000000 		.4byte	.LFE66-.LFB66
 609 0130 01       		.uleb128 0x1
 610 0131 9C       		.byte	0x9c
 611 0132 66010000 		.4byte	0x166
 612 0136 06       		.uleb128 0x6
 613 0137 0C000000 		.4byte	.LVL7
 614 013b DC030000 		.4byte	0x3dc
 615 013f 06       		.uleb128 0x6
 616 0140 10000000 		.4byte	.LVL8
 617 0144 E7030000 		.4byte	0x3e7
 618 0148 07       		.uleb128 0x7
 619 0149 16000000 		.4byte	.LVL9
 620 014d F2030000 		.4byte	0x3f2
 621 0151 5C010000 		.4byte	0x15c
 622 0155 08       		.uleb128 0x8
 623 0156 01       		.uleb128 0x1
 624 0157 50       		.byte	0x50
 625 0158 02       		.uleb128 0x2
 626 0159 08       		.byte	0x8
 627 015a 32       		.byte	0x32
 628 015b 00       		.byte	0
 629 015c 06       		.uleb128 0x6
 630 015d 1A000000 		.4byte	.LVL10
 631 0161 FD030000 		.4byte	0x3fd
 632 0165 00       		.byte	0
 633 0166 05       		.uleb128 0x5
 634 0167 E4020000 		.4byte	.LASF18
 635 016b 01       		.byte	0x1
 636 016c 68       		.byte	0x68
 637 016d 00000000 		.4byte	.LFB67
 638 0171 28000000 		.4byte	.LFE67-.LFB67
 639 0175 01       		.uleb128 0x1
 640 0176 9C       		.byte	0x9c
ARM GAS  C:\Users\isaac\AppData\Local\Temp\ccmoftDY.s 			page 15


 641 0177 B4010000 		.4byte	0x1b4
 642 017b 07       		.uleb128 0x7
 643 017c 0C000000 		.4byte	.LVL11
 644 0180 BB030000 		.4byte	0x3bb
 645 0184 8E010000 		.4byte	0x18e
 646 0188 08       		.uleb128 0x8
 647 0189 01       		.uleb128 0x1
 648 018a 51       		.byte	0x51
 649 018b 01       		.uleb128 0x1
 650 018c 30       		.byte	0x30
 651 018d 00       		.byte	0
 652 018e 07       		.uleb128 0x7
 653 018f 14000000 		.4byte	.LVL12
 654 0193 BB030000 		.4byte	0x3bb
 655 0197 A1010000 		.4byte	0x1a1
 656 019b 08       		.uleb128 0x8
 657 019c 01       		.uleb128 0x1
 658 019d 51       		.byte	0x51
 659 019e 01       		.uleb128 0x1
 660 019f 31       		.byte	0x31
 661 01a0 00       		.byte	0
 662 01a1 06       		.uleb128 0x6
 663 01a2 1C000000 		.4byte	.LVL13
 664 01a6 08040000 		.4byte	0x408
 665 01aa 06       		.uleb128 0x6
 666 01ab 20000000 		.4byte	.LVL14
 667 01af 13040000 		.4byte	0x413
 668 01b3 00       		.byte	0
 669 01b4 09       		.uleb128 0x9
 670 01b5 A2020000 		.4byte	.LASF43
 671 01b9 01       		.byte	0x1
 672 01ba 6F       		.byte	0x6f
 673 01bb 68000000 		.4byte	0x68
 674 01bf 00000000 		.4byte	.LFB68
 675 01c3 04000000 		.4byte	.LFE68-.LFB68
 676 01c7 01       		.uleb128 0x1
 677 01c8 9C       		.byte	0x9c
 678 01c9 DC010000 		.4byte	0x1dc
 679 01cd 0A       		.uleb128 0xa
 680 01ce 745F00   		.ascii	"t_\000"
 681 01d1 01       		.byte	0x1
 682 01d2 6F       		.byte	0x6f
 683 01d3 8F000000 		.4byte	0x8f
 684 01d7 00000000 		.4byte	.LLST0
 685 01db 00       		.byte	0
 686 01dc 0B       		.uleb128 0xb
 687 01dd DF010000 		.4byte	.LASF44
 688 01e1 01       		.byte	0x1
 689 01e2 10       		.byte	0x10
 690 01e3 68000000 		.4byte	0x68
 691 01e7 00000000 		.4byte	.LFB64
 692 01eb 6C010000 		.4byte	.LFE64-.LFB64
 693 01ef 01       		.uleb128 0x1
 694 01f0 9C       		.byte	0x9c
 695 01f1 19030000 		.4byte	0x319
 696 01f5 06       		.uleb128 0x6
 697 01f6 08000000 		.4byte	.LVL17
ARM GAS  C:\Users\isaac\AppData\Local\Temp\ccmoftDY.s 			page 16


 698 01fa 1E040000 		.4byte	0x41e
 699 01fe 06       		.uleb128 0x6
 700 01ff 0C000000 		.4byte	.LVL18
 701 0203 29040000 		.4byte	0x429
 702 0207 07       		.uleb128 0x7
 703 0208 12000000 		.4byte	.LVL19
 704 020c 34040000 		.4byte	0x434
 705 0210 1E020000 		.4byte	0x21e
 706 0214 08       		.uleb128 0x8
 707 0215 01       		.uleb128 0x1
 708 0216 50       		.byte	0x50
 709 0217 05       		.uleb128 0x5
 710 0218 03       		.byte	0x3
 711 0219 00000000 		.4byte	UART_handler
 712 021d 00       		.byte	0
 713 021e 07       		.uleb128 0x7
 714 021f 18000000 		.4byte	.LVL20
 715 0223 3F040000 		.4byte	0x43f
 716 0227 35020000 		.4byte	0x235
 717 022b 08       		.uleb128 0x8
 718 022c 01       		.uleb128 0x1
 719 022d 50       		.byte	0x50
 720 022e 05       		.uleb128 0x5
 721 022f 03       		.byte	0x3
 722 0230 00000000 		.4byte	RESET_handler
 723 0234 00       		.byte	0
 724 0235 07       		.uleb128 0x7
 725 0236 1E000000 		.4byte	.LVL21
 726 023a 4A040000 		.4byte	0x44a
 727 023e 4C020000 		.4byte	0x24c
 728 0242 08       		.uleb128 0x8
 729 0243 01       		.uleb128 0x1
 730 0244 50       		.byte	0x50
 731 0245 05       		.uleb128 0x5
 732 0246 03       		.byte	0x3
 733 0247 00000000 		.4byte	RESTART_handler
 734 024b 00       		.byte	0
 735 024c 07       		.uleb128 0x7
 736 024d 82000000 		.4byte	.LVL22
 737 0251 C6030000 		.4byte	0x3c6
 738 0255 5F020000 		.4byte	0x25f
 739 0259 08       		.uleb128 0x8
 740 025a 01       		.uleb128 0x1
 741 025b 50       		.byte	0x50
 742 025c 01       		.uleb128 0x1
 743 025d 30       		.byte	0x30
 744 025e 00       		.byte	0
 745 025f 07       		.uleb128 0x7
 746 0260 9C000000 		.4byte	.LVL23
 747 0264 BB030000 		.4byte	0x3bb
 748 0268 72020000 		.4byte	0x272
 749 026c 08       		.uleb128 0x8
 750 026d 01       		.uleb128 0x1
 751 026e 51       		.byte	0x51
 752 026f 01       		.uleb128 0x1
 753 0270 30       		.byte	0x30
 754 0271 00       		.byte	0
ARM GAS  C:\Users\isaac\AppData\Local\Temp\ccmoftDY.s 			page 17


 755 0272 07       		.uleb128 0x7
 756 0273 A4000000 		.4byte	.LVL24
 757 0277 BB030000 		.4byte	0x3bb
 758 027b 85020000 		.4byte	0x285
 759 027f 08       		.uleb128 0x8
 760 0280 01       		.uleb128 0x1
 761 0281 51       		.byte	0x51
 762 0282 01       		.uleb128 0x1
 763 0283 31       		.byte	0x31
 764 0284 00       		.byte	0
 765 0285 07       		.uleb128 0x7
 766 0286 B0000000 		.4byte	.LVL25
 767 028a C6030000 		.4byte	0x3c6
 768 028e 98020000 		.4byte	0x298
 769 0292 08       		.uleb128 0x8
 770 0293 01       		.uleb128 0x1
 771 0294 50       		.byte	0x50
 772 0295 01       		.uleb128 0x1
 773 0296 30       		.byte	0x30
 774 0297 00       		.byte	0
 775 0298 07       		.uleb128 0x7
 776 0299 BA000000 		.4byte	.LVL26
 777 029d C6030000 		.4byte	0x3c6
 778 02a1 AB020000 		.4byte	0x2ab
 779 02a5 08       		.uleb128 0x8
 780 02a6 01       		.uleb128 0x1
 781 02a7 50       		.byte	0x50
 782 02a8 01       		.uleb128 0x1
 783 02a9 31       		.byte	0x31
 784 02aa 00       		.byte	0
 785 02ab 07       		.uleb128 0x7
 786 02ac D0000000 		.4byte	.LVL27
 787 02b0 55040000 		.4byte	0x455
 788 02b4 C2020000 		.4byte	0x2c2
 789 02b8 08       		.uleb128 0x8
 790 02b9 01       		.uleb128 0x1
 791 02ba 50       		.byte	0x50
 792 02bb 05       		.uleb128 0x5
 793 02bc 03       		.byte	0x3
 794 02bd 00000000 		.4byte	.LC0
 795 02c1 00       		.byte	0
 796 02c2 07       		.uleb128 0x7
 797 02c3 EE000000 		.4byte	.LVL28
 798 02c7 55040000 		.4byte	0x455
 799 02cb D9020000 		.4byte	0x2d9
 800 02cf 08       		.uleb128 0x8
 801 02d0 01       		.uleb128 0x1
 802 02d1 50       		.byte	0x50
 803 02d2 05       		.uleb128 0x5
 804 02d3 03       		.byte	0x3
 805 02d4 20000000 		.4byte	.LC1
 806 02d8 00       		.byte	0
 807 02d9 06       		.uleb128 0x6
 808 02da 1E010000 		.4byte	.LVL29
 809 02de B4010000 		.4byte	0x1b4
 810 02e2 06       		.uleb128 0x6
 811 02e3 26010000 		.4byte	.LVL30
ARM GAS  C:\Users\isaac\AppData\Local\Temp\ccmoftDY.s 			page 18


 812 02e7 B4010000 		.4byte	0x1b4
 813 02eb 07       		.uleb128 0x7
 814 02ec 36010000 		.4byte	.LVL31
 815 02f0 60040000 		.4byte	0x460
 816 02f4 08030000 		.4byte	0x308
 817 02f8 08       		.uleb128 0x8
 818 02f9 01       		.uleb128 0x1
 819 02fa 50       		.byte	0x50
 820 02fb 02       		.uleb128 0x2
 821 02fc 74       		.byte	0x74
 822 02fd 00       		.sleb128 0
 823 02fe 08       		.uleb128 0x8
 824 02ff 01       		.uleb128 0x1
 825 0300 51       		.byte	0x51
 826 0301 05       		.uleb128 0x5
 827 0302 03       		.byte	0x3
 828 0303 40000000 		.4byte	.LC2
 829 0307 00       		.byte	0
 830 0308 0C       		.uleb128 0xc
 831 0309 3C010000 		.4byte	.LVL32
 832 030d 55040000 		.4byte	0x455
 833 0311 08       		.uleb128 0x8
 834 0312 01       		.uleb128 0x1
 835 0313 50       		.byte	0x50
 836 0314 02       		.uleb128 0x2
 837 0315 74       		.byte	0x74
 838 0316 00       		.sleb128 0
 839 0317 00       		.byte	0
 840 0318 00       		.byte	0
 841 0319 0D       		.uleb128 0xd
 842 031a B0010000 		.4byte	.LASF19
 843 031e 04       		.byte	0x4
 844 031f 1207     		.2byte	0x712
 845 0321 25030000 		.4byte	0x325
 846 0325 0E       		.uleb128 0xe
 847 0326 76000000 		.4byte	0x76
 848 032a 0F       		.uleb128 0xf
 849 032b 8F000000 		.4byte	0x8f
 850 032f 3A030000 		.4byte	0x33a
 851 0333 10       		.uleb128 0x10
 852 0334 9D000000 		.4byte	0x9d
 853 0338 01       		.byte	0x1
 854 0339 00       		.byte	0
 855 033a 11       		.uleb128 0x11
 856 033b 76616C00 		.ascii	"val\000"
 857 033f 01       		.byte	0x1
 858 0340 04       		.byte	0x4
 859 0341 2A030000 		.4byte	0x32a
 860 0345 05       		.uleb128 0x5
 861 0346 03       		.byte	0x3
 862 0347 00000000 		.4byte	val
 863 034b 12       		.uleb128 0x12
 864 034c E4010000 		.4byte	.LASF20
 865 0350 01       		.byte	0x1
 866 0351 05       		.byte	0x5
 867 0352 2A030000 		.4byte	0x32a
 868 0356 05       		.uleb128 0x5
ARM GAS  C:\Users\isaac\AppData\Local\Temp\ccmoftDY.s 			page 19


 869 0357 03       		.byte	0x3
 870 0358 00000000 		.4byte	val_r
 871 035c 0F       		.uleb128 0xf
 872 035d 8F000000 		.4byte	0x8f
 873 0361 6C030000 		.4byte	0x36c
 874 0365 10       		.uleb128 0x10
 875 0366 9D000000 		.4byte	0x9d
 876 036a 27       		.byte	0x27
 877 036b 00       		.byte	0
 878 036c 11       		.uleb128 0x11
 879 036d 6D736700 		.ascii	"msg\000"
 880 0371 01       		.byte	0x1
 881 0372 06       		.byte	0x6
 882 0373 5C030000 		.4byte	0x35c
 883 0377 05       		.uleb128 0x5
 884 0378 03       		.byte	0x3
 885 0379 00000000 		.4byte	msg
 886 037d 12       		.uleb128 0x12
 887 037e 2B000000 		.4byte	.LASF21
 888 0382 01       		.byte	0x1
 889 0383 07       		.byte	0x7
 890 0384 8F000000 		.4byte	0x8f
 891 0388 05       		.uleb128 0x5
 892 0389 03       		.byte	0x3
 893 038a 00000000 		.4byte	state
 894 038e 12       		.uleb128 0x12
 895 038f BE000000 		.4byte	.LASF22
 896 0393 01       		.byte	0x1
 897 0394 08       		.byte	0x8
 898 0395 8F000000 		.4byte	0x8f
 899 0399 05       		.uleb128 0x5
 900 039a 03       		.byte	0x3
 901 039b 00000000 		.4byte	ins_1
 902 039f 11       		.uleb128 0x11
 903 03a0 73756D00 		.ascii	"sum\000"
 904 03a4 01       		.byte	0x1
 905 03a5 0A       		.byte	0xa
 906 03a6 68000000 		.4byte	0x68
 907 03aa 05       		.uleb128 0x5
 908 03ab 03       		.byte	0x3
 909 03ac 00000000 		.4byte	sum
 910 03b0 13       		.uleb128 0x13
 911 03b1 72020000 		.4byte	.LASF23
 912 03b5 72020000 		.4byte	.LASF23
 913 03b9 05       		.byte	0x5
 914 03ba 71       		.byte	0x71
 915 03bb 13       		.uleb128 0x13
 916 03bc 28020000 		.4byte	.LASF24
 917 03c0 28020000 		.4byte	.LASF24
 918 03c4 06       		.byte	0x6
 919 03c5 21       		.byte	0x21
 920 03c6 13       		.uleb128 0x13
 921 03c7 BD010000 		.4byte	.LASF25
 922 03cb BD010000 		.4byte	.LASF25
 923 03cf 06       		.byte	0x6
 924 03d0 23       		.byte	0x23
 925 03d1 13       		.uleb128 0x13
ARM GAS  C:\Users\isaac\AppData\Local\Temp\ccmoftDY.s 			page 20


 926 03d2 93000000 		.4byte	.LASF26
 927 03d6 93000000 		.4byte	.LASF26
 928 03da 07       		.byte	0x7
 929 03db 28       		.byte	0x28
 930 03dc 13       		.uleb128 0x13
 931 03dd 7D010000 		.4byte	.LASF27
 932 03e1 7D010000 		.4byte	.LASF27
 933 03e5 08       		.byte	0x8
 934 03e6 2B       		.byte	0x2b
 935 03e7 13       		.uleb128 0x13
 936 03e8 CA000000 		.4byte	.LASF28
 937 03ec CA000000 		.4byte	.LASF28
 938 03f0 09       		.byte	0x9
 939 03f1 28       		.byte	0x28
 940 03f2 13       		.uleb128 0x13
 941 03f3 FC020000 		.4byte	.LASF29
 942 03f7 FC020000 		.4byte	.LASF29
 943 03fb 0A       		.byte	0xa
 944 03fc 76       		.byte	0x76
 945 03fd 13       		.uleb128 0x13
 946 03fe 89020000 		.4byte	.LASF30
 947 0402 89020000 		.4byte	.LASF30
 948 0406 0A       		.byte	0xa
 949 0407 7B       		.byte	0x7b
 950 0408 13       		.uleb128 0x13
 951 0409 A9000000 		.4byte	.LASF31
 952 040d A9000000 		.4byte	.LASF31
 953 0411 0B       		.byte	0xb
 954 0412 2B       		.byte	0x2b
 955 0413 13       		.uleb128 0x13
 956 0414 12000000 		.4byte	.LASF32
 957 0418 12000000 		.4byte	.LASF32
 958 041c 0C       		.byte	0xc
 959 041d 28       		.byte	0x28
 960 041e 13       		.uleb128 0x13
 961 041f A5010000 		.4byte	.LASF33
 962 0423 A5010000 		.4byte	.LASF33
 963 0427 05       		.byte	0x5
 964 0428 54       		.byte	0x54
 965 0429 13       		.uleb128 0x13
 966 042a 04020000 		.4byte	.LASF34
 967 042e 04020000 		.4byte	.LASF34
 968 0432 06       		.byte	0x6
 969 0433 1F       		.byte	0x1f
 970 0434 13       		.uleb128 0x13
 971 0435 C4020000 		.4byte	.LASF35
 972 0439 C4020000 		.4byte	.LASF35
 973 043d 07       		.byte	0x7
 974 043e 18       		.byte	0x18
 975 043f 13       		.uleb128 0x13
 976 0440 00000000 		.4byte	.LASF36
 977 0444 00000000 		.4byte	.LASF36
 978 0448 09       		.byte	0x9
 979 0449 18       		.byte	0x18
 980 044a 13       		.uleb128 0x13
 981 044b 3B000000 		.4byte	.LASF37
 982 044f 3B000000 		.4byte	.LASF37
ARM GAS  C:\Users\isaac\AppData\Local\Temp\ccmoftDY.s 			page 21


 983 0453 0C       		.byte	0xc
 984 0454 18       		.byte	0x18
 985 0455 13       		.uleb128 0x13
 986 0456 D5020000 		.4byte	.LASF38
 987 045a D5020000 		.4byte	.LASF38
 988 045e 05       		.byte	0x5
 989 045f 8B       		.byte	0x8b
 990 0460 13       		.uleb128 0x13
 991 0461 F4020000 		.4byte	.LASF39
 992 0465 F4020000 		.4byte	.LASF39
 993 0469 0D       		.byte	0xd
 994 046a E7       		.byte	0xe7
 995 046b 00       		.byte	0
 996              		.section	.debug_abbrev,"",%progbits
 997              	.Ldebug_abbrev0:
 998 0000 01       		.uleb128 0x1
 999 0001 11       		.uleb128 0x11
 1000 0002 01       		.byte	0x1
 1001 0003 25       		.uleb128 0x25
 1002 0004 0E       		.uleb128 0xe
 1003 0005 13       		.uleb128 0x13
 1004 0006 0B       		.uleb128 0xb
 1005 0007 03       		.uleb128 0x3
 1006 0008 0E       		.uleb128 0xe
 1007 0009 1B       		.uleb128 0x1b
 1008 000a 0E       		.uleb128 0xe
 1009 000b 55       		.uleb128 0x55
 1010 000c 17       		.uleb128 0x17
 1011 000d 11       		.uleb128 0x11
 1012 000e 01       		.uleb128 0x1
 1013 000f 10       		.uleb128 0x10
 1014 0010 17       		.uleb128 0x17
 1015 0011 00       		.byte	0
 1016 0012 00       		.byte	0
 1017 0013 02       		.uleb128 0x2
 1018 0014 24       		.uleb128 0x24
 1019 0015 00       		.byte	0
 1020 0016 0B       		.uleb128 0xb
 1021 0017 0B       		.uleb128 0xb
 1022 0018 3E       		.uleb128 0x3e
 1023 0019 0B       		.uleb128 0xb
 1024 001a 03       		.uleb128 0x3
 1025 001b 0E       		.uleb128 0xe
 1026 001c 00       		.byte	0
 1027 001d 00       		.byte	0
 1028 001e 03       		.uleb128 0x3
 1029 001f 16       		.uleb128 0x16
 1030 0020 00       		.byte	0
 1031 0021 03       		.uleb128 0x3
 1032 0022 0E       		.uleb128 0xe
 1033 0023 3A       		.uleb128 0x3a
 1034 0024 0B       		.uleb128 0xb
 1035 0025 3B       		.uleb128 0x3b
 1036 0026 0B       		.uleb128 0xb
 1037 0027 49       		.uleb128 0x49
 1038 0028 13       		.uleb128 0x13
 1039 0029 00       		.byte	0
ARM GAS  C:\Users\isaac\AppData\Local\Temp\ccmoftDY.s 			page 22


 1040 002a 00       		.byte	0
 1041 002b 04       		.uleb128 0x4
 1042 002c 24       		.uleb128 0x24
 1043 002d 00       		.byte	0
 1044 002e 0B       		.uleb128 0xb
 1045 002f 0B       		.uleb128 0xb
 1046 0030 3E       		.uleb128 0x3e
 1047 0031 0B       		.uleb128 0xb
 1048 0032 03       		.uleb128 0x3
 1049 0033 08       		.uleb128 0x8
 1050 0034 00       		.byte	0
 1051 0035 00       		.byte	0
 1052 0036 05       		.uleb128 0x5
 1053 0037 2E       		.uleb128 0x2e
 1054 0038 01       		.byte	0x1
 1055 0039 3F       		.uleb128 0x3f
 1056 003a 19       		.uleb128 0x19
 1057 003b 03       		.uleb128 0x3
 1058 003c 0E       		.uleb128 0xe
 1059 003d 3A       		.uleb128 0x3a
 1060 003e 0B       		.uleb128 0xb
 1061 003f 3B       		.uleb128 0x3b
 1062 0040 0B       		.uleb128 0xb
 1063 0041 27       		.uleb128 0x27
 1064 0042 19       		.uleb128 0x19
 1065 0043 11       		.uleb128 0x11
 1066 0044 01       		.uleb128 0x1
 1067 0045 12       		.uleb128 0x12
 1068 0046 06       		.uleb128 0x6
 1069 0047 40       		.uleb128 0x40
 1070 0048 18       		.uleb128 0x18
 1071 0049 9742     		.uleb128 0x2117
 1072 004b 19       		.uleb128 0x19
 1073 004c 01       		.uleb128 0x1
 1074 004d 13       		.uleb128 0x13
 1075 004e 00       		.byte	0
 1076 004f 00       		.byte	0
 1077 0050 06       		.uleb128 0x6
 1078 0051 898201   		.uleb128 0x4109
 1079 0054 00       		.byte	0
 1080 0055 11       		.uleb128 0x11
 1081 0056 01       		.uleb128 0x1
 1082 0057 31       		.uleb128 0x31
 1083 0058 13       		.uleb128 0x13
 1084 0059 00       		.byte	0
 1085 005a 00       		.byte	0
 1086 005b 07       		.uleb128 0x7
 1087 005c 898201   		.uleb128 0x4109
 1088 005f 01       		.byte	0x1
 1089 0060 11       		.uleb128 0x11
 1090 0061 01       		.uleb128 0x1
 1091 0062 31       		.uleb128 0x31
 1092 0063 13       		.uleb128 0x13
 1093 0064 01       		.uleb128 0x1
 1094 0065 13       		.uleb128 0x13
 1095 0066 00       		.byte	0
 1096 0067 00       		.byte	0
ARM GAS  C:\Users\isaac\AppData\Local\Temp\ccmoftDY.s 			page 23


 1097 0068 08       		.uleb128 0x8
 1098 0069 8A8201   		.uleb128 0x410a
 1099 006c 00       		.byte	0
 1100 006d 02       		.uleb128 0x2
 1101 006e 18       		.uleb128 0x18
 1102 006f 9142     		.uleb128 0x2111
 1103 0071 18       		.uleb128 0x18
 1104 0072 00       		.byte	0
 1105 0073 00       		.byte	0
 1106 0074 09       		.uleb128 0x9
 1107 0075 2E       		.uleb128 0x2e
 1108 0076 01       		.byte	0x1
 1109 0077 3F       		.uleb128 0x3f
 1110 0078 19       		.uleb128 0x19
 1111 0079 03       		.uleb128 0x3
 1112 007a 0E       		.uleb128 0xe
 1113 007b 3A       		.uleb128 0x3a
 1114 007c 0B       		.uleb128 0xb
 1115 007d 3B       		.uleb128 0x3b
 1116 007e 0B       		.uleb128 0xb
 1117 007f 27       		.uleb128 0x27
 1118 0080 19       		.uleb128 0x19
 1119 0081 49       		.uleb128 0x49
 1120 0082 13       		.uleb128 0x13
 1121 0083 11       		.uleb128 0x11
 1122 0084 01       		.uleb128 0x1
 1123 0085 12       		.uleb128 0x12
 1124 0086 06       		.uleb128 0x6
 1125 0087 40       		.uleb128 0x40
 1126 0088 18       		.uleb128 0x18
 1127 0089 9742     		.uleb128 0x2117
 1128 008b 19       		.uleb128 0x19
 1129 008c 01       		.uleb128 0x1
 1130 008d 13       		.uleb128 0x13
 1131 008e 00       		.byte	0
 1132 008f 00       		.byte	0
 1133 0090 0A       		.uleb128 0xa
 1134 0091 05       		.uleb128 0x5
 1135 0092 00       		.byte	0
 1136 0093 03       		.uleb128 0x3
 1137 0094 08       		.uleb128 0x8
 1138 0095 3A       		.uleb128 0x3a
 1139 0096 0B       		.uleb128 0xb
 1140 0097 3B       		.uleb128 0x3b
 1141 0098 0B       		.uleb128 0xb
 1142 0099 49       		.uleb128 0x49
 1143 009a 13       		.uleb128 0x13
 1144 009b 02       		.uleb128 0x2
 1145 009c 17       		.uleb128 0x17
 1146 009d 00       		.byte	0
 1147 009e 00       		.byte	0
 1148 009f 0B       		.uleb128 0xb
 1149 00a0 2E       		.uleb128 0x2e
 1150 00a1 01       		.byte	0x1
 1151 00a2 3F       		.uleb128 0x3f
 1152 00a3 19       		.uleb128 0x19
 1153 00a4 03       		.uleb128 0x3
ARM GAS  C:\Users\isaac\AppData\Local\Temp\ccmoftDY.s 			page 24


 1154 00a5 0E       		.uleb128 0xe
 1155 00a6 3A       		.uleb128 0x3a
 1156 00a7 0B       		.uleb128 0xb
 1157 00a8 3B       		.uleb128 0x3b
 1158 00a9 0B       		.uleb128 0xb
 1159 00aa 27       		.uleb128 0x27
 1160 00ab 19       		.uleb128 0x19
 1161 00ac 49       		.uleb128 0x49
 1162 00ad 13       		.uleb128 0x13
 1163 00ae 8701     		.uleb128 0x87
 1164 00b0 19       		.uleb128 0x19
 1165 00b1 11       		.uleb128 0x11
 1166 00b2 01       		.uleb128 0x1
 1167 00b3 12       		.uleb128 0x12
 1168 00b4 06       		.uleb128 0x6
 1169 00b5 40       		.uleb128 0x40
 1170 00b6 18       		.uleb128 0x18
 1171 00b7 9742     		.uleb128 0x2117
 1172 00b9 19       		.uleb128 0x19
 1173 00ba 01       		.uleb128 0x1
 1174 00bb 13       		.uleb128 0x13
 1175 00bc 00       		.byte	0
 1176 00bd 00       		.byte	0
 1177 00be 0C       		.uleb128 0xc
 1178 00bf 898201   		.uleb128 0x4109
 1179 00c2 01       		.byte	0x1
 1180 00c3 11       		.uleb128 0x11
 1181 00c4 01       		.uleb128 0x1
 1182 00c5 31       		.uleb128 0x31
 1183 00c6 13       		.uleb128 0x13
 1184 00c7 00       		.byte	0
 1185 00c8 00       		.byte	0
 1186 00c9 0D       		.uleb128 0xd
 1187 00ca 34       		.uleb128 0x34
 1188 00cb 00       		.byte	0
 1189 00cc 03       		.uleb128 0x3
 1190 00cd 0E       		.uleb128 0xe
 1191 00ce 3A       		.uleb128 0x3a
 1192 00cf 0B       		.uleb128 0xb
 1193 00d0 3B       		.uleb128 0x3b
 1194 00d1 05       		.uleb128 0x5
 1195 00d2 49       		.uleb128 0x49
 1196 00d3 13       		.uleb128 0x13
 1197 00d4 3F       		.uleb128 0x3f
 1198 00d5 19       		.uleb128 0x19
 1199 00d6 3C       		.uleb128 0x3c
 1200 00d7 19       		.uleb128 0x19
 1201 00d8 00       		.byte	0
 1202 00d9 00       		.byte	0
 1203 00da 0E       		.uleb128 0xe
 1204 00db 35       		.uleb128 0x35
 1205 00dc 00       		.byte	0
 1206 00dd 49       		.uleb128 0x49
 1207 00de 13       		.uleb128 0x13
 1208 00df 00       		.byte	0
 1209 00e0 00       		.byte	0
 1210 00e1 0F       		.uleb128 0xf
ARM GAS  C:\Users\isaac\AppData\Local\Temp\ccmoftDY.s 			page 25


 1211 00e2 01       		.uleb128 0x1
 1212 00e3 01       		.byte	0x1
 1213 00e4 49       		.uleb128 0x49
 1214 00e5 13       		.uleb128 0x13
 1215 00e6 01       		.uleb128 0x1
 1216 00e7 13       		.uleb128 0x13
 1217 00e8 00       		.byte	0
 1218 00e9 00       		.byte	0
 1219 00ea 10       		.uleb128 0x10
 1220 00eb 21       		.uleb128 0x21
 1221 00ec 00       		.byte	0
 1222 00ed 49       		.uleb128 0x49
 1223 00ee 13       		.uleb128 0x13
 1224 00ef 2F       		.uleb128 0x2f
 1225 00f0 0B       		.uleb128 0xb
 1226 00f1 00       		.byte	0
 1227 00f2 00       		.byte	0
 1228 00f3 11       		.uleb128 0x11
 1229 00f4 34       		.uleb128 0x34
 1230 00f5 00       		.byte	0
 1231 00f6 03       		.uleb128 0x3
 1232 00f7 08       		.uleb128 0x8
 1233 00f8 3A       		.uleb128 0x3a
 1234 00f9 0B       		.uleb128 0xb
 1235 00fa 3B       		.uleb128 0x3b
 1236 00fb 0B       		.uleb128 0xb
 1237 00fc 49       		.uleb128 0x49
 1238 00fd 13       		.uleb128 0x13
 1239 00fe 3F       		.uleb128 0x3f
 1240 00ff 19       		.uleb128 0x19
 1241 0100 02       		.uleb128 0x2
 1242 0101 18       		.uleb128 0x18
 1243 0102 00       		.byte	0
 1244 0103 00       		.byte	0
 1245 0104 12       		.uleb128 0x12
 1246 0105 34       		.uleb128 0x34
 1247 0106 00       		.byte	0
 1248 0107 03       		.uleb128 0x3
 1249 0108 0E       		.uleb128 0xe
 1250 0109 3A       		.uleb128 0x3a
 1251 010a 0B       		.uleb128 0xb
 1252 010b 3B       		.uleb128 0x3b
 1253 010c 0B       		.uleb128 0xb
 1254 010d 49       		.uleb128 0x49
 1255 010e 13       		.uleb128 0x13
 1256 010f 3F       		.uleb128 0x3f
 1257 0110 19       		.uleb128 0x19
 1258 0111 02       		.uleb128 0x2
 1259 0112 18       		.uleb128 0x18
 1260 0113 00       		.byte	0
 1261 0114 00       		.byte	0
 1262 0115 13       		.uleb128 0x13
 1263 0116 2E       		.uleb128 0x2e
 1264 0117 00       		.byte	0
 1265 0118 3F       		.uleb128 0x3f
 1266 0119 19       		.uleb128 0x19
 1267 011a 3C       		.uleb128 0x3c
ARM GAS  C:\Users\isaac\AppData\Local\Temp\ccmoftDY.s 			page 26


 1268 011b 19       		.uleb128 0x19
 1269 011c 6E       		.uleb128 0x6e
 1270 011d 0E       		.uleb128 0xe
 1271 011e 03       		.uleb128 0x3
 1272 011f 0E       		.uleb128 0xe
 1273 0120 3A       		.uleb128 0x3a
 1274 0121 0B       		.uleb128 0xb
 1275 0122 3B       		.uleb128 0x3b
 1276 0123 0B       		.uleb128 0xb
 1277 0124 00       		.byte	0
 1278 0125 00       		.byte	0
 1279 0126 00       		.byte	0
 1280              		.section	.debug_loc,"",%progbits
 1281              	.Ldebug_loc0:
 1282              	.LLST0:
 1283 0000 00000000 		.4byte	.LVL15
 1284 0004 02000000 		.4byte	.LVL16
 1285 0008 0100     		.2byte	0x1
 1286 000a 50       		.byte	0x50
 1287 000b 02000000 		.4byte	.LVL16
 1288 000f 04000000 		.4byte	.LFE68
 1289 0013 0400     		.2byte	0x4
 1290 0015 F3       		.byte	0xf3
 1291 0016 01       		.uleb128 0x1
 1292 0017 50       		.byte	0x50
 1293 0018 9F       		.byte	0x9f
 1294 0019 00000000 		.4byte	0
 1295 001d 00000000 		.4byte	0
 1296              		.section	.debug_aranges,"",%progbits
 1297 0000 3C000000 		.4byte	0x3c
 1298 0004 0200     		.2byte	0x2
 1299 0006 00000000 		.4byte	.Ldebug_info0
 1300 000a 04       		.byte	0x4
 1301 000b 00       		.byte	0
 1302 000c 0000     		.2byte	0
 1303 000e 0000     		.2byte	0
 1304 0010 00000000 		.4byte	.LFB65
 1305 0014 54000000 		.4byte	.LFE65-.LFB65
 1306 0018 00000000 		.4byte	.LFB66
 1307 001c 20000000 		.4byte	.LFE66-.LFB66
 1308 0020 00000000 		.4byte	.LFB67
 1309 0024 28000000 		.4byte	.LFE67-.LFB67
 1310 0028 00000000 		.4byte	.LFB68
 1311 002c 04000000 		.4byte	.LFE68-.LFB68
 1312 0030 00000000 		.4byte	.LFB64
 1313 0034 6C010000 		.4byte	.LFE64-.LFB64
 1314 0038 00000000 		.4byte	0
 1315 003c 00000000 		.4byte	0
 1316              		.section	.debug_ranges,"",%progbits
 1317              	.Ldebug_ranges0:
 1318 0000 00000000 		.4byte	.LFB65
 1319 0004 54000000 		.4byte	.LFE65
 1320 0008 00000000 		.4byte	.LFB66
 1321 000c 20000000 		.4byte	.LFE66
 1322 0010 00000000 		.4byte	.LFB67
 1323 0014 28000000 		.4byte	.LFE67
 1324 0018 00000000 		.4byte	.LFB68
ARM GAS  C:\Users\isaac\AppData\Local\Temp\ccmoftDY.s 			page 27


 1325 001c 04000000 		.4byte	.LFE68
 1326 0020 00000000 		.4byte	.LFB64
 1327 0024 6C010000 		.4byte	.LFE64
 1328 0028 00000000 		.4byte	0
 1329 002c 00000000 		.4byte	0
 1330              		.section	.debug_line,"",%progbits
 1331              	.Ldebug_line0:
 1332 0000 A2020000 		.section	.debug_str,"MS",%progbits,1
 1332      02001702 
 1332      00000201 
 1332      FB0E0D00 
 1332      01010101 
 1333              	.LASF36:
 1334 0000 6973725F 		.ascii	"isr_RESET_StartEx\000"
 1334      52455345 
 1334      545F5374 
 1334      61727445 
 1334      7800
 1335              	.LASF32:
 1336 0012 6973725F 		.ascii	"isr_RESTART_ClearPending\000"
 1336      52455354 
 1336      4152545F 
 1336      436C6561 
 1336      7250656E 
 1337              	.LASF21:
 1338 002b 73746174 		.ascii	"state\000"
 1338      6500
 1339              	.LASF9:
 1340 0031 5F5F696E 		.ascii	"__int32_t\000"
 1340      7433325F 
 1340      7400
 1341              	.LASF37:
 1342 003b 6973725F 		.ascii	"isr_RESTART_StartEx\000"
 1342      52455354 
 1342      4152545F 
 1342      53746172 
 1342      74457800 
 1343              	.LASF42:
 1344 004f 433A5C55 		.ascii	"C:\\Users\\isaac\\Documents\\PSoC Creator\\P8_EEPRO"
 1344      73657273 
 1344      5C697361 
 1344      61635C44 
 1344      6F63756D 
 1345 007d 4D5C4545 		.ascii	"M\\EEPROM.cydsn\000"
 1345      50524F4D 
 1345      2E637964 
 1345      736E00
 1346              	.LASF12:
 1347 008c 646F7562 		.ascii	"double\000"
 1347      6C6500
 1348              	.LASF26:
 1349 0093 6973725F 		.ascii	"isr_UART_ClearPending\000"
 1349      55415254 
 1349      5F436C65 
 1349      61725065 
 1349      6E64696E 
 1350              	.LASF31:
ARM GAS  C:\Users\isaac\AppData\Local\Temp\ccmoftDY.s 			page 28


 1351 00a9 42544E5F 		.ascii	"BTN_2_ClearInterrupt\000"
 1351      325F436C 
 1351      65617249 
 1351      6E746572 
 1351      72757074 
 1352              	.LASF22:
 1353 00be 696E735F 		.ascii	"ins_1\000"
 1353      3100
 1354              	.LASF11:
 1355 00c4 666C6F61 		.ascii	"float\000"
 1355      7400
 1356              	.LASF28:
 1357 00ca 6973725F 		.ascii	"isr_RESET_ClearPending\000"
 1357      52455345 
 1357      545F436C 
 1357      65617250 
 1357      656E6469 
 1358              	.LASF1:
 1359 00e1 756E7369 		.ascii	"unsigned char\000"
 1359      676E6564 
 1359      20636861 
 1359      7200
 1360              	.LASF40:
 1361 00ef 474E5520 		.ascii	"GNU C11 5.4.1 20160609 (release) [ARM/embedded-5-br"
 1361      43313120 
 1361      352E342E 
 1361      31203230 
 1361      31363036 
 1362 0122 616E6368 		.ascii	"anch revision 237715] -mcpu=cortex-m3 -mthumb -g -O"
 1362      20726576 
 1362      6973696F 
 1362      6E203233 
 1362      37373135 
 1363 0155 67202D66 		.ascii	"g -ffunction-sections -ffat-lto-objects\000"
 1363      66756E63 
 1363      74696F6E 
 1363      2D736563 
 1363      74696F6E 
 1364              	.LASF27:
 1365 017d 42544E5F 		.ascii	"BTN_1_ClearInterrupt\000"
 1365      315F436C 
 1365      65617249 
 1365      6E746572 
 1365      72757074 
 1366              	.LASF3:
 1367 0192 73686F72 		.ascii	"short unsigned int\000"
 1367      7420756E 
 1367      7369676E 
 1367      65642069 
 1367      6E7400
 1368              	.LASF33:
 1369 01a5 55415254 		.ascii	"UART_Start\000"
 1369      5F537461 
 1369      727400
 1370              	.LASF19:
 1371 01b0 49544D5F 		.ascii	"ITM_RxBuffer\000"
 1371      52784275 
ARM GAS  C:\Users\isaac\AppData\Local\Temp\ccmoftDY.s 			page 29


 1371      66666572 
 1371      00
 1372              	.LASF25:
 1373 01bd 45455052 		.ascii	"EEPROM_ReadByte\000"
 1373      4F4D5F52 
 1373      65616442 
 1373      79746500 
 1374              	.LASF5:
 1375 01cd 6C6F6E67 		.ascii	"long unsigned int\000"
 1375      20756E73 
 1375      69676E65 
 1375      6420696E 
 1375      7400
 1376              	.LASF44:
 1377 01df 6D61696E 		.ascii	"main\000"
 1377      00
 1378              	.LASF20:
 1379 01e4 76616C5F 		.ascii	"val_r\000"
 1379      7200
 1380              	.LASF16:
 1381 01ea 55415254 		.ascii	"UART_handler\000"
 1381      5F68616E 
 1381      646C6572 
 1381      00
 1382              	.LASF8:
 1383 01f7 756E7369 		.ascii	"unsigned int\000"
 1383      676E6564 
 1383      20696E74 
 1383      00
 1384              	.LASF34:
 1385 0204 45455052 		.ascii	"EEPROM_Start\000"
 1385      4F4D5F53 
 1385      74617274 
 1385      00
 1386              	.LASF7:
 1387 0211 6C6F6E67 		.ascii	"long long unsigned int\000"
 1387      206C6F6E 
 1387      6720756E 
 1387      7369676E 
 1387      65642069 
 1388              	.LASF24:
 1389 0228 45455052 		.ascii	"EEPROM_WriteByte\000"
 1389      4F4D5F57 
 1389      72697465 
 1389      42797465 
 1389      00
 1390              	.LASF17:
 1391 0239 52455345 		.ascii	"RESET_handler\000"
 1391      545F6861 
 1391      6E646C65 
 1391      7200
 1392              	.LASF10:
 1393 0247 696E7433 		.ascii	"int32_t\000"
 1393      325F7400 
 1394              	.LASF15:
 1395 024f 73697A65 		.ascii	"sizetype\000"
 1395      74797065 
ARM GAS  C:\Users\isaac\AppData\Local\Temp\ccmoftDY.s 			page 30


 1395      00
 1396              	.LASF6:
 1397 0258 6C6F6E67 		.ascii	"long long int\000"
 1397      206C6F6E 
 1397      6720696E 
 1397      7400
 1398              	.LASF41:
 1399 0266 6D61696E 		.ascii	"main.c\000"
 1399      2E6300
 1400              	.LASF13:
 1401 026d 63686172 		.ascii	"char\000"
 1401      00
 1402              	.LASF23:
 1403 0272 55415254 		.ascii	"UART_GetChar\000"
 1403      5F476574 
 1403      43686172 
 1403      00
 1404              	.LASF2:
 1405 027f 73686F72 		.ascii	"short int\000"
 1405      7420696E 
 1405      7400
 1406              	.LASF30:
 1407 0289 4379536F 		.ascii	"CySoftwareReset\000"
 1407      66747761 
 1407      72655265 
 1407      73657400 
 1408              	.LASF4:
 1409 0299 6C6F6E67 		.ascii	"long int\000"
 1409      20696E74 
 1409      00
 1410              	.LASF43:
 1411 02a2 43686172 		.ascii	"ChartoInt\000"
 1411      746F496E 
 1411      7400
 1412              	.LASF14:
 1413 02ac 6C6F6E67 		.ascii	"long double\000"
 1413      20646F75 
 1413      626C6500 
 1414              	.LASF0:
 1415 02b8 7369676E 		.ascii	"signed char\000"
 1415      65642063 
 1415      68617200 
 1416              	.LASF35:
 1417 02c4 6973725F 		.ascii	"isr_UART_StartEx\000"
 1417      55415254 
 1417      5F537461 
 1417      72744578 
 1417      00
 1418              	.LASF38:
 1419 02d5 55415254 		.ascii	"UART_PutString\000"
 1419      5F507574 
 1419      53747269 
 1419      6E6700
 1420              	.LASF18:
 1421 02e4 52455354 		.ascii	"RESTART_handler\000"
 1421      4152545F 
 1421      68616E64 
ARM GAS  C:\Users\isaac\AppData\Local\Temp\ccmoftDY.s 			page 31


 1421      6C657200 
 1422              	.LASF39:
 1423 02f4 73707269 		.ascii	"sprintf\000"
 1423      6E746600 
 1424              	.LASF29:
 1425 02fc 43794465 		.ascii	"CyDelay\000"
 1425      6C617900 
 1426              		.ident	"GCC: (GNU Tools for ARM Embedded Processors) 5.4.1 20160609 (release) [ARM/embedded-5-bran
