Loading plugins phase: Elapsed time ==> 0s.133ms
<CYPRESSTAG name="CyDsfit arguments...">
cydsfit arguments: -.fdsnotice -.fdswarpdepfile=warp_dependencies.txt -.fdselabdepfile=elab_dependencies.txt -.fdsbldfile=generated_files.txt -.fdsreffile=referenced_files.txt -p C:\Users\isaac\Documents\PSoC Creator\P6_FILO\FILO.cydsn\FILO.cyprj -d CY8C5888LTI-LP097 -s C:\Users\isaac\Documents\PSoC Creator\P6_FILO\FILO.cydsn\Generated_Source\PSoC5 -- -yv2 -q10 -ygs -o2 -v3 -.fftcfgtype=LE
</CYPRESSTAG>
<CYPRESSTAG name="Design elaboration results...">
</CYPRESSTAG>
Elaboration phase: Elapsed time ==> 1s.032ms
<CYPRESSTAG name="HDL generation results...">
</CYPRESSTAG>
HDL generation phase: Elapsed time ==> 0s.040ms
<CYPRESSTAG name="Synthesis results...">

     | | | | | | |
   _________________
  -|               |-
  -|               |-
  -|               |-
  -|    CYPRESS    |-
  -|               |-
  -|               |-   Warp Verilog Synthesis Compiler: Version 6.3 IR 41
  -|               |-   Copyright (C) 1991-2001 Cypress Semiconductor
   |_______________|
     | | | | | | |

======================================================================
Compiling:  FILO.v
Program  :   C:\Program Files (x86)\Cypress\PSoC Creator\4.2\PSoC Creator\warp\bin\warp.exe
Options  :    -yv2 -q10 -ygs -o2 -v3 -.fftcfgtype=LE -ya -.fftprj=C:\Users\isaac\Documents\PSoC Creator\P6_FILO\FILO.cydsn\FILO.cyprj -dcpsoc3 FILO.v -verilog
======================================================================

======================================================================
Compiling:  FILO.v
Program  :   C:\Program Files (x86)\Cypress\PSoC Creator\4.2\PSoC Creator\warp\bin\warp.exe
Options  :    -yv2 -q10 -ygs -o2 -v3 -.fftcfgtype=LE -ya -.fftprj=C:\Users\isaac\Documents\PSoC Creator\P6_FILO\FILO.cydsn\FILO.cyprj -dcpsoc3 FILO.v -verilog
======================================================================

======================================================================
Compiling:  FILO.v
Program  :   vlogfe
Options  :    -yv2 -q10 -ygs -o2 -v3 -.fftcfgtype=LE -ya -.fftprj=C:\Users\isaac\Documents\PSoC Creator\P6_FILO\FILO.cydsn\FILO.cyprj -dcpsoc3 -verilog FILO.v
======================================================================

vlogfe V6.3 IR 41:  Verilog parser
Wed May 27 21:38:22 2020


======================================================================
Compiling:  FILO.v
Program  :   vpp
Options  :    -yv2 -q10 FILO.v
======================================================================

vpp V6.3 IR 41:  Verilog Pre-Processor
Wed May 27 21:38:22 2020

Flattening file 'C:\Program Files (x86)\Cypress\PSoC Creator\4.2\PSoC Creator\psoc\content\CyPrimitives\cyprimitives.cylib\cy_constant_v1_0\cy_constant_v1_0.v'
Flattening file 'C:\Program Files (x86)\Cypress\PSoC Creator\4.2\PSoC Creator\psoc\content\CyComponentLibrary\CyComponentLibrary.cylib\BasicCounter_v1_0\BasicCounter_v1_0.v'
Flattening file 'C:\Program Files (x86)\Cypress\PSoC Creator\4.2\PSoC Creator\warp\lib\common\cypress.v'
Flattening file 'C:\Program Files (x86)\Cypress\PSoC Creator\4.2\PSoC Creator\warp\lib\common\cy_psoc3_inc.v'
Flattening file 'C:\Program Files (x86)\Cypress\PSoC Creator\4.2\PSoC Creator\psoc\content\CyPrimitives\cyprimitives.cylib\or_v1_0\or_v1_0.v'
Flattening file 'C:\Program Files (x86)\Cypress\PSoC Creator\4.2\PSoC Creator\psoc\content\CyPrimitives\cyprimitives.cylib\not_v1_0\not_v1_0.v'
Flattening file 'C:\Program Files (x86)\Cypress\PSoC Creator\4.2\PSoC Creator\psoc\content\CyPrimitives\cyprimitives.cylib\and_v1_0\and_v1_0.v'

vpp:  No errors.

Library 'work' => directory 'lcpsoc3'
General_symbol_table
General_symbol_table
Linking 'C:\Program Files (x86)\Cypress\PSoC Creator\4.2\PSoC Creator\warp\lib\common\std.vhd'.
Linking 'C:\Program Files (x86)\Cypress\PSoC Creator\4.2\PSoC Creator\warp\lib\common\cypress.vhd'.
Linking 'C:\Program Files (x86)\Cypress\PSoC Creator\4.2\PSoC Creator\warp\lib\common\work\cypress.vif'.
Linking 'C:\Program Files (x86)\Cypress\PSoC Creator\4.2\PSoC Creator\warp\lib\ieee\work\stdlogic.vif'.
Linking 'C:\Program Files (x86)\Cypress\PSoC Creator\4.2\PSoC Creator\warp\lib\common\stdlogic\lpmpkg.vif'.
Linking 'C:\Program Files (x86)\Cypress\PSoC Creator\4.2\PSoC Creator\warp\lib\common\stdlogic\rtlpkg.vif'.
Linking 'C:\Program Files (x86)\Cypress\PSoC Creator\4.2\PSoC Creator\warp\lib\common\stdlogic\mod_cnst.vif'.
Linking 'C:\Program Files (x86)\Cypress\PSoC Creator\4.2\PSoC Creator\warp\lib\common\stdlogic\mod_mthv.vif'.
Linking 'C:\Program Files (x86)\Cypress\PSoC Creator\4.2\PSoC Creator\warp\lib\common\stdlogic\mod_genv.vif'.
Using control file 'FILO.ctl'.
C:\Program Files (x86)\Cypress\PSoC Creator\4.2\PSoC Creator\psoc\content\CyComponentLibrary\CyComponentLibrary.cylib\BasicCounter_v1_0\BasicCounter_v1_0.v (line 59, col 28):  Note: Substituting module 'add_vi_vv' for '+'.

vlogfe:  No errors.


======================================================================
Compiling:  FILO.v
Program  :   tovif
Options  :    -yv2 -q10 -ygs -o2 -v3 -.fftcfgtype=LE -ya -.fftprj=C:\Users\isaac\Documents\PSoC Creator\P6_FILO\FILO.cydsn\FILO.cyprj -dcpsoc3 -verilog FILO.v
======================================================================

tovif V6.3 IR 41:  High-level synthesis
Wed May 27 21:38:22 2020

Linking 'C:\Program Files (x86)\Cypress\PSoC Creator\4.2\PSoC Creator\warp\lib\common\std.vhd'.
Linking 'C:\Program Files (x86)\Cypress\PSoC Creator\4.2\PSoC Creator\warp\lib\common\cypress.vhd'.
Linking 'C:\Program Files (x86)\Cypress\PSoC Creator\4.2\PSoC Creator\warp\lib\common\work\cypress.vif'.
Linking 'C:\Program Files (x86)\Cypress\PSoC Creator\4.2\PSoC Creator\warp\lib\ieee\work\stdlogic.vif'.
Linking 'C:\Program Files (x86)\Cypress\PSoC Creator\4.2\PSoC Creator\warp\lib\common\stdlogic\lpmpkg.vif'.
Linking 'C:\Program Files (x86)\Cypress\PSoC Creator\4.2\PSoC Creator\warp\lib\common\stdlogic\rtlpkg.vif'.
Linking 'C:\Program Files (x86)\Cypress\PSoC Creator\4.2\PSoC Creator\warp\lib\common\stdlogic\mod_cnst.vif'.
Linking 'C:\Program Files (x86)\Cypress\PSoC Creator\4.2\PSoC Creator\warp\lib\common\stdlogic\mod_mthv.vif'.
Linking 'C:\Program Files (x86)\Cypress\PSoC Creator\4.2\PSoC Creator\warp\lib\common\stdlogic\mod_genv.vif'.
Linking 'C:\Users\isaac\Documents\PSoC Creator\P6_FILO\FILO.cydsn\codegentemp\FILO.ctl'.
Linking 'C:\Program Files (x86)\Cypress\PSoC Creator\4.2\PSoC Creator\psoc\content\CyPrimitives\cyprimitives.cylib\cy_constant_v1_0\cy_constant_v1_0.v'.
Linking 'C:\Users\isaac\Documents\PSoC Creator\P6_FILO\FILO.cydsn\codegentemp\FILO.v'.
Linking 'C:\Program Files (x86)\Cypress\PSoC Creator\4.2\PSoC Creator\psoc\content\CyComponentLibrary\CyComponentLibrary.cylib\BasicCounter_v1_0\BasicCounter_v1_0.v'.
Linking 'C:\Program Files (x86)\Cypress\PSoC Creator\4.2\PSoC Creator\warp\lib\common\cypress.v'.
Linking 'C:\Program Files (x86)\Cypress\PSoC Creator\4.2\PSoC Creator\warp\lib\common\cy_psoc3_inc.v'.
Linking 'C:\Program Files (x86)\Cypress\PSoC Creator\4.2\PSoC Creator\psoc\content\CyPrimitives\cyprimitives.cylib\or_v1_0\or_v1_0.v'.
Linking 'C:\Program Files (x86)\Cypress\PSoC Creator\4.2\PSoC Creator\psoc\content\CyPrimitives\cyprimitives.cylib\not_v1_0\not_v1_0.v'.
Linking 'C:\Program Files (x86)\Cypress\PSoC Creator\4.2\PSoC Creator\psoc\content\CyPrimitives\cyprimitives.cylib\and_v1_0\and_v1_0.v'.
Linking 'C:\Program Files (x86)\Cypress\PSoC Creator\4.2\PSoC Creator\warp\lib\lcpsoc3\stdlogic\mod_cnst.vif'.

tovif:  No errors.


======================================================================
Compiling:  FILO.v
Program  :   topld
Options  :    -yv2 -q10 -ygs -o2 -v3 -.fftcfgtype=LE -ya -.fftprj=C:\Users\isaac\Documents\PSoC Creator\P6_FILO\FILO.cydsn\FILO.cyprj -dcpsoc3 -verilog FILO.v
======================================================================

topld V6.3 IR 41:  Synthesis and optimization
Wed May 27 21:38:23 2020

Linking 'C:\Program Files (x86)\Cypress\PSoC Creator\4.2\PSoC Creator\warp\lib\common\std.vhd'.
Linking 'C:\Program Files (x86)\Cypress\PSoC Creator\4.2\PSoC Creator\warp\lib\common\cypress.vhd'.
Linking 'C:\Program Files (x86)\Cypress\PSoC Creator\4.2\PSoC Creator\warp\lib\common\work\cypress.vif'.
Linking 'C:\Program Files (x86)\Cypress\PSoC Creator\4.2\PSoC Creator\warp\lib\ieee\work\stdlogic.vif'.
Linking 'C:\Program Files (x86)\Cypress\PSoC Creator\4.2\PSoC Creator\warp\lib\common\stdlogic\lpmpkg.vif'.
Linking 'C:\Program Files (x86)\Cypress\PSoC Creator\4.2\PSoC Creator\warp\lib\common\stdlogic\rtlpkg.vif'.
Linking 'C:\Program Files (x86)\Cypress\PSoC Creator\4.2\PSoC Creator\warp\lib\common\stdlogic\mod_cnst.vif'.
Linking 'C:\Program Files (x86)\Cypress\PSoC Creator\4.2\PSoC Creator\warp\lib\common\stdlogic\mod_mthv.vif'.
Linking 'C:\Program Files (x86)\Cypress\PSoC Creator\4.2\PSoC Creator\warp\lib\common\stdlogic\mod_genv.vif'.
Linking 'C:\Users\isaac\Documents\PSoC Creator\P6_FILO\FILO.cydsn\codegentemp\FILO.ctl'.
Linking 'C:\Program Files (x86)\Cypress\PSoC Creator\4.2\PSoC Creator\psoc\content\CyPrimitives\cyprimitives.cylib\cy_constant_v1_0\cy_constant_v1_0.v'.
Linking 'C:\Users\isaac\Documents\PSoC Creator\P6_FILO\FILO.cydsn\codegentemp\FILO.v'.
Linking 'C:\Program Files (x86)\Cypress\PSoC Creator\4.2\PSoC Creator\psoc\content\CyComponentLibrary\CyComponentLibrary.cylib\BasicCounter_v1_0\BasicCounter_v1_0.v'.
Linking 'C:\Program Files (x86)\Cypress\PSoC Creator\4.2\PSoC Creator\warp\lib\common\cypress.v'.
Linking 'C:\Program Files (x86)\Cypress\PSoC Creator\4.2\PSoC Creator\warp\lib\common\cy_psoc3_inc.v'.
Linking 'C:\Program Files (x86)\Cypress\PSoC Creator\4.2\PSoC Creator\psoc\content\CyPrimitives\cyprimitives.cylib\or_v1_0\or_v1_0.v'.
Linking 'C:\Program Files (x86)\Cypress\PSoC Creator\4.2\PSoC Creator\psoc\content\CyPrimitives\cyprimitives.cylib\not_v1_0\not_v1_0.v'.
Linking 'C:\Program Files (x86)\Cypress\PSoC Creator\4.2\PSoC Creator\psoc\content\CyPrimitives\cyprimitives.cylib\and_v1_0\and_v1_0.v'.
Linking 'C:\Program Files (x86)\Cypress\PSoC Creator\4.2\PSoC Creator\warp\lib\lcpsoc3\stdlogic\mod_cnst.vif'.
Linking 'C:\Program Files (x86)\Cypress\PSoC Creator\4.2\PSoC Creator\warp\lib\lcpsoc3\stdlogic\cpsoc3.vif'.

----------------------------------------------------------
Detecting unused logic.
----------------------------------------------------------
    User names
	\BasicCounter:MODULE_1:b_31\
	\BasicCounter:MODULE_1:b_30\
	\BasicCounter:MODULE_1:b_29\
	\BasicCounter:MODULE_1:b_28\
	\BasicCounter:MODULE_1:b_27\
	\BasicCounter:MODULE_1:b_26\
	\BasicCounter:MODULE_1:b_25\
	\BasicCounter:MODULE_1:b_24\
	\BasicCounter:MODULE_1:b_23\
	\BasicCounter:MODULE_1:b_22\
	\BasicCounter:MODULE_1:b_21\
	\BasicCounter:MODULE_1:b_20\
	\BasicCounter:MODULE_1:b_19\
	\BasicCounter:MODULE_1:b_18\
	\BasicCounter:MODULE_1:b_17\
	\BasicCounter:MODULE_1:b_16\
	\BasicCounter:MODULE_1:b_15\
	\BasicCounter:MODULE_1:b_14\
	\BasicCounter:MODULE_1:b_13\
	\BasicCounter:MODULE_1:b_12\
	\BasicCounter:MODULE_1:b_11\
	\BasicCounter:MODULE_1:b_10\
	\BasicCounter:MODULE_1:b_9\
	\BasicCounter:MODULE_1:b_8\
	\BasicCounter:MODULE_1:b_7\
	\BasicCounter:MODULE_1:b_6\
	\BasicCounter:MODULE_1:b_5\
	\BasicCounter:MODULE_1:b_4\
	\BasicCounter:MODULE_1:b_3\
	\BasicCounter:MODULE_1:b_2\
	\BasicCounter:MODULE_1:b_1\
	\BasicCounter:MODULE_1:b_0\
	\BasicCounter:MODULE_1:g2:a0:a_31\
	\BasicCounter:MODULE_1:g2:a0:a_30\
	\BasicCounter:MODULE_1:g2:a0:a_29\
	\BasicCounter:MODULE_1:g2:a0:a_28\
	\BasicCounter:MODULE_1:g2:a0:a_27\
	\BasicCounter:MODULE_1:g2:a0:a_26\
	\BasicCounter:MODULE_1:g2:a0:a_25\
	\BasicCounter:MODULE_1:g2:a0:a_24\
	\BasicCounter:MODULE_1:g2:a0:b_31\
	\BasicCounter:MODULE_1:g2:a0:b_30\
	\BasicCounter:MODULE_1:g2:a0:b_29\
	\BasicCounter:MODULE_1:g2:a0:b_28\
	\BasicCounter:MODULE_1:g2:a0:b_27\
	\BasicCounter:MODULE_1:g2:a0:b_26\
	\BasicCounter:MODULE_1:g2:a0:b_25\
	\BasicCounter:MODULE_1:g2:a0:b_24\
	\BasicCounter:MODULE_1:g2:a0:b_23\
	\BasicCounter:MODULE_1:g2:a0:b_22\
	\BasicCounter:MODULE_1:g2:a0:b_21\
	\BasicCounter:MODULE_1:g2:a0:b_20\
	\BasicCounter:MODULE_1:g2:a0:b_19\
	\BasicCounter:MODULE_1:g2:a0:b_18\
	\BasicCounter:MODULE_1:g2:a0:b_17\
	\BasicCounter:MODULE_1:g2:a0:b_16\
	\BasicCounter:MODULE_1:g2:a0:b_15\
	\BasicCounter:MODULE_1:g2:a0:b_14\
	\BasicCounter:MODULE_1:g2:a0:b_13\
	\BasicCounter:MODULE_1:g2:a0:b_12\
	\BasicCounter:MODULE_1:g2:a0:b_11\
	\BasicCounter:MODULE_1:g2:a0:b_10\
	\BasicCounter:MODULE_1:g2:a0:b_9\
	\BasicCounter:MODULE_1:g2:a0:b_8\
	\BasicCounter:MODULE_1:g2:a0:b_7\
	\BasicCounter:MODULE_1:g2:a0:b_6\
	\BasicCounter:MODULE_1:g2:a0:b_5\
	\BasicCounter:MODULE_1:g2:a0:b_4\
	\BasicCounter:MODULE_1:g2:a0:b_3\
	\BasicCounter:MODULE_1:g2:a0:b_2\
	\BasicCounter:MODULE_1:g2:a0:b_1\
	\BasicCounter:MODULE_1:g2:a0:b_0\
	\BasicCounter:MODULE_1:g2:a0:s_31\
	\BasicCounter:MODULE_1:g2:a0:s_30\
	\BasicCounter:MODULE_1:g2:a0:s_29\
	\BasicCounter:MODULE_1:g2:a0:s_28\
	\BasicCounter:MODULE_1:g2:a0:s_27\
	\BasicCounter:MODULE_1:g2:a0:s_26\
	\BasicCounter:MODULE_1:g2:a0:s_25\
	\BasicCounter:MODULE_1:g2:a0:s_24\
	\BasicCounter:MODULE_1:g2:a0:s_23\
	\BasicCounter:MODULE_1:g2:a0:s_22\
	\BasicCounter:MODULE_1:g2:a0:s_21\
	\BasicCounter:MODULE_1:g2:a0:s_20\
	\BasicCounter:MODULE_1:g2:a0:s_19\
	\BasicCounter:MODULE_1:g2:a0:s_18\
	\BasicCounter:MODULE_1:g2:a0:s_17\
	\BasicCounter:MODULE_1:g2:a0:s_16\
	\BasicCounter:MODULE_1:g2:a0:s_15\
	\BasicCounter:MODULE_1:g2:a0:s_14\
	\BasicCounter:MODULE_1:g2:a0:s_13\
	\BasicCounter:MODULE_1:g2:a0:s_12\
	\BasicCounter:MODULE_1:g2:a0:s_11\
	\BasicCounter:MODULE_1:g2:a0:s_10\
	\BasicCounter:MODULE_1:g2:a0:s_9\
	\BasicCounter:MODULE_1:g2:a0:s_8\
	\BasicCounter:MODULE_1:g2:a0:g1:z1:s0:g1:u0:c_31\
	\BasicCounter:MODULE_1:g2:a0:g1:z1:s0:g1:u0:c_30\
	\BasicCounter:MODULE_1:g2:a0:g1:z1:s0:g1:u0:c_29\
	\BasicCounter:MODULE_1:g2:a0:g1:z1:s0:g1:u0:c_28\
	\BasicCounter:MODULE_1:g2:a0:g1:z1:s0:g1:u0:c_27\
	\BasicCounter:MODULE_1:g2:a0:g1:z1:s0:g1:u0:c_26\
	\BasicCounter:MODULE_1:g2:a0:g1:z1:s0:g1:u0:c_25\

    Synthesized names
	\BasicCounter:add_vi_vv_MODGEN_1_31\
	\BasicCounter:add_vi_vv_MODGEN_1_30\
	\BasicCounter:add_vi_vv_MODGEN_1_29\
	\BasicCounter:add_vi_vv_MODGEN_1_28\
	\BasicCounter:add_vi_vv_MODGEN_1_27\
	\BasicCounter:add_vi_vv_MODGEN_1_26\
	\BasicCounter:add_vi_vv_MODGEN_1_25\
	\BasicCounter:add_vi_vv_MODGEN_1_24\
	\BasicCounter:add_vi_vv_MODGEN_1_23\
	\BasicCounter:add_vi_vv_MODGEN_1_22\
	\BasicCounter:add_vi_vv_MODGEN_1_21\
	\BasicCounter:add_vi_vv_MODGEN_1_20\
	\BasicCounter:add_vi_vv_MODGEN_1_19\
	\BasicCounter:add_vi_vv_MODGEN_1_18\
	\BasicCounter:add_vi_vv_MODGEN_1_17\
	\BasicCounter:add_vi_vv_MODGEN_1_16\
	\BasicCounter:add_vi_vv_MODGEN_1_15\
	\BasicCounter:add_vi_vv_MODGEN_1_14\
	\BasicCounter:add_vi_vv_MODGEN_1_13\
	\BasicCounter:add_vi_vv_MODGEN_1_12\
	\BasicCounter:add_vi_vv_MODGEN_1_11\
	\BasicCounter:add_vi_vv_MODGEN_1_10\
	\BasicCounter:add_vi_vv_MODGEN_1_9\
	\BasicCounter:add_vi_vv_MODGEN_1_8\

Deleted 103 User equations/components.
Deleted 24 Synthesized equations/components.

------------------------------------------------------
Alias Detection
------------------------------------------------------
Aliasing tmpOE__BUT_net_0 to Net_147
Aliasing one to Net_147
Aliasing Net_149 to zero
Aliasing \BasicCounter:MODULE_1:g2:a0:a_23\ to zero
Aliasing \BasicCounter:MODULE_1:g2:a0:a_22\ to zero
Aliasing \BasicCounter:MODULE_1:g2:a0:a_21\ to zero
Aliasing \BasicCounter:MODULE_1:g2:a0:a_20\ to zero
Aliasing \BasicCounter:MODULE_1:g2:a0:a_19\ to zero
Aliasing \BasicCounter:MODULE_1:g2:a0:a_18\ to zero
Aliasing \BasicCounter:MODULE_1:g2:a0:a_17\ to zero
Aliasing \BasicCounter:MODULE_1:g2:a0:a_16\ to zero
Aliasing \BasicCounter:MODULE_1:g2:a0:a_15\ to zero
Aliasing \BasicCounter:MODULE_1:g2:a0:a_14\ to zero
Aliasing \BasicCounter:MODULE_1:g2:a0:a_13\ to zero
Aliasing \BasicCounter:MODULE_1:g2:a0:a_12\ to zero
Aliasing \BasicCounter:MODULE_1:g2:a0:a_11\ to zero
Aliasing \BasicCounter:MODULE_1:g2:a0:a_10\ to zero
Aliasing \BasicCounter:MODULE_1:g2:a0:a_9\ to zero
Aliasing \BasicCounter:MODULE_1:g2:a0:a_8\ to zero
Aliasing \BasicCounter:MODULE_1:g2:a0:g1:z1:s0:g1:u0:b_0\ to Net_147
Aliasing tmpOE__LED_0_net_0 to Net_147
Aliasing tmpOE__LED_1_net_0 to Net_147
Aliasing tmpOE__LED_2_net_0 to Net_147
Aliasing tmpOE__LED_3_net_0 to Net_147
Aliasing Net_120 to Net_112
Removing Lhs of wire tmpOE__BUT_net_0[2] = Net_147[0]
Removing Lhs of wire one[7] = Net_147[0]
Removing Lhs of wire Net_149[10] = zero[3]
Removing Lhs of wire \BasicCounter:add_vi_vv_MODGEN_1_7\[11] = \BasicCounter:MODULE_1:g2:a0:s_7\[178]
Removing Lhs of wire \BasicCounter:add_vi_vv_MODGEN_1_6\[13] = \BasicCounter:MODULE_1:g2:a0:s_6\[179]
Removing Lhs of wire \BasicCounter:add_vi_vv_MODGEN_1_5\[15] = \BasicCounter:MODULE_1:g2:a0:s_5\[180]
Removing Lhs of wire \BasicCounter:add_vi_vv_MODGEN_1_4\[17] = \BasicCounter:MODULE_1:g2:a0:s_4\[181]
Removing Lhs of wire \BasicCounter:add_vi_vv_MODGEN_1_3\[19] = \BasicCounter:MODULE_1:g2:a0:s_3\[182]
Removing Lhs of wire \BasicCounter:add_vi_vv_MODGEN_1_2\[21] = \BasicCounter:MODULE_1:g2:a0:s_2\[183]
Removing Lhs of wire \BasicCounter:add_vi_vv_MODGEN_1_1\[23] = \BasicCounter:MODULE_1:g2:a0:s_1\[184]
Removing Lhs of wire \BasicCounter:add_vi_vv_MODGEN_1_0\[25] = \BasicCounter:MODULE_1:g2:a0:s_0\[185]
Removing Lhs of wire \BasicCounter:MODULE_1:g2:a0:a_23\[66] = zero[3]
Removing Lhs of wire \BasicCounter:MODULE_1:g2:a0:a_22\[67] = zero[3]
Removing Lhs of wire \BasicCounter:MODULE_1:g2:a0:a_21\[68] = zero[3]
Removing Lhs of wire \BasicCounter:MODULE_1:g2:a0:a_20\[69] = zero[3]
Removing Lhs of wire \BasicCounter:MODULE_1:g2:a0:a_19\[70] = zero[3]
Removing Lhs of wire \BasicCounter:MODULE_1:g2:a0:a_18\[71] = zero[3]
Removing Lhs of wire \BasicCounter:MODULE_1:g2:a0:a_17\[72] = zero[3]
Removing Lhs of wire \BasicCounter:MODULE_1:g2:a0:a_16\[73] = zero[3]
Removing Lhs of wire \BasicCounter:MODULE_1:g2:a0:a_15\[74] = zero[3]
Removing Lhs of wire \BasicCounter:MODULE_1:g2:a0:a_14\[75] = zero[3]
Removing Lhs of wire \BasicCounter:MODULE_1:g2:a0:a_13\[76] = zero[3]
Removing Lhs of wire \BasicCounter:MODULE_1:g2:a0:a_12\[77] = zero[3]
Removing Lhs of wire \BasicCounter:MODULE_1:g2:a0:a_11\[78] = zero[3]
Removing Lhs of wire \BasicCounter:MODULE_1:g2:a0:a_10\[79] = zero[3]
Removing Lhs of wire \BasicCounter:MODULE_1:g2:a0:a_9\[80] = zero[3]
Removing Lhs of wire \BasicCounter:MODULE_1:g2:a0:a_8\[81] = zero[3]
Removing Lhs of wire \BasicCounter:MODULE_1:g2:a0:a_7\[82] = \BasicCounter:MODIN1_7\[83]
Removing Lhs of wire \BasicCounter:MODIN1_7\[83] = Net_144_7[9]
Removing Lhs of wire \BasicCounter:MODULE_1:g2:a0:a_6\[84] = \BasicCounter:MODIN1_6\[85]
Removing Lhs of wire \BasicCounter:MODIN1_6\[85] = Net_144_6[12]
Removing Lhs of wire \BasicCounter:MODULE_1:g2:a0:a_5\[86] = \BasicCounter:MODIN1_5\[87]
Removing Lhs of wire \BasicCounter:MODIN1_5\[87] = Net_144_5[14]
Removing Lhs of wire \BasicCounter:MODULE_1:g2:a0:a_4\[88] = \BasicCounter:MODIN1_4\[89]
Removing Lhs of wire \BasicCounter:MODIN1_4\[89] = Net_144_4[16]
Removing Lhs of wire \BasicCounter:MODULE_1:g2:a0:a_3\[90] = \BasicCounter:MODIN1_3\[91]
Removing Lhs of wire \BasicCounter:MODIN1_3\[91] = Net_144_3[18]
Removing Lhs of wire \BasicCounter:MODULE_1:g2:a0:a_2\[92] = \BasicCounter:MODIN1_2\[93]
Removing Lhs of wire \BasicCounter:MODIN1_2\[93] = Net_144_2[20]
Removing Lhs of wire \BasicCounter:MODULE_1:g2:a0:a_1\[94] = \BasicCounter:MODIN1_1\[95]
Removing Lhs of wire \BasicCounter:MODIN1_1\[95] = Net_144_1[22]
Removing Lhs of wire \BasicCounter:MODULE_1:g2:a0:a_0\[96] = \BasicCounter:MODIN1_0\[97]
Removing Lhs of wire \BasicCounter:MODIN1_0\[97] = Net_144_0[24]
Removing Lhs of wire \BasicCounter:MODULE_1:g2:a0:g1:z1:s0:g1:u0:c_0\[223] = Net_147[0]
Removing Lhs of wire \BasicCounter:MODULE_1:g2:a0:g1:z1:s0:g1:u0:b_0\[224] = Net_147[0]
Removing Lhs of wire tmpOE__LED_0_net_0[230] = Net_147[0]
Removing Lhs of wire tmpOE__LED_1_net_0[236] = Net_147[0]
Removing Lhs of wire tmpOE__LED_2_net_0[243] = Net_147[0]
Removing Lhs of wire tmpOE__LED_3_net_0[250] = Net_147[0]
Removing Lhs of wire Net_120[259] = Net_112[258]

------------------------------------------------------
Aliased 0 equations, 50 wires.
------------------------------------------------------

----------------------------------------------------------
Circuit simplification
----------------------------------------------------------

Substituting virtuals - pass 1:

Note:  Expanding virtual equation for 'Net_147' (cost = 0):
Net_147 <=  ('1') ;

Note:  Expanding virtual equation for 'zero' (cost = 0):
zero <=  ('0') ;

Note:  Expanding virtual equation for '\BasicCounter:MODULE_1:g2:a0:g1:z1:s0:g1:u0:c_1\' (cost = 0):
\BasicCounter:MODULE_1:g2:a0:g1:z1:s0:g1:u0:c_1\ <= (Net_144_0);

Note:  Expanding virtual equation for '\BasicCounter:MODULE_1:g2:a0:s_0\' (cost = 0):
\BasicCounter:MODULE_1:g2:a0:s_0\ <= (not Net_144_0);

Note:  Expanding virtual equation for '\BasicCounter:MODULE_1:g2:a0:g1:z1:s0:g1:u0:c_17\' (cost = 0):
\BasicCounter:MODULE_1:g2:a0:g1:z1:s0:g1:u0:c_17\ <=  ('0') ;

Note:  Expanding virtual equation for '\BasicCounter:MODULE_1:g2:a0:g1:z1:s0:g1:u0:c_9\' (cost = 0):
\BasicCounter:MODULE_1:g2:a0:g1:z1:s0:g1:u0:c_9\ <=  ('0') ;

Note:  Expanding virtual equation for 'AN' (cost = 0):
AN <= (not Net_144_2);

Note:  Expanding virtual equation for 'BN' (cost = 0):
BN <= (not Net_144_1);

Note:  Expanding virtual equation for 'CN' (cost = 0):
CN <= (not Net_144_0);

Note:  Expanding virtual equation for 'Net_109' (cost = 1):
Net_109 <= ((not Net_144_2 and Net_144_1));

Note:  Expanding virtual equation for 'Net_110' (cost = 1):
Net_110 <= ((not Net_144_0 and Net_144_1));

Note:  Expanding virtual equation for 'Net_112' (cost = 2):
Net_112 <= ((not Net_144_1 and Net_144_2));

Note:  Expanding virtual equation for 'Net_121' (cost = 1):
Net_121 <= ((not Net_144_2 and Net_144_1 and Net_144_0));


Substituting virtuals - pass 2:

Note:  Expanding virtual equation for '\BasicCounter:MODULE_1:g2:a0:g1:z1:s0:g1:u0:c_2\' (cost = 4):
\BasicCounter:MODULE_1:g2:a0:g1:z1:s0:g1:u0:c_2\ <= ((Net_144_1 and Net_144_0));

Note:  Expanding virtual equation for '\BasicCounter:MODULE_1:g2:a0:s_1\' (cost = 2):
\BasicCounter:MODULE_1:g2:a0:s_1\ <= ((not Net_144_0 and Net_144_1)
	OR (not Net_144_1 and Net_144_0));

Note:  Expanding virtual equation for '\BasicCounter:MODULE_1:g2:a0:g1:z1:s0:g1:u0:c_18\' (cost = 0):
\BasicCounter:MODULE_1:g2:a0:g1:z1:s0:g1:u0:c_18\ <=  ('0') ;

Note:  Expanding virtual equation for '\BasicCounter:MODULE_1:g2:a0:g1:z1:s0:g1:u0:c_10\' (cost = 0):
\BasicCounter:MODULE_1:g2:a0:g1:z1:s0:g1:u0:c_10\ <=  ('0') ;


Substituting virtuals - pass 3:

Note:  Expanding virtual equation for '\BasicCounter:MODULE_1:g2:a0:g1:z1:s0:g1:u0:c_3\' (cost = 5):
\BasicCounter:MODULE_1:g2:a0:g1:z1:s0:g1:u0:c_3\ <= ((Net_144_2 and Net_144_1 and Net_144_0));

Note:  Expanding virtual equation for '\BasicCounter:MODULE_1:g2:a0:s_2\' (cost = 3):
\BasicCounter:MODULE_1:g2:a0:s_2\ <= ((not Net_144_1 and Net_144_2)
	OR (not Net_144_0 and Net_144_2)
	OR (not Net_144_2 and Net_144_1 and Net_144_0));

Note:  Expanding virtual equation for '\BasicCounter:MODULE_1:g2:a0:g1:z1:s0:g1:u0:c_19\' (cost = 0):
\BasicCounter:MODULE_1:g2:a0:g1:z1:s0:g1:u0:c_19\ <=  ('0') ;

Note:  Expanding virtual equation for '\BasicCounter:MODULE_1:g2:a0:g1:z1:s0:g1:u0:c_11\' (cost = 0):
\BasicCounter:MODULE_1:g2:a0:g1:z1:s0:g1:u0:c_11\ <=  ('0') ;


Substituting virtuals - pass 4:

Note:  Expanding virtual equation for '\BasicCounter:MODULE_1:g2:a0:g1:z1:s0:g1:u0:c_4\' (cost = 6):
\BasicCounter:MODULE_1:g2:a0:g1:z1:s0:g1:u0:c_4\ <= ((Net_144_3 and Net_144_2 and Net_144_1 and Net_144_0));

Note:  Expanding virtual equation for '\BasicCounter:MODULE_1:g2:a0:s_3\' (cost = 4):
\BasicCounter:MODULE_1:g2:a0:s_3\ <= ((not Net_144_2 and Net_144_3)
	OR (not Net_144_1 and Net_144_3)
	OR (not Net_144_0 and Net_144_3)
	OR (not Net_144_3 and Net_144_2 and Net_144_1 and Net_144_0));

Note:  Expanding virtual equation for '\BasicCounter:MODULE_1:g2:a0:g1:z1:s0:g1:u0:c_20\' (cost = 0):
\BasicCounter:MODULE_1:g2:a0:g1:z1:s0:g1:u0:c_20\ <=  ('0') ;

Note:  Expanding virtual equation for '\BasicCounter:MODULE_1:g2:a0:g1:z1:s0:g1:u0:c_12\' (cost = 0):
\BasicCounter:MODULE_1:g2:a0:g1:z1:s0:g1:u0:c_12\ <=  ('0') ;


Substituting virtuals - pass 5:

Note:  Expanding virtual equation for '\BasicCounter:MODULE_1:g2:a0:g1:z1:s0:g1:u0:c_5\' (cost = 7):
\BasicCounter:MODULE_1:g2:a0:g1:z1:s0:g1:u0:c_5\ <= ((Net_144_4 and Net_144_3 and Net_144_2 and Net_144_1 and Net_144_0));

Note:  Expanding virtual equation for '\BasicCounter:MODULE_1:g2:a0:s_4\' (cost = 5):
\BasicCounter:MODULE_1:g2:a0:s_4\ <= ((not Net_144_3 and Net_144_4)
	OR (not Net_144_2 and Net_144_4)
	OR (not Net_144_1 and Net_144_4)
	OR (not Net_144_0 and Net_144_4)
	OR (not Net_144_4 and Net_144_3 and Net_144_2 and Net_144_1 and Net_144_0));

Note:  Expanding virtual equation for '\BasicCounter:MODULE_1:g2:a0:g1:z1:s0:g1:u0:c_21\' (cost = 0):
\BasicCounter:MODULE_1:g2:a0:g1:z1:s0:g1:u0:c_21\ <=  ('0') ;

Note:  Expanding virtual equation for '\BasicCounter:MODULE_1:g2:a0:g1:z1:s0:g1:u0:c_13\' (cost = 0):
\BasicCounter:MODULE_1:g2:a0:g1:z1:s0:g1:u0:c_13\ <=  ('0') ;


Substituting virtuals - pass 6:

Note:  Expanding virtual equation for '\BasicCounter:MODULE_1:g2:a0:g1:z1:s0:g1:u0:c_6\' (cost = 8):
\BasicCounter:MODULE_1:g2:a0:g1:z1:s0:g1:u0:c_6\ <= ((Net_144_5 and Net_144_4 and Net_144_3 and Net_144_2 and Net_144_1 and Net_144_0));

Note:  Expanding virtual equation for '\BasicCounter:MODULE_1:g2:a0:s_5\' (cost = 6):
\BasicCounter:MODULE_1:g2:a0:s_5\ <= ((not Net_144_4 and Net_144_5)
	OR (not Net_144_3 and Net_144_5)
	OR (not Net_144_2 and Net_144_5)
	OR (not Net_144_1 and Net_144_5)
	OR (not Net_144_0 and Net_144_5)
	OR (not Net_144_5 and Net_144_4 and Net_144_3 and Net_144_2 and Net_144_1 and Net_144_0));

Note:  Expanding virtual equation for '\BasicCounter:MODULE_1:g2:a0:g1:z1:s0:g1:u0:c_22\' (cost = 0):
\BasicCounter:MODULE_1:g2:a0:g1:z1:s0:g1:u0:c_22\ <=  ('0') ;

Note:  Expanding virtual equation for '\BasicCounter:MODULE_1:g2:a0:g1:z1:s0:g1:u0:c_14\' (cost = 0):
\BasicCounter:MODULE_1:g2:a0:g1:z1:s0:g1:u0:c_14\ <=  ('0') ;


Substituting virtuals - pass 7:

Note:  Expanding virtual equation for '\BasicCounter:MODULE_1:g2:a0:g1:z1:s0:g1:u0:c_7\' (cost = 9):
\BasicCounter:MODULE_1:g2:a0:g1:z1:s0:g1:u0:c_7\ <= ((Net_144_6 and Net_144_5 and Net_144_4 and Net_144_3 and Net_144_2 and Net_144_1 and Net_144_0));

Note:  Expanding virtual equation for '\BasicCounter:MODULE_1:g2:a0:s_6\' (cost = 7):
\BasicCounter:MODULE_1:g2:a0:s_6\ <= ((not Net_144_5 and Net_144_6)
	OR (not Net_144_4 and Net_144_6)
	OR (not Net_144_3 and Net_144_6)
	OR (not Net_144_2 and Net_144_6)
	OR (not Net_144_1 and Net_144_6)
	OR (not Net_144_0 and Net_144_6)
	OR (not Net_144_6 and Net_144_5 and Net_144_4 and Net_144_3 and Net_144_2 and Net_144_1 and Net_144_0));

Note:  Expanding virtual equation for '\BasicCounter:MODULE_1:g2:a0:g1:z1:s0:g1:u0:c_23\' (cost = 0):
\BasicCounter:MODULE_1:g2:a0:g1:z1:s0:g1:u0:c_23\ <=  ('0') ;

Note:  Expanding virtual equation for '\BasicCounter:MODULE_1:g2:a0:g1:z1:s0:g1:u0:c_15\' (cost = 0):
\BasicCounter:MODULE_1:g2:a0:g1:z1:s0:g1:u0:c_15\ <=  ('0') ;


Substituting virtuals - pass 8:

Note:  Expanding virtual equation for '\BasicCounter:MODULE_1:g2:a0:s_7\' (cost = 8):
\BasicCounter:MODULE_1:g2:a0:s_7\ <= ((not Net_144_6 and Net_144_7)
	OR (not Net_144_5 and Net_144_7)
	OR (not Net_144_4 and Net_144_7)
	OR (not Net_144_3 and Net_144_7)
	OR (not Net_144_2 and Net_144_7)
	OR (not Net_144_1 and Net_144_7)
	OR (not Net_144_0 and Net_144_7)
	OR (not Net_144_7 and Net_144_6 and Net_144_5 and Net_144_4 and Net_144_3 and Net_144_2 and Net_144_1 and Net_144_0));


Substituting virtuals - pass 9:


----------------------------------------------------------
Circuit simplification results:

	Expanded 38 signals.
	Turned 0 signals into soft nodes.
	Maximum default expansion cost was set at 3.
----------------------------------------------------------

------------------------------------------------------
Alias Detection
------------------------------------------------------
Aliasing \BasicCounter:MODULE_1:g2:a0:g1:z1:s0:g1:u0:b_24\ to zero
Aliasing \BasicCounter:MODULE_1:g2:a0:g1:z1:s0:g1:u0:b_16\ to zero
Removing Lhs of wire \BasicCounter:MODULE_1:g2:a0:g1:z1:s0:g1:u0:b_24\[194] = zero[3]
Removing Lhs of wire \BasicCounter:MODULE_1:g2:a0:g1:z1:s0:g1:u0:b_16\[204] = zero[3]

------------------------------------------------------
Aliased 0 equations, 2 wires.
------------------------------------------------------

----------------------------------------------------------
Circuit simplification
----------------------------------------------------------

Eliminating unused logic - pass 1:


Eliminating unused logic - pass 2:


Substituting virtuals - pass 1:


----------------------------------------------------------
Circuit simplification results:

	Expanded 0 signals.
	Turned 0 signals into soft nodes.
	Maximum default expansion cost was set at 3.
----------------------------------------------------------

topld:  No errors.

CYPRESS_DIR    : C:\Program Files (x86)\Cypress\PSoC Creator\4.2\PSoC Creator\warp
Warp Program   : C:\Program Files (x86)\Cypress\PSoC Creator\4.2\PSoC Creator\warp\bin\warp.exe
Warp Arguments : -yv2 -q10 -ygs -o2 -v3 -.fftcfgtype=LE -ya "-.fftprj=C:\Users\isaac\Documents\PSoC Creator\P6_FILO\FILO.cydsn\FILO.cyprj" -dcpsoc3 FILO.v -verilog
</CYPRESSTAG>
Warp synthesis phase: Elapsed time ==> 0s.539ms
<CYPRESSTAG name="Fitter results...">
<CYPRESSTAG name="Fitter startup details...">
cyp3fit: V4.2.0.641, Family: PSoC3, Started at: Wednesday, 27 May 2020 21:38:23
Options: -yv2 -q10 -ygs -o2 -v3 -.fftcfgtype=LE -ya -.fftprj=C:\Users\isaac\Documents\PSoC Creator\P6_FILO\FILO.cydsn\FILO.cyprj -d CY8C5888LTI-LP097 FILO.v -verilog
</CYPRESSTAG>
<CYPRESSTAG name="Design parsing">
Design parsing phase: Elapsed time ==> 0s.009ms
</CYPRESSTAG>
<CYPRESSTAG name="Tech Mapping">
<CYPRESSTAG name="Initial Mapping" icon="FILE_RPT_TECHM">
    Removed wire end \BasicCounter:MODULE_1:g2:a0:g1:z1:s0:g1:u0:c_24\ kept zero
    Removed wire end \BasicCounter:MODULE_1:g2:a0:g1:z1:s0:g1:u0:c_16\ kept zero
    Removed wire end \BasicCounter:MODULE_1:g2:a0:g1:z1:s0:g1:u0:c_8\ kept \BasicCounter:MODULE_1:g2:a0:g1:z1:s0:g1:u0:b_8\
<CYPRESSTAG name="Global Clock Selection" icon="FILE_RPT_TECHM">
</CYPRESSTAG>

Removing unused cells resulting from optimization
Done removing unused cells.
<CYPRESSTAG name="UDB Clock/Enable Remapping Results">
</CYPRESSTAG>
<CYPRESSTAG name="UDB Routed Clock Assignment">
    Routed Clock: BUT(0):iocell.fb
        Effective Clock: BUT(0):iocell.fb
        Enable Signal: True
</CYPRESSTAG>

Removing unused cells resulting from optimization
Done removing unused cells.
<CYPRESSTAG name="Duplicate Macrocell detection">
</CYPRESSTAG>
</CYPRESSTAG>
<CYPRESSTAG name="Duplicate Macrocell detection">

Removing unused cells resulting from optimization
Done removing unused cells.
</CYPRESSTAG>
<CYPRESSTAG name="Design Equations" icon="FILE_RPT_EQUATION">

------------------------------------------------------------
Design Equations
------------------------------------------------------------
    <CYPRESSTAG name="Pin listing">

    ------------------------------------------------------------
    Pin listing
    ------------------------------------------------------------

    Pin : Name = BUT(0)
        Attributes:
            In Group/Port: True
            In Sync Option: NOSYNC
            Out Sync Option: AUTO
            Interrupt generated: False
            Interrupt mode: NONE
            Drive mode: HI_Z_DIGITAL
            VTrip: CMOS
            Slew: FAST
            Input Sync needed: False
            Output Sync needed: False
            SC shield enabled: False
            POR State: ANY
            LCD Mode: COMMON
            Register Mode: RegComb
            CaSense Mode: NEITHER
            Treat as pin: True
            Is OE Registered: False
            Uses Analog: False
            Can contain Digital: True
            Is SIO: False
            SIO Output Buf: NONREGULATED
            SIO Input Buf: SINGLE_ENDED
            SIO HiFreq: LOW
            SIO Hyst: DISABLED
            SIO Vtrip: MULTIPLIER_0_5
            SIO Multiplier Index: 0
            SIO RefSel: VCC_IO
            Required Capabilities: DIGITAL, ROUTABLE
            Initial Value: 0
            IO Voltage: 0
        PORT MAP (
            pa_out => BUT(0)__PA ,
            fb => Net_150 ,
            pad => BUT(0)_PAD );
        Properties:
        {
        }

    Pin : Name = LED_0(0)
        Attributes:
            In Group/Port: True
            In Sync Option: AUTO
            Out Sync Option: NOSYNC
            Interrupt generated: False
            Interrupt mode: NONE
            Drive mode: CMOS_OUT
            VTrip: EITHER
            Slew: FAST
            Input Sync needed: False
            Output Sync needed: False
            SC shield enabled: False
            POR State: ANY
            LCD Mode: COMMON
            Register Mode: RegComb
            CaSense Mode: NEITHER
            Treat as pin: True
            Is OE Registered: False
            Uses Analog: False
            Can contain Digital: True
            Is SIO: False
            SIO Output Buf: NONREGULATED
            SIO Input Buf: SINGLE_ENDED
            SIO HiFreq: LOW
            SIO Hyst: DISABLED
            SIO Vtrip: MULTIPLIER_0_5
            SIO Multiplier Index: 0
            SIO RefSel: VCC_IO
            Required Capabilities: DIGITAL, ROUTABLE
            Initial Value: 0
            IO Voltage: 0
        PORT MAP (
            pa_out => LED_0(0)__PA ,
            pin_input => Net_96 ,
            pad => LED_0(0)_PAD );
        Properties:
        {
        }

    Pin : Name = LED_1(0)
        Attributes:
            In Group/Port: True
            In Sync Option: AUTO
            Out Sync Option: NOSYNC
            Interrupt generated: False
            Interrupt mode: NONE
            Drive mode: CMOS_OUT
            VTrip: EITHER
            Slew: FAST
            Input Sync needed: False
            Output Sync needed: False
            SC shield enabled: False
            POR State: ANY
            LCD Mode: COMMON
            Register Mode: RegComb
            CaSense Mode: NEITHER
            Treat as pin: True
            Is OE Registered: False
            Uses Analog: False
            Can contain Digital: True
            Is SIO: False
            SIO Output Buf: NONREGULATED
            SIO Input Buf: SINGLE_ENDED
            SIO HiFreq: LOW
            SIO Hyst: DISABLED
            SIO Vtrip: MULTIPLIER_0_5
            SIO Multiplier Index: 0
            SIO RefSel: VCC_IO
            Required Capabilities: DIGITAL, ROUTABLE
            Initial Value: 0
            IO Voltage: 0
        PORT MAP (
            pa_out => LED_1(0)__PA ,
            pin_input => Net_111 ,
            pad => LED_1(0)_PAD );
        Properties:
        {
        }

    Pin : Name = LED_2(0)
        Attributes:
            In Group/Port: True
            In Sync Option: AUTO
            Out Sync Option: NOSYNC
            Interrupt generated: False
            Interrupt mode: NONE
            Drive mode: CMOS_OUT
            VTrip: EITHER
            Slew: FAST
            Input Sync needed: False
            Output Sync needed: False
            SC shield enabled: False
            POR State: ANY
            LCD Mode: COMMON
            Register Mode: RegComb
            CaSense Mode: NEITHER
            Treat as pin: True
            Is OE Registered: False
            Uses Analog: False
            Can contain Digital: True
            Is SIO: False
            SIO Output Buf: NONREGULATED
            SIO Input Buf: SINGLE_ENDED
            SIO HiFreq: LOW
            SIO Hyst: DISABLED
            SIO Vtrip: MULTIPLIER_0_5
            SIO Multiplier Index: 0
            SIO RefSel: VCC_IO
            Required Capabilities: DIGITAL, ROUTABLE
            Initial Value: 0
            IO Voltage: 0
        PORT MAP (
            pa_out => LED_2(0)__PA ,
            pin_input => Net_122 ,
            pad => LED_2(0)_PAD );
        Properties:
        {
        }

    Pin : Name = LED_3(0)
        Attributes:
            In Group/Port: True
            In Sync Option: AUTO
            Out Sync Option: NOSYNC
            Interrupt generated: False
            Interrupt mode: NONE
            Drive mode: CMOS_OUT
            VTrip: EITHER
            Slew: FAST
            Input Sync needed: False
            Output Sync needed: False
            SC shield enabled: False
            POR State: ANY
            LCD Mode: COMMON
            Register Mode: RegComb
            CaSense Mode: NEITHER
            Treat as pin: True
            Is OE Registered: False
            Uses Analog: False
            Can contain Digital: True
            Is SIO: False
            SIO Output Buf: NONREGULATED
            SIO Input Buf: SINGLE_ENDED
            SIO HiFreq: LOW
            SIO Hyst: DISABLED
            SIO Vtrip: MULTIPLIER_0_5
            SIO Multiplier Index: 0
            SIO RefSel: VCC_IO
            Required Capabilities: DIGITAL, ROUTABLE
            Initial Value: 0
            IO Voltage: 0
        PORT MAP (
            pa_out => LED_3(0)__PA ,
            pin_input => Net_126 ,
            pad => LED_3(0)_PAD );
        Properties:
        {
        }
    </CYPRESSTAG>
    <CYPRESSTAG name="Macrocell listing" icon="FILE_RPT_EQUATION">

    ------------------------------------------------------------
    Macrocell listing
    ------------------------------------------------------------

    MacroCell: Name=Net_96, Mode=(Combinatorial)
        Total # of inputs        : 3
        Total # of product terms : 1
            Clock Enable: True
        Main Equation            : 1 pterm
        !(
              !Net_144_2 * !Net_144_1 * !Net_144_0
        );
        Output = Net_96 (fanout=1)

    MacroCell: Name=Net_111, Mode=(Combinatorial)
        Total # of inputs        : 3
        Total # of product terms : 2
            Clock Enable: True
        Main Equation            : 2 pterms
        !(
              !Net_144_2 * !Net_144_1
            + Net_144_2 * Net_144_1 * Net_144_0
        );
        Output = Net_111 (fanout=1)

    MacroCell: Name=Net_122, Mode=(Combinatorial)
        Total # of inputs        : 3
        Total # of product terms : 2
            Clock Enable: True
        Main Equation            : 2 pterms
        (
              !Net_144_2 * Net_144_1 * Net_144_0
            + Net_144_2 * !Net_144_1
        );
        Output = Net_122 (fanout=1)

    MacroCell: Name=Net_126, Mode=(Combinatorial)
        Total # of inputs        : 3
        Total # of product terms : 1
            Clock Enable: True
        Main Equation            : 1 pterm
        (
              Net_144_2 * !Net_144_1 * !Net_144_0
        );
        Output = Net_126 (fanout=1)

    MacroCell: Name=Net_144_2, Mode=(T-Register)
        Total # of inputs        : 2
        Total # of product terms : 1
        List of special equations: 
            Clock  = (Net_150)
            Clock Enable: True
        Main Equation            : 1 pterm
        (
              Net_144_1 * Net_144_0
        );
        Output = Net_144_2 (fanout=4)

    MacroCell: Name=Net_144_1, Mode=(T-Register)
        Total # of inputs        : 1
        Total # of product terms : 1
        List of special equations: 
            Clock  = (Net_150)
            Clock Enable: True
        Main Equation            : 1 pterm
        (
              Net_144_0
        );
        Output = Net_144_1 (fanout=5)

    MacroCell: Name=Net_144_0, Mode=(T-Register)
        Total # of inputs        : 0
        Total # of product terms : 0
        List of special equations: 
            Clock  = (Net_150)
            Clock Enable: True
        Main Equation            : 0 pterms
        !(
            0
        );
        Output = Net_144_0 (fanout=6)
    </CYPRESSTAG>
    <CYPRESSTAG name="Datapath listing">
    </CYPRESSTAG>
    <CYPRESSTAG name="Status register listing">
    </CYPRESSTAG>
    <CYPRESSTAG name="StatusI register listing">
    </CYPRESSTAG>
    <CYPRESSTAG name="Sync listing">
    </CYPRESSTAG>
    <CYPRESSTAG name="Control register listing">
    </CYPRESSTAG>
    <CYPRESSTAG name="Count7 listing">
    </CYPRESSTAG>
    <CYPRESSTAG name="DRQ listing">
    </CYPRESSTAG>
    <CYPRESSTAG name="Interrupt listing">
    </CYPRESSTAG>
</CYPRESSTAG>
<CYPRESSTAG name="Technology mapping summary" expanded>

------------------------------------------------------------
Technology mapping summary
------------------------------------------------------------

Resource Type                 : Used : Free :  Max :  % Used
============================================================
Digital Clocks                :    0 :    8 :    8 :  0.00 %
Analog Clocks                 :    0 :    4 :    4 :  0.00 %
CapSense Buffers              :    0 :    2 :    2 :  0.00 %
Digital Filter Block          :    0 :    1 :    1 :  0.00 %
Interrupts                    :    0 :   32 :   32 :  0.00 %
IO                            :    8 :   40 :   48 : 16.67 %
Segment LCD                   :    0 :    1 :    1 :  0.00 %
CAN 2.0b                      :    0 :    1 :    1 :  0.00 %
I2C                           :    0 :    1 :    1 :  0.00 %
USB                           :    0 :    1 :    1 :  0.00 %
DMA Channels                  :    0 :   24 :   24 :  0.00 %
Timer                         :    0 :    4 :    4 :  0.00 %
UDB                           :      :      :      :        
  Macrocells                  :    7 :  185 :  192 :  3.65 %
  Unique P-terms              :    8 :  376 :  384 :  2.08 %
  Total P-terms               :    8 :      :      :        
  Datapath Cells              :    0 :   24 :   24 :  0.00 %
  Status Cells                :    0 :   24 :   24 :  0.00 %
  Control Cells               :    0 :   24 :   24 :  0.00 %
Opamp                         :    0 :    4 :    4 :  0.00 %
Comparator                    :    0 :    4 :    4 :  0.00 %
Delta-Sigma ADC               :    0 :    1 :    1 :  0.00 %
LPF                           :    0 :    2 :    2 :  0.00 %
SAR ADC                       :    0 :    2 :    2 :  0.00 %
Analog (SC/CT) Blocks         :    0 :    4 :    4 :  0.00 %
DAC                           :      :      :      :        
  VIDAC                       :    0 :    4 :    4 :  0.00 %
</CYPRESSTAG>
Technology Mapping: Elapsed time ==> 0s.057ms
Tech Mapping phase: Elapsed time ==> 0s.143ms
</CYPRESSTAG>
<CYPRESSTAG name="Analog Placement">
Initial Analog Placement Results:
IO_0@[IOP=(0)][IoId=(0)] : BUT(0) (fixed)
IO_1@[IOP=(0)][IoId=(1)] : LED_0(0) (fixed)
IO_2@[IOP=(0)][IoId=(2)] : LED_1(0) (fixed)
IO_3@[IOP=(0)][IoId=(3)] : LED_2(0) (fixed)
IO_4@[IOP=(0)][IoId=(4)] : LED_3(0) (fixed)
Analog Placement phase: Elapsed time ==> 0s.014ms
</CYPRESSTAG>
<CYPRESSTAG name="Analog Routing">
Analog Routing phase: Elapsed time ==> 0s.000ms
</CYPRESSTAG>
<CYPRESSTAG name="Analog Code Generation">
============ Analog Final Answer Routes ============
Dump of CyAnalogRoutingResultsDB
Map of net to items {
}
Map of item to net {
}
Mux Info {
}
Dump of CyP35AnalogRoutingResultsDB
IsVddaHalfUsedForComp = False
IsVddaHalfUsedForSar0 = False
IsVddaHalfUsedForSar1 = False
Analog Code Generation phase: Elapsed time ==> 0s.297ms
</CYPRESSTAG>
<CYPRESSTAG name="Digital Placement">
<CYPRESSTAG name="Detailed placement messages">
I2076: Total run-time: 0.6 sec.

</CYPRESSTAG>
<CYPRESSTAG name="PLD Packing">
<CYPRESSTAG name="PLD Packing Summary" expanded>

------------------------------------------------------------
PLD Packing Summary
------------------------------------------------------------
            Resource Type : Used : Free :  Max :  % Used
    ====================================================
                     PLDs :    2 :   46 :   48 :   4.17%

<CYPRESSTAG name="PLD Statistics">

        PLD Resource Type :     Average/LAB
    =======================================
                   Inputs :            3.00
                   Pterms :            4.00
               Macrocells :            3.50
</CYPRESSTAG>
<CYPRESSTAG name="Packed PLD Contents">
Packed PLD Contents not displayed at this verbose level.</CYPRESSTAG>
</CYPRESSTAG>
PLD Packing: Elapsed time ==> 0s.001ms
</CYPRESSTAG>
<CYPRESSTAG name="Partitioning">
<CYPRESSTAG name="Initial Partitioning Summary">
Initial Partitioning Summary not displayed at this verbose level.</CYPRESSTAG>
<CYPRESSTAG name="Final Partitioning Summary">
Final Partitioning Summary not displayed at this verbose level.</CYPRESSTAG>
Partitioning: Elapsed time ==> 0s.008ms
</CYPRESSTAG>
<CYPRESSTAG name="Final Placement Summary">

------------------------------------------------------------
Final Placement Summary
------------------------------------------------------------

       Resource Type :      Count : Avg Inputs : Avg Outputs
    ========================================================
                 UDB :          1 :       3.00 :       7.00
<CYPRESSTAG name="Final Placement Details">
<CYPRESSTAG name="Component Details">

------------------------------------------------------------
Component Placement Details
------------------------------------------------------------
UDB [UDB=(0,0)] is empty.
UDB [UDB=(0,1)] is empty.
UDB [UDB=(0,2)] is empty.
UDB [UDB=(0,3)] is empty.
UDB [UDB=(0,4)] is empty.
UDB [UDB=(0,5)] is empty.
UDB [UDB=(1,0)] is empty.
UDB [UDB=(1,1)] is empty.
UDB [UDB=(1,2)] is empty.
UDB [UDB=(1,3)] is empty.
UDB [UDB=(1,4)] is empty.
UDB [UDB=(1,5)] is empty.
UDB [UDB=(2,0)] is empty.
UDB [UDB=(2,1)] is empty.
UDB [UDB=(2,2)] is empty.
UDB [UDB=(2,3)] is empty.
UDB [UDB=(2,4)] is empty.
UDB [UDB=(2,5)] is empty.
UDB [UDB=(3,0)] is empty.
UDB [UDB=(3,1)] is empty.
UDB [UDB=(3,2)] is empty.
UDB [UDB=(3,3)] is empty.
UDB [UDB=(3,4)] contents:
LAB@[UDB=(3,4)][LB=0] #macrocells=4, #inputs=3, #pterms=6
{
    [McSlotId=0]:     MacroCell: Name=Net_111, Mode=(Combinatorial) @ [UDB=(3,4)][LB=0][MC=0]
        Total # of inputs        : 3
        Total # of product terms : 2
            Clock Enable: True
        Main Equation            : 2 pterms
        !(
              !Net_144_2 * !Net_144_1
            + Net_144_2 * Net_144_1 * Net_144_0
        );
        Output = Net_111 (fanout=1)
        Properties               : 
        {
        }

    [McSlotId=1]:     MacroCell: Name=Net_122, Mode=(Combinatorial) @ [UDB=(3,4)][LB=0][MC=1]
        Total # of inputs        : 3
        Total # of product terms : 2
            Clock Enable: True
        Main Equation            : 2 pterms
        (
              !Net_144_2 * Net_144_1 * Net_144_0
            + Net_144_2 * !Net_144_1
        );
        Output = Net_122 (fanout=1)
        Properties               : 
        {
        }

    [McSlotId=2]:     MacroCell: Name=Net_144_2, Mode=(T-Register) @ [UDB=(3,4)][LB=0][MC=2]
        Total # of inputs        : 2
        Total # of product terms : 1
        List of special equations: 
            Clock  = (Net_150)
            Clock Enable: True
        Main Equation            : 1 pterm
        (
              Net_144_1 * Net_144_0
        );
        Output = Net_144_2 (fanout=4)
        Properties               : 
        {
        }

    [McSlotId=3]:     MacroCell: Name=Net_144_1, Mode=(T-Register) @ [UDB=(3,4)][LB=0][MC=3]
        Total # of inputs        : 1
        Total # of product terms : 1
        List of special equations: 
            Clock  = (Net_150)
            Clock Enable: True
        Main Equation            : 1 pterm
        (
              Net_144_0
        );
        Output = Net_144_1 (fanout=5)
        Properties               : 
        {
        }
}

LAB@[UDB=(3,4)][LB=1] #macrocells=3, #inputs=3, #pterms=2
{
    [McSlotId=0]:     MacroCell: Name=Net_144_0, Mode=(T-Register) @ [UDB=(3,4)][LB=1][MC=0]
        Total # of inputs        : 0
        Total # of product terms : 0
        List of special equations: 
            Clock  = (Net_150)
            Clock Enable: True
        Main Equation            : 0 pterms
        !(
            0
        );
        Output = Net_144_0 (fanout=6)
        Properties               : 
        {
        }

    [McSlotId=1]:     MacroCell: Name=Net_126, Mode=(Combinatorial) @ [UDB=(3,4)][LB=1][MC=1]
        Total # of inputs        : 3
        Total # of product terms : 1
            Clock Enable: True
        Main Equation            : 1 pterm
        (
              Net_144_2 * !Net_144_1 * !Net_144_0
        );
        Output = Net_126 (fanout=1)
        Properties               : 
        {
        }

    [McSlotId=2]:     MacroCell: Name=Net_96, Mode=(Combinatorial) @ [UDB=(3,4)][LB=1][MC=2]
        Total # of inputs        : 3
        Total # of product terms : 1
            Clock Enable: True
        Main Equation            : 1 pterm
        !(
              !Net_144_2 * !Net_144_1 * !Net_144_0
        );
        Output = Net_96 (fanout=1)
        Properties               : 
        {
        }

    [McSlotId=3]: (empty)
}

UDB [UDB=(3,5)] is empty.
Intr container @ [IntrContainer=(0)]: empty
Drq container @ [DrqContainer=(0)]: empty
Port 0 contains the following IO cells:
[IoId=0]: 
Pin : Name = BUT(0)
    Attributes:
        In Group/Port: True
        In Sync Option: NOSYNC
        Out Sync Option: AUTO
        Interrupt generated: False
        Interrupt mode: NONE
        Drive mode: HI_Z_DIGITAL
        VTrip: CMOS
        Slew: FAST
        Input Sync needed: False
        Output Sync needed: False
        SC shield enabled: False
        POR State: ANY
        LCD Mode: COMMON
        Register Mode: RegComb
        CaSense Mode: NEITHER
        Treat as pin: True
        Is OE Registered: False
        Uses Analog: False
        Can contain Digital: True
        Is SIO: False
        SIO Output Buf: NONREGULATED
        SIO Input Buf: SINGLE_ENDED
        SIO HiFreq: LOW
        SIO Hyst: DISABLED
        SIO Vtrip: MULTIPLIER_0_5
        SIO Multiplier Index: 0
        SIO RefSel: VCC_IO
        Required Capabilities: DIGITAL, ROUTABLE
        Initial Value: 0
        IO Voltage: 0
    PORT MAP (
        pa_out => BUT(0)__PA ,
        fb => Net_150 ,
        pad => BUT(0)_PAD );
    Properties:
    {
    }

[IoId=1]: 
Pin : Name = LED_0(0)
    Attributes:
        In Group/Port: True
        In Sync Option: AUTO
        Out Sync Option: NOSYNC
        Interrupt generated: False
        Interrupt mode: NONE
        Drive mode: CMOS_OUT
        VTrip: EITHER
        Slew: FAST
        Input Sync needed: False
        Output Sync needed: False
        SC shield enabled: False
        POR State: ANY
        LCD Mode: COMMON
        Register Mode: RegComb
        CaSense Mode: NEITHER
        Treat as pin: True
        Is OE Registered: False
        Uses Analog: False
        Can contain Digital: True
        Is SIO: False
        SIO Output Buf: NONREGULATED
        SIO Input Buf: SINGLE_ENDED
        SIO HiFreq: LOW
        SIO Hyst: DISABLED
        SIO Vtrip: MULTIPLIER_0_5
        SIO Multiplier Index: 0
        SIO RefSel: VCC_IO
        Required Capabilities: DIGITAL, ROUTABLE
        Initial Value: 0
        IO Voltage: 0
    PORT MAP (
        pa_out => LED_0(0)__PA ,
        pin_input => Net_96 ,
        pad => LED_0(0)_PAD );
    Properties:
    {
    }

[IoId=2]: 
Pin : Name = LED_1(0)
    Attributes:
        In Group/Port: True
        In Sync Option: AUTO
        Out Sync Option: NOSYNC
        Interrupt generated: False
        Interrupt mode: NONE
        Drive mode: CMOS_OUT
        VTrip: EITHER
        Slew: FAST
        Input Sync needed: False
        Output Sync needed: False
        SC shield enabled: False
        POR State: ANY
        LCD Mode: COMMON
        Register Mode: RegComb
        CaSense Mode: NEITHER
        Treat as pin: True
        Is OE Registered: False
        Uses Analog: False
        Can contain Digital: True
        Is SIO: False
        SIO Output Buf: NONREGULATED
        SIO Input Buf: SINGLE_ENDED
        SIO HiFreq: LOW
        SIO Hyst: DISABLED
        SIO Vtrip: MULTIPLIER_0_5
        SIO Multiplier Index: 0
        SIO RefSel: VCC_IO
        Required Capabilities: DIGITAL, ROUTABLE
        Initial Value: 0
        IO Voltage: 0
    PORT MAP (
        pa_out => LED_1(0)__PA ,
        pin_input => Net_111 ,
        pad => LED_1(0)_PAD );
    Properties:
    {
    }

[IoId=3]: 
Pin : Name = LED_2(0)
    Attributes:
        In Group/Port: True
        In Sync Option: AUTO
        Out Sync Option: NOSYNC
        Interrupt generated: False
        Interrupt mode: NONE
        Drive mode: CMOS_OUT
        VTrip: EITHER
        Slew: FAST
        Input Sync needed: False
        Output Sync needed: False
        SC shield enabled: False
        POR State: ANY
        LCD Mode: COMMON
        Register Mode: RegComb
        CaSense Mode: NEITHER
        Treat as pin: True
        Is OE Registered: False
        Uses Analog: False
        Can contain Digital: True
        Is SIO: False
        SIO Output Buf: NONREGULATED
        SIO Input Buf: SINGLE_ENDED
        SIO HiFreq: LOW
        SIO Hyst: DISABLED
        SIO Vtrip: MULTIPLIER_0_5
        SIO Multiplier Index: 0
        SIO RefSel: VCC_IO
        Required Capabilities: DIGITAL, ROUTABLE
        Initial Value: 0
        IO Voltage: 0
    PORT MAP (
        pa_out => LED_2(0)__PA ,
        pin_input => Net_122 ,
        pad => LED_2(0)_PAD );
    Properties:
    {
    }

[IoId=4]: 
Pin : Name = LED_3(0)
    Attributes:
        In Group/Port: True
        In Sync Option: AUTO
        Out Sync Option: NOSYNC
        Interrupt generated: False
        Interrupt mode: NONE
        Drive mode: CMOS_OUT
        VTrip: EITHER
        Slew: FAST
        Input Sync needed: False
        Output Sync needed: False
        SC shield enabled: False
        POR State: ANY
        LCD Mode: COMMON
        Register Mode: RegComb
        CaSense Mode: NEITHER
        Treat as pin: True
        Is OE Registered: False
        Uses Analog: False
        Can contain Digital: True
        Is SIO: False
        SIO Output Buf: NONREGULATED
        SIO Input Buf: SINGLE_ENDED
        SIO HiFreq: LOW
        SIO Hyst: DISABLED
        SIO Vtrip: MULTIPLIER_0_5
        SIO Multiplier Index: 0
        SIO RefSel: VCC_IO
        Required Capabilities: DIGITAL, ROUTABLE
        Initial Value: 0
        IO Voltage: 0
    PORT MAP (
        pa_out => LED_3(0)__PA ,
        pin_input => Net_126 ,
        pad => LED_3(0)_PAD );
    Properties:
    {
    }

Port 1 contains the following IO cells:
Port 2 contains the following IO cells:
Port 3 contains the following IO cells:
Port 12 contains the following IO cells:
Port 15 contains the following IO cells:
ARM group 0: empty
CAN group 0: empty
Cache group 0: empty
CapSense group 0: empty
Clock group 0: 
    Clock Block @ F(Clock,0): 
    clockblockcell: Name =ClockBlock
        PORT MAP (
            imo => ClockBlock_IMO ,
            pllout => ClockBlock_PLL_OUT ,
            ilo => ClockBlock_ILO ,
            clk_100k => ClockBlock_100k ,
            clk_1k => ClockBlock_1k ,
            clk_32k => ClockBlock_32k ,
            xtal => ClockBlock_XTAL ,
            clk_32k_xtal => ClockBlock_XTAL_32KHZ ,
            clk_sync => ClockBlock_MASTER_CLK ,
            clk_bus_glb => ClockBlock_BUS_CLK ,
            clk_bus => ClockBlock_BUS_CLK_local );
        Properties:
        {
        }
Comparator group 0: empty
DFB group 0: empty
DSM group 0: empty
Decimator group 0: empty
EMIF group 0: empty
I2C group 0: empty
LCD group 0: empty
LVD group 0: empty
PICU group 0: empty
PM group 0: empty
SC group 0: empty
SPC group 0: empty
Timer group 0: empty
USB group 0: empty
VIDAC group 0: empty
OpAmp group 0: empty
CsAbuf group 0: empty
Vref group 0: empty
LPF group 0: empty
SAR group 0: empty
ANAIF group 0: empty
PHUB group 0: empty
</CYPRESSTAG>
<CYPRESSTAG name="Port Configuration Details">

------------------------------------------------------------
Port Configuration report
------------------------------------------------------------
     |     |       | Interrupt |                  |          | 
Port | Pin | Fixed |      Type |       Drive Mode |     Name | Connections
-----+-----+-------+-----------+------------------+----------+------------
   0 |   0 |     * |      NONE |     HI_Z_DIGITAL |   BUT(0) | FB(Net_150)
     |   1 |     * |      NONE |         CMOS_OUT | LED_0(0) | In(Net_96)
     |   2 |     * |      NONE |         CMOS_OUT | LED_1(0) | In(Net_111)
     |   3 |     * |      NONE |         CMOS_OUT | LED_2(0) | In(Net_122)
     |   4 |     * |      NONE |         CMOS_OUT | LED_3(0) | In(Net_126)
--------------------------------------------------------------------------
</CYPRESSTAG>
</CYPRESSTAG>
</CYPRESSTAG>
Digital component placer commit/Report: Elapsed time ==> 0s.010ms
Digital Placement phase: Elapsed time ==> 0s.811ms
</CYPRESSTAG>
<CYPRESSTAG name="Digital Routing">
"C:\Program Files (x86)\Cypress\PSoC Creator\4.2\PSoC Creator\bin/sjrouter.exe" --xml-path "C:\Program Files (x86)\Cypress\PSoC Creator\4.2\PSoC Creator\dev\psoc5/psoc5lp/route_arch-rrg.cydata" --vh2-path "FILO_r.vh2" --pcf-path "FILO.pco" --des-name "FILO" --dsf-path "FILO.dsf" --sdc-path "FILO.sdc" --lib-path "FILO_r.lib"
Routing successful.
Digital Routing phase: Elapsed time ==> 1s.186ms
</CYPRESSTAG>
<CYPRESSTAG name="Bitstream Generation">
Bitstream Generation phase: Elapsed time ==> 0s.243ms
</CYPRESSTAG>
<CYPRESSTAG name="Bitstream Verification">
Bitstream Verification phase: Elapsed time ==> 0s.032ms
</CYPRESSTAG>
<CYPRESSTAG name="Static timing analysis">
Timing report is in FILO_timing.html.
Static timing analysis phase: Elapsed time ==> 0s.227ms
</CYPRESSTAG>
<CYPRESSTAG name="Data reporting">
Data reporting phase: Elapsed time ==> 0s.000ms
</CYPRESSTAG>
<CYPRESSTAG name="Database update...">
Design database save phase: Elapsed time ==> 0s.184ms
</CYPRESSTAG>
cydsfit: Elapsed time ==> 3s.201ms
</CYPRESSTAG>
Fitter phase: Elapsed time ==> 3s.202ms
API generation phase: Elapsed time ==> 1s.103ms
Dependency generation phase: Elapsed time ==> 0s.028ms
Cleanup phase: Elapsed time ==> 0s.000ms
