ARM GAS  C:\Users\isaac\AppData\Local\Temp\ccFlfJqd.s 			page 1


   1              		.syntax unified
   2              		.cpu cortex-m3
   3              		.fpu softvfp
   4              		.eabi_attribute 20, 1
   5              		.eabi_attribute 21, 1
   6              		.eabi_attribute 23, 3
   7              		.eabi_attribute 24, 1
   8              		.eabi_attribute 25, 1
   9              		.eabi_attribute 26, 1
  10              		.eabi_attribute 30, 1
  11              		.eabi_attribute 34, 1
  12              		.eabi_attribute 18, 4
  13              		.thumb
  14              		.syntax unified
  15              		.file	"main.c"
  16              		.text
  17              	.Ltext0:
  18              		.cfi_sections	.debug_frame
  19              		.section	.text.main,"ax",%progbits
  20              		.align	2
  21              		.global	main
  22              		.thumb
  23              		.thumb_func
  24              		.type	main, %function
  25              	main:
  26              	.LFB63:
  27              		.file 1 "main.c"
   1:main.c        **** #include "project.h"
   2:main.c        **** 
   3:main.c        **** int main(void)
   4:main.c        **** {
  28              		.loc 1 4 0
  29              		.cfi_startproc
  30              		@ Volatile: function does not return.
  31              		@ args = 0, pretend = 0, frame = 0
  32              		@ frame_needed = 0, uses_anonymous_args = 0
  33 0000 08B5     		push	{r3, lr}
  34              		.cfi_def_cfa_offset 8
  35              		.cfi_offset 3, -8
  36              		.cfi_offset 14, -4
   5:main.c        ****     CyGlobalIntEnable; 
  37              		.loc 1 5 0
  38              		.syntax unified
  39              	@ 5 "main.c" 1
  40 0002 62B6     		CPSIE   i
  41              	@ 0 "" 2
   6:main.c        ****     CapSense_Start();
  42              		.loc 1 6 0
  43              		.thumb
  44              		.syntax unified
  45 0004 FFF7FEFF 		bl	CapSense_Start
  46              	.LVL0:
   7:main.c        ****     CapSense_InitializeAllBaselines();
  47              		.loc 1 7 0
  48 0008 FFF7FEFF 		bl	CapSense_InitializeAllBaselines
  49              	.LVL1:
  50              	.L3:
ARM GAS  C:\Users\isaac\AppData\Local\Temp\ccFlfJqd.s 			page 2


   8:main.c        ****     
   9:main.c        ****     for(;;)
  10:main.c        ****     {
  11:main.c        ****         CapSense_ScanEnabledWidgets();
  51              		.loc 1 11 0
  52 000c FFF7FEFF 		bl	CapSense_ScanEnabledWidgets
  53              	.LVL2:
  12:main.c        ****         CapSense_EnableWidget(CapSense_PROXIMITYSENSOR0__PROX);
  54              		.loc 1 12 0
  55 0010 0020     		movs	r0, #0
  56 0012 FFF7FEFF 		bl	CapSense_EnableWidget
  57              	.LVL3:
  13:main.c        ****      if (!CapSense_IsBusy())
  58              		.loc 1 13 0
  59 0016 FFF7FEFF 		bl	CapSense_IsBusy
  60              	.LVL4:
  61 001a 30B9     		cbnz	r0, .L2
  14:main.c        ****         {
  15:main.c        ****             LED_Write(!CapSense_CheckIsWidgetActive(CapSense_PROXIMITYSENSOR0__PROX));
  62              		.loc 1 15 0
  63 001c FFF7FEFF 		bl	CapSense_CheckIsWidgetActive
  64              	.LVL5:
  65 0020 B0FA80F0 		clz	r0, r0
  66 0024 4009     		lsrs	r0, r0, #5
  67 0026 FFF7FEFF 		bl	LED_Write
  68              	.LVL6:
  69              	.L2:
  16:main.c        ****         }  
  17:main.c        ****         CapSense_UpdateEnabledBaselines();
  70              		.loc 1 17 0
  71 002a FFF7FEFF 		bl	CapSense_UpdateEnabledBaselines
  72              	.LVL7:
  18:main.c        ****     }
  73              		.loc 1 18 0
  74 002e EDE7     		b	.L3
  75              		.cfi_endproc
  76              	.LFE63:
  77              		.size	main, .-main
  78              		.text
  79              	.Letext0:
  80              		.file 2 "c:\\program files (x86)\\cypress\\psoc creator\\4.2\\psoc creator\\import\\gnu\\arm\\5.4.
  81              		.file 3 "c:\\program files (x86)\\cypress\\psoc creator\\4.2\\psoc creator\\import\\gnu\\arm\\5.4.
  82              		.file 4 "Generated_Source\\PSoC5/CapSense.h"
  83              		.file 5 "Generated_Source\\PSoC5/CapSense_CSHL.h"
  84              		.file 6 "Generated_Source\\PSoC5/LED.h"
  85              		.file 7 "Generated_Source\\PSoC5/core_cm3.h"
  86              		.section	.debug_info,"",%progbits
  87              	.Ldebug_info0:
  88 0000 76010000 		.4byte	0x176
  89 0004 0400     		.2byte	0x4
  90 0006 00000000 		.4byte	.Ldebug_abbrev0
  91 000a 04       		.byte	0x4
  92 000b 01       		.uleb128 0x1
  93 000c B2000000 		.4byte	.LASF24
  94 0010 0C       		.byte	0xc
  95 0011 A6000000 		.4byte	.LASF25
  96 0015 21000000 		.4byte	.LASF26
ARM GAS  C:\Users\isaac\AppData\Local\Temp\ccFlfJqd.s 			page 3


  97 0019 00000000 		.4byte	.Ldebug_ranges0+0
  98 001d 00000000 		.4byte	0
  99 0021 00000000 		.4byte	.Ldebug_line0
 100 0025 02       		.uleb128 0x2
 101 0026 01       		.byte	0x1
 102 0027 06       		.byte	0x6
 103 0028 E3010000 		.4byte	.LASF0
 104 002c 02       		.uleb128 0x2
 105 002d 01       		.byte	0x1
 106 002e 08       		.byte	0x8
 107 002f 93010000 		.4byte	.LASF1
 108 0033 02       		.uleb128 0x2
 109 0034 02       		.byte	0x2
 110 0035 05       		.byte	0x5
 111 0036 2A020000 		.4byte	.LASF2
 112 003a 02       		.uleb128 0x2
 113 003b 02       		.byte	0x2
 114 003c 07       		.byte	0x7
 115 003d 0E000000 		.4byte	.LASF3
 116 0041 03       		.uleb128 0x3
 117 0042 FB010000 		.4byte	.LASF9
 118 0046 02       		.byte	0x2
 119 0047 3F       		.byte	0x3f
 120 0048 4C000000 		.4byte	0x4c
 121 004c 02       		.uleb128 0x2
 122 004d 04       		.byte	0x4
 123 004e 05       		.byte	0x5
 124 004f A6010000 		.4byte	.LASF4
 125 0053 02       		.uleb128 0x2
 126 0054 04       		.byte	0x4
 127 0055 07       		.byte	0x7
 128 0056 4A010000 		.4byte	.LASF5
 129 005a 02       		.uleb128 0x2
 130 005b 08       		.byte	0x8
 131 005c 05       		.byte	0x5
 132 005d 00000000 		.4byte	.LASF6
 133 0061 02       		.uleb128 0x2
 134 0062 08       		.byte	0x8
 135 0063 07       		.byte	0x7
 136 0064 5C010000 		.4byte	.LASF7
 137 0068 04       		.uleb128 0x4
 138 0069 04       		.byte	0x4
 139 006a 05       		.byte	0x5
 140 006b 696E7400 		.ascii	"int\000"
 141 006f 02       		.uleb128 0x2
 142 0070 04       		.byte	0x4
 143 0071 07       		.byte	0x7
 144 0072 66000000 		.4byte	.LASF8
 145 0076 03       		.uleb128 0x3
 146 0077 34020000 		.4byte	.LASF10
 147 007b 03       		.byte	0x3
 148 007c 2C       		.byte	0x2c
 149 007d 41000000 		.4byte	0x41
 150 0081 02       		.uleb128 0x2
 151 0082 04       		.byte	0x4
 152 0083 04       		.byte	0x4
 153 0084 14020000 		.4byte	.LASF11
ARM GAS  C:\Users\isaac\AppData\Local\Temp\ccFlfJqd.s 			page 4


 154 0088 02       		.uleb128 0x2
 155 0089 08       		.byte	0x8
 156 008a 04       		.byte	0x4
 157 008b AF010000 		.4byte	.LASF12
 158 008f 02       		.uleb128 0x2
 159 0090 01       		.byte	0x1
 160 0091 08       		.byte	0x8
 161 0092 A1010000 		.4byte	.LASF13
 162 0096 02       		.uleb128 0x2
 163 0097 08       		.byte	0x8
 164 0098 04       		.byte	0x4
 165 0099 EF010000 		.4byte	.LASF14
 166 009d 02       		.uleb128 0x2
 167 009e 04       		.byte	0x4
 168 009f 07       		.byte	0x7
 169 00a0 3C020000 		.4byte	.LASF15
 170 00a4 05       		.uleb128 0x5
 171 00a5 AD000000 		.4byte	.LASF27
 172 00a9 01       		.byte	0x1
 173 00aa 03       		.byte	0x3
 174 00ab 68000000 		.4byte	0x68
 175 00af 00000000 		.4byte	.LFB63
 176 00b3 30000000 		.4byte	.LFE63-.LFB63
 177 00b7 01       		.uleb128 0x1
 178 00b8 9C       		.byte	0x9c
 179 00b9 10010000 		.4byte	0x110
 180 00bd 06       		.uleb128 0x6
 181 00be 08000000 		.4byte	.LVL0
 182 00c2 21010000 		.4byte	0x121
 183 00c6 06       		.uleb128 0x6
 184 00c7 0C000000 		.4byte	.LVL1
 185 00cb 2C010000 		.4byte	0x12c
 186 00cf 06       		.uleb128 0x6
 187 00d0 10000000 		.4byte	.LVL2
 188 00d4 37010000 		.4byte	0x137
 189 00d8 07       		.uleb128 0x7
 190 00d9 16000000 		.4byte	.LVL3
 191 00dd 42010000 		.4byte	0x142
 192 00e1 EB000000 		.4byte	0xeb
 193 00e5 08       		.uleb128 0x8
 194 00e6 01       		.uleb128 0x1
 195 00e7 50       		.byte	0x50
 196 00e8 01       		.uleb128 0x1
 197 00e9 30       		.byte	0x30
 198 00ea 00       		.byte	0
 199 00eb 06       		.uleb128 0x6
 200 00ec 1A000000 		.4byte	.LVL4
 201 00f0 4D010000 		.4byte	0x14d
 202 00f4 06       		.uleb128 0x6
 203 00f5 20000000 		.4byte	.LVL5
 204 00f9 58010000 		.4byte	0x158
 205 00fd 06       		.uleb128 0x6
 206 00fe 2A000000 		.4byte	.LVL6
 207 0102 63010000 		.4byte	0x163
 208 0106 06       		.uleb128 0x6
 209 0107 2E000000 		.4byte	.LVL7
 210 010b 6E010000 		.4byte	0x16e
ARM GAS  C:\Users\isaac\AppData\Local\Temp\ccFlfJqd.s 			page 5


 211 010f 00       		.byte	0
 212 0110 09       		.uleb128 0x9
 213 0111 D6010000 		.4byte	.LASF28
 214 0115 07       		.byte	0x7
 215 0116 1207     		.2byte	0x712
 216 0118 1C010000 		.4byte	0x11c
 217 011c 0A       		.uleb128 0xa
 218 011d 76000000 		.4byte	0x76
 219 0121 0B       		.uleb128 0xb
 220 0122 05020000 		.4byte	.LASF16
 221 0126 05020000 		.4byte	.LASF16
 222 012a 04       		.byte	0x4
 223 012b 93       		.byte	0x93
 224 012c 0B       		.uleb128 0xb
 225 012d 73010000 		.4byte	.LASF17
 226 0131 73010000 		.4byte	.LASF17
 227 0135 05       		.byte	0x5
 228 0136 95       		.byte	0x95
 229 0137 0B       		.uleb128 0xb
 230 0138 45020000 		.4byte	.LASF18
 231 013c 45020000 		.4byte	.LASF18
 232 0140 04       		.byte	0x4
 233 0141 9B       		.byte	0x9b
 234 0142 0B       		.uleb128 0xb
 235 0143 73000000 		.4byte	.LASF19
 236 0147 73000000 		.4byte	.LASF19
 237 014b 05       		.byte	0x5
 238 014c 9D       		.byte	0x9d
 239 014d 0B       		.uleb128 0xb
 240 014e 1A020000 		.4byte	.LASF20
 241 0152 1A020000 		.4byte	.LASF20
 242 0156 04       		.byte	0x4
 243 0157 99       		.byte	0x99
 244 0158 0B       		.uleb128 0xb
 245 0159 89000000 		.4byte	.LASF21
 246 015d 89000000 		.4byte	.LASF21
 247 0161 05       		.byte	0x5
 248 0162 9B       		.byte	0x9b
 249 0163 0B       		.uleb128 0xb
 250 0164 40010000 		.4byte	.LASF22
 251 0168 40010000 		.4byte	.LASF22
 252 016c 06       		.byte	0x6
 253 016d 26       		.byte	0x26
 254 016e 0B       		.uleb128 0xb
 255 016f B6010000 		.4byte	.LASF23
 256 0173 B6010000 		.4byte	.LASF23
 257 0177 05       		.byte	0x5
 258 0178 99       		.byte	0x99
 259 0179 00       		.byte	0
 260              		.section	.debug_abbrev,"",%progbits
 261              	.Ldebug_abbrev0:
 262 0000 01       		.uleb128 0x1
 263 0001 11       		.uleb128 0x11
 264 0002 01       		.byte	0x1
 265 0003 25       		.uleb128 0x25
 266 0004 0E       		.uleb128 0xe
 267 0005 13       		.uleb128 0x13
ARM GAS  C:\Users\isaac\AppData\Local\Temp\ccFlfJqd.s 			page 6


 268 0006 0B       		.uleb128 0xb
 269 0007 03       		.uleb128 0x3
 270 0008 0E       		.uleb128 0xe
 271 0009 1B       		.uleb128 0x1b
 272 000a 0E       		.uleb128 0xe
 273 000b 55       		.uleb128 0x55
 274 000c 17       		.uleb128 0x17
 275 000d 11       		.uleb128 0x11
 276 000e 01       		.uleb128 0x1
 277 000f 10       		.uleb128 0x10
 278 0010 17       		.uleb128 0x17
 279 0011 00       		.byte	0
 280 0012 00       		.byte	0
 281 0013 02       		.uleb128 0x2
 282 0014 24       		.uleb128 0x24
 283 0015 00       		.byte	0
 284 0016 0B       		.uleb128 0xb
 285 0017 0B       		.uleb128 0xb
 286 0018 3E       		.uleb128 0x3e
 287 0019 0B       		.uleb128 0xb
 288 001a 03       		.uleb128 0x3
 289 001b 0E       		.uleb128 0xe
 290 001c 00       		.byte	0
 291 001d 00       		.byte	0
 292 001e 03       		.uleb128 0x3
 293 001f 16       		.uleb128 0x16
 294 0020 00       		.byte	0
 295 0021 03       		.uleb128 0x3
 296 0022 0E       		.uleb128 0xe
 297 0023 3A       		.uleb128 0x3a
 298 0024 0B       		.uleb128 0xb
 299 0025 3B       		.uleb128 0x3b
 300 0026 0B       		.uleb128 0xb
 301 0027 49       		.uleb128 0x49
 302 0028 13       		.uleb128 0x13
 303 0029 00       		.byte	0
 304 002a 00       		.byte	0
 305 002b 04       		.uleb128 0x4
 306 002c 24       		.uleb128 0x24
 307 002d 00       		.byte	0
 308 002e 0B       		.uleb128 0xb
 309 002f 0B       		.uleb128 0xb
 310 0030 3E       		.uleb128 0x3e
 311 0031 0B       		.uleb128 0xb
 312 0032 03       		.uleb128 0x3
 313 0033 08       		.uleb128 0x8
 314 0034 00       		.byte	0
 315 0035 00       		.byte	0
 316 0036 05       		.uleb128 0x5
 317 0037 2E       		.uleb128 0x2e
 318 0038 01       		.byte	0x1
 319 0039 3F       		.uleb128 0x3f
 320 003a 19       		.uleb128 0x19
 321 003b 03       		.uleb128 0x3
 322 003c 0E       		.uleb128 0xe
 323 003d 3A       		.uleb128 0x3a
 324 003e 0B       		.uleb128 0xb
ARM GAS  C:\Users\isaac\AppData\Local\Temp\ccFlfJqd.s 			page 7


 325 003f 3B       		.uleb128 0x3b
 326 0040 0B       		.uleb128 0xb
 327 0041 27       		.uleb128 0x27
 328 0042 19       		.uleb128 0x19
 329 0043 49       		.uleb128 0x49
 330 0044 13       		.uleb128 0x13
 331 0045 8701     		.uleb128 0x87
 332 0047 19       		.uleb128 0x19
 333 0048 11       		.uleb128 0x11
 334 0049 01       		.uleb128 0x1
 335 004a 12       		.uleb128 0x12
 336 004b 06       		.uleb128 0x6
 337 004c 40       		.uleb128 0x40
 338 004d 18       		.uleb128 0x18
 339 004e 9742     		.uleb128 0x2117
 340 0050 19       		.uleb128 0x19
 341 0051 01       		.uleb128 0x1
 342 0052 13       		.uleb128 0x13
 343 0053 00       		.byte	0
 344 0054 00       		.byte	0
 345 0055 06       		.uleb128 0x6
 346 0056 898201   		.uleb128 0x4109
 347 0059 00       		.byte	0
 348 005a 11       		.uleb128 0x11
 349 005b 01       		.uleb128 0x1
 350 005c 31       		.uleb128 0x31
 351 005d 13       		.uleb128 0x13
 352 005e 00       		.byte	0
 353 005f 00       		.byte	0
 354 0060 07       		.uleb128 0x7
 355 0061 898201   		.uleb128 0x4109
 356 0064 01       		.byte	0x1
 357 0065 11       		.uleb128 0x11
 358 0066 01       		.uleb128 0x1
 359 0067 31       		.uleb128 0x31
 360 0068 13       		.uleb128 0x13
 361 0069 01       		.uleb128 0x1
 362 006a 13       		.uleb128 0x13
 363 006b 00       		.byte	0
 364 006c 00       		.byte	0
 365 006d 08       		.uleb128 0x8
 366 006e 8A8201   		.uleb128 0x410a
 367 0071 00       		.byte	0
 368 0072 02       		.uleb128 0x2
 369 0073 18       		.uleb128 0x18
 370 0074 9142     		.uleb128 0x2111
 371 0076 18       		.uleb128 0x18
 372 0077 00       		.byte	0
 373 0078 00       		.byte	0
 374 0079 09       		.uleb128 0x9
 375 007a 34       		.uleb128 0x34
 376 007b 00       		.byte	0
 377 007c 03       		.uleb128 0x3
 378 007d 0E       		.uleb128 0xe
 379 007e 3A       		.uleb128 0x3a
 380 007f 0B       		.uleb128 0xb
 381 0080 3B       		.uleb128 0x3b
ARM GAS  C:\Users\isaac\AppData\Local\Temp\ccFlfJqd.s 			page 8


 382 0081 05       		.uleb128 0x5
 383 0082 49       		.uleb128 0x49
 384 0083 13       		.uleb128 0x13
 385 0084 3F       		.uleb128 0x3f
 386 0085 19       		.uleb128 0x19
 387 0086 3C       		.uleb128 0x3c
 388 0087 19       		.uleb128 0x19
 389 0088 00       		.byte	0
 390 0089 00       		.byte	0
 391 008a 0A       		.uleb128 0xa
 392 008b 35       		.uleb128 0x35
 393 008c 00       		.byte	0
 394 008d 49       		.uleb128 0x49
 395 008e 13       		.uleb128 0x13
 396 008f 00       		.byte	0
 397 0090 00       		.byte	0
 398 0091 0B       		.uleb128 0xb
 399 0092 2E       		.uleb128 0x2e
 400 0093 00       		.byte	0
 401 0094 3F       		.uleb128 0x3f
 402 0095 19       		.uleb128 0x19
 403 0096 3C       		.uleb128 0x3c
 404 0097 19       		.uleb128 0x19
 405 0098 6E       		.uleb128 0x6e
 406 0099 0E       		.uleb128 0xe
 407 009a 03       		.uleb128 0x3
 408 009b 0E       		.uleb128 0xe
 409 009c 3A       		.uleb128 0x3a
 410 009d 0B       		.uleb128 0xb
 411 009e 3B       		.uleb128 0x3b
 412 009f 0B       		.uleb128 0xb
 413 00a0 00       		.byte	0
 414 00a1 00       		.byte	0
 415 00a2 00       		.byte	0
 416              		.section	.debug_aranges,"",%progbits
 417 0000 1C000000 		.4byte	0x1c
 418 0004 0200     		.2byte	0x2
 419 0006 00000000 		.4byte	.Ldebug_info0
 420 000a 04       		.byte	0x4
 421 000b 00       		.byte	0
 422 000c 0000     		.2byte	0
 423 000e 0000     		.2byte	0
 424 0010 00000000 		.4byte	.LFB63
 425 0014 30000000 		.4byte	.LFE63-.LFB63
 426 0018 00000000 		.4byte	0
 427 001c 00000000 		.4byte	0
 428              		.section	.debug_ranges,"",%progbits
 429              	.Ldebug_ranges0:
 430 0000 00000000 		.4byte	.LFB63
 431 0004 30000000 		.4byte	.LFE63
 432 0008 00000000 		.4byte	0
 433 000c 00000000 		.4byte	0
 434              		.section	.debug_line,"",%progbits
 435              	.Ldebug_line0:
 436 0000 85010000 		.section	.debug_str,"MS",%progbits,1
 436      02006901 
 436      00000201 
ARM GAS  C:\Users\isaac\AppData\Local\Temp\ccFlfJqd.s 			page 9


 436      FB0E0D00 
 436      01010101 
 437              	.LASF6:
 438 0000 6C6F6E67 		.ascii	"long long int\000"
 438      206C6F6E 
 438      6720696E 
 438      7400
 439              	.LASF3:
 440 000e 73686F72 		.ascii	"short unsigned int\000"
 440      7420756E 
 440      7369676E 
 440      65642069 
 440      6E7400
 441              	.LASF26:
 442 0021 433A5C55 		.ascii	"C:\\Users\\isaac\\Documents\\PSoC Creator\\P3_ProxS"
 442      73657273 
 442      5C697361 
 442      61635C44 
 442      6F63756D 
 443 004f 656E736F 		.ascii	"ensor\\ProxSensor.cydsn\000"
 443      725C5072 
 443      6F785365 
 443      6E736F72 
 443      2E637964 
 444              	.LASF8:
 445 0066 756E7369 		.ascii	"unsigned int\000"
 445      676E6564 
 445      20696E74 
 445      00
 446              	.LASF19:
 447 0073 43617053 		.ascii	"CapSense_EnableWidget\000"
 447      656E7365 
 447      5F456E61 
 447      626C6557 
 447      69646765 
 448              	.LASF21:
 449 0089 43617053 		.ascii	"CapSense_CheckIsWidgetActive\000"
 449      656E7365 
 449      5F436865 
 449      636B4973 
 449      57696467 
 450              	.LASF25:
 451 00a6 6D61696E 		.ascii	"main.c\000"
 451      2E6300
 452              	.LASF27:
 453 00ad 6D61696E 		.ascii	"main\000"
 453      00
 454              	.LASF24:
 455 00b2 474E5520 		.ascii	"GNU C11 5.4.1 20160609 (release) [ARM/embedded-5-br"
 455      43313120 
 455      352E342E 
 455      31203230 
 455      31363036 
 456 00e5 616E6368 		.ascii	"anch revision 237715] -mcpu=cortex-m3 -mthumb -g -O"
 456      20726576 
 456      6973696F 
 456      6E203233 
ARM GAS  C:\Users\isaac\AppData\Local\Temp\ccFlfJqd.s 			page 10


 456      37373135 
 457 0118 67202D66 		.ascii	"g -ffunction-sections -ffat-lto-objects\000"
 457      66756E63 
 457      74696F6E 
 457      2D736563 
 457      74696F6E 
 458              	.LASF22:
 459 0140 4C45445F 		.ascii	"LED_Write\000"
 459      57726974 
 459      6500
 460              	.LASF5:
 461 014a 6C6F6E67 		.ascii	"long unsigned int\000"
 461      20756E73 
 461      69676E65 
 461      6420696E 
 461      7400
 462              	.LASF7:
 463 015c 6C6F6E67 		.ascii	"long long unsigned int\000"
 463      206C6F6E 
 463      6720756E 
 463      7369676E 
 463      65642069 
 464              	.LASF17:
 465 0173 43617053 		.ascii	"CapSense_InitializeAllBaselines\000"
 465      656E7365 
 465      5F496E69 
 465      7469616C 
 465      697A6541 
 466              	.LASF1:
 467 0193 756E7369 		.ascii	"unsigned char\000"
 467      676E6564 
 467      20636861 
 467      7200
 468              	.LASF13:
 469 01a1 63686172 		.ascii	"char\000"
 469      00
 470              	.LASF4:
 471 01a6 6C6F6E67 		.ascii	"long int\000"
 471      20696E74 
 471      00
 472              	.LASF12:
 473 01af 646F7562 		.ascii	"double\000"
 473      6C6500
 474              	.LASF23:
 475 01b6 43617053 		.ascii	"CapSense_UpdateEnabledBaselines\000"
 475      656E7365 
 475      5F557064 
 475      61746545 
 475      6E61626C 
 476              	.LASF28:
 477 01d6 49544D5F 		.ascii	"ITM_RxBuffer\000"
 477      52784275 
 477      66666572 
 477      00
 478              	.LASF0:
 479 01e3 7369676E 		.ascii	"signed char\000"
 479      65642063 
ARM GAS  C:\Users\isaac\AppData\Local\Temp\ccFlfJqd.s 			page 11


 479      68617200 
 480              	.LASF14:
 481 01ef 6C6F6E67 		.ascii	"long double\000"
 481      20646F75 
 481      626C6500 
 482              	.LASF9:
 483 01fb 5F5F696E 		.ascii	"__int32_t\000"
 483      7433325F 
 483      7400
 484              	.LASF16:
 485 0205 43617053 		.ascii	"CapSense_Start\000"
 485      656E7365 
 485      5F537461 
 485      727400
 486              	.LASF11:
 487 0214 666C6F61 		.ascii	"float\000"
 487      7400
 488              	.LASF20:
 489 021a 43617053 		.ascii	"CapSense_IsBusy\000"
 489      656E7365 
 489      5F497342 
 489      75737900 
 490              	.LASF2:
 491 022a 73686F72 		.ascii	"short int\000"
 491      7420696E 
 491      7400
 492              	.LASF10:
 493 0234 696E7433 		.ascii	"int32_t\000"
 493      325F7400 
 494              	.LASF15:
 495 023c 73697A65 		.ascii	"sizetype\000"
 495      74797065 
 495      00
 496              	.LASF18:
 497 0245 43617053 		.ascii	"CapSense_ScanEnabledWidgets\000"
 497      656E7365 
 497      5F536361 
 497      6E456E61 
 497      626C6564 
 498              		.ident	"GCC: (GNU Tools for ARM Embedded Processors) 5.4.1 20160609 (release) [ARM/embedded-5-bran
