--------------- Build Started: 05/18/2020 06:29:58 Project: BatallaNaval, Configuration: ARM GCC 5.4-2016-q2-update Debug ---------------
The code generation step is up to date.
arm-none-eabi-gcc.exe -mcpu=cortex-m3 -mthumb -I. -IGenerated_Source\PSoC5 -Wa,-alh=.\CortexM3\ARM_GCC_541\Debug/main.lst -g -D DEBUG -D CY_CORE_ID=0 -Wall -ffunction-sections -ffat-lto-objects -Og -c main.c -o .\CortexM3\ARM_GCC_541\Debug\main.o
main.c: In function 'UpdateStatus':
main.c:661:5: warning: implicit declaration of function 'sprintf' [-Wimplicit-function-declaration]
     sprintf(mesage,"BST,%c,%c,%d,%d,%d,%d,%d,F\n",state,game_state,player,p1_ships_cur,p1_ammo,p2_ships_cur,p2_ammo);
     ^
main.c:661:5: warning: incompatible implicit declaration of built-in function 'sprintf'
main.c:661:5: note: include '<stdio.h>' or provide a declaration of 'sprintf'
arm-none-eabi-ar.exe -rs .\CortexM3\ARM_GCC_541\Debug\BatallaNaval.a .\CortexM3\ARM_GCC_541\Debug\LCD.o .\CortexM3\ARM_GCC_541\Debug\LCD_PM.o .\CortexM3\ARM_GCC_541\Debug\LCD_CustChars.o .\CortexM3\ARM_GCC_541\Debug\BUT.o .\CortexM3\ARM_GCC_541\Debug\LED.o .\CortexM3\ARM_GCC_541\Debug\UART.o .\CortexM3\ARM_GCC_541\Debug\UART_PM.o .\CortexM3\ARM_GCC_541\Debug\UART_INT.o .\CortexM3\ARM_GCC_541\Debug\UART_BOOT.o .\CortexM3\ARM_GCC_541\Debug\LCD_LCDPort.o .\CortexM3\ARM_GCC_541\Debug\UART_IntClock.o .\CortexM3\ARM_GCC_541\Debug\CyDmac.o .\CortexM3\ARM_GCC_541\Debug\CyFlash.o .\CortexM3\ARM_GCC_541\Debug\CyLib.o .\CortexM3\ARM_GCC_541\Debug\cyPm.o .\CortexM3\ARM_GCC_541\Debug\CySpc.o .\CortexM3\ARM_GCC_541\Debug\cyutils.o .\CortexM3\ARM_GCC_541\Debug\cy_em_eeprom.o .\CortexM3\ARM_GCC_541\Debug\com.o .\CortexM3\ARM_GCC_541\Debug\CyBootAsmGnu.o
arm-none-eabi-ar.exe: creating .\CortexM3\ARM_GCC_541\Debug\BatallaNaval.a
arm-none-eabi-gcc.exe -Wl,--start-group -o "C:\Users\isaac\Documents\PSoC Creator\P1_BatallaNaval\BatallaNaval.cydsn\CortexM3\ARM_GCC_541\Debug\BatallaNaval.elf" .\CortexM3\ARM_GCC_541\Debug\main.o .\CortexM3\ARM_GCC_541\Debug\cyfitter_cfg.o .\CortexM3\ARM_GCC_541\Debug\cymetadata.o .\CortexM3\ARM_GCC_541\Debug\Cm3Start.o .\CortexM3\ARM_GCC_541\Debug\BatallaNaval.a "C:\Program Files (x86)\Cypress\PSoC Creator\4.2\PSoC Creator\psoc\content\cycomponentlibrary\CyComponentLibrary.cylib\CortexM3\ARM_GCC_541\Debug\CyComponentLibrary.a" -mcpu=cortex-m3 -mthumb -L Generated_Source\PSoC5 -Wl,-Map,.\CortexM3\ARM_GCC_541\Debug/BatallaNaval.map -T Generated_Source\PSoC5\cm3gcc.ld -specs=nano.specs -Wl,--gc-sections -g -ffunction-sections -Og -ffat-lto-objects -Wl,--end-group
cyelftool.exe -C "C:\Users\isaac\Documents\PSoC Creator\P1_BatallaNaval\BatallaNaval.cydsn\CortexM3\ARM_GCC_541\Debug\BatallaNaval.elf" --flash_row_size 256 --flash_size 262144 --flash_offset 0x00000000
No ELF section .cychecksum found, creating one
Application checksum calculated and stored in ELF section .cychecksum
Checksum calculated and stored in ELF section .cymeta
cyelftool.exe -S "C:\Users\isaac\Documents\PSoC Creator\P1_BatallaNaval\BatallaNaval.cydsn\CortexM3\ARM_GCC_541\Debug\BatallaNaval.elf"
Flash used: 10360 of 262144 bytes (4.0%).
SRAM used: 3833 of 65536 bytes (5.8%). Stack: 2048 bytes. Heap: 128 bytes.
--------------- Build Succeeded: 05/18/2020 06:30:00 ---------------
