ARM GAS  C:\Users\isaac\AppData\Local\Temp\ccd9vwAc.s 			page 1


   1              		.syntax unified
   2              		.cpu cortex-m3
   3              		.fpu softvfp
   4              		.eabi_attribute 20, 1
   5              		.eabi_attribute 21, 1
   6              		.eabi_attribute 23, 3
   7              		.eabi_attribute 24, 1
   8              		.eabi_attribute 25, 1
   9              		.eabi_attribute 26, 1
  10              		.eabi_attribute 30, 1
  11              		.eabi_attribute 34, 1
  12              		.eabi_attribute 18, 4
  13              		.thumb
  14              		.syntax unified
  15              		.file	"main.c"
  16              		.text
  17              	.Ltext0:
  18              		.cfi_sections	.debug_frame
  19              		.section	.text.timer_isr_handler,"ax",%progbits
  20              		.align	2
  21              		.global	timer_isr_handler
  22              		.thumb
  23              		.thumb_func
  24              		.type	timer_isr_handler, %function
  25              	timer_isr_handler:
  26              	.LFB65:
  27              		.file 1 "main.c"
   1:main.c        **** #include "project.h"
   2:main.c        **** #include "stdio.h"
   3:main.c        **** 
   4:main.c        **** uint8 ArrBuffer[1];
   5:main.c        **** char msg[64];
   6:main.c        **** 
   7:main.c        **** int students = 0;
   8:main.c        **** int ontime = 1;
   9:main.c        **** char state = 'i';
  10:main.c        **** CY_ISR_PROTO(timer_isr_handler);
  11:main.c        **** CY_ISR_PROTO(count_handler);
  12:main.c        **** int main(void){
  13:main.c        **** 
  14:main.c        ****     CyGlobalIntEnable; 
  15:main.c        ****     //Global Configs
  16:main.c        ****     UART_Start();
  17:main.c        ****     I2C_Start();
  18:main.c        ****     I2C_SlaveInitWriteBuf(ArrBuffer,1);
  19:main.c        ****     //Interrupt Handling
  20:main.c        ****     time_isr_StartEx(timer_isr_handler);
  21:main.c        ****     time_isr_ClearPending();
  22:main.c        ****     
  23:main.c        ****     counting_StartEx(count_handler);
  24:main.c        ****     counting_ClearPending();
  25:main.c        ****     BTN_ClearInterrupt();
  26:main.c        ****     for(;;)
  27:main.c        ****     {
  28:main.c        ****         switch(state){
  29:main.c        ****             case 'i':
  30:main.c        ****                 //Preparing I2C for sleep
ARM GAS  C:\Users\isaac\AppData\Local\Temp\ccd9vwAc.s 			page 2


  31:main.c        ****                 I2C_Sleep();
  32:main.c        ****                 UART_Start();
  33:main.c        ****                 UART_PutString("Waiting to Init \n");
  34:main.c        ****                 CyDelay(100);
  35:main.c        ****                 //Entering sleep, leaving flag to be woken up.
  36:main.c        ****                 CyPmSaveClocks();
  37:main.c        ****                 CyPmSleep(PM_SLEEP_TIME_NONE, PM_SLEEP_SRC_I2C);
  38:main.c        ****                 CyPmRestoreClocks();
  39:main.c        ****                 //Process after being woken up
  40:main.c        ****                 ListC_Write(0);
  41:main.c        ****                 I2C_Wakeup();
  42:main.c        ****                 UART_Start();
  43:main.c        ****                 UART_PutString("Ready to Count \n");
  44:main.c        ****                 
  45:main.c        ****                 Timer_Start();
  46:main.c        ****                 state = 's';
  47:main.c        ****                 break;
  48:main.c        ****             case 's':
  49:main.c        ****                 if(students >= 15){
  50:main.c        ****                     state = 'i';
  51:main.c        ****                     Timer_Stop();
  52:main.c        ****                     LED_0_Write(1);
  53:main.c        ****                     ListC_Write(1);
  54:main.c        ****                     UART_PutString("All Students Here \n");
  55:main.c        ****                     CyDelay(500);
  56:main.c        ****                     LED_0_Write(0);
  57:main.c        ****                     students = 0;
  58:main.c        ****                 }
  59:main.c        ****                 break;
  60:main.c        ****             case 'h':
  61:main.c        ****                 I2C_Sleep();
  62:main.c        ****                 //Entering Hibernate 
  63:main.c        ****                 CyPmSaveClocks();
  64:main.c        ****                 CyPmHibernate();
  65:main.c        ****                 CyPmRestoreClocks();
  66:main.c        ****                 //Exiting Hibernate
  67:main.c        ****                 I2C_Wakeup();
  68:main.c        ****                 UART_Start();
  69:main.c        ****                 sprintf(msg, "%d Student Arrived Late \n", students);
  70:main.c        ****                 UART_PutString(msg);
  71:main.c        ****                 CyDelay(50);
  72:main.c        ****                 
  73:main.c        ****                 if(students >= 15){
  74:main.c        ****                     state = 'i';
  75:main.c        ****                     LED_0_Write(1);
  76:main.c        ****                     ListC_Write(1);
  77:main.c        ****                     UART_Start();
  78:main.c        ****                     UART_PutString("All Students Here \n");
  79:main.c        ****                     CyDelay(500);
  80:main.c        ****                     LED_0_Write(0);
  81:main.c        ****                     students = 0; 
  82:main.c        ****                 }
  83:main.c        ****                 break;
  84:main.c        ****         }
  85:main.c        ****     }
  86:main.c        **** }
  87:main.c        **** CY_ISR(timer_isr_handler){
ARM GAS  C:\Users\isaac\AppData\Local\Temp\ccd9vwAc.s 			page 3


  28              		.loc 1 87 0
  29              		.cfi_startproc
  30              		@ args = 0, pretend = 0, frame = 0
  31              		@ frame_needed = 0, uses_anonymous_args = 0
  32 0000 08B5     		push	{r3, lr}
  33              		.cfi_def_cfa_offset 8
  34              		.cfi_offset 3, -8
  35              		.cfi_offset 14, -4
  88:main.c        ****     if(students < 15){
  36              		.loc 1 88 0
  37 0002 0A4B     		ldr	r3, .L4
  38 0004 1B68     		ldr	r3, [r3]
  39 0006 0E2B     		cmp	r3, #14
  40 0008 08DC     		bgt	.L2
  89:main.c        ****         state = 'h';
  41              		.loc 1 89 0
  42 000a 6822     		movs	r2, #104
  43 000c 084B     		ldr	r3, .L4+4
  44 000e 1A70     		strb	r2, [r3]
  90:main.c        ****         UART_PutString("Entering Hiberante Mode \n");
  45              		.loc 1 90 0
  46 0010 0848     		ldr	r0, .L4+8
  47 0012 FFF7FEFF 		bl	UART_PutString
  48              	.LVL0:
  91:main.c        ****         CyDelay(100);
  49              		.loc 1 91 0
  50 0016 6420     		movs	r0, #100
  51 0018 FFF7FEFF 		bl	CyDelay
  52              	.LVL1:
  53              	.L2:
  92:main.c        ****     }
  93:main.c        ****     Timer_Stop();
  54              		.loc 1 93 0
  55 001c FFF7FEFF 		bl	Timer_Stop
  56              	.LVL2:
  94:main.c        ****     Timer_ReadStatusRegister();
  57              		.loc 1 94 0
  58 0020 FFF7FEFF 		bl	Timer_ReadStatusRegister
  59              	.LVL3:
  95:main.c        ****     time_isr_ClearPending();
  60              		.loc 1 95 0
  61 0024 FFF7FEFF 		bl	time_isr_ClearPending
  62              	.LVL4:
  63 0028 08BD     		pop	{r3, pc}
  64              	.L5:
  65 002a 00BF     		.align	2
  66              	.L4:
  67 002c 00000000 		.word	.LANCHOR0
  68 0030 00000000 		.word	.LANCHOR1
  69 0034 00000000 		.word	.LC0
  70              		.cfi_endproc
  71              	.LFE65:
  72              		.size	timer_isr_handler, .-timer_isr_handler
  73              		.section	.text.count_handler,"ax",%progbits
  74              		.align	2
  75              		.global	count_handler
  76              		.thumb
ARM GAS  C:\Users\isaac\AppData\Local\Temp\ccd9vwAc.s 			page 4


  77              		.thumb_func
  78              		.type	count_handler, %function
  79              	count_handler:
  80              	.LFB66:
  96:main.c        **** }
  97:main.c        **** 
  98:main.c        **** CY_ISR(count_handler){
  81              		.loc 1 98 0
  82              		.cfi_startproc
  83              		@ args = 0, pretend = 0, frame = 0
  84              		@ frame_needed = 0, uses_anonymous_args = 0
  85 0000 10B5     		push	{r4, lr}
  86              		.cfi_def_cfa_offset 8
  87              		.cfi_offset 4, -8
  88              		.cfi_offset 14, -4
  99:main.c        ****     switch(state){
  89              		.loc 1 99 0
  90 0002 144B     		ldr	r3, .L11
  91 0004 1B78     		ldrb	r3, [r3]	@ zero_extendqisi2
  92 0006 682B     		cmp	r3, #104
  93 0008 11D0     		beq	.L8
  94 000a 732B     		cmp	r3, #115
  95 000c 1CD1     		bne	.L7
 100:main.c        ****         case 's':
 101:main.c        ****             CyDelayUs(40);
  96              		.loc 1 101 0
  97 000e 2820     		movs	r0, #40
  98 0010 FFF7FEFF 		bl	CyDelayUs
  99              	.LVL5:
 102:main.c        ****             students++;
 100              		.loc 1 102 0
 101 0014 104B     		ldr	r3, .L11+4
 102 0016 1A68     		ldr	r2, [r3]
 103 0018 0132     		adds	r2, r2, #1
 104 001a 1A60     		str	r2, [r3]
 103:main.c        ****             sprintf(msg, "%d Students Have Arrived \n", students);
 105              		.loc 1 103 0
 106 001c 0F4C     		ldr	r4, .L11+8
 107 001e 1049     		ldr	r1, .L11+12
 108 0020 2046     		mov	r0, r4
 109 0022 FFF7FEFF 		bl	sprintf
 110              	.LVL6:
 104:main.c        ****             UART_PutString(msg);
 111              		.loc 1 104 0
 112 0026 2046     		mov	r0, r4
 113 0028 FFF7FEFF 		bl	UART_PutString
 114              	.LVL7:
 105:main.c        ****             break;
 115              		.loc 1 105 0
 116 002c 0CE0     		b	.L7
 117              	.L8:
 106:main.c        ****         case 'h':
 107:main.c        ****             //CyDelayUs(40);
 108:main.c        ****             students++;
 118              		.loc 1 108 0
 119 002e 0A4A     		ldr	r2, .L11+4
 120 0030 1368     		ldr	r3, [r2]
ARM GAS  C:\Users\isaac\AppData\Local\Temp\ccd9vwAc.s 			page 5


 121 0032 0133     		adds	r3, r3, #1
 122 0034 1360     		str	r3, [r2]
 109:main.c        ****             LED_1_Write(1);
 123              		.loc 1 109 0
 124 0036 0120     		movs	r0, #1
 125 0038 FFF7FEFF 		bl	LED_1_Write
 126              	.LVL8:
 110:main.c        ****             CyDelay(100);
 127              		.loc 1 110 0
 128 003c 6420     		movs	r0, #100
 129 003e FFF7FEFF 		bl	CyDelay
 130              	.LVL9:
 111:main.c        ****             LED_1_Write(0);
 131              		.loc 1 111 0
 132 0042 0020     		movs	r0, #0
 133 0044 FFF7FEFF 		bl	LED_1_Write
 134              	.LVL10:
 135              	.L7:
 112:main.c        ****             break;
 113:main.c        ****     }
 114:main.c        ****     counting_ClearPending();
 136              		.loc 1 114 0
 137 0048 FFF7FEFF 		bl	counting_ClearPending
 138              	.LVL11:
 115:main.c        ****     BTN_ClearInterrupt();
 139              		.loc 1 115 0
 140 004c FFF7FEFF 		bl	BTN_ClearInterrupt
 141              	.LVL12:
 142 0050 10BD     		pop	{r4, pc}
 143              	.L12:
 144 0052 00BF     		.align	2
 145              	.L11:
 146 0054 00000000 		.word	.LANCHOR1
 147 0058 00000000 		.word	.LANCHOR0
 148 005c 00000000 		.word	msg
 149 0060 1C000000 		.word	.LC1
 150              		.cfi_endproc
 151              	.LFE66:
 152              		.size	count_handler, .-count_handler
 153              		.section	.text.main,"ax",%progbits
 154              		.align	2
 155              		.global	main
 156              		.thumb
 157              		.thumb_func
 158              		.type	main, %function
 159              	main:
 160              	.LFB64:
  12:main.c        **** 
 161              		.loc 1 12 0
 162              		.cfi_startproc
 163              		@ Volatile: function does not return.
 164              		@ args = 0, pretend = 0, frame = 0
 165              		@ frame_needed = 0, uses_anonymous_args = 0
 166 0000 08B5     		push	{r3, lr}
 167              		.cfi_def_cfa_offset 8
 168              		.cfi_offset 3, -8
 169              		.cfi_offset 14, -4
ARM GAS  C:\Users\isaac\AppData\Local\Temp\ccd9vwAc.s 			page 6


  14:main.c        ****     //Global Configs
 170              		.loc 1 14 0
 171              		.syntax unified
 172              	@ 14 "main.c" 1
 173 0002 62B6     		CPSIE   i
 174              	@ 0 "" 2
  16:main.c        ****     I2C_Start();
 175              		.loc 1 16 0
 176              		.thumb
 177              		.syntax unified
 178 0004 FFF7FEFF 		bl	UART_Start
 179              	.LVL13:
  17:main.c        ****     I2C_SlaveInitWriteBuf(ArrBuffer,1);
 180              		.loc 1 17 0
 181 0008 FFF7FEFF 		bl	I2C_Start
 182              	.LVL14:
  18:main.c        ****     //Interrupt Handling
 183              		.loc 1 18 0
 184 000c 0121     		movs	r1, #1
 185 000e 4548     		ldr	r0, .L21
 186 0010 FFF7FEFF 		bl	I2C_SlaveInitWriteBuf
 187              	.LVL15:
  20:main.c        ****     time_isr_ClearPending();
 188              		.loc 1 20 0
 189 0014 4448     		ldr	r0, .L21+4
 190 0016 FFF7FEFF 		bl	time_isr_StartEx
 191              	.LVL16:
  21:main.c        ****     
 192              		.loc 1 21 0
 193 001a FFF7FEFF 		bl	time_isr_ClearPending
 194              	.LVL17:
  23:main.c        ****     counting_ClearPending();
 195              		.loc 1 23 0
 196 001e 4348     		ldr	r0, .L21+8
 197 0020 FFF7FEFF 		bl	counting_StartEx
 198              	.LVL18:
  24:main.c        ****     BTN_ClearInterrupt();
 199              		.loc 1 24 0
 200 0024 FFF7FEFF 		bl	counting_ClearPending
 201              	.LVL19:
  25:main.c        ****     for(;;)
 202              		.loc 1 25 0
 203 0028 FFF7FEFF 		bl	BTN_ClearInterrupt
 204              	.LVL20:
 205              	.L15:
  28:main.c        ****             case 'i':
 206              		.loc 1 28 0
 207 002c 404B     		ldr	r3, .L21+12
 208 002e 1B78     		ldrb	r3, [r3]	@ zero_extendqisi2
 209 0030 692B     		cmp	r3, #105
 210 0032 04D0     		beq	.L16
 211 0034 732B     		cmp	r3, #115
 212 0036 24D0     		beq	.L17
 213 0038 682B     		cmp	r3, #104
 214 003a F7D1     		bne	.L15
 215 003c 3EE0     		b	.L18
 216              	.L16:
ARM GAS  C:\Users\isaac\AppData\Local\Temp\ccd9vwAc.s 			page 7


  31:main.c        ****                 UART_Start();
 217              		.loc 1 31 0
 218 003e FFF7FEFF 		bl	I2C_Sleep
 219              	.LVL21:
  32:main.c        ****                 UART_PutString("Waiting to Init \n");
 220              		.loc 1 32 0
 221 0042 FFF7FEFF 		bl	UART_Start
 222              	.LVL22:
  33:main.c        ****                 CyDelay(100);
 223              		.loc 1 33 0
 224 0046 3B48     		ldr	r0, .L21+16
 225 0048 FFF7FEFF 		bl	UART_PutString
 226              	.LVL23:
  34:main.c        ****                 //Entering sleep, leaving flag to be woken up.
 227              		.loc 1 34 0
 228 004c 6420     		movs	r0, #100
 229 004e FFF7FEFF 		bl	CyDelay
 230              	.LVL24:
  36:main.c        ****                 CyPmSleep(PM_SLEEP_TIME_NONE, PM_SLEEP_SRC_I2C);
 231              		.loc 1 36 0
 232 0052 FFF7FEFF 		bl	CyPmSaveClocks
 233              	.LVL25:
  37:main.c        ****                 CyPmRestoreClocks();
 234              		.loc 1 37 0
 235 0056 8021     		movs	r1, #128
 236 0058 0020     		movs	r0, #0
 237 005a FFF7FEFF 		bl	CyPmSleep
 238              	.LVL26:
  38:main.c        ****                 //Process after being woken up
 239              		.loc 1 38 0
 240 005e FFF7FEFF 		bl	CyPmRestoreClocks
 241              	.LVL27:
  40:main.c        ****                 I2C_Wakeup();
 242              		.loc 1 40 0
 243 0062 0020     		movs	r0, #0
 244 0064 FFF7FEFF 		bl	ListC_Write
 245              	.LVL28:
  41:main.c        ****                 UART_Start();
 246              		.loc 1 41 0
 247 0068 FFF7FEFF 		bl	I2C_Wakeup
 248              	.LVL29:
  42:main.c        ****                 UART_PutString("Ready to Count \n");
 249              		.loc 1 42 0
 250 006c FFF7FEFF 		bl	UART_Start
 251              	.LVL30:
  43:main.c        ****                 
 252              		.loc 1 43 0
 253 0070 3148     		ldr	r0, .L21+20
 254 0072 FFF7FEFF 		bl	UART_PutString
 255              	.LVL31:
  45:main.c        ****                 state = 's';
 256              		.loc 1 45 0
 257 0076 FFF7FEFF 		bl	Timer_Start
 258              	.LVL32:
  46:main.c        ****                 break;
 259              		.loc 1 46 0
 260 007a 7322     		movs	r2, #115
ARM GAS  C:\Users\isaac\AppData\Local\Temp\ccd9vwAc.s 			page 8


 261 007c 2C4B     		ldr	r3, .L21+12
 262 007e 1A70     		strb	r2, [r3]
  47:main.c        ****             case 's':
 263              		.loc 1 47 0
 264 0080 D4E7     		b	.L15
 265              	.L17:
  49:main.c        ****                     state = 'i';
 266              		.loc 1 49 0
 267 0082 2E4B     		ldr	r3, .L21+24
 268 0084 1B68     		ldr	r3, [r3]
 269 0086 0E2B     		cmp	r3, #14
 270 0088 D0DD     		ble	.L15
  50:main.c        ****                     Timer_Stop();
 271              		.loc 1 50 0
 272 008a 6922     		movs	r2, #105
 273 008c 284B     		ldr	r3, .L21+12
 274 008e 1A70     		strb	r2, [r3]
  51:main.c        ****                     LED_0_Write(1);
 275              		.loc 1 51 0
 276 0090 FFF7FEFF 		bl	Timer_Stop
 277              	.LVL33:
  52:main.c        ****                     ListC_Write(1);
 278              		.loc 1 52 0
 279 0094 0120     		movs	r0, #1
 280 0096 FFF7FEFF 		bl	LED_0_Write
 281              	.LVL34:
  53:main.c        ****                     UART_PutString("All Students Here \n");
 282              		.loc 1 53 0
 283 009a 0120     		movs	r0, #1
 284 009c FFF7FEFF 		bl	ListC_Write
 285              	.LVL35:
  54:main.c        ****                     CyDelay(500);
 286              		.loc 1 54 0
 287 00a0 2748     		ldr	r0, .L21+28
 288 00a2 FFF7FEFF 		bl	UART_PutString
 289              	.LVL36:
  55:main.c        ****                     LED_0_Write(0);
 290              		.loc 1 55 0
 291 00a6 4FF4FA70 		mov	r0, #500
 292 00aa FFF7FEFF 		bl	CyDelay
 293              	.LVL37:
  56:main.c        ****                     students = 0;
 294              		.loc 1 56 0
 295 00ae 0020     		movs	r0, #0
 296 00b0 FFF7FEFF 		bl	LED_0_Write
 297              	.LVL38:
  57:main.c        ****                 }
 298              		.loc 1 57 0
 299 00b4 0022     		movs	r2, #0
 300 00b6 214B     		ldr	r3, .L21+24
 301 00b8 1A60     		str	r2, [r3]
 302 00ba B7E7     		b	.L15
 303              	.L18:
  61:main.c        ****                 //Entering Hibernate 
 304              		.loc 1 61 0
 305 00bc FFF7FEFF 		bl	I2C_Sleep
 306              	.LVL39:
ARM GAS  C:\Users\isaac\AppData\Local\Temp\ccd9vwAc.s 			page 9


  63:main.c        ****                 CyPmHibernate();
 307              		.loc 1 63 0
 308 00c0 FFF7FEFF 		bl	CyPmSaveClocks
 309              	.LVL40:
  64:main.c        ****                 CyPmRestoreClocks();
 310              		.loc 1 64 0
 311 00c4 FFF7FEFF 		bl	CyPmHibernate
 312              	.LVL41:
  65:main.c        ****                 //Exiting Hibernate
 313              		.loc 1 65 0
 314 00c8 FFF7FEFF 		bl	CyPmRestoreClocks
 315              	.LVL42:
  67:main.c        ****                 UART_Start();
 316              		.loc 1 67 0
 317 00cc FFF7FEFF 		bl	I2C_Wakeup
 318              	.LVL43:
  68:main.c        ****                 sprintf(msg, "%d Student Arrived Late \n", students);
 319              		.loc 1 68 0
 320 00d0 FFF7FEFF 		bl	UART_Start
 321              	.LVL44:
  69:main.c        ****                 UART_PutString(msg);
 322              		.loc 1 69 0
 323 00d4 194C     		ldr	r4, .L21+24
 324 00d6 1B4D     		ldr	r5, .L21+32
 325 00d8 2268     		ldr	r2, [r4]
 326 00da 1B49     		ldr	r1, .L21+36
 327 00dc 2846     		mov	r0, r5
 328 00de FFF7FEFF 		bl	sprintf
 329              	.LVL45:
  70:main.c        ****                 CyDelay(50);
 330              		.loc 1 70 0
 331 00e2 2846     		mov	r0, r5
 332 00e4 FFF7FEFF 		bl	UART_PutString
 333              	.LVL46:
  71:main.c        ****                 
 334              		.loc 1 71 0
 335 00e8 3220     		movs	r0, #50
 336 00ea FFF7FEFF 		bl	CyDelay
 337              	.LVL47:
  73:main.c        ****                     state = 'i';
 338              		.loc 1 73 0
 339 00ee 2368     		ldr	r3, [r4]
 340 00f0 0E2B     		cmp	r3, #14
 341 00f2 9BDD     		ble	.L15
  74:main.c        ****                     LED_0_Write(1);
 342              		.loc 1 74 0
 343 00f4 6922     		movs	r2, #105
 344 00f6 0E4B     		ldr	r3, .L21+12
 345 00f8 1A70     		strb	r2, [r3]
  75:main.c        ****                     ListC_Write(1);
 346              		.loc 1 75 0
 347 00fa 0120     		movs	r0, #1
 348 00fc FFF7FEFF 		bl	LED_0_Write
 349              	.LVL48:
  76:main.c        ****                     UART_Start();
 350              		.loc 1 76 0
 351 0100 0120     		movs	r0, #1
ARM GAS  C:\Users\isaac\AppData\Local\Temp\ccd9vwAc.s 			page 10


 352 0102 FFF7FEFF 		bl	ListC_Write
 353              	.LVL49:
  77:main.c        ****                     UART_PutString("All Students Here \n");
 354              		.loc 1 77 0
 355 0106 FFF7FEFF 		bl	UART_Start
 356              	.LVL50:
  78:main.c        ****                     CyDelay(500);
 357              		.loc 1 78 0
 358 010a 0D48     		ldr	r0, .L21+28
 359 010c FFF7FEFF 		bl	UART_PutString
 360              	.LVL51:
  79:main.c        ****                     LED_0_Write(0);
 361              		.loc 1 79 0
 362 0110 4FF4FA70 		mov	r0, #500
 363 0114 FFF7FEFF 		bl	CyDelay
 364              	.LVL52:
  80:main.c        ****                     students = 0; 
 365              		.loc 1 80 0
 366 0118 0020     		movs	r0, #0
 367 011a FFF7FEFF 		bl	LED_0_Write
 368              	.LVL53:
  81:main.c        ****                 }
 369              		.loc 1 81 0
 370 011e 0022     		movs	r2, #0
 371 0120 2260     		str	r2, [r4]
 372 0122 83E7     		b	.L15
 373              	.L22:
 374              		.align	2
 375              	.L21:
 376 0124 00000000 		.word	ArrBuffer
 377 0128 00000000 		.word	timer_isr_handler
 378 012c 00000000 		.word	count_handler
 379 0130 00000000 		.word	.LANCHOR1
 380 0134 38000000 		.word	.LC2
 381 0138 4C000000 		.word	.LC3
 382 013c 00000000 		.word	.LANCHOR0
 383 0140 60000000 		.word	.LC4
 384 0144 00000000 		.word	msg
 385 0148 74000000 		.word	.LC5
 386              		.cfi_endproc
 387              	.LFE64:
 388              		.size	main, .-main
 389              		.global	state
 390              		.global	ontime
 391              		.global	students
 392              		.comm	msg,64,4
 393              		.comm	ArrBuffer,1,4
 394              		.data
 395              		.align	2
 396              		.set	.LANCHOR1,. + 0
 397              		.type	state, %object
 398              		.size	state, 1
 399              	state:
 400 0000 69       		.byte	105
 401 0001 000000   		.space	3
 402              		.type	ontime, %object
 403              		.size	ontime, 4
ARM GAS  C:\Users\isaac\AppData\Local\Temp\ccd9vwAc.s 			page 11


 404              	ontime:
 405 0004 01000000 		.word	1
 406              		.section	.rodata.str1.4,"aMS",%progbits,1
 407              		.align	2
 408              	.LC0:
 409 0000 456E7465 		.ascii	"Entering Hiberante Mode \012\000"
 409      72696E67 
 409      20486962 
 409      6572616E 
 409      7465204D 
 410 001a 0000     		.space	2
 411              	.LC1:
 412 001c 25642053 		.ascii	"%d Students Have Arrived \012\000"
 412      74756465 
 412      6E747320 
 412      48617665 
 412      20417272 
 413 0037 00       		.space	1
 414              	.LC2:
 415 0038 57616974 		.ascii	"Waiting to Init \012\000"
 415      696E6720 
 415      746F2049 
 415      6E697420 
 415      0A00
 416 004a 0000     		.space	2
 417              	.LC3:
 418 004c 52656164 		.ascii	"Ready to Count \012\000"
 418      7920746F 
 418      20436F75 
 418      6E74200A 
 418      00
 419 005d 000000   		.space	3
 420              	.LC4:
 421 0060 416C6C20 		.ascii	"All Students Here \012\000"
 421      53747564 
 421      656E7473 
 421      20486572 
 421      65200A00 
 422              	.LC5:
 423 0074 25642053 		.ascii	"%d Student Arrived Late \012\000"
 423      74756465 
 423      6E742041 
 423      72726976 
 423      6564204C 
 424              		.bss
 425              		.align	2
 426              		.set	.LANCHOR0,. + 0
 427              		.type	students, %object
 428              		.size	students, 4
 429              	students:
 430 0000 00000000 		.space	4
 431              		.text
 432              	.Letext0:
 433              		.file 2 "c:\\program files (x86)\\cypress\\psoc creator\\4.2\\psoc creator\\import\\gnu\\arm\\5.4.
 434              		.file 3 "c:\\program files (x86)\\cypress\\psoc creator\\4.2\\psoc creator\\import\\gnu\\arm\\5.4.
 435              		.file 4 "Generated_Source\\PSoC5/cytypes.h"
 436              		.file 5 "Generated_Source\\PSoC5/core_cm3.h"
ARM GAS  C:\Users\isaac\AppData\Local\Temp\ccd9vwAc.s 			page 12


 437              		.file 6 "Generated_Source\\PSoC5/UART.h"
 438              		.file 7 "Generated_Source\\PSoC5/CyLib.h"
 439              		.file 8 "Generated_Source\\PSoC5/Timer.h"
 440              		.file 9 "Generated_Source\\PSoC5/time_isr.h"
 441              		.file 10 "c:\\program files (x86)\\cypress\\psoc creator\\4.2\\psoc creator\\import\\gnu\\arm\\5.4
 442              		.file 11 "Generated_Source\\PSoC5/LED_1.h"
 443              		.file 12 "Generated_Source\\PSoC5/counting.h"
 444              		.file 13 "Generated_Source\\PSoC5/BTN.h"
 445              		.file 14 "Generated_Source\\PSoC5/I2C.h"
 446              		.file 15 "Generated_Source\\PSoC5/cyPm.h"
 447              		.file 16 "Generated_Source\\PSoC5/ListC.h"
 448              		.file 17 "Generated_Source\\PSoC5/LED_0.h"
 449              		.section	.debug_info,"",%progbits
 450              	.Ldebug_info0:
 451 0000 CF050000 		.4byte	0x5cf
 452 0004 0400     		.2byte	0x4
 453 0006 00000000 		.4byte	.Ldebug_abbrev0
 454 000a 04       		.byte	0x4
 455 000b 01       		.uleb128 0x1
 456 000c BE000000 		.4byte	.LASF48
 457 0010 0C       		.byte	0xc
 458 0011 A0020000 		.4byte	.LASF49
 459 0015 A5010000 		.4byte	.LASF50
 460 0019 00000000 		.4byte	.Ldebug_ranges0+0
 461 001d 00000000 		.4byte	0
 462 0021 00000000 		.4byte	.Ldebug_line0
 463 0025 02       		.uleb128 0x2
 464 0026 01       		.byte	0x1
 465 0027 06       		.byte	0x6
 466 0028 75020000 		.4byte	.LASF0
 467 002c 02       		.uleb128 0x2
 468 002d 01       		.byte	0x1
 469 002e 08       		.byte	0x8
 470 002f 90010000 		.4byte	.LASF1
 471 0033 02       		.uleb128 0x2
 472 0034 02       		.byte	0x2
 473 0035 05       		.byte	0x5
 474 0036 C2020000 		.4byte	.LASF2
 475 003a 02       		.uleb128 0x2
 476 003b 02       		.byte	0x2
 477 003c 07       		.byte	0x7
 478 003d 65010000 		.4byte	.LASF3
 479 0041 03       		.uleb128 0x3
 480 0042 36000000 		.4byte	.LASF9
 481 0046 02       		.byte	0x2
 482 0047 3F       		.byte	0x3f
 483 0048 4C000000 		.4byte	0x4c
 484 004c 02       		.uleb128 0x2
 485 004d 04       		.byte	0x4
 486 004e 05       		.byte	0x5
 487 004f D8020000 		.4byte	.LASF4
 488 0053 02       		.uleb128 0x2
 489 0054 04       		.byte	0x4
 490 0055 07       		.byte	0x7
 491 0056 53010000 		.4byte	.LASF5
 492 005a 02       		.uleb128 0x2
 493 005b 08       		.byte	0x8
ARM GAS  C:\Users\isaac\AppData\Local\Temp\ccd9vwAc.s 			page 13


 494 005c 05       		.byte	0x5
 495 005d 92020000 		.4byte	.LASF6
 496 0061 02       		.uleb128 0x2
 497 0062 08       		.byte	0x8
 498 0063 07       		.byte	0x7
 499 0064 36020000 		.4byte	.LASF7
 500 0068 04       		.uleb128 0x4
 501 0069 04       		.byte	0x4
 502 006a 05       		.byte	0x5
 503 006b 696E7400 		.ascii	"int\000"
 504 006f 02       		.uleb128 0x2
 505 0070 04       		.byte	0x4
 506 0071 07       		.byte	0x7
 507 0072 13020000 		.4byte	.LASF8
 508 0076 03       		.uleb128 0x3
 509 0077 81020000 		.4byte	.LASF10
 510 007b 03       		.byte	0x3
 511 007c 2C       		.byte	0x2c
 512 007d 41000000 		.4byte	0x41
 513 0081 05       		.uleb128 0x5
 514 0082 71000000 		.4byte	.LASF11
 515 0086 04       		.byte	0x4
 516 0087 E401     		.2byte	0x1e4
 517 0089 2C000000 		.4byte	0x2c
 518 008d 02       		.uleb128 0x2
 519 008e 04       		.byte	0x4
 520 008f 04       		.byte	0x4
 521 0090 8C000000 		.4byte	.LASF12
 522 0094 02       		.uleb128 0x2
 523 0095 08       		.byte	0x8
 524 0096 04       		.byte	0x4
 525 0097 9E010000 		.4byte	.LASF13
 526 009b 02       		.uleb128 0x2
 527 009c 01       		.byte	0x1
 528 009d 08       		.byte	0x8
 529 009e A7020000 		.4byte	.LASF14
 530 00a2 02       		.uleb128 0x2
 531 00a3 08       		.byte	0x8
 532 00a4 04       		.byte	0x4
 533 00a5 E1020000 		.4byte	.LASF15
 534 00a9 02       		.uleb128 0x2
 535 00aa 04       		.byte	0x4
 536 00ab 07       		.byte	0x7
 537 00ac 89020000 		.4byte	.LASF16
 538 00b0 06       		.uleb128 0x6
 539 00b1 15000000 		.4byte	.LASF17
 540 00b5 01       		.byte	0x1
 541 00b6 57       		.byte	0x57
 542 00b7 00000000 		.4byte	.LFB65
 543 00bb 38000000 		.4byte	.LFE65-.LFB65
 544 00bf 01       		.uleb128 0x1
 545 00c0 9C       		.byte	0x9c
 546 00c1 0C010000 		.4byte	0x10c
 547 00c5 07       		.uleb128 0x7
 548 00c6 16000000 		.4byte	.LVL0
 549 00ca CA040000 		.4byte	0x4ca
 550 00ce DC000000 		.4byte	0xdc
ARM GAS  C:\Users\isaac\AppData\Local\Temp\ccd9vwAc.s 			page 14


 551 00d2 08       		.uleb128 0x8
 552 00d3 01       		.uleb128 0x1
 553 00d4 50       		.byte	0x50
 554 00d5 05       		.uleb128 0x5
 555 00d6 03       		.byte	0x3
 556 00d7 00000000 		.4byte	.LC0
 557 00db 00       		.byte	0
 558 00dc 07       		.uleb128 0x7
 559 00dd 1C000000 		.4byte	.LVL1
 560 00e1 D5040000 		.4byte	0x4d5
 561 00e5 F0000000 		.4byte	0xf0
 562 00e9 08       		.uleb128 0x8
 563 00ea 01       		.uleb128 0x1
 564 00eb 50       		.byte	0x50
 565 00ec 02       		.uleb128 0x2
 566 00ed 08       		.byte	0x8
 567 00ee 64       		.byte	0x64
 568 00ef 00       		.byte	0
 569 00f0 09       		.uleb128 0x9
 570 00f1 20000000 		.4byte	.LVL2
 571 00f5 E0040000 		.4byte	0x4e0
 572 00f9 09       		.uleb128 0x9
 573 00fa 24000000 		.4byte	.LVL3
 574 00fe EB040000 		.4byte	0x4eb
 575 0102 09       		.uleb128 0x9
 576 0103 28000000 		.4byte	.LVL4
 577 0107 F6040000 		.4byte	0x4f6
 578 010b 00       		.byte	0
 579 010c 06       		.uleb128 0x6
 580 010d 3C030000 		.4byte	.LASF18
 581 0111 01       		.byte	0x1
 582 0112 62       		.byte	0x62
 583 0113 00000000 		.4byte	.LFB66
 584 0117 64000000 		.4byte	.LFE66-.LFB66
 585 011b 01       		.uleb128 0x1
 586 011c 9C       		.byte	0x9c
 587 011d B3010000 		.4byte	0x1b3
 588 0121 07       		.uleb128 0x7
 589 0122 14000000 		.4byte	.LVL5
 590 0126 01050000 		.4byte	0x501
 591 012a 35010000 		.4byte	0x135
 592 012e 08       		.uleb128 0x8
 593 012f 01       		.uleb128 0x1
 594 0130 50       		.byte	0x50
 595 0131 02       		.uleb128 0x2
 596 0132 08       		.byte	0x8
 597 0133 28       		.byte	0x28
 598 0134 00       		.byte	0
 599 0135 07       		.uleb128 0x7
 600 0136 26000000 		.4byte	.LVL6
 601 013a 0C050000 		.4byte	0x50c
 602 013e 52010000 		.4byte	0x152
 603 0142 08       		.uleb128 0x8
 604 0143 01       		.uleb128 0x1
 605 0144 50       		.byte	0x50
 606 0145 02       		.uleb128 0x2
 607 0146 74       		.byte	0x74
ARM GAS  C:\Users\isaac\AppData\Local\Temp\ccd9vwAc.s 			page 15


 608 0147 00       		.sleb128 0
 609 0148 08       		.uleb128 0x8
 610 0149 01       		.uleb128 0x1
 611 014a 51       		.byte	0x51
 612 014b 05       		.uleb128 0x5
 613 014c 03       		.byte	0x3
 614 014d 1C000000 		.4byte	.LC1
 615 0151 00       		.byte	0
 616 0152 07       		.uleb128 0x7
 617 0153 2C000000 		.4byte	.LVL7
 618 0157 CA040000 		.4byte	0x4ca
 619 015b 66010000 		.4byte	0x166
 620 015f 08       		.uleb128 0x8
 621 0160 01       		.uleb128 0x1
 622 0161 50       		.byte	0x50
 623 0162 02       		.uleb128 0x2
 624 0163 74       		.byte	0x74
 625 0164 00       		.sleb128 0
 626 0165 00       		.byte	0
 627 0166 07       		.uleb128 0x7
 628 0167 3C000000 		.4byte	.LVL8
 629 016b 17050000 		.4byte	0x517
 630 016f 79010000 		.4byte	0x179
 631 0173 08       		.uleb128 0x8
 632 0174 01       		.uleb128 0x1
 633 0175 50       		.byte	0x50
 634 0176 01       		.uleb128 0x1
 635 0177 31       		.byte	0x31
 636 0178 00       		.byte	0
 637 0179 07       		.uleb128 0x7
 638 017a 42000000 		.4byte	.LVL9
 639 017e D5040000 		.4byte	0x4d5
 640 0182 8D010000 		.4byte	0x18d
 641 0186 08       		.uleb128 0x8
 642 0187 01       		.uleb128 0x1
 643 0188 50       		.byte	0x50
 644 0189 02       		.uleb128 0x2
 645 018a 08       		.byte	0x8
 646 018b 64       		.byte	0x64
 647 018c 00       		.byte	0
 648 018d 07       		.uleb128 0x7
 649 018e 48000000 		.4byte	.LVL10
 650 0192 17050000 		.4byte	0x517
 651 0196 A0010000 		.4byte	0x1a0
 652 019a 08       		.uleb128 0x8
 653 019b 01       		.uleb128 0x1
 654 019c 50       		.byte	0x50
 655 019d 01       		.uleb128 0x1
 656 019e 30       		.byte	0x30
 657 019f 00       		.byte	0
 658 01a0 09       		.uleb128 0x9
 659 01a1 4C000000 		.4byte	.LVL11
 660 01a5 22050000 		.4byte	0x522
 661 01a9 09       		.uleb128 0x9
 662 01aa 50000000 		.4byte	.LVL12
 663 01ae 2D050000 		.4byte	0x52d
 664 01b2 00       		.byte	0
ARM GAS  C:\Users\isaac\AppData\Local\Temp\ccd9vwAc.s 			page 16


 665 01b3 0A       		.uleb128 0xa
 666 01b4 EE010000 		.4byte	.LASF51
 667 01b8 01       		.byte	0x1
 668 01b9 0C       		.byte	0xc
 669 01ba 68000000 		.4byte	0x68
 670 01be 00000000 		.4byte	.LFB64
 671 01c2 4C010000 		.4byte	.LFE64-.LFB64
 672 01c6 01       		.uleb128 0x1
 673 01c7 9C       		.byte	0x9c
 674 01c8 44040000 		.4byte	0x444
 675 01cc 09       		.uleb128 0x9
 676 01cd 08000000 		.4byte	.LVL13
 677 01d1 38050000 		.4byte	0x538
 678 01d5 09       		.uleb128 0x9
 679 01d6 0C000000 		.4byte	.LVL14
 680 01da 43050000 		.4byte	0x543
 681 01de 07       		.uleb128 0x7
 682 01df 14000000 		.4byte	.LVL15
 683 01e3 4E050000 		.4byte	0x54e
 684 01e7 FA010000 		.4byte	0x1fa
 685 01eb 08       		.uleb128 0x8
 686 01ec 01       		.uleb128 0x1
 687 01ed 50       		.byte	0x50
 688 01ee 05       		.uleb128 0x5
 689 01ef 03       		.byte	0x3
 690 01f0 00000000 		.4byte	ArrBuffer
 691 01f4 08       		.uleb128 0x8
 692 01f5 01       		.uleb128 0x1
 693 01f6 51       		.byte	0x51
 694 01f7 01       		.uleb128 0x1
 695 01f8 31       		.byte	0x31
 696 01f9 00       		.byte	0
 697 01fa 07       		.uleb128 0x7
 698 01fb 1A000000 		.4byte	.LVL16
 699 01ff 59050000 		.4byte	0x559
 700 0203 11020000 		.4byte	0x211
 701 0207 08       		.uleb128 0x8
 702 0208 01       		.uleb128 0x1
 703 0209 50       		.byte	0x50
 704 020a 05       		.uleb128 0x5
 705 020b 03       		.byte	0x3
 706 020c 00000000 		.4byte	timer_isr_handler
 707 0210 00       		.byte	0
 708 0211 09       		.uleb128 0x9
 709 0212 1E000000 		.4byte	.LVL17
 710 0216 F6040000 		.4byte	0x4f6
 711 021a 07       		.uleb128 0x7
 712 021b 24000000 		.4byte	.LVL18
 713 021f 64050000 		.4byte	0x564
 714 0223 31020000 		.4byte	0x231
 715 0227 08       		.uleb128 0x8
 716 0228 01       		.uleb128 0x1
 717 0229 50       		.byte	0x50
 718 022a 05       		.uleb128 0x5
 719 022b 03       		.byte	0x3
 720 022c 00000000 		.4byte	count_handler
 721 0230 00       		.byte	0
ARM GAS  C:\Users\isaac\AppData\Local\Temp\ccd9vwAc.s 			page 17


 722 0231 09       		.uleb128 0x9
 723 0232 28000000 		.4byte	.LVL19
 724 0236 22050000 		.4byte	0x522
 725 023a 09       		.uleb128 0x9
 726 023b 2C000000 		.4byte	.LVL20
 727 023f 2D050000 		.4byte	0x52d
 728 0243 09       		.uleb128 0x9
 729 0244 42000000 		.4byte	.LVL21
 730 0248 6F050000 		.4byte	0x56f
 731 024c 09       		.uleb128 0x9
 732 024d 46000000 		.4byte	.LVL22
 733 0251 38050000 		.4byte	0x538
 734 0255 07       		.uleb128 0x7
 735 0256 4C000000 		.4byte	.LVL23
 736 025a CA040000 		.4byte	0x4ca
 737 025e 6C020000 		.4byte	0x26c
 738 0262 08       		.uleb128 0x8
 739 0263 01       		.uleb128 0x1
 740 0264 50       		.byte	0x50
 741 0265 05       		.uleb128 0x5
 742 0266 03       		.byte	0x3
 743 0267 38000000 		.4byte	.LC2
 744 026b 00       		.byte	0
 745 026c 07       		.uleb128 0x7
 746 026d 52000000 		.4byte	.LVL24
 747 0271 D5040000 		.4byte	0x4d5
 748 0275 80020000 		.4byte	0x280
 749 0279 08       		.uleb128 0x8
 750 027a 01       		.uleb128 0x1
 751 027b 50       		.byte	0x50
 752 027c 02       		.uleb128 0x2
 753 027d 08       		.byte	0x8
 754 027e 64       		.byte	0x64
 755 027f 00       		.byte	0
 756 0280 09       		.uleb128 0x9
 757 0281 56000000 		.4byte	.LVL25
 758 0285 7A050000 		.4byte	0x57a
 759 0289 07       		.uleb128 0x7
 760 028a 5E000000 		.4byte	.LVL26
 761 028e 85050000 		.4byte	0x585
 762 0292 A2020000 		.4byte	0x2a2
 763 0296 08       		.uleb128 0x8
 764 0297 01       		.uleb128 0x1
 765 0298 50       		.byte	0x50
 766 0299 01       		.uleb128 0x1
 767 029a 30       		.byte	0x30
 768 029b 08       		.uleb128 0x8
 769 029c 01       		.uleb128 0x1
 770 029d 51       		.byte	0x51
 771 029e 02       		.uleb128 0x2
 772 029f 08       		.byte	0x8
 773 02a0 80       		.byte	0x80
 774 02a1 00       		.byte	0
 775 02a2 09       		.uleb128 0x9
 776 02a3 62000000 		.4byte	.LVL27
 777 02a7 90050000 		.4byte	0x590
 778 02ab 07       		.uleb128 0x7
ARM GAS  C:\Users\isaac\AppData\Local\Temp\ccd9vwAc.s 			page 18


 779 02ac 68000000 		.4byte	.LVL28
 780 02b0 9B050000 		.4byte	0x59b
 781 02b4 BE020000 		.4byte	0x2be
 782 02b8 08       		.uleb128 0x8
 783 02b9 01       		.uleb128 0x1
 784 02ba 50       		.byte	0x50
 785 02bb 01       		.uleb128 0x1
 786 02bc 30       		.byte	0x30
 787 02bd 00       		.byte	0
 788 02be 09       		.uleb128 0x9
 789 02bf 6C000000 		.4byte	.LVL29
 790 02c3 A6050000 		.4byte	0x5a6
 791 02c7 09       		.uleb128 0x9
 792 02c8 70000000 		.4byte	.LVL30
 793 02cc 38050000 		.4byte	0x538
 794 02d0 07       		.uleb128 0x7
 795 02d1 76000000 		.4byte	.LVL31
 796 02d5 CA040000 		.4byte	0x4ca
 797 02d9 E7020000 		.4byte	0x2e7
 798 02dd 08       		.uleb128 0x8
 799 02de 01       		.uleb128 0x1
 800 02df 50       		.byte	0x50
 801 02e0 05       		.uleb128 0x5
 802 02e1 03       		.byte	0x3
 803 02e2 4C000000 		.4byte	.LC3
 804 02e6 00       		.byte	0
 805 02e7 09       		.uleb128 0x9
 806 02e8 7A000000 		.4byte	.LVL32
 807 02ec B1050000 		.4byte	0x5b1
 808 02f0 09       		.uleb128 0x9
 809 02f1 94000000 		.4byte	.LVL33
 810 02f5 E0040000 		.4byte	0x4e0
 811 02f9 07       		.uleb128 0x7
 812 02fa 9A000000 		.4byte	.LVL34
 813 02fe BC050000 		.4byte	0x5bc
 814 0302 0C030000 		.4byte	0x30c
 815 0306 08       		.uleb128 0x8
 816 0307 01       		.uleb128 0x1
 817 0308 50       		.byte	0x50
 818 0309 01       		.uleb128 0x1
 819 030a 31       		.byte	0x31
 820 030b 00       		.byte	0
 821 030c 07       		.uleb128 0x7
 822 030d A0000000 		.4byte	.LVL35
 823 0311 9B050000 		.4byte	0x59b
 824 0315 1F030000 		.4byte	0x31f
 825 0319 08       		.uleb128 0x8
 826 031a 01       		.uleb128 0x1
 827 031b 50       		.byte	0x50
 828 031c 01       		.uleb128 0x1
 829 031d 31       		.byte	0x31
 830 031e 00       		.byte	0
 831 031f 07       		.uleb128 0x7
 832 0320 A6000000 		.4byte	.LVL36
 833 0324 CA040000 		.4byte	0x4ca
 834 0328 36030000 		.4byte	0x336
 835 032c 08       		.uleb128 0x8
ARM GAS  C:\Users\isaac\AppData\Local\Temp\ccd9vwAc.s 			page 19


 836 032d 01       		.uleb128 0x1
 837 032e 50       		.byte	0x50
 838 032f 05       		.uleb128 0x5
 839 0330 03       		.byte	0x3
 840 0331 60000000 		.4byte	.LC4
 841 0335 00       		.byte	0
 842 0336 07       		.uleb128 0x7
 843 0337 AE000000 		.4byte	.LVL37
 844 033b D5040000 		.4byte	0x4d5
 845 033f 4B030000 		.4byte	0x34b
 846 0343 08       		.uleb128 0x8
 847 0344 01       		.uleb128 0x1
 848 0345 50       		.byte	0x50
 849 0346 03       		.uleb128 0x3
 850 0347 0A       		.byte	0xa
 851 0348 F401     		.2byte	0x1f4
 852 034a 00       		.byte	0
 853 034b 07       		.uleb128 0x7
 854 034c B4000000 		.4byte	.LVL38
 855 0350 BC050000 		.4byte	0x5bc
 856 0354 5E030000 		.4byte	0x35e
 857 0358 08       		.uleb128 0x8
 858 0359 01       		.uleb128 0x1
 859 035a 50       		.byte	0x50
 860 035b 01       		.uleb128 0x1
 861 035c 30       		.byte	0x30
 862 035d 00       		.byte	0
 863 035e 09       		.uleb128 0x9
 864 035f C0000000 		.4byte	.LVL39
 865 0363 6F050000 		.4byte	0x56f
 866 0367 09       		.uleb128 0x9
 867 0368 C4000000 		.4byte	.LVL40
 868 036c 7A050000 		.4byte	0x57a
 869 0370 09       		.uleb128 0x9
 870 0371 C8000000 		.4byte	.LVL41
 871 0375 C7050000 		.4byte	0x5c7
 872 0379 09       		.uleb128 0x9
 873 037a CC000000 		.4byte	.LVL42
 874 037e 90050000 		.4byte	0x590
 875 0382 09       		.uleb128 0x9
 876 0383 D0000000 		.4byte	.LVL43
 877 0387 A6050000 		.4byte	0x5a6
 878 038b 09       		.uleb128 0x9
 879 038c D4000000 		.4byte	.LVL44
 880 0390 38050000 		.4byte	0x538
 881 0394 07       		.uleb128 0x7
 882 0395 E2000000 		.4byte	.LVL45
 883 0399 0C050000 		.4byte	0x50c
 884 039d B1030000 		.4byte	0x3b1
 885 03a1 08       		.uleb128 0x8
 886 03a2 01       		.uleb128 0x1
 887 03a3 50       		.byte	0x50
 888 03a4 02       		.uleb128 0x2
 889 03a5 75       		.byte	0x75
 890 03a6 00       		.sleb128 0
 891 03a7 08       		.uleb128 0x8
 892 03a8 01       		.uleb128 0x1
ARM GAS  C:\Users\isaac\AppData\Local\Temp\ccd9vwAc.s 			page 20


 893 03a9 51       		.byte	0x51
 894 03aa 05       		.uleb128 0x5
 895 03ab 03       		.byte	0x3
 896 03ac 74000000 		.4byte	.LC5
 897 03b0 00       		.byte	0
 898 03b1 07       		.uleb128 0x7
 899 03b2 E8000000 		.4byte	.LVL46
 900 03b6 CA040000 		.4byte	0x4ca
 901 03ba C5030000 		.4byte	0x3c5
 902 03be 08       		.uleb128 0x8
 903 03bf 01       		.uleb128 0x1
 904 03c0 50       		.byte	0x50
 905 03c1 02       		.uleb128 0x2
 906 03c2 75       		.byte	0x75
 907 03c3 00       		.sleb128 0
 908 03c4 00       		.byte	0
 909 03c5 07       		.uleb128 0x7
 910 03c6 EE000000 		.4byte	.LVL47
 911 03ca D5040000 		.4byte	0x4d5
 912 03ce D9030000 		.4byte	0x3d9
 913 03d2 08       		.uleb128 0x8
 914 03d3 01       		.uleb128 0x1
 915 03d4 50       		.byte	0x50
 916 03d5 02       		.uleb128 0x2
 917 03d6 08       		.byte	0x8
 918 03d7 32       		.byte	0x32
 919 03d8 00       		.byte	0
 920 03d9 07       		.uleb128 0x7
 921 03da 00010000 		.4byte	.LVL48
 922 03de BC050000 		.4byte	0x5bc
 923 03e2 EC030000 		.4byte	0x3ec
 924 03e6 08       		.uleb128 0x8
 925 03e7 01       		.uleb128 0x1
 926 03e8 50       		.byte	0x50
 927 03e9 01       		.uleb128 0x1
 928 03ea 31       		.byte	0x31
 929 03eb 00       		.byte	0
 930 03ec 07       		.uleb128 0x7
 931 03ed 06010000 		.4byte	.LVL49
 932 03f1 9B050000 		.4byte	0x59b
 933 03f5 FF030000 		.4byte	0x3ff
 934 03f9 08       		.uleb128 0x8
 935 03fa 01       		.uleb128 0x1
 936 03fb 50       		.byte	0x50
 937 03fc 01       		.uleb128 0x1
 938 03fd 31       		.byte	0x31
 939 03fe 00       		.byte	0
 940 03ff 09       		.uleb128 0x9
 941 0400 0A010000 		.4byte	.LVL50
 942 0404 38050000 		.4byte	0x538
 943 0408 07       		.uleb128 0x7
 944 0409 10010000 		.4byte	.LVL51
 945 040d CA040000 		.4byte	0x4ca
 946 0411 1F040000 		.4byte	0x41f
 947 0415 08       		.uleb128 0x8
 948 0416 01       		.uleb128 0x1
 949 0417 50       		.byte	0x50
ARM GAS  C:\Users\isaac\AppData\Local\Temp\ccd9vwAc.s 			page 21


 950 0418 05       		.uleb128 0x5
 951 0419 03       		.byte	0x3
 952 041a 60000000 		.4byte	.LC4
 953 041e 00       		.byte	0
 954 041f 07       		.uleb128 0x7
 955 0420 18010000 		.4byte	.LVL52
 956 0424 D5040000 		.4byte	0x4d5
 957 0428 34040000 		.4byte	0x434
 958 042c 08       		.uleb128 0x8
 959 042d 01       		.uleb128 0x1
 960 042e 50       		.byte	0x50
 961 042f 03       		.uleb128 0x3
 962 0430 0A       		.byte	0xa
 963 0431 F401     		.2byte	0x1f4
 964 0433 00       		.byte	0
 965 0434 0B       		.uleb128 0xb
 966 0435 1E010000 		.4byte	.LVL53
 967 0439 BC050000 		.4byte	0x5bc
 968 043d 08       		.uleb128 0x8
 969 043e 01       		.uleb128 0x1
 970 043f 50       		.byte	0x50
 971 0440 01       		.uleb128 0x1
 972 0441 30       		.byte	0x30
 973 0442 00       		.byte	0
 974 0443 00       		.byte	0
 975 0444 0C       		.uleb128 0xc
 976 0445 83010000 		.4byte	.LASF19
 977 0449 05       		.byte	0x5
 978 044a 1207     		.2byte	0x712
 979 044c 50040000 		.4byte	0x450
 980 0450 0D       		.uleb128 0xd
 981 0451 76000000 		.4byte	0x76
 982 0455 0E       		.uleb128 0xe
 983 0456 81000000 		.4byte	0x81
 984 045a 65040000 		.4byte	0x465
 985 045e 0F       		.uleb128 0xf
 986 045f A9000000 		.4byte	0xa9
 987 0463 00       		.byte	0
 988 0464 00       		.byte	0
 989 0465 10       		.uleb128 0x10
 990 0466 59000000 		.4byte	.LASF20
 991 046a 01       		.byte	0x1
 992 046b 04       		.byte	0x4
 993 046c 55040000 		.4byte	0x455
 994 0470 05       		.uleb128 0x5
 995 0471 03       		.byte	0x3
 996 0472 00000000 		.4byte	ArrBuffer
 997 0476 0E       		.uleb128 0xe
 998 0477 9B000000 		.4byte	0x9b
 999 047b 86040000 		.4byte	0x486
 1000 047f 0F       		.uleb128 0xf
 1001 0480 A9000000 		.4byte	0xa9
 1002 0484 3F       		.byte	0x3f
 1003 0485 00       		.byte	0
 1004 0486 11       		.uleb128 0x11
 1005 0487 6D736700 		.ascii	"msg\000"
 1006 048b 01       		.byte	0x1
ARM GAS  C:\Users\isaac\AppData\Local\Temp\ccd9vwAc.s 			page 22


 1007 048c 05       		.byte	0x5
 1008 048d 76040000 		.4byte	0x476
 1009 0491 05       		.uleb128 0x5
 1010 0492 03       		.byte	0x3
 1011 0493 00000000 		.4byte	msg
 1012 0497 10       		.uleb128 0x10
 1013 0498 27000000 		.4byte	.LASF21
 1014 049c 01       		.byte	0x1
 1015 049d 07       		.byte	0x7
 1016 049e 68000000 		.4byte	0x68
 1017 04a2 05       		.uleb128 0x5
 1018 04a3 03       		.byte	0x3
 1019 04a4 00000000 		.4byte	students
 1020 04a8 10       		.uleb128 0x10
 1021 04a9 4C010000 		.4byte	.LASF22
 1022 04ad 01       		.byte	0x1
 1023 04ae 08       		.byte	0x8
 1024 04af 68000000 		.4byte	0x68
 1025 04b3 05       		.uleb128 0x5
 1026 04b4 03       		.byte	0x3
 1027 04b5 00000000 		.4byte	ontime
 1028 04b9 10       		.uleb128 0x10
 1029 04ba 30000000 		.4byte	.LASF23
 1030 04be 01       		.byte	0x1
 1031 04bf 09       		.byte	0x9
 1032 04c0 9B000000 		.4byte	0x9b
 1033 04c4 05       		.uleb128 0x5
 1034 04c5 03       		.byte	0x3
 1035 04c6 00000000 		.4byte	state
 1036 04ca 12       		.uleb128 0x12
 1037 04cb 0A030000 		.4byte	.LASF24
 1038 04cf 0A030000 		.4byte	.LASF24
 1039 04d3 06       		.byte	0x6
 1040 04d4 8B       		.byte	0x8b
 1041 04d5 12       		.uleb128 0x12
 1042 04d6 34030000 		.4byte	.LASF25
 1043 04da 34030000 		.4byte	.LASF25
 1044 04de 07       		.byte	0x7
 1045 04df 76       		.byte	0x76
 1046 04e0 12       		.uleb128 0x12
 1047 04e1 81000000 		.4byte	.LASF26
 1048 04e5 81000000 		.4byte	.LASF26
 1049 04e9 08       		.byte	0x8
 1050 04ea 5B       		.byte	0x5b
 1051 04eb 12       		.uleb128 0x12
 1052 04ec 40000000 		.4byte	.LASF27
 1053 04f0 40000000 		.4byte	.LASF27
 1054 04f4 08       		.byte	0x8
 1055 04f5 5E       		.byte	0x5e
 1056 04f6 12       		.uleb128 0x12
 1057 04f7 20020000 		.4byte	.LASF28
 1058 04fb 20020000 		.4byte	.LASF28
 1059 04ff 09       		.byte	0x9
 1060 0500 28       		.byte	0x28
 1061 0501 12       		.uleb128 0x12
 1062 0502 F3010000 		.4byte	.LASF29
 1063 0506 F3010000 		.4byte	.LASF29
ARM GAS  C:\Users\isaac\AppData\Local\Temp\ccd9vwAc.s 			page 23


 1064 050a 07       		.byte	0x7
 1065 050b 77       		.byte	0x77
 1066 050c 12       		.uleb128 0x12
 1067 050d 2C030000 		.4byte	.LASF30
 1068 0511 2C030000 		.4byte	.LASF30
 1069 0515 0A       		.byte	0xa
 1070 0516 E7       		.byte	0xe7
 1071 0517 12       		.uleb128 0x12
 1072 0518 FE020000 		.4byte	.LASF31
 1073 051c FE020000 		.4byte	.LASF31
 1074 0520 0B       		.byte	0xb
 1075 0521 26       		.byte	0x26
 1076 0522 12       		.uleb128 0x12
 1077 0523 5F020000 		.4byte	.LASF32
 1078 0527 5F020000 		.4byte	.LASF32
 1079 052b 0C       		.byte	0xc
 1080 052c 28       		.byte	0x28
 1081 052d 12       		.uleb128 0x12
 1082 052e 19030000 		.4byte	.LASF33
 1083 0532 19030000 		.4byte	.LASF33
 1084 0536 0D       		.byte	0xd
 1085 0537 2B       		.byte	0x2b
 1086 0538 12       		.uleb128 0x12
 1087 0539 78010000 		.4byte	.LASF34
 1088 053d 78010000 		.4byte	.LASF34
 1089 0541 06       		.byte	0x6
 1090 0542 54       		.byte	0x54
 1091 0543 12       		.uleb128 0x12
 1092 0544 77000000 		.4byte	.LASF35
 1093 0548 77000000 		.4byte	.LASF35
 1094 054c 0E       		.byte	0xe
 1095 054d 93       		.byte	0x93
 1096 054e 12       		.uleb128 0x12
 1097 054f AC020000 		.4byte	.LASF36
 1098 0553 AC020000 		.4byte	.LASF36
 1099 0557 0E       		.byte	0xe
 1100 0558 C7       		.byte	0xc7
 1101 0559 12       		.uleb128 0x12
 1102 055a 92000000 		.4byte	.LASF37
 1103 055e 92000000 		.4byte	.LASF37
 1104 0562 09       		.byte	0x9
 1105 0563 18       		.byte	0x18
 1106 0564 12       		.uleb128 0x12
 1107 0565 ED020000 		.4byte	.LASF38
 1108 0569 ED020000 		.4byte	.LASF38
 1109 056d 0C       		.byte	0xc
 1110 056e 18       		.byte	0x18
 1111 056f 12       		.uleb128 0x12
 1112 0570 0B000000 		.4byte	.LASF39
 1113 0574 0B000000 		.4byte	.LASF39
 1114 0578 0E       		.byte	0xe
 1115 0579 9C       		.byte	0x9c
 1116 057a 12       		.uleb128 0x12
 1117 057b A3000000 		.4byte	.LASF40
 1118 057f A3000000 		.4byte	.LASF40
 1119 0583 0F       		.byte	0xf
 1120 0584 1F       		.byte	0x1f
ARM GAS  C:\Users\isaac\AppData\Local\Temp\ccd9vwAc.s 			page 24


 1121 0585 12       		.uleb128 0x12
 1122 0586 FD010000 		.4byte	.LASF41
 1123 058a FD010000 		.4byte	.LASF41
 1124 058e 0F       		.byte	0xf
 1125 058f 22       		.byte	0x22
 1126 0590 12       		.uleb128 0x12
 1127 0591 4D020000 		.4byte	.LASF42
 1128 0595 4D020000 		.4byte	.LASF42
 1129 0599 0F       		.byte	0xf
 1130 059a 20       		.byte	0x20
 1131 059b 12       		.uleb128 0x12
 1132 059c B2000000 		.4byte	.LASF43
 1133 05a0 B2000000 		.4byte	.LASF43
 1134 05a4 10       		.byte	0x10
 1135 05a5 26       		.byte	0x26
 1136 05a6 12       		.uleb128 0x12
 1137 05a7 00000000 		.4byte	.LASF44
 1138 05ab 00000000 		.4byte	.LASF44
 1139 05af 0E       		.byte	0xe
 1140 05b0 9E       		.byte	0x9e
 1141 05b1 12       		.uleb128 0x12
 1142 05b2 07020000 		.4byte	.LASF45
 1143 05b6 07020000 		.4byte	.LASF45
 1144 05ba 08       		.byte	0x8
 1145 05bb 5A       		.byte	0x5a
 1146 05bc 12       		.uleb128 0x12
 1147 05bd CC020000 		.4byte	.LASF46
 1148 05c1 CC020000 		.4byte	.LASF46
 1149 05c5 11       		.byte	0x11
 1150 05c6 26       		.byte	0x26
 1151 05c7 12       		.uleb128 0x12
 1152 05c8 63000000 		.4byte	.LASF47
 1153 05cc 63000000 		.4byte	.LASF47
 1154 05d0 0F       		.byte	0xf
 1155 05d1 23       		.byte	0x23
 1156 05d2 00       		.byte	0
 1157              		.section	.debug_abbrev,"",%progbits
 1158              	.Ldebug_abbrev0:
 1159 0000 01       		.uleb128 0x1
 1160 0001 11       		.uleb128 0x11
 1161 0002 01       		.byte	0x1
 1162 0003 25       		.uleb128 0x25
 1163 0004 0E       		.uleb128 0xe
 1164 0005 13       		.uleb128 0x13
 1165 0006 0B       		.uleb128 0xb
 1166 0007 03       		.uleb128 0x3
 1167 0008 0E       		.uleb128 0xe
 1168 0009 1B       		.uleb128 0x1b
 1169 000a 0E       		.uleb128 0xe
 1170 000b 55       		.uleb128 0x55
 1171 000c 17       		.uleb128 0x17
 1172 000d 11       		.uleb128 0x11
 1173 000e 01       		.uleb128 0x1
 1174 000f 10       		.uleb128 0x10
 1175 0010 17       		.uleb128 0x17
 1176 0011 00       		.byte	0
 1177 0012 00       		.byte	0
ARM GAS  C:\Users\isaac\AppData\Local\Temp\ccd9vwAc.s 			page 25


 1178 0013 02       		.uleb128 0x2
 1179 0014 24       		.uleb128 0x24
 1180 0015 00       		.byte	0
 1181 0016 0B       		.uleb128 0xb
 1182 0017 0B       		.uleb128 0xb
 1183 0018 3E       		.uleb128 0x3e
 1184 0019 0B       		.uleb128 0xb
 1185 001a 03       		.uleb128 0x3
 1186 001b 0E       		.uleb128 0xe
 1187 001c 00       		.byte	0
 1188 001d 00       		.byte	0
 1189 001e 03       		.uleb128 0x3
 1190 001f 16       		.uleb128 0x16
 1191 0020 00       		.byte	0
 1192 0021 03       		.uleb128 0x3
 1193 0022 0E       		.uleb128 0xe
 1194 0023 3A       		.uleb128 0x3a
 1195 0024 0B       		.uleb128 0xb
 1196 0025 3B       		.uleb128 0x3b
 1197 0026 0B       		.uleb128 0xb
 1198 0027 49       		.uleb128 0x49
 1199 0028 13       		.uleb128 0x13
 1200 0029 00       		.byte	0
 1201 002a 00       		.byte	0
 1202 002b 04       		.uleb128 0x4
 1203 002c 24       		.uleb128 0x24
 1204 002d 00       		.byte	0
 1205 002e 0B       		.uleb128 0xb
 1206 002f 0B       		.uleb128 0xb
 1207 0030 3E       		.uleb128 0x3e
 1208 0031 0B       		.uleb128 0xb
 1209 0032 03       		.uleb128 0x3
 1210 0033 08       		.uleb128 0x8
 1211 0034 00       		.byte	0
 1212 0035 00       		.byte	0
 1213 0036 05       		.uleb128 0x5
 1214 0037 16       		.uleb128 0x16
 1215 0038 00       		.byte	0
 1216 0039 03       		.uleb128 0x3
 1217 003a 0E       		.uleb128 0xe
 1218 003b 3A       		.uleb128 0x3a
 1219 003c 0B       		.uleb128 0xb
 1220 003d 3B       		.uleb128 0x3b
 1221 003e 05       		.uleb128 0x5
 1222 003f 49       		.uleb128 0x49
 1223 0040 13       		.uleb128 0x13
 1224 0041 00       		.byte	0
 1225 0042 00       		.byte	0
 1226 0043 06       		.uleb128 0x6
 1227 0044 2E       		.uleb128 0x2e
 1228 0045 01       		.byte	0x1
 1229 0046 3F       		.uleb128 0x3f
 1230 0047 19       		.uleb128 0x19
 1231 0048 03       		.uleb128 0x3
 1232 0049 0E       		.uleb128 0xe
 1233 004a 3A       		.uleb128 0x3a
 1234 004b 0B       		.uleb128 0xb
ARM GAS  C:\Users\isaac\AppData\Local\Temp\ccd9vwAc.s 			page 26


 1235 004c 3B       		.uleb128 0x3b
 1236 004d 0B       		.uleb128 0xb
 1237 004e 27       		.uleb128 0x27
 1238 004f 19       		.uleb128 0x19
 1239 0050 11       		.uleb128 0x11
 1240 0051 01       		.uleb128 0x1
 1241 0052 12       		.uleb128 0x12
 1242 0053 06       		.uleb128 0x6
 1243 0054 40       		.uleb128 0x40
 1244 0055 18       		.uleb128 0x18
 1245 0056 9742     		.uleb128 0x2117
 1246 0058 19       		.uleb128 0x19
 1247 0059 01       		.uleb128 0x1
 1248 005a 13       		.uleb128 0x13
 1249 005b 00       		.byte	0
 1250 005c 00       		.byte	0
 1251 005d 07       		.uleb128 0x7
 1252 005e 898201   		.uleb128 0x4109
 1253 0061 01       		.byte	0x1
 1254 0062 11       		.uleb128 0x11
 1255 0063 01       		.uleb128 0x1
 1256 0064 31       		.uleb128 0x31
 1257 0065 13       		.uleb128 0x13
 1258 0066 01       		.uleb128 0x1
 1259 0067 13       		.uleb128 0x13
 1260 0068 00       		.byte	0
 1261 0069 00       		.byte	0
 1262 006a 08       		.uleb128 0x8
 1263 006b 8A8201   		.uleb128 0x410a
 1264 006e 00       		.byte	0
 1265 006f 02       		.uleb128 0x2
 1266 0070 18       		.uleb128 0x18
 1267 0071 9142     		.uleb128 0x2111
 1268 0073 18       		.uleb128 0x18
 1269 0074 00       		.byte	0
 1270 0075 00       		.byte	0
 1271 0076 09       		.uleb128 0x9
 1272 0077 898201   		.uleb128 0x4109
 1273 007a 00       		.byte	0
 1274 007b 11       		.uleb128 0x11
 1275 007c 01       		.uleb128 0x1
 1276 007d 31       		.uleb128 0x31
 1277 007e 13       		.uleb128 0x13
 1278 007f 00       		.byte	0
 1279 0080 00       		.byte	0
 1280 0081 0A       		.uleb128 0xa
 1281 0082 2E       		.uleb128 0x2e
 1282 0083 01       		.byte	0x1
 1283 0084 3F       		.uleb128 0x3f
 1284 0085 19       		.uleb128 0x19
 1285 0086 03       		.uleb128 0x3
 1286 0087 0E       		.uleb128 0xe
 1287 0088 3A       		.uleb128 0x3a
 1288 0089 0B       		.uleb128 0xb
 1289 008a 3B       		.uleb128 0x3b
 1290 008b 0B       		.uleb128 0xb
 1291 008c 27       		.uleb128 0x27
ARM GAS  C:\Users\isaac\AppData\Local\Temp\ccd9vwAc.s 			page 27


 1292 008d 19       		.uleb128 0x19
 1293 008e 49       		.uleb128 0x49
 1294 008f 13       		.uleb128 0x13
 1295 0090 8701     		.uleb128 0x87
 1296 0092 19       		.uleb128 0x19
 1297 0093 11       		.uleb128 0x11
 1298 0094 01       		.uleb128 0x1
 1299 0095 12       		.uleb128 0x12
 1300 0096 06       		.uleb128 0x6
 1301 0097 40       		.uleb128 0x40
 1302 0098 18       		.uleb128 0x18
 1303 0099 9742     		.uleb128 0x2117
 1304 009b 19       		.uleb128 0x19
 1305 009c 01       		.uleb128 0x1
 1306 009d 13       		.uleb128 0x13
 1307 009e 00       		.byte	0
 1308 009f 00       		.byte	0
 1309 00a0 0B       		.uleb128 0xb
 1310 00a1 898201   		.uleb128 0x4109
 1311 00a4 01       		.byte	0x1
 1312 00a5 11       		.uleb128 0x11
 1313 00a6 01       		.uleb128 0x1
 1314 00a7 31       		.uleb128 0x31
 1315 00a8 13       		.uleb128 0x13
 1316 00a9 00       		.byte	0
 1317 00aa 00       		.byte	0
 1318 00ab 0C       		.uleb128 0xc
 1319 00ac 34       		.uleb128 0x34
 1320 00ad 00       		.byte	0
 1321 00ae 03       		.uleb128 0x3
 1322 00af 0E       		.uleb128 0xe
 1323 00b0 3A       		.uleb128 0x3a
 1324 00b1 0B       		.uleb128 0xb
 1325 00b2 3B       		.uleb128 0x3b
 1326 00b3 05       		.uleb128 0x5
 1327 00b4 49       		.uleb128 0x49
 1328 00b5 13       		.uleb128 0x13
 1329 00b6 3F       		.uleb128 0x3f
 1330 00b7 19       		.uleb128 0x19
 1331 00b8 3C       		.uleb128 0x3c
 1332 00b9 19       		.uleb128 0x19
 1333 00ba 00       		.byte	0
 1334 00bb 00       		.byte	0
 1335 00bc 0D       		.uleb128 0xd
 1336 00bd 35       		.uleb128 0x35
 1337 00be 00       		.byte	0
 1338 00bf 49       		.uleb128 0x49
 1339 00c0 13       		.uleb128 0x13
 1340 00c1 00       		.byte	0
 1341 00c2 00       		.byte	0
 1342 00c3 0E       		.uleb128 0xe
 1343 00c4 01       		.uleb128 0x1
 1344 00c5 01       		.byte	0x1
 1345 00c6 49       		.uleb128 0x49
 1346 00c7 13       		.uleb128 0x13
 1347 00c8 01       		.uleb128 0x1
 1348 00c9 13       		.uleb128 0x13
ARM GAS  C:\Users\isaac\AppData\Local\Temp\ccd9vwAc.s 			page 28


 1349 00ca 00       		.byte	0
 1350 00cb 00       		.byte	0
 1351 00cc 0F       		.uleb128 0xf
 1352 00cd 21       		.uleb128 0x21
 1353 00ce 00       		.byte	0
 1354 00cf 49       		.uleb128 0x49
 1355 00d0 13       		.uleb128 0x13
 1356 00d1 2F       		.uleb128 0x2f
 1357 00d2 0B       		.uleb128 0xb
 1358 00d3 00       		.byte	0
 1359 00d4 00       		.byte	0
 1360 00d5 10       		.uleb128 0x10
 1361 00d6 34       		.uleb128 0x34
 1362 00d7 00       		.byte	0
 1363 00d8 03       		.uleb128 0x3
 1364 00d9 0E       		.uleb128 0xe
 1365 00da 3A       		.uleb128 0x3a
 1366 00db 0B       		.uleb128 0xb
 1367 00dc 3B       		.uleb128 0x3b
 1368 00dd 0B       		.uleb128 0xb
 1369 00de 49       		.uleb128 0x49
 1370 00df 13       		.uleb128 0x13
 1371 00e0 3F       		.uleb128 0x3f
 1372 00e1 19       		.uleb128 0x19
 1373 00e2 02       		.uleb128 0x2
 1374 00e3 18       		.uleb128 0x18
 1375 00e4 00       		.byte	0
 1376 00e5 00       		.byte	0
 1377 00e6 11       		.uleb128 0x11
 1378 00e7 34       		.uleb128 0x34
 1379 00e8 00       		.byte	0
 1380 00e9 03       		.uleb128 0x3
 1381 00ea 08       		.uleb128 0x8
 1382 00eb 3A       		.uleb128 0x3a
 1383 00ec 0B       		.uleb128 0xb
 1384 00ed 3B       		.uleb128 0x3b
 1385 00ee 0B       		.uleb128 0xb
 1386 00ef 49       		.uleb128 0x49
 1387 00f0 13       		.uleb128 0x13
 1388 00f1 3F       		.uleb128 0x3f
 1389 00f2 19       		.uleb128 0x19
 1390 00f3 02       		.uleb128 0x2
 1391 00f4 18       		.uleb128 0x18
 1392 00f5 00       		.byte	0
 1393 00f6 00       		.byte	0
 1394 00f7 12       		.uleb128 0x12
 1395 00f8 2E       		.uleb128 0x2e
 1396 00f9 00       		.byte	0
 1397 00fa 3F       		.uleb128 0x3f
 1398 00fb 19       		.uleb128 0x19
 1399 00fc 3C       		.uleb128 0x3c
 1400 00fd 19       		.uleb128 0x19
 1401 00fe 6E       		.uleb128 0x6e
 1402 00ff 0E       		.uleb128 0xe
 1403 0100 03       		.uleb128 0x3
 1404 0101 0E       		.uleb128 0xe
 1405 0102 3A       		.uleb128 0x3a
ARM GAS  C:\Users\isaac\AppData\Local\Temp\ccd9vwAc.s 			page 29


 1406 0103 0B       		.uleb128 0xb
 1407 0104 3B       		.uleb128 0x3b
 1408 0105 0B       		.uleb128 0xb
 1409 0106 00       		.byte	0
 1410 0107 00       		.byte	0
 1411 0108 00       		.byte	0
 1412              		.section	.debug_aranges,"",%progbits
 1413 0000 2C000000 		.4byte	0x2c
 1414 0004 0200     		.2byte	0x2
 1415 0006 00000000 		.4byte	.Ldebug_info0
 1416 000a 04       		.byte	0x4
 1417 000b 00       		.byte	0
 1418 000c 0000     		.2byte	0
 1419 000e 0000     		.2byte	0
 1420 0010 00000000 		.4byte	.LFB65
 1421 0014 38000000 		.4byte	.LFE65-.LFB65
 1422 0018 00000000 		.4byte	.LFB66
 1423 001c 64000000 		.4byte	.LFE66-.LFB66
 1424 0020 00000000 		.4byte	.LFB64
 1425 0024 4C010000 		.4byte	.LFE64-.LFB64
 1426 0028 00000000 		.4byte	0
 1427 002c 00000000 		.4byte	0
 1428              		.section	.debug_ranges,"",%progbits
 1429              	.Ldebug_ranges0:
 1430 0000 00000000 		.4byte	.LFB65
 1431 0004 38000000 		.4byte	.LFE65
 1432 0008 00000000 		.4byte	.LFB66
 1433 000c 64000000 		.4byte	.LFE66
 1434 0010 00000000 		.4byte	.LFB64
 1435 0014 4C010000 		.4byte	.LFE64
 1436 0018 00000000 		.4byte	0
 1437 001c 00000000 		.4byte	0
 1438              		.section	.debug_line,"",%progbits
 1439              	.Ldebug_line0:
 1440 0000 B3020000 		.section	.debug_str,"MS",%progbits,1
 1440      02003802 
 1440      00000201 
 1440      FB0E0D00 
 1440      01010101 
 1441              	.LASF44:
 1442 0000 4932435F 		.ascii	"I2C_Wakeup\000"
 1442      57616B65 
 1442      757000
 1443              	.LASF39:
 1444 000b 4932435F 		.ascii	"I2C_Sleep\000"
 1444      536C6565 
 1444      7000
 1445              	.LASF17:
 1446 0015 74696D65 		.ascii	"timer_isr_handler\000"
 1446      725F6973 
 1446      725F6861 
 1446      6E646C65 
 1446      7200
 1447              	.LASF21:
 1448 0027 73747564 		.ascii	"students\000"
 1448      656E7473 
 1448      00
ARM GAS  C:\Users\isaac\AppData\Local\Temp\ccd9vwAc.s 			page 30


 1449              	.LASF23:
 1450 0030 73746174 		.ascii	"state\000"
 1450      6500
 1451              	.LASF9:
 1452 0036 5F5F696E 		.ascii	"__int32_t\000"
 1452      7433325F 
 1452      7400
 1453              	.LASF27:
 1454 0040 54696D65 		.ascii	"Timer_ReadStatusRegister\000"
 1454      725F5265 
 1454      61645374 
 1454      61747573 
 1454      52656769 
 1455              	.LASF20:
 1456 0059 41727242 		.ascii	"ArrBuffer\000"
 1456      75666665 
 1456      7200
 1457              	.LASF47:
 1458 0063 4379506D 		.ascii	"CyPmHibernate\000"
 1458      48696265 
 1458      726E6174 
 1458      6500
 1459              	.LASF11:
 1460 0071 75696E74 		.ascii	"uint8\000"
 1460      3800
 1461              	.LASF35:
 1462 0077 4932435F 		.ascii	"I2C_Start\000"
 1462      53746172 
 1462      7400
 1463              	.LASF26:
 1464 0081 54696D65 		.ascii	"Timer_Stop\000"
 1464      725F5374 
 1464      6F7000
 1465              	.LASF12:
 1466 008c 666C6F61 		.ascii	"float\000"
 1466      7400
 1467              	.LASF37:
 1468 0092 74696D65 		.ascii	"time_isr_StartEx\000"
 1468      5F697372 
 1468      5F537461 
 1468      72744578 
 1468      00
 1469              	.LASF40:
 1470 00a3 4379506D 		.ascii	"CyPmSaveClocks\000"
 1470      53617665 
 1470      436C6F63 
 1470      6B7300
 1471              	.LASF43:
 1472 00b2 4C697374 		.ascii	"ListC_Write\000"
 1472      435F5772 
 1472      69746500 
 1473              	.LASF48:
 1474 00be 474E5520 		.ascii	"GNU C11 5.4.1 20160609 (release) [ARM/embedded-5-br"
 1474      43313120 
 1474      352E342E 
 1474      31203230 
 1474      31363036 
ARM GAS  C:\Users\isaac\AppData\Local\Temp\ccd9vwAc.s 			page 31


 1475 00f1 616E6368 		.ascii	"anch revision 237715] -mcpu=cortex-m3 -mthumb -g -O"
 1475      20726576 
 1475      6973696F 
 1475      6E203233 
 1475      37373135 
 1476 0124 67202D66 		.ascii	"g -ffunction-sections -ffat-lto-objects\000"
 1476      66756E63 
 1476      74696F6E 
 1476      2D736563 
 1476      74696F6E 
 1477              	.LASF22:
 1478 014c 6F6E7469 		.ascii	"ontime\000"
 1478      6D6500
 1479              	.LASF5:
 1480 0153 6C6F6E67 		.ascii	"long unsigned int\000"
 1480      20756E73 
 1480      69676E65 
 1480      6420696E 
 1480      7400
 1481              	.LASF3:
 1482 0165 73686F72 		.ascii	"short unsigned int\000"
 1482      7420756E 
 1482      7369676E 
 1482      65642069 
 1482      6E7400
 1483              	.LASF34:
 1484 0178 55415254 		.ascii	"UART_Start\000"
 1484      5F537461 
 1484      727400
 1485              	.LASF19:
 1486 0183 49544D5F 		.ascii	"ITM_RxBuffer\000"
 1486      52784275 
 1486      66666572 
 1486      00
 1487              	.LASF1:
 1488 0190 756E7369 		.ascii	"unsigned char\000"
 1488      676E6564 
 1488      20636861 
 1488      7200
 1489              	.LASF13:
 1490 019e 646F7562 		.ascii	"double\000"
 1490      6C6500
 1491              	.LASF50:
 1492 01a5 433A5C55 		.ascii	"C:\\Users\\isaac\\Documents\\PSoC Creator\\P7_Class"
 1492      73657273 
 1492      5C697361 
 1492      61635C44 
 1492      6F63756D 
 1493 01d3 4D616E61 		.ascii	"Manager\\ClassManager.cydsn\000"
 1493      6765725C 
 1493      436C6173 
 1493      734D616E 
 1493      61676572 
 1494              	.LASF51:
 1495 01ee 6D61696E 		.ascii	"main\000"
 1495      00
 1496              	.LASF29:
ARM GAS  C:\Users\isaac\AppData\Local\Temp\ccd9vwAc.s 			page 32


 1497 01f3 43794465 		.ascii	"CyDelayUs\000"
 1497      6C617955 
 1497      7300
 1498              	.LASF41:
 1499 01fd 4379506D 		.ascii	"CyPmSleep\000"
 1499      536C6565 
 1499      7000
 1500              	.LASF45:
 1501 0207 54696D65 		.ascii	"Timer_Start\000"
 1501      725F5374 
 1501      61727400 
 1502              	.LASF8:
 1503 0213 756E7369 		.ascii	"unsigned int\000"
 1503      676E6564 
 1503      20696E74 
 1503      00
 1504              	.LASF28:
 1505 0220 74696D65 		.ascii	"time_isr_ClearPending\000"
 1505      5F697372 
 1505      5F436C65 
 1505      61725065 
 1505      6E64696E 
 1506              	.LASF7:
 1507 0236 6C6F6E67 		.ascii	"long long unsigned int\000"
 1507      206C6F6E 
 1507      6720756E 
 1507      7369676E 
 1507      65642069 
 1508              	.LASF42:
 1509 024d 4379506D 		.ascii	"CyPmRestoreClocks\000"
 1509      52657374 
 1509      6F726543 
 1509      6C6F636B 
 1509      7300
 1510              	.LASF32:
 1511 025f 636F756E 		.ascii	"counting_ClearPending\000"
 1511      74696E67 
 1511      5F436C65 
 1511      61725065 
 1511      6E64696E 
 1512              	.LASF0:
 1513 0275 7369676E 		.ascii	"signed char\000"
 1513      65642063 
 1513      68617200 
 1514              	.LASF10:
 1515 0281 696E7433 		.ascii	"int32_t\000"
 1515      325F7400 
 1516              	.LASF16:
 1517 0289 73697A65 		.ascii	"sizetype\000"
 1517      74797065 
 1517      00
 1518              	.LASF6:
 1519 0292 6C6F6E67 		.ascii	"long long int\000"
 1519      206C6F6E 
 1519      6720696E 
 1519      7400
 1520              	.LASF49:
ARM GAS  C:\Users\isaac\AppData\Local\Temp\ccd9vwAc.s 			page 33


 1521 02a0 6D61696E 		.ascii	"main.c\000"
 1521      2E6300
 1522              	.LASF14:
 1523 02a7 63686172 		.ascii	"char\000"
 1523      00
 1524              	.LASF36:
 1525 02ac 4932435F 		.ascii	"I2C_SlaveInitWriteBuf\000"
 1525      536C6176 
 1525      65496E69 
 1525      74577269 
 1525      74654275 
 1526              	.LASF2:
 1527 02c2 73686F72 		.ascii	"short int\000"
 1527      7420696E 
 1527      7400
 1528              	.LASF46:
 1529 02cc 4C45445F 		.ascii	"LED_0_Write\000"
 1529      305F5772 
 1529      69746500 
 1530              	.LASF4:
 1531 02d8 6C6F6E67 		.ascii	"long int\000"
 1531      20696E74 
 1531      00
 1532              	.LASF15:
 1533 02e1 6C6F6E67 		.ascii	"long double\000"
 1533      20646F75 
 1533      626C6500 
 1534              	.LASF38:
 1535 02ed 636F756E 		.ascii	"counting_StartEx\000"
 1535      74696E67 
 1535      5F537461 
 1535      72744578 
 1535      00
 1536              	.LASF31:
 1537 02fe 4C45445F 		.ascii	"LED_1_Write\000"
 1537      315F5772 
 1537      69746500 
 1538              	.LASF24:
 1539 030a 55415254 		.ascii	"UART_PutString\000"
 1539      5F507574 
 1539      53747269 
 1539      6E6700
 1540              	.LASF33:
 1541 0319 42544E5F 		.ascii	"BTN_ClearInterrupt\000"
 1541      436C6561 
 1541      72496E74 
 1541      65727275 
 1541      707400
 1542              	.LASF30:
 1543 032c 73707269 		.ascii	"sprintf\000"
 1543      6E746600 
 1544              	.LASF25:
 1545 0334 43794465 		.ascii	"CyDelay\000"
 1545      6C617900 
 1546              	.LASF18:
 1547 033c 636F756E 		.ascii	"count_handler\000"
 1547      745F6861 
ARM GAS  C:\Users\isaac\AppData\Local\Temp\ccd9vwAc.s 			page 34


 1547      6E646C65 
 1547      7200
 1548              		.ident	"GCC: (GNU Tools for ARM Embedded Processors) 5.4.1 20160609 (release) [ARM/embedded-5-bran
