ARM GAS  C:\Users\isaac\AppData\Local\Temp\ccOV42d8.s 			page 1


   1              		.syntax unified
   2              		.cpu cortex-m3
   3              		.fpu softvfp
   4              		.eabi_attribute 20, 1
   5              		.eabi_attribute 21, 1
   6              		.eabi_attribute 23, 3
   7              		.eabi_attribute 24, 1
   8              		.eabi_attribute 25, 1
   9              		.eabi_attribute 26, 1
  10              		.eabi_attribute 30, 1
  11              		.eabi_attribute 34, 1
  12              		.eabi_attribute 18, 4
  13              		.thumb
  14              		.syntax unified
  15              		.file	"cymetadata.c"
  16              		.text
  17              	.Ltext0:
  18              		.cfi_sections	.debug_frame
  19              		.global	cy_metadata
  20              		.global	cy_meta_flashprotect
  21              		.global	cy_meta_wonvl
  22              		.global	cy_meta_custnvl
  23              		.global	cy_meta_configecc
  24              		.section	.cyconfigecc,"a",%progbits
  25              		.align	2
  26              		.type	cy_meta_configecc, %object
  27              		.size	cy_meta_configecc, 1516
  28              	cy_meta_configecc:
  29 0000 03       		.byte	3
  30 0001 52       		.byte	82
  31 0002 00       		.byte	0
  32 0003 40       		.byte	64
  33 0004 06       		.byte	6
  34 0005 64       		.byte	100
  35 0006 00       		.byte	0
  36 0007 40       		.byte	64
  37 0008 05       		.byte	5
  38 0009 65       		.byte	101
  39 000a 00       		.byte	0
  40 000b 40       		.byte	64
  41 000c 01       		.byte	1
  42 000d 07       		.byte	7
  43 000e 01       		.byte	1
  44 000f 40       		.byte	64
  45 0010 61       		.byte	97
  46 0011 08       		.byte	8
  47 0012 01       		.byte	1
  48 0013 40       		.byte	64
  49 0014 42       		.byte	66
  50 0015 09       		.byte	9
  51 0016 01       		.byte	1
  52 0017 40       		.byte	64
  53 0018 5C       		.byte	92
  54 0019 0A       		.byte	10
  55 001a 01       		.byte	1
  56 001b 40       		.byte	64
  57 001c 32       		.byte	50
ARM GAS  C:\Users\isaac\AppData\Local\Temp\ccOV42d8.s 			page 2


  58 001d 0B       		.byte	11
  59 001e 01       		.byte	1
  60 001f 40       		.byte	64
  61 0020 01       		.byte	1
  62 0021 17       		.byte	23
  63 0022 01       		.byte	1
  64 0023 40       		.byte	64
  65 0024 53       		.byte	83
  66 0025 18       		.byte	24
  67 0026 01       		.byte	1
  68 0027 40       		.byte	64
  69 0028 42       		.byte	66
  70 0029 19       		.byte	25
  71 002a 01       		.byte	1
  72 002b 40       		.byte	64
  73 002c 6F       		.byte	111
  74 002d 1A       		.byte	26
  75 002e 01       		.byte	1
  76 002f 40       		.byte	64
  77 0030 46       		.byte	70
  78 0031 1B       		.byte	27
  79 0032 01       		.byte	1
  80 0033 40       		.byte	64
  81 0034 02       		.byte	2
  82 0035 40       		.byte	64
  83 0036 01       		.byte	1
  84 0037 40       		.byte	64
  85 0038 01       		.byte	1
  86 0039 41       		.byte	65
  87 003a 01       		.byte	1
  88 003b 40       		.byte	64
  89 003c 01       		.byte	1
  90 003d 42       		.byte	66
  91 003e 01       		.byte	1
  92 003f 40       		.byte	64
  93 0040 02       		.byte	2
  94 0041 43       		.byte	67
  95 0042 01       		.byte	1
  96 0043 40       		.byte	64
  97 0044 02       		.byte	2
  98 0045 45       		.byte	69
  99 0046 01       		.byte	1
 100 0047 40       		.byte	64
 101 0048 02       		.byte	2
 102 0049 46       		.byte	70
 103 004a 01       		.byte	1
 104 004b 40       		.byte	64
 105 004c 02       		.byte	2
 106 004d 47       		.byte	71
 107 004e 01       		.byte	1
 108 004f 40       		.byte	64
 109 0050 03       		.byte	3
 110 0051 48       		.byte	72
 111 0052 01       		.byte	1
 112 0053 40       		.byte	64
 113 0054 03       		.byte	3
 114 0055 49       		.byte	73
ARM GAS  C:\Users\isaac\AppData\Local\Temp\ccOV42d8.s 			page 3


 115 0056 01       		.byte	1
 116 0057 40       		.byte	64
 117 0058 01       		.byte	1
 118 0059 4C       		.byte	76
 119 005a 01       		.byte	1
 120 005b 40       		.byte	64
 121 005c 09       		.byte	9
 122 005d 4D       		.byte	77
 123 005e 01       		.byte	1
 124 005f 40       		.byte	64
 125 0060 04       		.byte	4
 126 0061 50       		.byte	80
 127 0062 01       		.byte	1
 128 0063 40       		.byte	64
 129 0064 01       		.byte	1
 130 0065 51       		.byte	81
 131 0066 01       		.byte	1
 132 0067 40       		.byte	64
 133 0068 1E       		.byte	30
 134 0069 3E       		.byte	62
 135 006a 61       		.byte	97
 136 006b 80       		.byte	-128
 137 006c 64       		.byte	100
 138 006d 40       		.byte	64
 139 006e 0A       		.byte	10
 140 006f FF       		.byte	-1
 141 0070 0B       		.byte	11
 142 0071 FF       		.byte	-1
 143 0072 1B       		.byte	27
 144 0073 FF       		.byte	-1
 145 0074 2B       		.byte	43
 146 0075 FF       		.byte	-1
 147 0076 89       		.byte	-119
 148 0077 38       		.byte	56
 149 0078 8A       		.byte	-118
 150 0079 1F       		.byte	31
 151 007a 09       		.byte	9
 152 007b FF       		.byte	-1
 153 007c 19       		.byte	25
 154 007d FF       		.byte	-1
 155 007e 29       		.byte	41
 156 007f FF       		.byte	-1
 157 0080 88       		.byte	-120
 158 0081 0F       		.byte	15
 159 0082 89       		.byte	-119
 160 0083 72       		.byte	114
 161 0084 EA       		.byte	-22
 162 0085 04       		.byte	4
 163 0086 00       		.byte	0
 164 0087 0C       		.byte	12
 165 0088 02       		.byte	2
 166 0089 13       		.byte	19
 167 008a 03       		.byte	3
 168 008b 01       		.byte	1
 169 008c 06       		.byte	6
 170 008d C0       		.byte	-64
 171 008e 08       		.byte	8
ARM GAS  C:\Users\isaac\AppData\Local\Temp\ccOV42d8.s 			page 4


 172 008f 11       		.byte	17
 173 0090 09       		.byte	9
 174 0091 20       		.byte	32
 175 0092 0A       		.byte	10
 176 0093 06       		.byte	6
 177 0094 0B       		.byte	11
 178 0095 08       		.byte	8
 179 0096 0C       		.byte	12
 180 0097 20       		.byte	32
 181 0098 0D       		.byte	13
 182 0099 01       		.byte	1
 183 009a 0E       		.byte	14
 184 009b 03       		.byte	3
 185 009c 12       		.byte	18
 186 009d 0C       		.byte	12
 187 009e 14       		.byte	20
 188 009f C0       		.byte	-64
 189 00a0 15       		.byte	21
 190 00a1 2E       		.byte	46
 191 00a2 17       		.byte	23
 192 00a3 10       		.byte	16
 193 00a4 18       		.byte	24
 194 00a5 11       		.byte	17
 195 00a6 19       		.byte	25
 196 00a7 16       		.byte	22
 197 00a8 1A       		.byte	26
 198 00a9 0E       		.byte	14
 199 00aa 1B       		.byte	27
 200 00ab 28       		.byte	40
 201 00ac 1C       		.byte	28
 202 00ad C0       		.byte	-64
 203 00ae 1D       		.byte	29
 204 00af 3A       		.byte	58
 205 00b0 1F       		.byte	31
 206 00b1 04       		.byte	4
 207 00b2 22       		.byte	34
 208 00b3 08       		.byte	8
 209 00b4 26       		.byte	38
 210 00b5 C0       		.byte	-64
 211 00b6 28       		.byte	40
 212 00b7 40       		.byte	64
 213 00b8 2C       		.byte	44
 214 00b9 80       		.byte	-128
 215 00ba 2F       		.byte	47
 216 00bb 06       		.byte	6
 217 00bc 30       		.byte	48
 218 00bd 30       		.byte	48
 219 00be 31       		.byte	49
 220 00bf 0C       		.byte	12
 221 00c0 33       		.byte	51
 222 00c1 02       		.byte	2
 223 00c2 34       		.byte	52
 224 00c3 0F       		.byte	15
 225 00c4 35       		.byte	53
 226 00c5 30       		.byte	48
 227 00c6 36       		.byte	54
 228 00c7 C0       		.byte	-64
ARM GAS  C:\Users\isaac\AppData\Local\Temp\ccOV42d8.s 			page 5


 229 00c8 37       		.byte	55
 230 00c9 01       		.byte	1
 231 00ca 38       		.byte	56
 232 00cb 02       		.byte	2
 233 00cc 3A       		.byte	58
 234 00cd 20       		.byte	32
 235 00ce 3E       		.byte	62
 236 00cf 40       		.byte	64
 237 00d0 40       		.byte	64
 238 00d1 05       		.byte	5
 239 00d2 41       		.byte	65
 240 00d3 02       		.byte	2
 241 00d4 49       		.byte	73
 242 00d5 FF       		.byte	-1
 243 00d6 4A       		.byte	74
 244 00d7 FF       		.byte	-1
 245 00d8 4B       		.byte	75
 246 00d9 FF       		.byte	-1
 247 00da 4C       		.byte	76
 248 00db 02       		.byte	2
 249 00dc 4D       		.byte	77
 250 00dd 0C       		.byte	12
 251 00de 4E       		.byte	78
 252 00df F8       		.byte	-8
 253 00e0 56       		.byte	86
 254 00e1 08       		.byte	8
 255 00e2 58       		.byte	88
 256 00e3 04       		.byte	4
 257 00e4 59       		.byte	89
 258 00e5 04       		.byte	4
 259 00e6 5A       		.byte	90
 260 00e7 04       		.byte	4
 261 00e8 5B       		.byte	91
 262 00e9 0F       		.byte	15
 263 00ea 5C       		.byte	92
 264 00eb 01       		.byte	1
 265 00ec 5F       		.byte	95
 266 00ed 01       		.byte	1
 267 00ee 62       		.byte	98
 268 00ef 48       		.byte	72
 269 00f0 63       		.byte	99
 270 00f1 A1       		.byte	-95
 271 00f2 68       		.byte	104
 272 00f3 F0       		.byte	-16
 273 00f4 6A       		.byte	106
 274 00f5 F0       		.byte	-16
 275 00f6 6C       		.byte	108
 276 00f7 F0       		.byte	-16
 277 00f8 6E       		.byte	110
 278 00f9 F0       		.byte	-16
 279 00fa 80       		.byte	-128
 280 00fb 02       		.byte	2
 281 00fc 81       		.byte	-127
 282 00fd 0C       		.byte	12
 283 00fe 85       		.byte	-123
 284 00ff 05       		.byte	5
 285 0100 86       		.byte	-122
ARM GAS  C:\Users\isaac\AppData\Local\Temp\ccOV42d8.s 			page 6


 286 0101 03       		.byte	3
 287 0102 88       		.byte	-120
 288 0103 03       		.byte	3
 289 0104 95       		.byte	-107
 290 0105 03       		.byte	3
 291 0106 97       		.byte	-105
 292 0107 10       		.byte	16
 293 0108 9B       		.byte	-101
 294 0109 0F       		.byte	15
 295 010a 9C       		.byte	-100
 296 010b 03       		.byte	3
 297 010c A1       		.byte	-95
 298 010d 0A       		.byte	10
 299 010e A4       		.byte	-92
 300 010f 01       		.byte	1
 301 0110 AF       		.byte	-81
 302 0111 0C       		.byte	12
 303 0112 B1       		.byte	-79
 304 0113 03       		.byte	3
 305 0114 B3       		.byte	-77
 306 0115 1C       		.byte	28
 307 0116 B6       		.byte	-74
 308 0117 03       		.byte	3
 309 0118 BE       		.byte	-66
 310 0119 40       		.byte	64
 311 011a BF       		.byte	-65
 312 011b 05       		.byte	5
 313 011c C0       		.byte	-64
 314 011d 01       		.byte	1
 315 011e C1       		.byte	-63
 316 011f 02       		.byte	2
 317 0120 C5       		.byte	-59
 318 0121 A0       		.byte	-96
 319 0122 C9       		.byte	-55
 320 0123 FF       		.byte	-1
 321 0124 CA       		.byte	-54
 322 0125 FF       		.byte	-1
 323 0126 CB       		.byte	-53
 324 0127 FF       		.byte	-1
 325 0128 CC       		.byte	-52
 326 0129 03       		.byte	3
 327 012a CD       		.byte	-51
 328 012b 0C       		.byte	12
 329 012c CE       		.byte	-50
 330 012d F4       		.byte	-12
 331 012e D4       		.byte	-44
 332 012f 18       		.byte	24
 333 0130 D8       		.byte	-40
 334 0131 04       		.byte	4
 335 0132 D9       		.byte	-39
 336 0133 04       		.byte	4
 337 0134 DA       		.byte	-38
 338 0135 04       		.byte	4
 339 0136 DB       		.byte	-37
 340 0137 04       		.byte	4
 341 0138 DD       		.byte	-35
 342 0139 10       		.byte	16
ARM GAS  C:\Users\isaac\AppData\Local\Temp\ccOV42d8.s 			page 7


 343 013a DF       		.byte	-33
 344 013b 01       		.byte	1
 345 013c E2       		.byte	-30
 346 013d 48       		.byte	72
 347 013e E3       		.byte	-29
 348 013f A1       		.byte	-95
 349 0140 E8       		.byte	-24
 350 0141 F0       		.byte	-16
 351 0142 EA       		.byte	-22
 352 0143 F0       		.byte	-16
 353 0144 EC       		.byte	-20
 354 0145 F0       		.byte	-16
 355 0146 EE       		.byte	-18
 356 0147 F0       		.byte	-16
 357 0148 00       		.byte	0
 358 0149 02       		.byte	2
 359 014a 02       		.byte	2
 360 014b 28       		.byte	40
 361 014c 05       		.byte	5
 362 014d 04       		.byte	4
 363 014e 06       		.byte	6
 364 014f 80       		.byte	-128
 365 0150 07       		.byte	7
 366 0151 05       		.byte	5
 367 0152 0B       		.byte	11
 368 0153 01       		.byte	1
 369 0154 0D       		.byte	13
 370 0155 2A       		.byte	42
 371 0156 0F       		.byte	15
 372 0157 01       		.byte	1
 373 0158 11       		.byte	17
 374 0159 08       		.byte	8
 375 015a 15       		.byte	21
 376 015b 01       		.byte	1
 377 015c 16       		.byte	22
 378 015d 0A       		.byte	10
 379 015e 17       		.byte	23
 380 015f 08       		.byte	8
 381 0160 19       		.byte	25
 382 0161 80       		.byte	-128
 383 0162 1D       		.byte	29
 384 0163 03       		.byte	3
 385 0164 1E       		.byte	30
 386 0165 04       		.byte	4
 387 0166 1F       		.byte	31
 388 0167 80       		.byte	-128
 389 0168 21       		.byte	33
 390 0169 04       		.byte	4
 391 016a 22       		.byte	34
 392 016b 02       		.byte	2
 393 016c 24       		.byte	36
 394 016d 13       		.byte	19
 395 016e 26       		.byte	38
 396 016f 15       		.byte	21
 397 0170 27       		.byte	39
 398 0171 70       		.byte	112
 399 0172 2A       		.byte	42
ARM GAS  C:\Users\isaac\AppData\Local\Temp\ccOV42d8.s 			page 8


 400 0173 42       		.byte	66
 401 0174 2F       		.byte	47
 402 0175 02       		.byte	2
 403 0176 31       		.byte	49
 404 0177 08       		.byte	8
 405 0178 32       		.byte	50
 406 0179 28       		.byte	40
 407 017a 36       		.byte	54
 408 017b 14       		.byte	20
 409 017c 37       		.byte	55
 410 017d 40       		.byte	64
 411 017e 3A       		.byte	58
 412 017f 08       		.byte	8
 413 0180 3B       		.byte	59
 414 0181 01       		.byte	1
 415 0182 3D       		.byte	61
 416 0183 90       		.byte	-112
 417 0184 3E       		.byte	62
 418 0185 01       		.byte	1
 419 0186 40       		.byte	64
 420 0187 01       		.byte	1
 421 0188 43       		.byte	67
 422 0189 10       		.byte	16
 423 018a 47       		.byte	71
 424 018b 20       		.byte	32
 425 018c 49       		.byte	73
 426 018d 02       		.byte	2
 427 018e 4C       		.byte	76
 428 018f 01       		.byte	1
 429 0190 5A       		.byte	90
 430 0191 02       		.byte	2
 431 0192 5E       		.byte	94
 432 0193 40       		.byte	64
 433 0194 60       		.byte	96
 434 0195 04       		.byte	4
 435 0196 63       		.byte	99
 436 0197 02       		.byte	2
 437 0198 67       		.byte	103
 438 0199 01       		.byte	1
 439 019a 7D       		.byte	125
 440 019b 02       		.byte	2
 441 019c 8A       		.byte	-118
 442 019d 84       		.byte	-124
 443 019e 91       		.byte	-111
 444 019f 10       		.byte	16
 445 01a0 92       		.byte	-110
 446 01a1 C1       		.byte	-63
 447 01a2 94       		.byte	-108
 448 01a3 10       		.byte	16
 449 01a4 9A       		.byte	-102
 450 01a5 0A       		.byte	10
 451 01a6 9B       		.byte	-101
 452 01a7 08       		.byte	8
 453 01a8 9D       		.byte	-99
 454 01a9 02       		.byte	2
 455 01aa A0       		.byte	-96
 456 01ab 01       		.byte	1
ARM GAS  C:\Users\isaac\AppData\Local\Temp\ccOV42d8.s 			page 9


 457 01ac A1       		.byte	-95
 458 01ad 45       		.byte	69
 459 01ae A2       		.byte	-94
 460 01af 28       		.byte	40
 461 01b0 A3       		.byte	-93
 462 01b1 02       		.byte	2
 463 01b2 A6       		.byte	-90
 464 01b3 17       		.byte	23
 465 01b4 A9       		.byte	-87
 466 01b5 01       		.byte	1
 467 01b6 C0       		.byte	-64
 468 01b7 FE       		.byte	-2
 469 01b8 C2       		.byte	-62
 470 01b9 F1       		.byte	-15
 471 01ba C4       		.byte	-60
 472 01bb F4       		.byte	-12
 473 01bc CA       		.byte	-54
 474 01bd 19       		.byte	25
 475 01be CC       		.byte	-52
 476 01bf 76       		.byte	118
 477 01c0 CE       		.byte	-50
 478 01c1 B3       		.byte	-77
 479 01c2 D0       		.byte	-48
 480 01c3 2C       		.byte	44
 481 01c4 D2       		.byte	-46
 482 01c5 10       		.byte	16
 483 01c6 D6       		.byte	-42
 484 01c7 11       		.byte	17
 485 01c8 D8       		.byte	-40
 486 01c9 1C       		.byte	28
 487 01ca DE       		.byte	-34
 488 01cb 80       		.byte	-128
 489 01cc 02       		.byte	2
 490 01cd 02       		.byte	2
 491 01ce 04       		.byte	4
 492 01cf 04       		.byte	4
 493 01d0 0C       		.byte	12
 494 01d1 01       		.byte	1
 495 01d2 0E       		.byte	14
 496 01d3 02       		.byte	2
 497 01d4 1E       		.byte	30
 498 01d5 01       		.byte	1
 499 01d6 24       		.byte	36
 500 01d7 04       		.byte	4
 501 01d8 30       		.byte	48
 502 01d9 03       		.byte	3
 503 01da 36       		.byte	54
 504 01db 04       		.byte	4
 505 01dc 38       		.byte	56
 506 01dd 80       		.byte	-128
 507 01de 3E       		.byte	62
 508 01df 01       		.byte	1
 509 01e0 40       		.byte	64
 510 01e1 63       		.byte	99
 511 01e2 45       		.byte	69
 512 01e3 04       		.byte	4
 513 01e4 46       		.byte	70
ARM GAS  C:\Users\isaac\AppData\Local\Temp\ccOV42d8.s 			page 10


 514 01e5 50       		.byte	80
 515 01e6 47       		.byte	71
 516 01e7 02       		.byte	2
 517 01e8 48       		.byte	72
 518 01e9 19       		.byte	25
 519 01ea 49       		.byte	73
 520 01eb FF       		.byte	-1
 521 01ec 4A       		.byte	74
 522 01ed FF       		.byte	-1
 523 01ee 4B       		.byte	75
 524 01ef FF       		.byte	-1
 525 01f0 4C       		.byte	76
 526 01f1 02       		.byte	2
 527 01f2 4D       		.byte	77
 528 01f3 20       		.byte	32
 529 01f4 4F       		.byte	79
 530 01f5 05       		.byte	5
 531 01f6 51       		.byte	81
 532 01f7 10       		.byte	16
 533 01f8 56       		.byte	86
 534 01f9 02       		.byte	2
 535 01fa 58       		.byte	88
 536 01fb 04       		.byte	4
 537 01fc 5A       		.byte	90
 538 01fd 04       		.byte	4
 539 01fe 5B       		.byte	91
 540 01ff 04       		.byte	4
 541 0200 5E       		.byte	94
 542 0201 08       		.byte	8
 543 0202 5F       		.byte	95
 544 0203 01       		.byte	1
 545 0204 60       		.byte	96
 546 0205 40       		.byte	64
 547 0206 61       		.byte	97
 548 0207 40       		.byte	64
 549 0208 62       		.byte	98
 550 0209 80       		.byte	-128
 551 020a 64       		.byte	100
 552 020b 80       		.byte	-128
 553 020c 66       		.byte	102
 554 020d 80       		.byte	-128
 555 020e 80       		.byte	-128
 556 020f 03       		.byte	3
 557 0210 81       		.byte	-127
 558 0211 04       		.byte	4
 559 0212 83       		.byte	-125
 560 0213 40       		.byte	64
 561 0214 84       		.byte	-124
 562 0215 13       		.byte	19
 563 0216 86       		.byte	-122
 564 0217 08       		.byte	8
 565 0218 87       		.byte	-121
 566 0219 02       		.byte	2
 567 021a 88       		.byte	-120
 568 021b 04       		.byte	4
 569 021c 89       		.byte	-119
 570 021d 5E       		.byte	94
ARM GAS  C:\Users\isaac\AppData\Local\Temp\ccOV42d8.s 			page 11


 571 021e 8A       		.byte	-118
 572 021f 11       		.byte	17
 573 0220 8B       		.byte	-117
 574 0221 20       		.byte	32
 575 0222 8C       		.byte	-116
 576 0223 10       		.byte	16
 577 0224 8D       		.byte	-115
 578 0225 7E       		.byte	126
 579 0226 8E       		.byte	-114
 580 0227 05       		.byte	5
 581 0228 90       		.byte	-112
 582 0229 01       		.byte	1
 583 022a 92       		.byte	-110
 584 022b 02       		.byte	2
 585 022c 93       		.byte	-109
 586 022d 02       		.byte	2
 587 022e 94       		.byte	-108
 588 022f 03       		.byte	3
 589 0230 95       		.byte	-107
 590 0231 66       		.byte	102
 591 0232 97       		.byte	-105
 592 0233 18       		.byte	24
 593 0234 99       		.byte	-103
 594 0235 7E       		.byte	126
 595 0236 9A       		.byte	-102
 596 0237 02       		.byte	2
 597 0238 9D       		.byte	-99
 598 0239 3A       		.byte	58
 599 023a 9E       		.byte	-98
 600 023b 02       		.byte	2
 601 023c 9F       		.byte	-97
 602 023d 44       		.byte	68
 603 023e A1       		.byte	-95
 604 023f 10       		.byte	16
 605 0240 A4       		.byte	-92
 606 0241 02       		.byte	2
 607 0242 A5       		.byte	-91
 608 0243 08       		.byte	8
 609 0244 A6       		.byte	-90
 610 0245 15       		.byte	21
 611 0246 AF       		.byte	-81
 612 0247 01       		.byte	1
 613 0248 B0       		.byte	-80
 614 0249 03       		.byte	3
 615 024a B1       		.byte	-79
 616 024b 3C       		.byte	60
 617 024c B2       		.byte	-78
 618 024d 0C       		.byte	12
 619 024e B3       		.byte	-77
 620 024f 02       		.byte	2
 621 0250 B4       		.byte	-76
 622 0251 10       		.byte	16
 623 0252 B5       		.byte	-75
 624 0253 40       		.byte	64
 625 0254 B7       		.byte	-73
 626 0255 01       		.byte	1
 627 0256 BE       		.byte	-66
ARM GAS  C:\Users\isaac\AppData\Local\Temp\ccOV42d8.s 			page 12


 628 0257 14       		.byte	20
 629 0258 C0       		.byte	-64
 630 0259 23       		.byte	35
 631 025a C1       		.byte	-63
 632 025b 05       		.byte	5
 633 025c C7       		.byte	-57
 634 025d 62       		.byte	98
 635 025e C8       		.byte	-56
 636 025f 30       		.byte	48
 637 0260 D2       		.byte	-46
 638 0261 17       		.byte	23
 639 0262 D8       		.byte	-40
 640 0263 04       		.byte	4
 641 0264 D9       		.byte	-39
 642 0265 04       		.byte	4
 643 0266 DA       		.byte	-38
 644 0267 04       		.byte	4
 645 0268 DB       		.byte	-37
 646 0269 04       		.byte	4
 647 026a DF       		.byte	-33
 648 026b 01       		.byte	1
 649 026c E1       		.byte	-31
 650 026d 0C       		.byte	12
 651 026e E2       		.byte	-30
 652 026f F0       		.byte	-16
 653 0270 E3       		.byte	-29
 654 0271 0C       		.byte	12
 655 0272 E5       		.byte	-27
 656 0273 0C       		.byte	12
 657 0274 E7       		.byte	-25
 658 0275 0C       		.byte	12
 659 0276 E8       		.byte	-24
 660 0277 40       		.byte	64
 661 0278 E9       		.byte	-23
 662 0279 4C       		.byte	76
 663 027a EA       		.byte	-22
 664 027b 40       		.byte	64
 665 027c EB       		.byte	-21
 666 027d 4C       		.byte	76
 667 027e EC       		.byte	-20
 668 027f 90       		.byte	-112
 669 0280 ED       		.byte	-19
 670 0281 58       		.byte	88
 671 0282 EF       		.byte	-17
 672 0283 0C       		.byte	12
 673 0284 01       		.byte	1
 674 0285 02       		.byte	2
 675 0286 02       		.byte	2
 676 0287 01       		.byte	1
 677 0288 03       		.byte	3
 678 0289 20       		.byte	32
 679 028a 06       		.byte	6
 680 028b 2A       		.byte	42
 681 028c 07       		.byte	7
 682 028d 60       		.byte	96
 683 028e 0A       		.byte	10
 684 028f 01       		.byte	1
ARM GAS  C:\Users\isaac\AppData\Local\Temp\ccOV42d8.s 			page 13


 685 0290 0E       		.byte	14
 686 0291 A6       		.byte	-90
 687 0292 10       		.byte	16
 688 0293 20       		.byte	32
 689 0294 17       		.byte	23
 690 0295 08       		.byte	8
 691 0296 19       		.byte	25
 692 0297 80       		.byte	-128
 693 0298 1A       		.byte	26
 694 0299 81       		.byte	-127
 695 029a 1C       		.byte	28
 696 029b 80       		.byte	-128
 697 029c 1D       		.byte	29
 698 029d 29       		.byte	41
 699 029e 1E       		.byte	30
 700 029f 80       		.byte	-128
 701 02a0 25       		.byte	37
 702 02a1 40       		.byte	64
 703 02a2 26       		.byte	38
 704 02a3 28       		.byte	40
 705 02a4 27       		.byte	39
 706 02a5 68       		.byte	104
 707 02a6 2D       		.byte	45
 708 02a7 80       		.byte	-128
 709 02a8 2E       		.byte	46
 710 02a9 0A       		.byte	10
 711 02aa 36       		.byte	54
 712 02ab 11       		.byte	17
 713 02ac 37       		.byte	55
 714 02ad 48       		.byte	72
 715 02ae 3C       		.byte	60
 716 02af 80       		.byte	-128
 717 02b0 3D       		.byte	61
 718 02b1 02       		.byte	2
 719 02b2 3E       		.byte	62
 720 02b3 24       		.byte	36
 721 02b4 40       		.byte	64
 722 02b5 10       		.byte	16
 723 02b6 45       		.byte	69
 724 02b7 2B       		.byte	43
 725 02b8 48       		.byte	72
 726 02b9 28       		.byte	40
 727 02ba 4E       		.byte	78
 728 02bb 02       		.byte	2
 729 02bc 50       		.byte	80
 730 02bd 08       		.byte	8
 731 02be 53       		.byte	83
 732 02bf 20       		.byte	32
 733 02c0 54       		.byte	84
 734 02c1 01       		.byte	1
 735 02c2 55       		.byte	85
 736 02c3 04       		.byte	4
 737 02c4 56       		.byte	86
 738 02c5 0A       		.byte	10
 739 02c6 6D       		.byte	109
 740 02c7 10       		.byte	16
 741 02c8 6E       		.byte	110
ARM GAS  C:\Users\isaac\AppData\Local\Temp\ccOV42d8.s 			page 14


 742 02c9 04       		.byte	4
 743 02ca 6F       		.byte	111
 744 02cb 02       		.byte	2
 745 02cc 71       		.byte	113
 746 02cd 02       		.byte	2
 747 02ce 76       		.byte	118
 748 02cf 01       		.byte	1
 749 02d0 7A       		.byte	122
 750 02d1 04       		.byte	4
 751 02d2 92       		.byte	-110
 752 02d3 40       		.byte	64
 753 02d4 B6       		.byte	-74
 754 02d5 40       		.byte	64
 755 02d6 C0       		.byte	-64
 756 02d7 FD       		.byte	-3
 757 02d8 C2       		.byte	-62
 758 02d9 F1       		.byte	-15
 759 02da C4       		.byte	-60
 760 02db 24       		.byte	36
 761 02dc CA       		.byte	-54
 762 02dd D0       		.byte	-48
 763 02de CC       		.byte	-52
 764 02df F0       		.byte	-16
 765 02e0 CE       		.byte	-50
 766 02e1 F0       		.byte	-16
 767 02e2 D0       		.byte	-48
 768 02e3 62       		.byte	98
 769 02e4 D2       		.byte	-46
 770 02e5 14       		.byte	20
 771 02e6 DE       		.byte	-34
 772 02e7 04       		.byte	4
 773 02e8 EE       		.byte	-18
 774 02e9 01       		.byte	1
 775 02ea 14       		.byte	20
 776 02eb 02       		.byte	2
 777 02ec 18       		.byte	24
 778 02ed 01       		.byte	1
 779 02ee 30       		.byte	48
 780 02ef 02       		.byte	2
 781 02f0 34       		.byte	52
 782 02f1 01       		.byte	1
 783 02f2 3E       		.byte	62
 784 02f3 11       		.byte	17
 785 02f4 40       		.byte	64
 786 02f5 34       		.byte	52
 787 02f6 41       		.byte	65
 788 02f7 02       		.byte	2
 789 02f8 45       		.byte	69
 790 02f9 EE       		.byte	-18
 791 02fa 47       		.byte	71
 792 02fb BC       		.byte	-68
 793 02fc 48       		.byte	72
 794 02fd 33       		.byte	51
 795 02fe 49       		.byte	73
 796 02ff FF       		.byte	-1
 797 0300 4A       		.byte	74
 798 0301 FF       		.byte	-1
ARM GAS  C:\Users\isaac\AppData\Local\Temp\ccOV42d8.s 			page 15


 799 0302 4B       		.byte	75
 800 0303 FF       		.byte	-1
 801 0304 4E       		.byte	78
 802 0305 F0       		.byte	-16
 803 0306 4F       		.byte	79
 804 0307 44       		.byte	68
 805 0308 50       		.byte	80
 806 0309 0C       		.byte	12
 807 030a 54       		.byte	84
 808 030b 01       		.byte	1
 809 030c 58       		.byte	88
 810 030d 04       		.byte	4
 811 030e 5A       		.byte	90
 812 030f 04       		.byte	4
 813 0310 5B       		.byte	91
 814 0311 04       		.byte	4
 815 0312 5D       		.byte	93
 816 0313 11       		.byte	17
 817 0314 5F       		.byte	95
 818 0315 01       		.byte	1
 819 0316 66       		.byte	102
 820 0317 C0       		.byte	-64
 821 0318 6A       		.byte	106
 822 0319 40       		.byte	64
 823 031a 6B       		.byte	107
 824 031b 02       		.byte	2
 825 031c 81       		.byte	-127
 826 031d 2F       		.byte	47
 827 031e 83       		.byte	-125
 828 031f D0       		.byte	-48
 829 0320 85       		.byte	-123
 830 0321 0C       		.byte	12
 831 0322 86       		.byte	-122
 832 0323 02       		.byte	2
 833 0324 89       		.byte	-119
 834 0325 04       		.byte	4
 835 0326 8A       		.byte	-118
 836 0327 01       		.byte	1
 837 0328 8D       		.byte	-115
 838 0329 41       		.byte	65
 839 032a 8E       		.byte	-114
 840 032b 02       		.byte	2
 841 032c 92       		.byte	-110
 842 032d 01       		.byte	1
 843 032e 95       		.byte	-107
 844 032f FF       		.byte	-1
 845 0330 99       		.byte	-103
 846 0331 2C       		.byte	44
 847 0332 9B       		.byte	-101
 848 0333 D3       		.byte	-45
 849 0334 9D       		.byte	-99
 850 0335 F3       		.byte	-13
 851 0336 9F       		.byte	-97
 852 0337 0C       		.byte	12
 853 0338 A0       		.byte	-96
 854 0339 04       		.byte	4
 855 033a A1       		.byte	-95
ARM GAS  C:\Users\isaac\AppData\Local\Temp\ccOV42d8.s 			page 16


 856 033b 08       		.byte	8
 857 033c A4       		.byte	-92
 858 033d 04       		.byte	4
 859 033e A7       		.byte	-89
 860 033f C3       		.byte	-61
 861 0340 A8       		.byte	-88
 862 0341 04       		.byte	4
 863 0342 A9       		.byte	-87
 864 0343 82       		.byte	-126
 865 0344 AD       		.byte	-83
 866 0345 C3       		.byte	-61
 867 0346 B0       		.byte	-80
 868 0347 01       		.byte	1
 869 0348 B1       		.byte	-79
 870 0349 C0       		.byte	-64
 871 034a B2       		.byte	-78
 872 034b 04       		.byte	4
 873 034c B3       		.byte	-77
 874 034d 20       		.byte	32
 875 034e B4       		.byte	-76
 876 034f 02       		.byte	2
 877 0350 B5       		.byte	-75
 878 0351 10       		.byte	16
 879 0352 B7       		.byte	-73
 880 0353 0F       		.byte	15
 881 0354 B9       		.byte	-71
 882 0355 20       		.byte	32
 883 0356 BB       		.byte	-69
 884 0357 80       		.byte	-128
 885 0358 BE       		.byte	-66
 886 0359 11       		.byte	17
 887 035a BF       		.byte	-65
 888 035b 04       		.byte	4
 889 035c C0       		.byte	-64
 890 035d 13       		.byte	19
 891 035e C1       		.byte	-63
 892 035f 05       		.byte	5
 893 0360 C5       		.byte	-59
 894 0361 02       		.byte	2
 895 0362 C6       		.byte	-58
 896 0363 06       		.byte	6
 897 0364 C8       		.byte	-56
 898 0365 05       		.byte	5
 899 0366 D6       		.byte	-42
 900 0367 02       		.byte	2
 901 0368 D7       		.byte	-41
 902 0369 12       		.byte	18
 903 036a D8       		.byte	-40
 904 036b 04       		.byte	4
 905 036c D9       		.byte	-39
 906 036d 04       		.byte	4
 907 036e DA       		.byte	-38
 908 036f 04       		.byte	4
 909 0370 DB       		.byte	-37
 910 0371 04       		.byte	4
 911 0372 DC       		.byte	-36
 912 0373 11       		.byte	17
ARM GAS  C:\Users\isaac\AppData\Local\Temp\ccOV42d8.s 			page 17


 913 0374 DD       		.byte	-35
 914 0375 10       		.byte	16
 915 0376 DF       		.byte	-33
 916 0377 01       		.byte	1
 917 0378 E1       		.byte	-31
 918 0379 0C       		.byte	12
 919 037a E2       		.byte	-30
 920 037b F0       		.byte	-16
 921 037c E3       		.byte	-29
 922 037d 0C       		.byte	12
 923 037e E5       		.byte	-27
 924 037f 0C       		.byte	12
 925 0380 E7       		.byte	-25
 926 0381 0C       		.byte	12
 927 0382 E8       		.byte	-24
 928 0383 40       		.byte	64
 929 0384 E9       		.byte	-23
 930 0385 4C       		.byte	76
 931 0386 EA       		.byte	-22
 932 0387 40       		.byte	64
 933 0388 EB       		.byte	-21
 934 0389 4C       		.byte	76
 935 038a EC       		.byte	-20
 936 038b 90       		.byte	-112
 937 038c ED       		.byte	-19
 938 038d 58       		.byte	88
 939 038e EF       		.byte	-17
 940 038f 0C       		.byte	12
 941 0390 00       		.byte	0
 942 0391 20       		.byte	32
 943 0392 02       		.byte	2
 944 0393 22       		.byte	34
 945 0394 0A       		.byte	10
 946 0395 80       		.byte	-128
 947 0396 0E       		.byte	14
 948 0397 20       		.byte	32
 949 0398 0F       		.byte	15
 950 0399 08       		.byte	8
 951 039a 10       		.byte	16
 952 039b 28       		.byte	40
 953 039c 13       		.byte	19
 954 039d 02       		.byte	2
 955 039e 18       		.byte	24
 956 039f 14       		.byte	20
 957 03a0 19       		.byte	25
 958 03a1 08       		.byte	8
 959 03a2 1B       		.byte	27
 960 03a3 01       		.byte	1
 961 03a4 1C       		.byte	28
 962 03a5 80       		.byte	-128
 963 03a6 1E       		.byte	30
 964 03a7 08       		.byte	8
 965 03a8 20       		.byte	32
 966 03a9 02       		.byte	2
 967 03aa 21       		.byte	33
 968 03ab 80       		.byte	-128
 969 03ac 22       		.byte	34
ARM GAS  C:\Users\isaac\AppData\Local\Temp\ccOV42d8.s 			page 18


 970 03ad 25       		.byte	37
 971 03ae 29       		.byte	41
 972 03af 28       		.byte	40
 973 03b0 2A       		.byte	42
 974 03b1 02       		.byte	2
 975 03b2 2B       		.byte	43
 976 03b3 02       		.byte	2
 977 03b4 31       		.byte	49
 978 03b5 88       		.byte	-120
 979 03b6 32       		.byte	50
 980 03b7 10       		.byte	16
 981 03b8 38       		.byte	56
 982 03b9 28       		.byte	40
 983 03ba 39       		.byte	57
 984 03bb 02       		.byte	2
 985 03bc 3B       		.byte	59
 986 03bd 80       		.byte	-128
 987 03be 41       		.byte	65
 988 03bf 04       		.byte	4
 989 03c0 43       		.byte	67
 990 03c1 80       		.byte	-128
 991 03c2 45       		.byte	69
 992 03c3 21       		.byte	33
 993 03c4 47       		.byte	71
 994 03c5 05       		.byte	5
 995 03c6 49       		.byte	73
 996 03c7 84       		.byte	-124
 997 03c8 4F       		.byte	79
 998 03c9 09       		.byte	9
 999 03ca 52       		.byte	82
 1000 03cb 40       		.byte	64
 1001 03cc 56       		.byte	86
 1002 03cd 01       		.byte	1
 1003 03ce 57       		.byte	87
 1004 03cf 08       		.byte	8
 1005 03d0 5A       		.byte	90
 1006 03d1 08       		.byte	8
 1007 03d2 5C       		.byte	92
 1008 03d3 60       		.byte	96
 1009 03d4 5E       		.byte	94
 1010 03d5 08       		.byte	8
 1011 03d6 5F       		.byte	95
 1012 03d7 01       		.byte	1
 1013 03d8 68       		.byte	104
 1014 03d9 28       		.byte	40
 1015 03da 6B       		.byte	107
 1016 03db 02       		.byte	2
 1017 03dc 70       		.byte	112
 1018 03dd 14       		.byte	20
 1019 03de 72       		.byte	114
 1020 03df 02       		.byte	2
 1021 03e0 78       		.byte	120
 1022 03e1 20       		.byte	32
 1023 03e2 7B       		.byte	123
 1024 03e3 08       		.byte	8
 1025 03e4 91       		.byte	-111
 1026 03e5 08       		.byte	8
ARM GAS  C:\Users\isaac\AppData\Local\Temp\ccOV42d8.s 			page 19


 1027 03e6 92       		.byte	-110
 1028 03e7 04       		.byte	4
 1029 03e8 94       		.byte	-108
 1030 03e9 04       		.byte	4
 1031 03ea 95       		.byte	-107
 1032 03eb 01       		.byte	1
 1033 03ec 96       		.byte	-106
 1034 03ed 02       		.byte	2
 1035 03ee 99       		.byte	-103
 1036 03ef 81       		.byte	-127
 1037 03f0 9D       		.byte	-99
 1038 03f1 04       		.byte	4
 1039 03f2 9E       		.byte	-98
 1040 03f3 40       		.byte	64
 1041 03f4 9F       		.byte	-97
 1042 03f5 05       		.byte	5
 1043 03f6 A3       		.byte	-93
 1044 03f7 80       		.byte	-128
 1045 03f8 A5       		.byte	-91
 1046 03f9 20       		.byte	32
 1047 03fa A7       		.byte	-89
 1048 03fb 01       		.byte	1
 1049 03fc AA       		.byte	-86
 1050 03fd 40       		.byte	64
 1051 03fe AB       		.byte	-85
 1052 03ff 01       		.byte	1
 1053 0400 C0       		.byte	-64
 1054 0401 07       		.byte	7
 1055 0402 C2       		.byte	-62
 1056 0403 68       		.byte	104
 1057 0404 C4       		.byte	-60
 1058 0405 0E       		.byte	14
 1059 0406 CA       		.byte	-54
 1060 0407 0F       		.byte	15
 1061 0408 CC       		.byte	-52
 1062 0409 0E       		.byte	14
 1063 040a CE       		.byte	-50
 1064 040b 0F       		.byte	15
 1065 040c D0       		.byte	-48
 1066 040d EA       		.byte	-22
 1067 040e D2       		.byte	-46
 1068 040f 08       		.byte	8
 1069 0410 D6       		.byte	-42
 1070 0411 F2       		.byte	-14
 1071 0412 E8       		.byte	-24
 1072 0413 01       		.byte	1
 1073 0414 05       		.byte	5
 1074 0415 18       		.byte	24
 1075 0416 09       		.byte	9
 1076 0417 08       		.byte	8
 1077 0418 0C       		.byte	12
 1078 0419 04       		.byte	4
 1079 041a 0D       		.byte	13
 1080 041b 04       		.byte	4
 1081 041c 0E       		.byte	14
 1082 041d 38       		.byte	56
 1083 041e 11       		.byte	17
ARM GAS  C:\Users\isaac\AppData\Local\Temp\ccOV42d8.s 			page 20


 1084 041f 1C       		.byte	28
 1085 0420 13       		.byte	19
 1086 0421 61       		.byte	97
 1087 0422 15       		.byte	21
 1088 0423 7F       		.byte	127
 1089 0424 18       		.byte	24
 1090 0425 12       		.byte	18
 1091 0426 19       		.byte	25
 1092 0427 5C       		.byte	92
 1093 0428 1A       		.byte	26
 1094 0429 45       		.byte	69
 1095 042a 1B       		.byte	27
 1096 042b 22       		.byte	34
 1097 042c 1D       		.byte	29
 1098 042d 67       		.byte	103
 1099 042e 1F       		.byte	31
 1100 042f 18       		.byte	24
 1101 0430 21       		.byte	33
 1102 0431 10       		.byte	16
 1103 0432 24       		.byte	36
 1104 0433 1F       		.byte	31
 1105 0434 27       		.byte	39
 1106 0435 04       		.byte	4
 1107 0436 28       		.byte	40
 1108 0437 1F       		.byte	31
 1109 0438 2B       		.byte	43
 1110 0439 63       		.byte	99
 1111 043a 2C       		.byte	44
 1112 043b 09       		.byte	9
 1113 043c 2E       		.byte	46
 1114 043d C6       		.byte	-58
 1115 043e 30       		.byte	48
 1116 043f 1C       		.byte	28
 1117 0440 31       		.byte	49
 1118 0441 38       		.byte	56
 1119 0442 32       		.byte	50
 1120 0443 80       		.byte	-128
 1121 0444 34       		.byte	52
 1122 0445 03       		.byte	3
 1123 0446 35       		.byte	53
 1124 0447 1F       		.byte	31
 1125 0448 36       		.byte	54
 1126 0449 60       		.byte	96
 1127 044a 37       		.byte	55
 1128 044b 58       		.byte	88
 1129 044c 3B       		.byte	59
 1130 044d 2A       		.byte	42
 1131 044e 3E       		.byte	62
 1132 044f 40       		.byte	64
 1133 0450 40       		.byte	64
 1134 0451 53       		.byte	83
 1135 0452 41       		.byte	65
 1136 0453 06       		.byte	6
 1137 0454 42       		.byte	66
 1138 0455 04       		.byte	4
 1139 0456 44       		.byte	68
 1140 0457 01       		.byte	1
ARM GAS  C:\Users\isaac\AppData\Local\Temp\ccOV42d8.s 			page 21


 1141 0458 45       		.byte	69
 1142 0459 0C       		.byte	12
 1143 045a 47       		.byte	71
 1144 045b E0       		.byte	-32
 1145 045c 48       		.byte	72
 1146 045d 21       		.byte	33
 1147 045e 49       		.byte	73
 1148 045f FF       		.byte	-1
 1149 0460 4A       		.byte	74
 1150 0461 FF       		.byte	-1
 1151 0462 4B       		.byte	75
 1152 0463 FF       		.byte	-1
 1153 0464 4C       		.byte	76
 1154 0465 62       		.byte	98
 1155 0466 4D       		.byte	77
 1156 0467 A0       		.byte	-96
 1157 0468 4E       		.byte	78
 1158 0469 F0       		.byte	-16
 1159 046a 4F       		.byte	79
 1160 046b 41       		.byte	65
 1161 046c 50       		.byte	80
 1162 046d 0C       		.byte	12
 1163 046e 58       		.byte	88
 1164 046f 04       		.byte	4
 1165 0470 59       		.byte	89
 1166 0471 04       		.byte	4
 1167 0472 5A       		.byte	90
 1168 0473 04       		.byte	4
 1169 0474 5C       		.byte	92
 1170 0475 11       		.byte	17
 1171 0476 5D       		.byte	93
 1172 0477 01       		.byte	1
 1173 0478 5F       		.byte	95
 1174 0479 01       		.byte	1
 1175 047a 66       		.byte	102
 1176 047b 40       		.byte	64
 1177 047c 67       		.byte	103
 1178 047d 02       		.byte	2
 1179 047e 69       		.byte	105
 1180 047f 10       		.byte	16
 1181 0480 6A       		.byte	106
 1182 0481 30       		.byte	48
 1183 0482 6B       		.byte	107
 1184 0483 10       		.byte	16
 1185 0484 6D       		.byte	109
 1186 0485 10       		.byte	16
 1187 0486 6E       		.byte	110
 1188 0487 10       		.byte	16
 1189 0488 6F       		.byte	111
 1190 0489 12       		.byte	18
 1191 048a 80       		.byte	-128
 1192 048b 48       		.byte	72
 1193 048c 82       		.byte	-126
 1194 048d 86       		.byte	-122
 1195 048e 83       		.byte	-125
 1196 048f 55       		.byte	85
 1197 0490 85       		.byte	-123
ARM GAS  C:\Users\isaac\AppData\Local\Temp\ccOV42d8.s 			page 22


 1198 0491 2A       		.byte	42
 1199 0492 87       		.byte	-121
 1200 0493 44       		.byte	68
 1201 0494 88       		.byte	-120
 1202 0495 60       		.byte	96
 1203 0496 8A       		.byte	-118
 1204 0497 8B       		.byte	-117
 1205 0498 93       		.byte	-109
 1206 0499 08       		.byte	8
 1207 049a 95       		.byte	-107
 1208 049b 73       		.byte	115
 1209 049c 96       		.byte	-106
 1210 049d 18       		.byte	24
 1211 049e 97       		.byte	-105
 1212 049f 0C       		.byte	12
 1213 04a0 98       		.byte	-104
 1214 04a1 E6       		.byte	-26
 1215 04a2 9A       		.byte	-102
 1216 04a3 11       		.byte	17
 1217 04a4 9E       		.byte	-98
 1218 04a5 01       		.byte	1
 1219 04a6 A0       		.byte	-96
 1220 04a7 80       		.byte	-128
 1221 04a8 A2       		.byte	-94
 1222 04a9 02       		.byte	2
 1223 04aa A4       		.byte	-92
 1224 04ab 80       		.byte	-128
 1225 04ac A5       		.byte	-91
 1226 04ad 73       		.byte	115
 1227 04ae A6       		.byte	-90
 1228 04af 65       		.byte	101
 1229 04b0 A7       		.byte	-89
 1230 04b1 04       		.byte	4
 1231 04b2 A9       		.byte	-87
 1232 04b3 03       		.byte	3
 1233 04b4 AB       		.byte	-85
 1234 04b5 44       		.byte	68
 1235 04b6 AC       		.byte	-84
 1236 04b7 A0       		.byte	-96
 1237 04b8 B1       		.byte	-79
 1238 04b9 40       		.byte	64
 1239 04ba B2       		.byte	-78
 1240 04bb F8       		.byte	-8
 1241 04bc B3       		.byte	-77
 1242 04bd 30       		.byte	48
 1243 04be B4       		.byte	-76
 1244 04bf 07       		.byte	7
 1245 04c0 B5       		.byte	-75
 1246 04c1 0F       		.byte	15
 1247 04c2 B9       		.byte	-71
 1248 04c3 08       		.byte	8
 1249 04c4 BA       		.byte	-70
 1250 04c5 20       		.byte	32
 1251 04c6 BB       		.byte	-69
 1252 04c7 20       		.byte	32
 1253 04c8 BF       		.byte	-65
 1254 04c9 05       		.byte	5
ARM GAS  C:\Users\isaac\AppData\Local\Temp\ccOV42d8.s 			page 23


 1255 04ca C0       		.byte	-64
 1256 04cb 02       		.byte	2
 1257 04cc C5       		.byte	-59
 1258 04cd 40       		.byte	64
 1259 04ce C9       		.byte	-55
 1260 04cf FF       		.byte	-1
 1261 04d0 CA       		.byte	-54
 1262 04d1 07       		.byte	7
 1263 04d2 CB       		.byte	-53
 1264 04d3 FF       		.byte	-1
 1265 04d4 CC       		.byte	-52
 1266 04d5 40       		.byte	64
 1267 04d6 CD       		.byte	-51
 1268 04d7 20       		.byte	32
 1269 04d8 CE       		.byte	-50
 1270 04d9 F0       		.byte	-16
 1271 04da CF       		.byte	-49
 1272 04db 05       		.byte	5
 1273 04dc D0       		.byte	-48
 1274 04dd 08       		.byte	8
 1275 04de D8       		.byte	-40
 1276 04df 04       		.byte	4
 1277 04e0 D9       		.byte	-39
 1278 04e1 04       		.byte	4
 1279 04e2 DA       		.byte	-38
 1280 04e3 04       		.byte	4
 1281 04e4 DC       		.byte	-36
 1282 04e5 11       		.byte	17
 1283 04e6 DD       		.byte	-35
 1284 04e7 01       		.byte	1
 1285 04e8 DF       		.byte	-33
 1286 04e9 01       		.byte	1
 1287 04ea E0       		.byte	-32
 1288 04eb 40       		.byte	64
 1289 04ec E1       		.byte	-31
 1290 04ed A8       		.byte	-88
 1291 04ee E2       		.byte	-30
 1292 04ef 40       		.byte	64
 1293 04f0 E3       		.byte	-29
 1294 04f1 20       		.byte	32
 1295 04f2 03       		.byte	3
 1296 04f3 02       		.byte	2
 1297 04f4 05       		.byte	5
 1298 04f5 11       		.byte	17
 1299 04f6 0A       		.byte	10
 1300 04f7 08       		.byte	8
 1301 04f8 0E       		.byte	14
 1302 04f9 24       		.byte	36
 1303 04fa 0F       		.byte	15
 1304 04fb 02       		.byte	2
 1305 04fc 10       		.byte	16
 1306 04fd 2A       		.byte	42
 1307 04fe 15       		.byte	21
 1308 04ff 01       		.byte	1
 1309 0500 16       		.byte	22
 1310 0501 01       		.byte	1
 1311 0502 17       		.byte	23
ARM GAS  C:\Users\isaac\AppData\Local\Temp\ccOV42d8.s 			page 24


 1312 0503 04       		.byte	4
 1313 0504 18       		.byte	24
 1314 0505 01       		.byte	1
 1315 0506 19       		.byte	25
 1316 0507 24       		.byte	36
 1317 0508 1A       		.byte	26
 1318 0509 08       		.byte	8
 1319 050a 1B       		.byte	27
 1320 050b 02       		.byte	2
 1321 050c 1D       		.byte	29
 1322 050d 30       		.byte	48
 1323 050e 1E       		.byte	30
 1324 050f 20       		.byte	32
 1325 0510 1F       		.byte	31
 1326 0511 10       		.byte	16
 1327 0512 21       		.byte	33
 1328 0513 09       		.byte	9
 1329 0514 22       		.byte	34
 1330 0515 51       		.byte	81
 1331 0516 23       		.byte	35
 1332 0517 10       		.byte	16
 1333 0518 24       		.byte	36
 1334 0519 40       		.byte	64
 1335 051a 27       		.byte	39
 1336 051b 24       		.byte	36
 1337 051c 29       		.byte	41
 1338 051d 04       		.byte	4
 1339 051e 2A       		.byte	42
 1340 051f 22       		.byte	34
 1341 0520 2F       		.byte	47
 1342 0521 18       		.byte	24
 1343 0522 31       		.byte	49
 1344 0523 88       		.byte	-120
 1345 0524 32       		.byte	50
 1346 0525 11       		.byte	17
 1347 0526 35       		.byte	53
 1348 0527 01       		.byte	1
 1349 0528 37       		.byte	55
 1350 0529 04       		.byte	4
 1351 052a 38       		.byte	56
 1352 052b 28       		.byte	40
 1353 052c 3B       		.byte	59
 1354 052d 80       		.byte	-128
 1355 052e 3E       		.byte	62
 1356 052f 04       		.byte	4
 1357 0530 3F       		.byte	63
 1358 0531 02       		.byte	2
 1359 0532 40       		.byte	64
 1360 0533 11       		.byte	17
 1361 0534 42       		.byte	66
 1362 0535 60       		.byte	96
 1363 0536 47       		.byte	71
 1364 0537 20       		.byte	32
 1365 0538 48       		.byte	72
 1366 0539 11       		.byte	17
 1367 053a 4B       		.byte	75
 1368 053b 10       		.byte	16
ARM GAS  C:\Users\isaac\AppData\Local\Temp\ccOV42d8.s 			page 25


 1369 053c 4D       		.byte	77
 1370 053d 01       		.byte	1
 1371 053e 52       		.byte	82
 1372 053f 02       		.byte	2
 1373 0540 55       		.byte	85
 1374 0541 01       		.byte	1
 1375 0542 57       		.byte	87
 1376 0543 01       		.byte	1
 1377 0544 5A       		.byte	90
 1378 0545 C0       		.byte	-64
 1379 0546 88       		.byte	-120
 1380 0547 02       		.byte	2
 1381 0548 8B       		.byte	-117
 1382 0549 40       		.byte	64
 1383 054a 90       		.byte	-112
 1384 054b 38       		.byte	56
 1385 054c 92       		.byte	-110
 1386 054d 04       		.byte	4
 1387 054e 94       		.byte	-108
 1388 054f 40       		.byte	64
 1389 0550 95       		.byte	-107
 1390 0551 03       		.byte	3
 1391 0552 96       		.byte	-106
 1392 0553 A0       		.byte	-96
 1393 0554 97       		.byte	-105
 1394 0555 80       		.byte	-128
 1395 0556 99       		.byte	-103
 1396 0557 01       		.byte	1
 1397 0558 9A       		.byte	-102
 1398 0559 03       		.byte	3
 1399 055a 9D       		.byte	-99
 1400 055b 20       		.byte	32
 1401 055c 9F       		.byte	-97
 1402 055d 04       		.byte	4
 1403 055e A0       		.byte	-96
 1404 055f 29       		.byte	41
 1405 0560 A1       		.byte	-95
 1406 0561 80       		.byte	-128
 1407 0562 A3       		.byte	-93
 1408 0563 08       		.byte	8
 1409 0564 A4       		.byte	-92
 1410 0565 10       		.byte	16
 1411 0566 A5       		.byte	-91
 1412 0567 29       		.byte	41
 1413 0568 A6       		.byte	-90
 1414 0569 12       		.byte	18
 1415 056a A7       		.byte	-89
 1416 056b 02       		.byte	2
 1417 056c B0       		.byte	-80
 1418 056d 40       		.byte	64
 1419 056e C0       		.byte	-64
 1420 056f 51       		.byte	81
 1421 0570 C2       		.byte	-62
 1422 0571 E2       		.byte	-30
 1423 0572 C4       		.byte	-60
 1424 0573 B7       		.byte	-73
 1425 0574 CA       		.byte	-54
ARM GAS  C:\Users\isaac\AppData\Local\Temp\ccOV42d8.s 			page 26


 1426 0575 67       		.byte	103
 1427 0576 CC       		.byte	-52
 1428 0577 CF       		.byte	-49
 1429 0578 CE       		.byte	-50
 1430 0579 CE       		.byte	-50
 1431 057a D0       		.byte	-48
 1432 057b 2B       		.byte	43
 1433 057c D2       		.byte	-46
 1434 057d 0C       		.byte	12
 1435 057e 30       		.byte	48
 1436 057f 80       		.byte	-128
 1437 0580 CC       		.byte	-52
 1438 0581 10       		.byte	16
 1439 0582 A4       		.byte	-92
 1440 0583 80       		.byte	-128
 1441 0584 A4       		.byte	-92
 1442 0585 80       		.byte	-128
 1443 0586 A8       		.byte	-88
 1444 0587 80       		.byte	-128
 1445 0588 EA       		.byte	-22
 1446 0589 20       		.byte	32
 1447 058a 11       		.byte	17
 1448 058b 08       		.byte	8
 1449 058c C4       		.byte	-60
 1450 058d 08       		.byte	8
 1451 058e B5       		.byte	-75
 1452 058f 04       		.byte	4
 1453 0590 EE       		.byte	-18
 1454 0591 02       		.byte	2
 1455 0592 39       		.byte	57
 1456 0593 80       		.byte	-128
 1457 0594 CE       		.byte	-50
 1458 0595 08       		.byte	8
 1459 0596 A3       		.byte	-93
 1460 0597 10       		.byte	16
 1461 0598 AB       		.byte	-85
 1462 0599 10       		.byte	16
 1463 059a EE       		.byte	-18
 1464 059b 80       		.byte	-128
 1465 059c 7B       		.byte	123
 1466 059d 10       		.byte	16
 1467 059e A3       		.byte	-93
 1468 059f 10       		.byte	16
 1469 05a0 DE       		.byte	-34
 1470 05a1 40       		.byte	64
 1471 05a2 A9       		.byte	-87
 1472 05a3 40       		.byte	64
 1473 05a4 10       		.byte	16
 1474 05a5 80       		.byte	-128
 1475 05a6 71       		.byte	113
 1476 05a7 08       		.byte	8
 1477 05a8 88       		.byte	-120
 1478 05a9 80       		.byte	-128
 1479 05aa A1       		.byte	-95
 1480 05ab 08       		.byte	8
 1481 05ac B1       		.byte	-79
 1482 05ad 08       		.byte	8
ARM GAS  C:\Users\isaac\AppData\Local\Temp\ccOV42d8.s 			page 27


 1483 05ae C4       		.byte	-60
 1484 05af 08       		.byte	8
 1485 05b0 DC       		.byte	-36
 1486 05b1 01       		.byte	1
 1487 05b2 E6       		.byte	-26
 1488 05b3 01       		.byte	1
 1489 05b4 EC       		.byte	-20
 1490 05b5 04       		.byte	4
 1491 05b6 00       		.byte	0
 1492 05b7 03       		.byte	3
 1493 05b8 0C       		.byte	12
 1494 05b9 03       		.byte	3
 1495 05ba 10       		.byte	16
 1496 05bb 03       		.byte	3
 1497 05bc 1C       		.byte	28
 1498 05bd 03       		.byte	3
 1499 05be 00       		.byte	0
 1500 05bf 03       		.byte	3
 1501 05c0 80       		.byte	-128
 1502 05c1 00       		.byte	0
 1503 05c2 40       		.byte	64
 1504 05c3 80       		.byte	-128
 1505 05c4 80       		.byte	-128
 1506 05c5 00       		.byte	0
 1507 05c6 80       		.byte	-128
 1508 05c7 00       		.byte	0
 1509 05c8 00       		.byte	0
 1510 05c9 00       		.byte	0
 1511 05ca 00       		.byte	0
 1512 05cb 00       		.byte	0
 1513 05cc 00       		.byte	0
 1514 05cd 00       		.byte	0
 1515 05ce 00       		.byte	0
 1516 05cf 00       		.byte	0
 1517 05d0 00       		.byte	0
 1518 05d1 00       		.byte	0
 1519 05d2 10       		.byte	16
 1520 05d3 00       		.byte	0
 1521 05d4 00       		.byte	0
 1522 05d5 0B       		.byte	11
 1523 05d6 0B       		.byte	11
 1524 05d7 00       		.byte	0
 1525 05d8 00       		.byte	0
 1526 05d9 00       		.byte	0
 1527 05da 00       		.byte	0
 1528 05db 00       		.byte	0
 1529 05dc 00       		.byte	0
 1530 05dd 7F       		.byte	127
 1531 05de 7F       		.byte	127
 1532 05df 00       		.byte	0
 1533 05e0 00       		.byte	0
 1534 05e1 00       		.byte	0
 1535 05e2 00       		.byte	0
 1536 05e3 00       		.byte	0
 1537 05e4 00       		.byte	0
 1538 05e5 00       		.byte	0
 1539 05e6 3E       		.byte	62
ARM GAS  C:\Users\isaac\AppData\Local\Temp\ccOV42d8.s 			page 28


 1540 05e7 00       		.byte	0
 1541 05e8 00       		.byte	0
 1542 05e9 00       		.byte	0
 1543 05ea 00       		.byte	0
 1544 05eb 00       		.byte	0
 1545              		.section	.cywolatch,"a",%progbits
 1546              		.align	2
 1547              		.type	cy_meta_wonvl, %object
 1548              		.size	cy_meta_wonvl, 4
 1549              	cy_meta_wonvl:
 1550 0000 BC       		.byte	-68
 1551 0001 90       		.byte	-112
 1552 0002 AC       		.byte	-84
 1553 0003 AF       		.byte	-81
 1554              		.section	.cycustnvl,"a",%progbits
 1555              		.align	2
 1556              		.type	cy_meta_custnvl, %object
 1557              		.size	cy_meta_custnvl, 4
 1558              	cy_meta_custnvl:
 1559 0000 00       		.byte	0
 1560 0001 00       		.byte	0
 1561 0002 40       		.byte	64
 1562 0003 05       		.byte	5
 1563              		.section	.cymeta,"a",%progbits
 1564              		.align	2
 1565              		.type	cy_metadata, %object
 1566              		.size	cy_metadata, 12
 1567              	cy_metadata:
 1568 0000 00       		.byte	0
 1569 0001 01       		.byte	1
 1570 0002 2E       		.byte	46
 1571 0003 16       		.byte	22
 1572 0004 10       		.byte	16
 1573 0005 69       		.byte	105
 1574 0006 00       		.byte	0
 1575 0007 01       		.byte	1
 1576 0008 00       		.byte	0
 1577 0009 00       		.byte	0
 1578 000a 00       		.byte	0
 1579 000b 00       		.byte	0
 1580              		.section	.cyflashprotect,"a",%progbits
 1581              		.align	2
 1582              		.type	cy_meta_flashprotect, %object
 1583              		.size	cy_meta_flashprotect, 256
 1584              	cy_meta_flashprotect:
 1585 0000 00000000 		.space	256
 1585      00000000 
 1585      00000000 
 1585      00000000 
 1585      00000000 
 1586              		.text
 1587              	.Letext0:
 1588              		.file 1 "c:\\program files (x86)\\cypress\\psoc creator\\4.2\\psoc creator\\import\\gnu\\arm\\5.4.
 1589              		.file 2 "c:\\program files (x86)\\cypress\\psoc creator\\4.2\\psoc creator\\import\\gnu\\arm\\5.4.
 1590              		.file 3 "Generated_Source\\PSoC5\\cymetadata.c"
 1591              		.section	.debug_info,"",%progbits
 1592              	.Ldebug_info0:
ARM GAS  C:\Users\isaac\AppData\Local\Temp\ccOV42d8.s 			page 29


 1593 0000 33010000 		.4byte	0x133
 1594 0004 0400     		.2byte	0x4
 1595 0006 00000000 		.4byte	.Ldebug_abbrev0
 1596 000a 04       		.byte	0x4
 1597 000b 01       		.uleb128 0x1
 1598 000c 65000000 		.4byte	.LASF17
 1599 0010 0C       		.byte	0xc
 1600 0011 BF010000 		.4byte	.LASF18
 1601 0015 16000000 		.4byte	.LASF19
 1602 0019 00000000 		.4byte	.Ldebug_line0
 1603 001d 02       		.uleb128 0x2
 1604 001e 01       		.byte	0x1
 1605 001f 06       		.byte	0x6
 1606 0020 B3010000 		.4byte	.LASF0
 1607 0024 03       		.uleb128 0x3
 1608 0025 00000000 		.4byte	.LASF9
 1609 0029 01       		.byte	0x1
 1610 002a 1D       		.byte	0x1d
 1611 002b 2F000000 		.4byte	0x2f
 1612 002f 02       		.uleb128 0x2
 1613 0030 01       		.byte	0x1
 1614 0031 08       		.byte	0x8
 1615 0032 57000000 		.4byte	.LASF1
 1616 0036 02       		.uleb128 0x2
 1617 0037 02       		.byte	0x2
 1618 0038 05       		.byte	0x5
 1619 0039 A0010000 		.4byte	.LASF2
 1620 003d 02       		.uleb128 0x2
 1621 003e 02       		.byte	0x2
 1622 003f 07       		.byte	0x7
 1623 0040 05010000 		.4byte	.LASF3
 1624 0044 02       		.uleb128 0x2
 1625 0045 04       		.byte	0x4
 1626 0046 05       		.byte	0x5
 1627 0047 AA010000 		.4byte	.LASF4
 1628 004b 02       		.uleb128 0x2
 1629 004c 04       		.byte	0x4
 1630 004d 07       		.byte	0x7
 1631 004e F3000000 		.4byte	.LASF5
 1632 0052 02       		.uleb128 0x2
 1633 0053 08       		.byte	0x8
 1634 0054 05       		.byte	0x5
 1635 0055 92010000 		.4byte	.LASF6
 1636 0059 02       		.uleb128 0x2
 1637 005a 08       		.byte	0x8
 1638 005b 07       		.byte	0x7
 1639 005c 47010000 		.4byte	.LASF7
 1640 0060 04       		.uleb128 0x4
 1641 0061 04       		.byte	0x4
 1642 0062 05       		.byte	0x5
 1643 0063 696E7400 		.ascii	"int\000"
 1644 0067 02       		.uleb128 0x2
 1645 0068 04       		.byte	0x4
 1646 0069 07       		.byte	0x7
 1647 006a 3A010000 		.4byte	.LASF8
 1648 006e 03       		.uleb128 0x3
 1649 006f 5E010000 		.4byte	.LASF10
ARM GAS  C:\Users\isaac\AppData\Local\Temp\ccOV42d8.s 			page 30


 1650 0073 02       		.byte	0x2
 1651 0074 18       		.byte	0x18
 1652 0075 24000000 		.4byte	0x24
 1653 0079 05       		.uleb128 0x5
 1654 007a 91000000 		.4byte	0x91
 1655 007e 8A000000 		.4byte	0x8a
 1656 0082 06       		.uleb128 0x6
 1657 0083 8A000000 		.4byte	0x8a
 1658 0087 EB05     		.2byte	0x5eb
 1659 0089 00       		.byte	0
 1660 008a 02       		.uleb128 0x2
 1661 008b 04       		.byte	0x4
 1662 008c 07       		.byte	0x7
 1663 008d 89010000 		.4byte	.LASF11
 1664 0091 07       		.uleb128 0x7
 1665 0092 6E000000 		.4byte	0x6e
 1666 0096 08       		.uleb128 0x8
 1667 0097 28010000 		.4byte	.LASF12
 1668 009b 03       		.byte	0x3
 1669 009c 1F       		.byte	0x1f
 1670 009d A7000000 		.4byte	0xa7
 1671 00a1 05       		.uleb128 0x5
 1672 00a2 03       		.byte	0x3
 1673 00a3 00000000 		.4byte	cy_meta_configecc
 1674 00a7 07       		.uleb128 0x7
 1675 00a8 79000000 		.4byte	0x79
 1676 00ac 05       		.uleb128 0x5
 1677 00ad 91000000 		.4byte	0x91
 1678 00b1 BC000000 		.4byte	0xbc
 1679 00b5 09       		.uleb128 0x9
 1680 00b6 8A000000 		.4byte	0x8a
 1681 00ba 03       		.byte	0x3
 1682 00bb 00       		.byte	0
 1683 00bc 08       		.uleb128 0x8
 1684 00bd 18010000 		.4byte	.LASF13
 1685 00c1 03       		.byte	0x3
 1686 00c2 EA       		.byte	0xea
 1687 00c3 CD000000 		.4byte	0xcd
 1688 00c7 05       		.uleb128 0x5
 1689 00c8 03       		.byte	0x3
 1690 00c9 00000000 		.4byte	cy_meta_custnvl
 1691 00cd 07       		.uleb128 0x7
 1692 00ce AC000000 		.4byte	0xac
 1693 00d2 08       		.uleb128 0x8
 1694 00d3 7B010000 		.4byte	.LASF14
 1695 00d7 03       		.byte	0x3
 1696 00d8 F8       		.byte	0xf8
 1697 00d9 E3000000 		.4byte	0xe3
 1698 00dd 05       		.uleb128 0x5
 1699 00de 03       		.byte	0x3
 1700 00df 00000000 		.4byte	cy_meta_wonvl
 1701 00e3 07       		.uleb128 0x7
 1702 00e4 AC000000 		.4byte	0xac
 1703 00e8 05       		.uleb128 0x5
 1704 00e9 91000000 		.4byte	0x91
 1705 00ed F8000000 		.4byte	0xf8
 1706 00f1 09       		.uleb128 0x9
ARM GAS  C:\Users\isaac\AppData\Local\Temp\ccOV42d8.s 			page 31


 1707 00f2 8A000000 		.4byte	0x8a
 1708 00f6 FF       		.byte	0xff
 1709 00f7 00       		.byte	0
 1710 00f8 0A       		.uleb128 0xa
 1711 00f9 66010000 		.4byte	.LASF15
 1712 00fd 03       		.byte	0x3
 1713 00fe 0601     		.2byte	0x106
 1714 0100 0A010000 		.4byte	0x10a
 1715 0104 05       		.uleb128 0x5
 1716 0105 03       		.byte	0x3
 1717 0106 00000000 		.4byte	cy_meta_flashprotect
 1718 010a 07       		.uleb128 0x7
 1719 010b E8000000 		.4byte	0xe8
 1720 010f 05       		.uleb128 0x5
 1721 0110 91000000 		.4byte	0x91
 1722 0114 1F010000 		.4byte	0x11f
 1723 0118 09       		.uleb128 0x9
 1724 0119 8A000000 		.4byte	0x8a
 1725 011d 0B       		.byte	0xb
 1726 011e 00       		.byte	0
 1727 011f 0A       		.uleb128 0xa
 1728 0120 0A000000 		.4byte	.LASF16
 1729 0124 03       		.byte	0x3
 1730 0125 3301     		.2byte	0x133
 1731 0127 31010000 		.4byte	0x131
 1732 012b 05       		.uleb128 0x5
 1733 012c 03       		.byte	0x3
 1734 012d 00000000 		.4byte	cy_metadata
 1735 0131 07       		.uleb128 0x7
 1736 0132 0F010000 		.4byte	0x10f
 1737 0136 00       		.byte	0
 1738              		.section	.debug_abbrev,"",%progbits
 1739              	.Ldebug_abbrev0:
 1740 0000 01       		.uleb128 0x1
 1741 0001 11       		.uleb128 0x11
 1742 0002 01       		.byte	0x1
 1743 0003 25       		.uleb128 0x25
 1744 0004 0E       		.uleb128 0xe
 1745 0005 13       		.uleb128 0x13
 1746 0006 0B       		.uleb128 0xb
 1747 0007 03       		.uleb128 0x3
 1748 0008 0E       		.uleb128 0xe
 1749 0009 1B       		.uleb128 0x1b
 1750 000a 0E       		.uleb128 0xe
 1751 000b 10       		.uleb128 0x10
 1752 000c 17       		.uleb128 0x17
 1753 000d 00       		.byte	0
 1754 000e 00       		.byte	0
 1755 000f 02       		.uleb128 0x2
 1756 0010 24       		.uleb128 0x24
 1757 0011 00       		.byte	0
 1758 0012 0B       		.uleb128 0xb
 1759 0013 0B       		.uleb128 0xb
 1760 0014 3E       		.uleb128 0x3e
 1761 0015 0B       		.uleb128 0xb
 1762 0016 03       		.uleb128 0x3
 1763 0017 0E       		.uleb128 0xe
ARM GAS  C:\Users\isaac\AppData\Local\Temp\ccOV42d8.s 			page 32


 1764 0018 00       		.byte	0
 1765 0019 00       		.byte	0
 1766 001a 03       		.uleb128 0x3
 1767 001b 16       		.uleb128 0x16
 1768 001c 00       		.byte	0
 1769 001d 03       		.uleb128 0x3
 1770 001e 0E       		.uleb128 0xe
 1771 001f 3A       		.uleb128 0x3a
 1772 0020 0B       		.uleb128 0xb
 1773 0021 3B       		.uleb128 0x3b
 1774 0022 0B       		.uleb128 0xb
 1775 0023 49       		.uleb128 0x49
 1776 0024 13       		.uleb128 0x13
 1777 0025 00       		.byte	0
 1778 0026 00       		.byte	0
 1779 0027 04       		.uleb128 0x4
 1780 0028 24       		.uleb128 0x24
 1781 0029 00       		.byte	0
 1782 002a 0B       		.uleb128 0xb
 1783 002b 0B       		.uleb128 0xb
 1784 002c 3E       		.uleb128 0x3e
 1785 002d 0B       		.uleb128 0xb
 1786 002e 03       		.uleb128 0x3
 1787 002f 08       		.uleb128 0x8
 1788 0030 00       		.byte	0
 1789 0031 00       		.byte	0
 1790 0032 05       		.uleb128 0x5
 1791 0033 01       		.uleb128 0x1
 1792 0034 01       		.byte	0x1
 1793 0035 49       		.uleb128 0x49
 1794 0036 13       		.uleb128 0x13
 1795 0037 01       		.uleb128 0x1
 1796 0038 13       		.uleb128 0x13
 1797 0039 00       		.byte	0
 1798 003a 00       		.byte	0
 1799 003b 06       		.uleb128 0x6
 1800 003c 21       		.uleb128 0x21
 1801 003d 00       		.byte	0
 1802 003e 49       		.uleb128 0x49
 1803 003f 13       		.uleb128 0x13
 1804 0040 2F       		.uleb128 0x2f
 1805 0041 05       		.uleb128 0x5
 1806 0042 00       		.byte	0
 1807 0043 00       		.byte	0
 1808 0044 07       		.uleb128 0x7
 1809 0045 26       		.uleb128 0x26
 1810 0046 00       		.byte	0
 1811 0047 49       		.uleb128 0x49
 1812 0048 13       		.uleb128 0x13
 1813 0049 00       		.byte	0
 1814 004a 00       		.byte	0
 1815 004b 08       		.uleb128 0x8
 1816 004c 34       		.uleb128 0x34
 1817 004d 00       		.byte	0
 1818 004e 03       		.uleb128 0x3
 1819 004f 0E       		.uleb128 0xe
 1820 0050 3A       		.uleb128 0x3a
ARM GAS  C:\Users\isaac\AppData\Local\Temp\ccOV42d8.s 			page 33


 1821 0051 0B       		.uleb128 0xb
 1822 0052 3B       		.uleb128 0x3b
 1823 0053 0B       		.uleb128 0xb
 1824 0054 49       		.uleb128 0x49
 1825 0055 13       		.uleb128 0x13
 1826 0056 3F       		.uleb128 0x3f
 1827 0057 19       		.uleb128 0x19
 1828 0058 02       		.uleb128 0x2
 1829 0059 18       		.uleb128 0x18
 1830 005a 00       		.byte	0
 1831 005b 00       		.byte	0
 1832 005c 09       		.uleb128 0x9
 1833 005d 21       		.uleb128 0x21
 1834 005e 00       		.byte	0
 1835 005f 49       		.uleb128 0x49
 1836 0060 13       		.uleb128 0x13
 1837 0061 2F       		.uleb128 0x2f
 1838 0062 0B       		.uleb128 0xb
 1839 0063 00       		.byte	0
 1840 0064 00       		.byte	0
 1841 0065 0A       		.uleb128 0xa
 1842 0066 34       		.uleb128 0x34
 1843 0067 00       		.byte	0
 1844 0068 03       		.uleb128 0x3
 1845 0069 0E       		.uleb128 0xe
 1846 006a 3A       		.uleb128 0x3a
 1847 006b 0B       		.uleb128 0xb
 1848 006c 3B       		.uleb128 0x3b
 1849 006d 05       		.uleb128 0x5
 1850 006e 49       		.uleb128 0x49
 1851 006f 13       		.uleb128 0x13
 1852 0070 3F       		.uleb128 0x3f
 1853 0071 19       		.uleb128 0x19
 1854 0072 02       		.uleb128 0x2
 1855 0073 18       		.uleb128 0x18
 1856 0074 00       		.byte	0
 1857 0075 00       		.byte	0
 1858 0076 00       		.byte	0
 1859              		.section	.debug_aranges,"",%progbits
 1860 0000 14000000 		.4byte	0x14
 1861 0004 0200     		.2byte	0x2
 1862 0006 00000000 		.4byte	.Ldebug_info0
 1863 000a 04       		.byte	0x4
 1864 000b 00       		.byte	0
 1865 000c 0000     		.2byte	0
 1866 000e 0000     		.2byte	0
 1867 0010 00000000 		.4byte	0
 1868 0014 00000000 		.4byte	0
 1869              		.section	.debug_line,"",%progbits
 1870              	.Ldebug_line0:
 1871 0000 3D010000 		.section	.debug_str,"MS",%progbits,1
 1871      02003701 
 1871      00000201 
 1871      FB0E0D00 
 1871      01010101 
 1872              	.LASF9:
 1873 0000 5F5F7569 		.ascii	"__uint8_t\000"
ARM GAS  C:\Users\isaac\AppData\Local\Temp\ccOV42d8.s 			page 34


 1873      6E74385F 
 1873      7400
 1874              	.LASF16:
 1875 000a 63795F6D 		.ascii	"cy_metadata\000"
 1875      65746164 
 1875      61746100 
 1876              	.LASF19:
 1877 0016 433A5C55 		.ascii	"C:\\Users\\isaac\\Documents\\PSoC Creator\\P2_CapSe"
 1877      73657273 
 1877      5C697361 
 1877      61635C44 
 1877      6F63756D 
 1878 0044 6E73655C 		.ascii	"nse\\CapSense.cydsn\000"
 1878      43617053 
 1878      656E7365 
 1878      2E637964 
 1878      736E00
 1879              	.LASF1:
 1880 0057 756E7369 		.ascii	"unsigned char\000"
 1880      676E6564 
 1880      20636861 
 1880      7200
 1881              	.LASF17:
 1882 0065 474E5520 		.ascii	"GNU C11 5.4.1 20160609 (release) [ARM/embedded-5-br"
 1882      43313120 
 1882      352E342E 
 1882      31203230 
 1882      31363036 
 1883 0098 616E6368 		.ascii	"anch revision 237715] -mcpu=cortex-m3 -mthumb -g -O"
 1883      20726576 
 1883      6973696F 
 1883      6E203233 
 1883      37373135 
 1884 00cb 67202D66 		.ascii	"g -ffunction-sections -ffat-lto-objects\000"
 1884      66756E63 
 1884      74696F6E 
 1884      2D736563 
 1884      74696F6E 
 1885              	.LASF5:
 1886 00f3 6C6F6E67 		.ascii	"long unsigned int\000"
 1886      20756E73 
 1886      69676E65 
 1886      6420696E 
 1886      7400
 1887              	.LASF3:
 1888 0105 73686F72 		.ascii	"short unsigned int\000"
 1888      7420756E 
 1888      7369676E 
 1888      65642069 
 1888      6E7400
 1889              	.LASF13:
 1890 0118 63795F6D 		.ascii	"cy_meta_custnvl\000"
 1890      6574615F 
 1890      63757374 
 1890      6E766C00 
 1891              	.LASF12:
 1892 0128 63795F6D 		.ascii	"cy_meta_configecc\000"
ARM GAS  C:\Users\isaac\AppData\Local\Temp\ccOV42d8.s 			page 35


 1892      6574615F 
 1892      636F6E66 
 1892      69676563 
 1892      6300
 1893              	.LASF8:
 1894 013a 756E7369 		.ascii	"unsigned int\000"
 1894      676E6564 
 1894      20696E74 
 1894      00
 1895              	.LASF7:
 1896 0147 6C6F6E67 		.ascii	"long long unsigned int\000"
 1896      206C6F6E 
 1896      6720756E 
 1896      7369676E 
 1896      65642069 
 1897              	.LASF10:
 1898 015e 75696E74 		.ascii	"uint8_t\000"
 1898      385F7400 
 1899              	.LASF15:
 1900 0166 63795F6D 		.ascii	"cy_meta_flashprotect\000"
 1900      6574615F 
 1900      666C6173 
 1900      6870726F 
 1900      74656374 
 1901              	.LASF14:
 1902 017b 63795F6D 		.ascii	"cy_meta_wonvl\000"
 1902      6574615F 
 1902      776F6E76 
 1902      6C00
 1903              	.LASF11:
 1904 0189 73697A65 		.ascii	"sizetype\000"
 1904      74797065 
 1904      00
 1905              	.LASF6:
 1906 0192 6C6F6E67 		.ascii	"long long int\000"
 1906      206C6F6E 
 1906      6720696E 
 1906      7400
 1907              	.LASF2:
 1908 01a0 73686F72 		.ascii	"short int\000"
 1908      7420696E 
 1908      7400
 1909              	.LASF4:
 1910 01aa 6C6F6E67 		.ascii	"long int\000"
 1910      20696E74 
 1910      00
 1911              	.LASF0:
 1912 01b3 7369676E 		.ascii	"signed char\000"
 1912      65642063 
 1912      68617200 
 1913              	.LASF18:
 1914 01bf 47656E65 		.ascii	"Generated_Source\\PSoC5\\cymetadata.c\000"
 1914      72617465 
 1914      645F536F 
 1914      75726365 
 1914      5C50536F 
 1915              		.ident	"GCC: (GNU Tools for ARM Embedded Processors) 5.4.1 20160609 (release) [ARM/embedded-5-bran
ARM GAS  C:\Users\isaac\AppData\Local\Temp\ccOV42d8.s 			page 36


