ARM GAS  C:\Users\isaac\AppData\Local\Temp\cc62EYFa.s 			page 1


   1              		.syntax unified
   2              		.cpu cortex-m3
   3              		.fpu softvfp
   4              		.eabi_attribute 20, 1
   5              		.eabi_attribute 21, 1
   6              		.eabi_attribute 23, 3
   7              		.eabi_attribute 24, 1
   8              		.eabi_attribute 25, 1
   9              		.eabi_attribute 26, 1
  10              		.eabi_attribute 30, 1
  11              		.eabi_attribute 34, 1
  12              		.eabi_attribute 18, 4
  13              		.thumb
  14              		.syntax unified
  15              		.file	"cymetadata.c"
  16              		.text
  17              	.Ltext0:
  18              		.cfi_sections	.debug_frame
  19              		.global	cy_metadata
  20              		.global	cy_meta_flashprotect
  21              		.global	cy_meta_wonvl
  22              		.global	cy_meta_custnvl
  23              		.global	cy_meta_configecc
  24              		.section	.cyconfigecc,"a",%progbits
  25              		.align	2
  26              		.type	cy_meta_configecc, %object
  27              		.size	cy_meta_configecc, 2144
  28              	cy_meta_configecc:
  29 0000 02       		.byte	2
  30 0001 52       		.byte	82
  31 0002 00       		.byte	0
  32 0003 40       		.byte	64
  33 0004 01       		.byte	1
  34 0005 5B       		.byte	91
  35 0006 00       		.byte	0
  36 0007 40       		.byte	64
  37 0008 03       		.byte	3
  38 0009 64       		.byte	100
  39 000a 00       		.byte	0
  40 000b 40       		.byte	64
  41 000c 01       		.byte	1
  42 000d 65       		.byte	101
  43 000e 00       		.byte	0
  44 000f 40       		.byte	64
  45 0010 28       		.byte	40
  46 0011 00       		.byte	0
  47 0012 01       		.byte	1
  48 0013 40       		.byte	64
  49 0014 30       		.byte	48
  50 0015 01       		.byte	1
  51 0016 01       		.byte	1
  52 0017 40       		.byte	64
  53 0018 4F       		.byte	79
  54 0019 02       		.byte	2
  55 001a 01       		.byte	1
  56 001b 40       		.byte	64
  57 001c 4F       		.byte	79
ARM GAS  C:\Users\isaac\AppData\Local\Temp\cc62EYFa.s 			page 2


  58 001d 03       		.byte	3
  59 001e 01       		.byte	1
  60 001f 40       		.byte	64
  61 0020 1C       		.byte	28
  62 0021 04       		.byte	4
  63 0022 01       		.byte	1
  64 0023 40       		.byte	64
  65 0024 4B       		.byte	75
  66 0025 05       		.byte	5
  67 0026 01       		.byte	1
  68 0027 40       		.byte	64
  69 0028 2B       		.byte	43
  70 0029 06       		.byte	6
  71 002a 01       		.byte	1
  72 002b 40       		.byte	64
  73 002c 42       		.byte	66
  74 002d 07       		.byte	7
  75 002e 01       		.byte	1
  76 002f 40       		.byte	64
  77 0030 2F       		.byte	47
  78 0031 08       		.byte	8
  79 0032 01       		.byte	1
  80 0033 40       		.byte	64
  81 0034 30       		.byte	48
  82 0035 09       		.byte	9
  83 0036 01       		.byte	1
  84 0037 40       		.byte	64
  85 0038 02       		.byte	2
  86 0039 0B       		.byte	11
  87 003a 01       		.byte	1
  88 003b 40       		.byte	64
  89 003c 02       		.byte	2
  90 003d 0D       		.byte	13
  91 003e 01       		.byte	1
  92 003f 40       		.byte	64
  93 0040 11       		.byte	17
  94 0041 14       		.byte	20
  95 0042 01       		.byte	1
  96 0043 40       		.byte	64
  97 0044 39       		.byte	57
  98 0045 15       		.byte	21
  99 0046 01       		.byte	1
 100 0047 40       		.byte	64
 101 0048 0F       		.byte	15
 102 0049 17       		.byte	23
 103 004a 01       		.byte	1
 104 004b 40       		.byte	64
 105 004c 2D       		.byte	45
 106 004d 18       		.byte	24
 107 004e 01       		.byte	1
 108 004f 40       		.byte	64
 109 0050 4F       		.byte	79
 110 0051 19       		.byte	25
 111 0052 01       		.byte	1
 112 0053 40       		.byte	64
 113 0054 37       		.byte	55
 114 0055 1A       		.byte	26
ARM GAS  C:\Users\isaac\AppData\Local\Temp\cc62EYFa.s 			page 3


 115 0056 01       		.byte	1
 116 0057 40       		.byte	64
 117 0058 47       		.byte	71
 118 0059 1B       		.byte	27
 119 005a 01       		.byte	1
 120 005b 40       		.byte	64
 121 005c 08       		.byte	8
 122 005d 40       		.byte	64
 123 005e 01       		.byte	1
 124 005f 40       		.byte	64
 125 0060 0F       		.byte	15
 126 0061 41       		.byte	65
 127 0062 01       		.byte	1
 128 0063 40       		.byte	64
 129 0064 06       		.byte	6
 130 0065 42       		.byte	66
 131 0066 01       		.byte	1
 132 0067 40       		.byte	64
 133 0068 03       		.byte	3
 134 0069 43       		.byte	67
 135 006a 01       		.byte	1
 136 006b 40       		.byte	64
 137 006c 05       		.byte	5
 138 006d 46       		.byte	70
 139 006e 01       		.byte	1
 140 006f 40       		.byte	64
 141 0070 03       		.byte	3
 142 0071 47       		.byte	71
 143 0072 01       		.byte	1
 144 0073 40       		.byte	64
 145 0074 04       		.byte	4
 146 0075 48       		.byte	72
 147 0076 01       		.byte	1
 148 0077 40       		.byte	64
 149 0078 01       		.byte	1
 150 0079 49       		.byte	73
 151 007a 01       		.byte	1
 152 007b 40       		.byte	64
 153 007c 01       		.byte	1
 154 007d 4C       		.byte	76
 155 007e 01       		.byte	1
 156 007f 40       		.byte	64
 157 0080 0C       		.byte	12
 158 0081 4D       		.byte	77
 159 0082 01       		.byte	1
 160 0083 40       		.byte	64
 161 0084 0A       		.byte	10
 162 0085 50       		.byte	80
 163 0086 01       		.byte	1
 164 0087 40       		.byte	64
 165 0088 02       		.byte	2
 166 0089 51       		.byte	81
 167 008a 01       		.byte	1
 168 008b 40       		.byte	64
 169 008c 00       		.byte	0
 170 008d 1C       		.byte	28
 171 008e 01       		.byte	1
ARM GAS  C:\Users\isaac\AppData\Local\Temp\cc62EYFa.s 			page 4


 172 008f 19       		.byte	25
 173 0090 27       		.byte	39
 174 0091 84       		.byte	-124
 175 0092 80       		.byte	-128
 176 0093 0F       		.byte	15
 177 0094 84       		.byte	-124
 178 0095 05       		.byte	5
 179 0096 89       		.byte	-119
 180 0097 72       		.byte	114
 181 0098 89       		.byte	-119
 182 0099 38       		.byte	56
 183 009a 03       		.byte	3
 184 009b 01       		.byte	1
 185 009c 05       		.byte	5
 186 009d 02       		.byte	2
 187 009e 06       		.byte	6
 188 009f 01       		.byte	1
 189 00a0 0D       		.byte	13
 190 00a1 03       		.byte	3
 191 00a2 14       		.byte	20
 192 00a3 01       		.byte	1
 193 00a4 15       		.byte	21
 194 00a5 04       		.byte	4
 195 00a6 1A       		.byte	26
 196 00a7 01       		.byte	1
 197 00a8 1C       		.byte	28
 198 00a9 01       		.byte	1
 199 00aa 21       		.byte	33
 200 00ab 03       		.byte	3
 201 00ac 2E       		.byte	46
 202 00ad 01       		.byte	1
 203 00ae 30       		.byte	48
 204 00af 01       		.byte	1
 205 00b0 31       		.byte	49
 206 00b1 03       		.byte	3
 207 00b2 33       		.byte	51
 208 00b3 04       		.byte	4
 209 00b4 39       		.byte	57
 210 00b5 02       		.byte	2
 211 00b6 3E       		.byte	62
 212 00b7 01       		.byte	1
 213 00b8 3F       		.byte	63
 214 00b9 05       		.byte	5
 215 00ba 40       		.byte	64
 216 00bb 04       		.byte	4
 217 00bc 47       		.byte	71
 218 00bd 04       		.byte	4
 219 00be 49       		.byte	73
 220 00bf FF       		.byte	-1
 221 00c0 4A       		.byte	74
 222 00c1 07       		.byte	7
 223 00c2 4B       		.byte	75
 224 00c3 FF       		.byte	-1
 225 00c4 4C       		.byte	76
 226 00c5 40       		.byte	64
 227 00c6 4D       		.byte	77
 228 00c7 20       		.byte	32
ARM GAS  C:\Users\isaac\AppData\Local\Temp\cc62EYFa.s 			page 5


 229 00c8 4E       		.byte	78
 230 00c9 F0       		.byte	-16
 231 00ca 4F       		.byte	79
 232 00cb 05       		.byte	5
 233 00cc 50       		.byte	80
 234 00cd 08       		.byte	8
 235 00ce 54       		.byte	84
 236 00cf 01       		.byte	1
 237 00d0 58       		.byte	88
 238 00d1 04       		.byte	4
 239 00d2 59       		.byte	89
 240 00d3 04       		.byte	4
 241 00d4 5A       		.byte	90
 242 00d5 04       		.byte	4
 243 00d6 5B       		.byte	91
 244 00d7 04       		.byte	4
 245 00d8 5D       		.byte	93
 246 00d9 11       		.byte	17
 247 00da 5F       		.byte	95
 248 00db 01       		.byte	1
 249 00dc 60       		.byte	96
 250 00dd 40       		.byte	64
 251 00de 61       		.byte	97
 252 00df A8       		.byte	-88
 253 00e0 62       		.byte	98
 254 00e1 40       		.byte	64
 255 00e2 63       		.byte	99
 256 00e3 20       		.byte	32
 257 00e4 D8       		.byte	-40
 258 00e5 04       		.byte	4
 259 00e6 D9       		.byte	-39
 260 00e7 04       		.byte	4
 261 00e8 DF       		.byte	-33
 262 00e9 01       		.byte	1
 263 00ea 01       		.byte	1
 264 00eb 09       		.byte	9
 265 00ec 03       		.byte	3
 266 00ed 15       		.byte	21
 267 00ee 05       		.byte	5
 268 00ef 50       		.byte	80
 269 00f0 06       		.byte	6
 270 00f1 02       		.byte	2
 271 00f2 07       		.byte	7
 272 00f3 09       		.byte	9
 273 00f4 09       		.byte	9
 274 00f5 04       		.byte	4
 275 00f6 0B       		.byte	11
 276 00f7 C9       		.byte	-55
 277 00f8 0C       		.byte	12
 278 00f9 12       		.byte	18
 279 00fa 0E       		.byte	14
 280 00fb 10       		.byte	16
 281 00fc 0F       		.byte	15
 282 00fd 40       		.byte	64
 283 00fe 10       		.byte	16
 284 00ff 10       		.byte	16
 285 0100 11       		.byte	17
ARM GAS  C:\Users\isaac\AppData\Local\Temp\cc62EYFa.s 			page 6


 286 0101 10       		.byte	16
 287 0102 12       		.byte	18
 288 0103 81       		.byte	-127
 289 0104 17       		.byte	23
 290 0105 44       		.byte	68
 291 0106 1A       		.byte	26
 292 0107 40       		.byte	64
 293 0108 20       		.byte	32
 294 0109 40       		.byte	64
 295 010a 22       		.byte	34
 296 010b 04       		.byte	4
 297 010c 28       		.byte	40
 298 010d 10       		.byte	16
 299 010e 29       		.byte	41
 300 010f 40       		.byte	64
 301 0110 2A       		.byte	42
 302 0111 20       		.byte	32
 303 0112 2B       		.byte	43
 304 0113 40       		.byte	64
 305 0114 2C       		.byte	44
 306 0115 10       		.byte	16
 307 0116 2D       		.byte	45
 308 0117 10       		.byte	16
 309 0118 2E       		.byte	46
 310 0119 10       		.byte	16
 311 011a 2F       		.byte	47
 312 011b 48       		.byte	72
 313 011c 30       		.byte	48
 314 011d 02       		.byte	2
 315 011e 31       		.byte	49
 316 011f 38       		.byte	56
 317 0120 33       		.byte	51
 318 0121 40       		.byte	64
 319 0122 37       		.byte	55
 320 0123 48       		.byte	72
 321 0124 39       		.byte	57
 322 0125 9A       		.byte	-102
 323 0126 3A       		.byte	58
 324 0127 01       		.byte	1
 325 0128 3B       		.byte	59
 326 0129 0A       		.byte	10
 327 012a 3E       		.byte	62
 328 012b 22       		.byte	34
 329 012c 40       		.byte	64
 330 012d 40       		.byte	64
 331 012e 4B       		.byte	75
 332 012f 02       		.byte	2
 333 0130 52       		.byte	82
 334 0131 08       		.byte	8
 335 0132 58       		.byte	88
 336 0133 01       		.byte	1
 337 0134 5A       		.byte	90
 338 0135 48       		.byte	72
 339 0136 5B       		.byte	91
 340 0137 10       		.byte	16
 341 0138 85       		.byte	-123
 342 0139 21       		.byte	33
ARM GAS  C:\Users\isaac\AppData\Local\Temp\cc62EYFa.s 			page 7


 343 013a C0       		.byte	-64
 344 013b CF       		.byte	-49
 345 013c C2       		.byte	-62
 346 013d 7F       		.byte	127
 347 013e C4       		.byte	-60
 348 013f AF       		.byte	-81
 349 0140 CA       		.byte	-54
 350 0141 EF       		.byte	-17
 351 0142 CC       		.byte	-52
 352 0143 5F       		.byte	95
 353 0144 CE       		.byte	-50
 354 0145 AF       		.byte	-81
 355 0146 D0       		.byte	-48
 356 0147 01       		.byte	1
 357 0148 D6       		.byte	-42
 358 0149 0F       		.byte	15
 359 014a 01       		.byte	1
 360 014b 05       		.byte	5
 361 014c 03       		.byte	3
 362 014d 02       		.byte	2
 363 014e 09       		.byte	9
 364 014f 03       		.byte	3
 365 0150 0A       		.byte	10
 366 0151 07       		.byte	7
 367 0152 0B       		.byte	11
 368 0153 04       		.byte	4
 369 0154 0C       		.byte	12
 370 0155 05       		.byte	5
 371 0156 0E       		.byte	14
 372 0157 02       		.byte	2
 373 0158 10       		.byte	16
 374 0159 07       		.byte	7
 375 015a 17       		.byte	23
 376 015b 07       		.byte	7
 377 015c 18       		.byte	24
 378 015d 07       		.byte	7
 379 015e 1F       		.byte	31
 380 015f 07       		.byte	7
 381 0160 20       		.byte	32
 382 0161 07       		.byte	7
 383 0162 21       		.byte	33
 384 0163 07       		.byte	7
 385 0164 24       		.byte	36
 386 0165 06       		.byte	6
 387 0166 25       		.byte	37
 388 0167 07       		.byte	7
 389 0168 26       		.byte	38
 390 0169 01       		.byte	1
 391 016a 28       		.byte	40
 392 016b 07       		.byte	7
 393 016c 29       		.byte	41
 394 016d 07       		.byte	7
 395 016e 30       		.byte	48
 396 016f 04       		.byte	4
 397 0170 31       		.byte	49
 398 0171 01       		.byte	1
 399 0172 32       		.byte	50
ARM GAS  C:\Users\isaac\AppData\Local\Temp\cc62EYFa.s 			page 8


 400 0173 02       		.byte	2
 401 0174 35       		.byte	53
 402 0175 02       		.byte	2
 403 0176 36       		.byte	54
 404 0177 01       		.byte	1
 405 0178 37       		.byte	55
 406 0179 04       		.byte	4
 407 017a 58       		.byte	88
 408 017b 04       		.byte	4
 409 017c 59       		.byte	89
 410 017d 04       		.byte	4
 411 017e 5F       		.byte	95
 412 017f 01       		.byte	1
 413 0180 81       		.byte	-127
 414 0181 13       		.byte	19
 415 0182 83       		.byte	-125
 416 0183 6C       		.byte	108
 417 0184 84       		.byte	-124
 418 0185 09       		.byte	9
 419 0186 85       		.byte	-123
 420 0187 CA       		.byte	-54
 421 0188 86       		.byte	-122
 422 0189 10       		.byte	16
 423 018a 87       		.byte	-121
 424 018b 34       		.byte	52
 425 018c 88       		.byte	-120
 426 018d 1C       		.byte	28
 427 018e 8A       		.byte	-118
 428 018f 22       		.byte	34
 429 0190 8C       		.byte	-116
 430 0191 40       		.byte	64
 431 0192 8F       		.byte	-113
 432 0193 35       		.byte	53
 433 0194 90       		.byte	-112
 434 0195 2C       		.byte	44
 435 0196 92       		.byte	-110
 436 0197 11       		.byte	17
 437 0198 97       		.byte	-105
 438 0199 80       		.byte	-128
 439 019a 9B       		.byte	-101
 440 019b C8       		.byte	-56
 441 019c 9E       		.byte	-98
 442 019d 03       		.byte	3
 443 019e A0       		.byte	-96
 444 019f 30       		.byte	48
 445 01a0 A1       		.byte	-95
 446 01a1 13       		.byte	19
 447 01a2 A2       		.byte	-94
 448 01a3 0C       		.byte	12
 449 01a4 A3       		.byte	-93
 450 01a5 E4       		.byte	-28
 451 01a6 A4       		.byte	-92
 452 01a7 14       		.byte	20
 453 01a8 A5       		.byte	-91
 454 01a9 03       		.byte	3
 455 01aa A7       		.byte	-89
 456 01ab 04       		.byte	4
ARM GAS  C:\Users\isaac\AppData\Local\Temp\cc62EYFa.s 			page 9


 457 01ac A8       		.byte	-88
 458 01ad 10       		.byte	16
 459 01ae B3       		.byte	-77
 460 01af F0       		.byte	-16
 461 01b0 B4       		.byte	-76
 462 01b1 60       		.byte	96
 463 01b2 B6       		.byte	-74
 464 01b3 1F       		.byte	31
 465 01b4 B7       		.byte	-73
 466 01b5 0F       		.byte	15
 467 01b6 B8       		.byte	-72
 468 01b7 20       		.byte	32
 469 01b8 BB       		.byte	-69
 470 01b9 88       		.byte	-120
 471 01ba C0       		.byte	-64
 472 01bb 14       		.byte	20
 473 01bc C1       		.byte	-63
 474 01bd 05       		.byte	5
 475 01be C5       		.byte	-59
 476 01bf 0C       		.byte	12
 477 01c0 C6       		.byte	-58
 478 01c1 B0       		.byte	-80
 479 01c2 C7       		.byte	-57
 480 01c3 0E       		.byte	14
 481 01c4 C8       		.byte	-56
 482 01c5 19       		.byte	25
 483 01c6 C9       		.byte	-55
 484 01c7 FF       		.byte	-1
 485 01c8 CA       		.byte	-54
 486 01c9 FF       		.byte	-1
 487 01ca CB       		.byte	-53
 488 01cb FF       		.byte	-1
 489 01cc CE       		.byte	-50
 490 01cd F0       		.byte	-16
 491 01ce CF       		.byte	-49
 492 01cf 44       		.byte	68
 493 01d0 D0       		.byte	-48
 494 01d1 0C       		.byte	12
 495 01d2 D6       		.byte	-42
 496 01d3 08       		.byte	8
 497 01d4 D8       		.byte	-40
 498 01d5 04       		.byte	4
 499 01d6 D9       		.byte	-39
 500 01d7 04       		.byte	4
 501 01d8 DA       		.byte	-38
 502 01d9 04       		.byte	4
 503 01da DB       		.byte	-37
 504 01db 04       		.byte	4
 505 01dc DC       		.byte	-36
 506 01dd 11       		.byte	17
 507 01de DD       		.byte	-35
 508 01df 91       		.byte	-111
 509 01e0 DF       		.byte	-33
 510 01e1 01       		.byte	1
 511 01e2 E6       		.byte	-26
 512 01e3 C0       		.byte	-64
 513 01e4 EA       		.byte	-22
ARM GAS  C:\Users\isaac\AppData\Local\Temp\cc62EYFa.s 			page 10


 514 01e5 40       		.byte	64
 515 01e6 EB       		.byte	-21
 516 01e7 02       		.byte	2
 517 01e8 00       		.byte	0
 518 01e9 24       		.byte	36
 519 01ea 02       		.byte	2
 520 01eb 01       		.byte	1
 521 01ec 06       		.byte	6
 522 01ed 02       		.byte	2
 523 01ee 07       		.byte	7
 524 01ef 09       		.byte	9
 525 01f0 0A       		.byte	10
 526 01f1 01       		.byte	1
 527 01f2 0B       		.byte	11
 528 01f3 42       		.byte	66
 529 01f4 0C       		.byte	12
 530 01f5 12       		.byte	18
 531 01f6 12       		.byte	18
 532 01f7 18       		.byte	24
 533 01f8 13       		.byte	19
 534 01f9 01       		.byte	1
 535 01fa 15       		.byte	21
 536 01fb 10       		.byte	16
 537 01fc 16       		.byte	22
 538 01fd 60       		.byte	96
 539 01fe 17       		.byte	23
 540 01ff 04       		.byte	4
 541 0200 18       		.byte	24
 542 0201 04       		.byte	4
 543 0202 19       		.byte	25
 544 0203 10       		.byte	16
 545 0204 1A       		.byte	26
 546 0205 05       		.byte	5
 547 0206 1D       		.byte	29
 548 0207 04       		.byte	4
 549 0208 1E       		.byte	30
 550 0209 80       		.byte	-128
 551 020a 1F       		.byte	31
 552 020b 80       		.byte	-128
 553 020c 20       		.byte	32
 554 020d 20       		.byte	32
 555 020e 21       		.byte	33
 556 020f 44       		.byte	68
 557 0210 23       		.byte	35
 558 0211 01       		.byte	1
 559 0212 26       		.byte	38
 560 0213 11       		.byte	17
 561 0214 27       		.byte	39
 562 0215 02       		.byte	2
 563 0216 29       		.byte	41
 564 0217 08       		.byte	8
 565 0218 2B       		.byte	43
 566 0219 40       		.byte	64
 567 021a 2C       		.byte	44
 568 021b 10       		.byte	16
 569 021c 2D       		.byte	45
 570 021d 10       		.byte	16
ARM GAS  C:\Users\isaac\AppData\Local\Temp\cc62EYFa.s 			page 11


 571 021e 2F       		.byte	47
 572 021f 48       		.byte	72
 573 0220 31       		.byte	49
 574 0221 10       		.byte	16
 575 0222 32       		.byte	50
 576 0223 88       		.byte	-120
 577 0224 33       		.byte	51
 578 0225 40       		.byte	64
 579 0226 36       		.byte	54
 580 0227 80       		.byte	-128
 581 0228 37       		.byte	55
 582 0229 08       		.byte	8
 583 022a 38       		.byte	56
 584 022b 40       		.byte	64
 585 022c 39       		.byte	57
 586 022d 08       		.byte	8
 587 022e 3B       		.byte	59
 588 022f 01       		.byte	1
 589 0230 3E       		.byte	62
 590 0231 22       		.byte	34
 591 0232 40       		.byte	64
 592 0233 40       		.byte	64
 593 0234 41       		.byte	65
 594 0235 41       		.byte	65
 595 0236 49       		.byte	73
 596 0237 08       		.byte	8
 597 0238 4B       		.byte	75
 598 0239 40       		.byte	64
 599 023a 4F       		.byte	79
 600 023b C0       		.byte	-64
 601 023c 51       		.byte	81
 602 023d 08       		.byte	8
 603 023e 52       		.byte	82
 604 023f 10       		.byte	16
 605 0240 58       		.byte	88
 606 0241 80       		.byte	-128
 607 0242 60       		.byte	96
 608 0243 02       		.byte	2
 609 0244 83       		.byte	-125
 610 0245 02       		.byte	2
 611 0246 86       		.byte	-122
 612 0247 10       		.byte	16
 613 0248 88       		.byte	-120
 614 0249 02       		.byte	2
 615 024a 8D       		.byte	-115
 616 024b 04       		.byte	4
 617 024c 91       		.byte	-111
 618 024d 02       		.byte	2
 619 024e 95       		.byte	-107
 620 024f 88       		.byte	-120
 621 0250 97       		.byte	-105
 622 0251 81       		.byte	-127
 623 0252 9A       		.byte	-102
 624 0253 01       		.byte	1
 625 0254 9B       		.byte	-101
 626 0255 08       		.byte	8
 627 0256 9C       		.byte	-100
ARM GAS  C:\Users\isaac\AppData\Local\Temp\cc62EYFa.s 			page 12


 628 0257 10       		.byte	16
 629 0258 9D       		.byte	-99
 630 0259 08       		.byte	8
 631 025a 9E       		.byte	-98
 632 025b 20       		.byte	32
 633 025c 9F       		.byte	-97
 634 025d 45       		.byte	69
 635 025e A0       		.byte	-96
 636 025f 02       		.byte	2
 637 0260 A2       		.byte	-94
 638 0261 08       		.byte	8
 639 0262 A5       		.byte	-91
 640 0263 28       		.byte	40
 641 0264 A6       		.byte	-90
 642 0265 80       		.byte	-128
 643 0266 A7       		.byte	-89
 644 0267 48       		.byte	72
 645 0268 A9       		.byte	-87
 646 0269 04       		.byte	4
 647 026a AB       		.byte	-85
 648 026b 40       		.byte	64
 649 026c B0       		.byte	-80
 650 026d 01       		.byte	1
 651 026e B1       		.byte	-79
 652 026f 08       		.byte	8
 653 0270 C0       		.byte	-64
 654 0271 C7       		.byte	-57
 655 0272 C2       		.byte	-62
 656 0273 59       		.byte	89
 657 0274 C4       		.byte	-60
 658 0275 7E       		.byte	126
 659 0276 CA       		.byte	-54
 660 0277 E3       		.byte	-29
 661 0278 CC       		.byte	-52
 662 0279 56       		.byte	86
 663 027a CE       		.byte	-50
 664 027b AB       		.byte	-85
 665 027c D0       		.byte	-48
 666 027d 09       		.byte	9
 667 027e D2       		.byte	-46
 668 027f 08       		.byte	8
 669 0280 D6       		.byte	-42
 670 0281 08       		.byte	8
 671 0282 D8       		.byte	-40
 672 0283 08       		.byte	8
 673 0284 E2       		.byte	-30
 674 0285 10       		.byte	16
 675 0286 00       		.byte	0
 676 0287 08       		.byte	8
 677 0288 03       		.byte	3
 678 0289 01       		.byte	1
 679 028a 08       		.byte	8
 680 028b 06       		.byte	6
 681 028c 0A       		.byte	10
 682 028d 01       		.byte	1
 683 028e 0E       		.byte	14
 684 028f 01       		.byte	1
ARM GAS  C:\Users\isaac\AppData\Local\Temp\cc62EYFa.s 			page 13


 685 0290 12       		.byte	18
 686 0291 03       		.byte	3
 687 0292 14       		.byte	20
 688 0293 08       		.byte	8
 689 0294 1A       		.byte	26
 690 0295 06       		.byte	6
 691 0296 1F       		.byte	31
 692 0297 02       		.byte	2
 693 0298 22       		.byte	34
 694 0299 05       		.byte	5
 695 029a 2A       		.byte	42
 696 029b 02       		.byte	2
 697 029c 31       		.byte	49
 698 029d 01       		.byte	1
 699 029e 33       		.byte	51
 700 029f 02       		.byte	2
 701 02a0 34       		.byte	52
 702 02a1 08       		.byte	8
 703 02a2 36       		.byte	54
 704 02a3 07       		.byte	7
 705 02a4 38       		.byte	56
 706 02a5 20       		.byte	32
 707 02a6 3A       		.byte	58
 708 02a7 80       		.byte	-128
 709 02a8 3E       		.byte	62
 710 02a9 10       		.byte	16
 711 02aa 56       		.byte	86
 712 02ab 02       		.byte	2
 713 02ac 57       		.byte	87
 714 02ad 39       		.byte	57
 715 02ae 58       		.byte	88
 716 02af 04       		.byte	4
 717 02b0 59       		.byte	89
 718 02b1 04       		.byte	4
 719 02b2 5B       		.byte	91
 720 02b3 0C       		.byte	12
 721 02b4 5C       		.byte	92
 722 02b5 01       		.byte	1
 723 02b6 5F       		.byte	95
 724 02b7 01       		.byte	1
 725 02b8 D8       		.byte	-40
 726 02b9 04       		.byte	4
 727 02ba D9       		.byte	-39
 728 02bb 04       		.byte	4
 729 02bc DF       		.byte	-33
 730 02bd 01       		.byte	1
 731 02be 00       		.byte	0
 732 02bf 20       		.byte	32
 733 02c0 02       		.byte	2
 734 02c1 01       		.byte	1
 735 02c2 03       		.byte	3
 736 02c3 40       		.byte	64
 737 02c4 07       		.byte	7
 738 02c5 04       		.byte	4
 739 02c6 0A       		.byte	10
 740 02c7 14       		.byte	20
 741 02c8 0B       		.byte	11
ARM GAS  C:\Users\isaac\AppData\Local\Temp\cc62EYFa.s 			page 14


 742 02c9 40       		.byte	64
 743 02ca 0C       		.byte	12
 744 02cb 10       		.byte	16
 745 02cc 0E       		.byte	14
 746 02cd 02       		.byte	2
 747 02ce 0F       		.byte	15
 748 02cf 10       		.byte	16
 749 02d0 12       		.byte	18
 750 02d1 08       		.byte	8
 751 02d2 13       		.byte	19
 752 02d3 01       		.byte	1
 753 02d4 14       		.byte	20
 754 02d5 40       		.byte	64
 755 02d6 15       		.byte	21
 756 02d7 20       		.byte	32
 757 02d8 16       		.byte	22
 758 02d9 48       		.byte	72
 759 02da 17       		.byte	23
 760 02db 80       		.byte	-128
 761 02dc 1B       		.byte	27
 762 02dd 50       		.byte	80
 763 02de 22       		.byte	34
 764 02df 06       		.byte	6
 765 02e0 23       		.byte	35
 766 02e1 90       		.byte	-112
 767 02e2 28       		.byte	40
 768 02e3 50       		.byte	80
 769 02e4 29       		.byte	41
 770 02e5 20       		.byte	32
 771 02e6 2B       		.byte	43
 772 02e7 02       		.byte	2
 773 02e8 2C       		.byte	44
 774 02e9 50       		.byte	80
 775 02ea 2F       		.byte	47
 776 02eb 08       		.byte	8
 777 02ec 30       		.byte	48
 778 02ed 80       		.byte	-128
 779 02ee 31       		.byte	49
 780 02ef 20       		.byte	32
 781 02f0 32       		.byte	50
 782 02f1 04       		.byte	4
 783 02f2 36       		.byte	54
 784 02f3 01       		.byte	1
 785 02f4 37       		.byte	55
 786 02f5 85       		.byte	-123
 787 02f6 39       		.byte	57
 788 02f7 01       		.byte	1
 789 02f8 3B       		.byte	59
 790 02f9 80       		.byte	-128
 791 02fa 3E       		.byte	62
 792 02fb 08       		.byte	8
 793 02fc 4A       		.byte	74
 794 02fd 02       		.byte	2
 795 02fe 4B       		.byte	75
 796 02ff 80       		.byte	-128
 797 0300 5A       		.byte	90
 798 0301 10       		.byte	16
ARM GAS  C:\Users\isaac\AppData\Local\Temp\cc62EYFa.s 			page 15


 799 0302 61       		.byte	97
 800 0303 10       		.byte	16
 801 0304 62       		.byte	98
 802 0305 10       		.byte	16
 803 0306 63       		.byte	99
 804 0307 20       		.byte	32
 805 0308 68       		.byte	104
 806 0309 08       		.byte	8
 807 030a 69       		.byte	105
 808 030b 05       		.byte	5
 809 030c 6A       		.byte	106
 810 030d 40       		.byte	64
 811 030e 70       		.byte	112
 812 030f 80       		.byte	-128
 813 0310 71       		.byte	113
 814 0311 10       		.byte	16
 815 0312 72       		.byte	114
 816 0313 01       		.byte	1
 817 0314 79       		.byte	121
 818 0315 40       		.byte	64
 819 0316 7E       		.byte	126
 820 0317 04       		.byte	4
 821 0318 7F       		.byte	127
 822 0319 08       		.byte	8
 823 031a 83       		.byte	-125
 824 031b 40       		.byte	64
 825 031c 92       		.byte	-110
 826 031d 04       		.byte	4
 827 031e 93       		.byte	-109
 828 031f 43       		.byte	67
 829 0320 97       		.byte	-105
 830 0321 80       		.byte	-128
 831 0322 9A       		.byte	-102
 832 0323 01       		.byte	1
 833 0324 9C       		.byte	-100
 834 0325 10       		.byte	16
 835 0326 9E       		.byte	-98
 836 0327 40       		.byte	64
 837 0328 9F       		.byte	-97
 838 0329 05       		.byte	5
 839 032a A0       		.byte	-96
 840 032b 10       		.byte	16
 841 032c A2       		.byte	-94
 842 032d 08       		.byte	8
 843 032e A5       		.byte	-91
 844 032f 20       		.byte	32
 845 0330 A6       		.byte	-90
 846 0331 80       		.byte	-128
 847 0332 A7       		.byte	-89
 848 0333 48       		.byte	72
 849 0334 AA       		.byte	-86
 850 0335 01       		.byte	1
 851 0336 B2       		.byte	-78
 852 0337 40       		.byte	64
 853 0338 B3       		.byte	-77
 854 0339 80       		.byte	-128
 855 033a B4       		.byte	-76
ARM GAS  C:\Users\isaac\AppData\Local\Temp\cc62EYFa.s 			page 16


 856 033b 80       		.byte	-128
 857 033c C0       		.byte	-64
 858 033d 4B       		.byte	75
 859 033e C2       		.byte	-62
 860 033f EE       		.byte	-18
 861 0340 C4       		.byte	-60
 862 0341 DA       		.byte	-38
 863 0342 CA       		.byte	-54
 864 0343 EF       		.byte	-17
 865 0344 CC       		.byte	-52
 866 0345 DE       		.byte	-34
 867 0346 CE       		.byte	-50
 868 0347 49       		.byte	73
 869 0348 D6       		.byte	-42
 870 0349 04       		.byte	4
 871 034a D8       		.byte	-40
 872 034b 02       		.byte	2
 873 034c DE       		.byte	-34
 874 034d 08       		.byte	8
 875 034e E6       		.byte	-26
 876 034f 01       		.byte	1
 877 0350 E8       		.byte	-24
 878 0351 10       		.byte	16
 879 0352 EA       		.byte	-22
 880 0353 A0       		.byte	-96
 881 0354 54       		.byte	84
 882 0355 01       		.byte	1
 883 0356 58       		.byte	88
 884 0357 04       		.byte	4
 885 0358 59       		.byte	89
 886 0359 04       		.byte	4
 887 035a 5B       		.byte	91
 888 035b 0C       		.byte	12
 889 035c 5F       		.byte	95
 890 035d 01       		.byte	1
 891 035e 80       		.byte	-128
 892 035f 40       		.byte	64
 893 0360 81       		.byte	-127
 894 0361 04       		.byte	4
 895 0362 82       		.byte	-126
 896 0363 80       		.byte	-128
 897 0364 84       		.byte	-124
 898 0365 01       		.byte	1
 899 0366 87       		.byte	-121
 900 0367 08       		.byte	8
 901 0368 8A       		.byte	-118
 902 0369 08       		.byte	8
 903 036a 8B       		.byte	-117
 904 036b 01       		.byte	1
 905 036c 8C       		.byte	-116
 906 036d 10       		.byte	16
 907 036e 8E       		.byte	-114
 908 036f 20       		.byte	32
 909 0370 8F       		.byte	-113
 910 0371 10       		.byte	16
 911 0372 90       		.byte	-112
 912 0373 80       		.byte	-128
ARM GAS  C:\Users\isaac\AppData\Local\Temp\cc62EYFa.s 			page 17


 913 0374 92       		.byte	-110
 914 0375 40       		.byte	64
 915 0376 96       		.byte	-106
 916 0377 01       		.byte	1
 917 0378 97       		.byte	-105
 918 0379 04       		.byte	4
 919 037a 99       		.byte	-103
 920 037b 01       		.byte	1
 921 037c 9A       		.byte	-102
 922 037d 02       		.byte	2
 923 037e 9C       		.byte	-100
 924 037f 02       		.byte	2
 925 0380 A0       		.byte	-96
 926 0381 04       		.byte	4
 927 0382 A3       		.byte	-93
 928 0383 02       		.byte	2
 929 0384 A4       		.byte	-92
 930 0385 08       		.byte	8
 931 0386 A5       		.byte	-91
 932 0387 02       		.byte	2
 933 0388 A8       		.byte	-88
 934 0389 20       		.byte	32
 935 038a A9       		.byte	-87
 936 038b 08       		.byte	8
 937 038c AA       		.byte	-86
 938 038d 10       		.byte	16
 939 038e AE       		.byte	-82
 940 038f 04       		.byte	4
 941 0390 B0       		.byte	-80
 942 0391 FF       		.byte	-1
 943 0392 B5       		.byte	-75
 944 0393 1F       		.byte	31
 945 0394 B9       		.byte	-71
 946 0395 20       		.byte	32
 947 0396 BA       		.byte	-70
 948 0397 80       		.byte	-128
 949 0398 BE       		.byte	-66
 950 0399 01       		.byte	1
 951 039a BF       		.byte	-65
 952 039b 10       		.byte	16
 953 039c D2       		.byte	-46
 954 039d 03       		.byte	3
 955 039e D3       		.byte	-45
 956 039f 02       		.byte	2
 957 03a0 D8       		.byte	-40
 958 03a1 04       		.byte	4
 959 03a2 D9       		.byte	-39
 960 03a3 04       		.byte	4
 961 03a4 DB       		.byte	-37
 962 03a5 04       		.byte	4
 963 03a6 DC       		.byte	-36
 964 03a7 01       		.byte	1
 965 03a8 DF       		.byte	-33
 966 03a9 01       		.byte	1
 967 03aa 00       		.byte	0
 968 03ab 20       		.byte	32
 969 03ac 01       		.byte	1
ARM GAS  C:\Users\isaac\AppData\Local\Temp\cc62EYFa.s 			page 18


 970 03ad 20       		.byte	32
 971 03ae 02       		.byte	2
 972 03af D0       		.byte	-48
 973 03b0 03       		.byte	3
 974 03b1 07       		.byte	7
 975 03b2 07       		.byte	7
 976 03b3 85       		.byte	-123
 977 03b4 08       		.byte	8
 978 03b5 60       		.byte	96
 979 03b6 0A       		.byte	10
 980 03b7 69       		.byte	105
 981 03b8 0B       		.byte	11
 982 03b9 44       		.byte	68
 983 03ba 0F       		.byte	15
 984 03bb 04       		.byte	4
 985 03bc 10       		.byte	16
 986 03bd 08       		.byte	8
 987 03be 11       		.byte	17
 988 03bf 05       		.byte	5
 989 03c0 12       		.byte	18
 990 03c1 03       		.byte	3
 991 03c2 13       		.byte	19
 992 03c3 80       		.byte	-128
 993 03c4 14       		.byte	20
 994 03c5 10       		.byte	16
 995 03c6 15       		.byte	21
 996 03c7 20       		.byte	32
 997 03c8 16       		.byte	22
 998 03c9 40       		.byte	64
 999 03ca 18       		.byte	24
 1000 03cb 82       		.byte	-126
 1001 03cc 21       		.byte	33
 1002 03cd 30       		.byte	48
 1003 03ce 23       		.byte	35
 1004 03cf 08       		.byte	8
 1005 03d0 28       		.byte	40
 1006 03d1 60       		.byte	96
 1007 03d2 29       		.byte	41
 1008 03d3 20       		.byte	32
 1009 03d4 2B       		.byte	43
 1010 03d5 02       		.byte	2
 1011 03d6 2C       		.byte	44
 1012 03d7 10       		.byte	16
 1013 03d8 2F       		.byte	47
 1014 03d9 40       		.byte	64
 1015 03da 30       		.byte	48
 1016 03db 14       		.byte	20
 1017 03dc 31       		.byte	49
 1018 03dd 01       		.byte	1
 1019 03de 32       		.byte	50
 1020 03df 90       		.byte	-112
 1021 03e0 34       		.byte	52
 1022 03e1 20       		.byte	32
 1023 03e2 36       		.byte	54
 1024 03e3 80       		.byte	-128
 1025 03e4 37       		.byte	55
 1026 03e5 09       		.byte	9
ARM GAS  C:\Users\isaac\AppData\Local\Temp\cc62EYFa.s 			page 19


 1027 03e6 38       		.byte	56
 1028 03e7 80       		.byte	-128
 1029 03e8 39       		.byte	57
 1030 03e9 04       		.byte	4
 1031 03ea 3A       		.byte	58
 1032 03eb 11       		.byte	17
 1033 03ec 3C       		.byte	60
 1034 03ed 20       		.byte	32
 1035 03ee 5C       		.byte	92
 1036 03ef 40       		.byte	64
 1037 03f0 68       		.byte	104
 1038 03f1 02       		.byte	2
 1039 03f2 69       		.byte	105
 1040 03f3 40       		.byte	64
 1041 03f4 6A       		.byte	106
 1042 03f5 10       		.byte	16
 1043 03f6 7D       		.byte	125
 1044 03f7 40       		.byte	64
 1045 03f8 8A       		.byte	-118
 1046 03f9 02       		.byte	2
 1047 03fa 8D       		.byte	-115
 1048 03fb 21       		.byte	33
 1049 03fc 8E       		.byte	-114
 1050 03fd 80       		.byte	-128
 1051 03fe 91       		.byte	-111
 1052 03ff 05       		.byte	5
 1053 0400 92       		.byte	-110
 1054 0401 49       		.byte	73
 1055 0402 93       		.byte	-109
 1056 0403 82       		.byte	-126
 1057 0404 95       		.byte	-107
 1058 0405 60       		.byte	96
 1059 0406 96       		.byte	-106
 1060 0407 10       		.byte	16
 1061 0408 9A       		.byte	-102
 1062 0409 10       		.byte	16
 1063 040a 9C       		.byte	-100
 1064 040b 10       		.byte	16
 1065 040c 9D       		.byte	-99
 1066 040d 20       		.byte	32
 1067 040e 9E       		.byte	-98
 1068 040f 40       		.byte	64
 1069 0410 9F       		.byte	-97
 1070 0411 05       		.byte	5
 1071 0412 A0       		.byte	-96
 1072 0413 08       		.byte	8
 1073 0414 A2       		.byte	-94
 1074 0415 02       		.byte	2
 1075 0416 A5       		.byte	-91
 1076 0417 20       		.byte	32
 1077 0418 A6       		.byte	-90
 1078 0419 80       		.byte	-128
 1079 041a A7       		.byte	-89
 1080 041b 02       		.byte	2
 1081 041c C0       		.byte	-64
 1082 041d DF       		.byte	-33
 1083 041e C2       		.byte	-62
ARM GAS  C:\Users\isaac\AppData\Local\Temp\cc62EYFa.s 			page 20


 1084 041f 4F       		.byte	79
 1085 0420 C4       		.byte	-60
 1086 0421 7F       		.byte	127
 1087 0422 CA       		.byte	-54
 1088 0423 CF       		.byte	-49
 1089 0424 CC       		.byte	-52
 1090 0425 FF       		.byte	-1
 1091 0426 CE       		.byte	-50
 1092 0427 2F       		.byte	47
 1093 0428 D6       		.byte	-42
 1094 0429 10       		.byte	16
 1095 042a DE       		.byte	-34
 1096 042b 10       		.byte	16
 1097 042c EE       		.byte	-18
 1098 042d 04       		.byte	4
 1099 042e 0E       		.byte	14
 1100 042f 01       		.byte	1
 1101 0430 12       		.byte	18
 1102 0431 02       		.byte	2
 1103 0432 1C       		.byte	28
 1104 0433 01       		.byte	1
 1105 0434 36       		.byte	54
 1106 0435 03       		.byte	3
 1107 0436 58       		.byte	88
 1108 0437 04       		.byte	4
 1109 0438 59       		.byte	89
 1110 0439 04       		.byte	4
 1111 043a 5C       		.byte	92
 1112 043b 09       		.byte	9
 1113 043c 5F       		.byte	95
 1114 043d 01       		.byte	1
 1115 043e 83       		.byte	-125
 1116 043f 10       		.byte	16
 1117 0440 84       		.byte	-124
 1118 0441 04       		.byte	4
 1119 0442 85       		.byte	-123
 1120 0443 70       		.byte	112
 1121 0444 87       		.byte	-121
 1122 0445 05       		.byte	5
 1123 0446 88       		.byte	-120
 1124 0447 01       		.byte	1
 1125 0448 8B       		.byte	-117
 1126 0449 02       		.byte	2
 1127 044a 8F       		.byte	-113
 1128 044b 0C       		.byte	12
 1129 044c 91       		.byte	-111
 1130 044d 1D       		.byte	29
 1131 044e 92       		.byte	-110
 1132 044f 03       		.byte	3
 1133 0450 93       		.byte	-109
 1134 0451 60       		.byte	96
 1135 0452 94       		.byte	-108
 1136 0453 04       		.byte	4
 1137 0454 95       		.byte	-107
 1138 0455 70       		.byte	112
 1139 0456 97       		.byte	-105
 1140 0457 09       		.byte	9
ARM GAS  C:\Users\isaac\AppData\Local\Temp\cc62EYFa.s 			page 21


 1141 0458 99       		.byte	-103
 1142 0459 10       		.byte	16
 1143 045a 9F       		.byte	-97
 1144 045b 02       		.byte	2
 1145 045c A0       		.byte	-96
 1146 045d 04       		.byte	4
 1147 045e A1       		.byte	-95
 1148 045f 40       		.byte	64
 1149 0460 A5       		.byte	-91
 1150 0461 7D       		.byte	125
 1151 0462 A8       		.byte	-88
 1152 0463 04       		.byte	4
 1153 0464 A9       		.byte	-87
 1154 0465 20       		.byte	32
 1155 0466 AD       		.byte	-83
 1156 0467 60       		.byte	96
 1157 0468 B0       		.byte	-80
 1158 0469 04       		.byte	4
 1159 046a B3       		.byte	-77
 1160 046b 7C       		.byte	124
 1161 046c B4       		.byte	-76
 1162 046d 02       		.byte	2
 1163 046e B5       		.byte	-75
 1164 046f 02       		.byte	2
 1165 0470 B6       		.byte	-74
 1166 0471 01       		.byte	1
 1167 0472 B7       		.byte	-73
 1168 0473 01       		.byte	1
 1169 0474 B9       		.byte	-71
 1170 0475 80       		.byte	-128
 1171 0476 BB       		.byte	-69
 1172 0477 08       		.byte	8
 1173 0478 BE       		.byte	-66
 1174 0479 01       		.byte	1
 1175 047a BF       		.byte	-65
 1176 047b 10       		.byte	16
 1177 047c D6       		.byte	-42
 1178 047d 02       		.byte	2
 1179 047e D7       		.byte	-41
 1180 047f 13       		.byte	19
 1181 0480 D8       		.byte	-40
 1182 0481 0C       		.byte	12
 1183 0482 D9       		.byte	-39
 1184 0483 04       		.byte	4
 1185 0484 DB       		.byte	-37
 1186 0485 04       		.byte	4
 1187 0486 DC       		.byte	-36
 1188 0487 10       		.byte	16
 1189 0488 DD       		.byte	-35
 1190 0489 10       		.byte	16
 1191 048a DF       		.byte	-33
 1192 048b 01       		.byte	1
 1193 048c 00       		.byte	0
 1194 048d 04       		.byte	4
 1195 048e 01       		.byte	1
 1196 048f 20       		.byte	32
 1197 0490 05       		.byte	5
ARM GAS  C:\Users\isaac\AppData\Local\Temp\cc62EYFa.s 			page 22


 1198 0491 40       		.byte	64
 1199 0492 09       		.byte	9
 1200 0493 08       		.byte	8
 1201 0494 0B       		.byte	11
 1202 0495 80       		.byte	-128
 1203 0496 0E       		.byte	14
 1204 0497 81       		.byte	-127
 1205 0498 12       		.byte	18
 1206 0499 8C       		.byte	-116
 1207 049a 19       		.byte	25
 1208 049b 21       		.byte	33
 1209 049c 1A       		.byte	26
 1210 049d 01       		.byte	1
 1211 049e 1B       		.byte	27
 1212 049f 80       		.byte	-128
 1213 04a0 1D       		.byte	29
 1214 04a1 40       		.byte	64
 1215 04a2 1F       		.byte	31
 1216 04a3 40       		.byte	64
 1217 04a4 22       		.byte	34
 1218 04a5 48       		.byte	72
 1219 04a6 23       		.byte	35
 1220 04a7 04       		.byte	4
 1221 04a8 28       		.byte	40
 1222 04a9 02       		.byte	2
 1223 04aa 29       		.byte	41
 1224 04ab 10       		.byte	16
 1225 04ac 2A       		.byte	42
 1226 04ad 02       		.byte	2
 1227 04ae 2B       		.byte	43
 1228 04af 20       		.byte	32
 1229 04b0 32       		.byte	50
 1230 04b1 5A       		.byte	90
 1231 04b2 34       		.byte	52
 1232 04b3 40       		.byte	64
 1233 04b4 36       		.byte	54
 1234 04b5 14       		.byte	20
 1235 04b6 37       		.byte	55
 1236 04b7 01       		.byte	1
 1237 04b8 38       		.byte	56
 1238 04b9 44       		.byte	68
 1239 04ba 39       		.byte	57
 1240 04bb 02       		.byte	2
 1241 04bc 3B       		.byte	59
 1242 04bd 20       		.byte	32
 1243 04be 3E       		.byte	62
 1244 04bf 28       		.byte	40
 1245 04c0 3F       		.byte	63
 1246 04c1 88       		.byte	-120
 1247 04c2 59       		.byte	89
 1248 04c3 01       		.byte	1
 1249 04c4 69       		.byte	105
 1250 04c5 54       		.byte	84
 1251 04c6 71       		.byte	113
 1252 04c7 34       		.byte	52
 1253 04c8 72       		.byte	114
 1254 04c9 02       		.byte	2
ARM GAS  C:\Users\isaac\AppData\Local\Temp\cc62EYFa.s 			page 23


 1255 04ca 73       		.byte	115
 1256 04cb 02       		.byte	2
 1257 04cc 7B       		.byte	123
 1258 04cd 02       		.byte	2
 1259 04ce 8B       		.byte	-117
 1260 04cf 01       		.byte	1
 1261 04d0 8D       		.byte	-115
 1262 04d1 04       		.byte	4
 1263 04d2 8F       		.byte	-113
 1264 04d3 44       		.byte	68
 1265 04d4 A2       		.byte	-94
 1266 04d5 40       		.byte	64
 1267 04d6 C0       		.byte	-64
 1268 04d7 86       		.byte	-122
 1269 04d8 C2       		.byte	-62
 1270 04d9 9C       		.byte	-100
 1271 04da C4       		.byte	-60
 1272 04db 0A       		.byte	10
 1273 04dc CA       		.byte	-54
 1274 04dd 0F       		.byte	15
 1275 04de CC       		.byte	-52
 1276 04df FF       		.byte	-1
 1277 04e0 CE       		.byte	-50
 1278 04e1 7F       		.byte	127
 1279 04e2 D6       		.byte	-42
 1280 04e3 01       		.byte	1
 1281 04e4 DE       		.byte	-34
 1282 04e5 08       		.byte	8
 1283 04e6 E0       		.byte	-32
 1284 04e7 40       		.byte	64
 1285 04e8 E4       		.byte	-28
 1286 04e9 60       		.byte	96
 1287 04ea EE       		.byte	-18
 1288 04eb 04       		.byte	4
 1289 04ec A2       		.byte	-94
 1290 04ed 40       		.byte	64
 1291 04ee E6       		.byte	-26
 1292 04ef 01       		.byte	1
 1293 04f0 8A       		.byte	-118
 1294 04f1 40       		.byte	64
 1295 04f2 E0       		.byte	-32
 1296 04f3 20       		.byte	32
 1297 04f4 01       		.byte	1
 1298 04f5 02       		.byte	2
 1299 04f6 07       		.byte	7
 1300 04f7 01       		.byte	1
 1301 04f8 0F       		.byte	15
 1302 04f9 04       		.byte	4
 1303 04fa 26       		.byte	38
 1304 04fb 02       		.byte	2
 1305 04fc 2A       		.byte	42
 1306 04fd 01       		.byte	1
 1307 04fe 30       		.byte	48
 1308 04ff 01       		.byte	1
 1309 0500 32       		.byte	50
 1310 0501 02       		.byte	2
 1311 0502 33       		.byte	51
ARM GAS  C:\Users\isaac\AppData\Local\Temp\cc62EYFa.s 			page 24


 1312 0503 01       		.byte	1
 1313 0504 35       		.byte	53
 1314 0505 02       		.byte	2
 1315 0506 37       		.byte	55
 1316 0507 04       		.byte	4
 1317 0508 3F       		.byte	63
 1318 0509 10       		.byte	16
 1319 050a 58       		.byte	88
 1320 050b 04       		.byte	4
 1321 050c 59       		.byte	89
 1322 050d 04       		.byte	4
 1323 050e 5F       		.byte	95
 1324 050f 01       		.byte	1
 1325 0510 D8       		.byte	-40
 1326 0511 04       		.byte	4
 1327 0512 D9       		.byte	-39
 1328 0513 04       		.byte	4
 1329 0514 DF       		.byte	-33
 1330 0515 01       		.byte	1
 1331 0516 01       		.byte	1
 1332 0517 10       		.byte	16
 1333 0518 03       		.byte	3
 1334 0519 A2       		.byte	-94
 1335 051a 04       		.byte	4
 1336 051b 40       		.byte	64
 1337 051c 05       		.byte	5
 1338 051d 01       		.byte	1
 1339 051e 06       		.byte	6
 1340 051f 08       		.byte	8
 1341 0520 07       		.byte	7
 1342 0521 80       		.byte	-128
 1343 0522 09       		.byte	9
 1344 0523 08       		.byte	8
 1345 0524 0D       		.byte	13
 1346 0525 10       		.byte	16
 1347 0526 0E       		.byte	14
 1348 0527 10       		.byte	16
 1349 0528 10       		.byte	16
 1350 0529 08       		.byte	8
 1351 052a 12       		.byte	18
 1352 052b 10       		.byte	16
 1353 052c 13       		.byte	19
 1354 052d 82       		.byte	-126
 1355 052e 15       		.byte	21
 1356 052f 08       		.byte	8
 1357 0530 17       		.byte	23
 1358 0531 02       		.byte	2
 1359 0532 18       		.byte	24
 1360 0533 40       		.byte	64
 1361 0534 1A       		.byte	26
 1362 0535 30       		.byte	48
 1363 0536 1B       		.byte	27
 1364 0537 02       		.byte	2
 1365 0538 20       		.byte	32
 1366 0539 20       		.byte	32
 1367 053a 21       		.byte	33
 1368 053b 0C       		.byte	12
ARM GAS  C:\Users\isaac\AppData\Local\Temp\cc62EYFa.s 			page 25


 1369 053c 22       		.byte	34
 1370 053d 88       		.byte	-120
 1371 053e 23       		.byte	35
 1372 053f 0A       		.byte	10
 1373 0540 29       		.byte	41
 1374 0541 01       		.byte	1
 1375 0542 2A       		.byte	42
 1376 0543 08       		.byte	8
 1377 0544 2B       		.byte	43
 1378 0545 22       		.byte	34
 1379 0546 2D       		.byte	45
 1380 0547 10       		.byte	16
 1381 0548 2F       		.byte	47
 1382 0549 22       		.byte	34
 1383 054a 32       		.byte	50
 1384 054b 98       		.byte	-104
 1385 054c 35       		.byte	53
 1386 054d 01       		.byte	1
 1387 054e 36       		.byte	54
 1388 054f 88       		.byte	-120
 1389 0550 39       		.byte	57
 1390 0551 34       		.byte	52
 1391 0552 3B       		.byte	59
 1392 0553 42       		.byte	66
 1393 0554 3E       		.byte	62
 1394 0555 10       		.byte	16
 1395 0556 82       		.byte	-126
 1396 0557 10       		.byte	16
 1397 0558 83       		.byte	-125
 1398 0559 80       		.byte	-128
 1399 055a 87       		.byte	-121
 1400 055b 08       		.byte	8
 1401 055c 8A       		.byte	-118
 1402 055d 0C       		.byte	12
 1403 055e 8B       		.byte	-117
 1404 055f 20       		.byte	32
 1405 0560 91       		.byte	-111
 1406 0561 24       		.byte	36
 1407 0562 92       		.byte	-110
 1408 0563 08       		.byte	8
 1409 0564 93       		.byte	-109
 1410 0565 42       		.byte	66
 1411 0566 96       		.byte	-106
 1412 0567 20       		.byte	32
 1413 0568 9A       		.byte	-102
 1414 0569 10       		.byte	16
 1415 056a 9B       		.byte	-101
 1416 056b 80       		.byte	-128
 1417 056c A0       		.byte	-96
 1418 056d 08       		.byte	8
 1419 056e A4       		.byte	-92
 1420 056f 10       		.byte	16
 1421 0570 A6       		.byte	-90
 1422 0571 80       		.byte	-128
 1423 0572 A7       		.byte	-89
 1424 0573 02       		.byte	2
 1425 0574 B7       		.byte	-73
ARM GAS  C:\Users\isaac\AppData\Local\Temp\cc62EYFa.s 			page 26


 1426 0575 02       		.byte	2
 1427 0576 C0       		.byte	-64
 1428 0577 DF       		.byte	-33
 1429 0578 C2       		.byte	-62
 1430 0579 64       		.byte	100
 1431 057a C4       		.byte	-60
 1432 057b 3F       		.byte	63
 1433 057c CA       		.byte	-54
 1434 057d 7B       		.byte	123
 1435 057e CC       		.byte	-52
 1436 057f DE       		.byte	-34
 1437 0580 CE       		.byte	-50
 1438 0581 2F       		.byte	47
 1439 0582 E0       		.byte	-32
 1440 0583 08       		.byte	8
 1441 0584 E4       		.byte	-28
 1442 0585 04       		.byte	4
 1443 0586 E8       		.byte	-24
 1444 0587 10       		.byte	16
 1445 0588 91       		.byte	-111
 1446 0589 24       		.byte	36
 1447 058a 92       		.byte	-110
 1448 058b 08       		.byte	8
 1449 058c 93       		.byte	-109
 1450 058d 42       		.byte	66
 1451 058e 96       		.byte	-106
 1452 058f 20       		.byte	32
 1453 0590 9A       		.byte	-102
 1454 0591 10       		.byte	16
 1455 0592 9B       		.byte	-101
 1456 0593 80       		.byte	-128
 1457 0594 A0       		.byte	-96
 1458 0595 08       		.byte	8
 1459 0596 A4       		.byte	-92
 1460 0597 10       		.byte	16
 1461 0598 A6       		.byte	-90
 1462 0599 80       		.byte	-128
 1463 059a A7       		.byte	-89
 1464 059b 02       		.byte	2
 1465 059c A8       		.byte	-88
 1466 059d 40       		.byte	64
 1467 059e AC       		.byte	-84
 1468 059f 04       		.byte	4
 1469 05a0 AD       		.byte	-83
 1470 05a1 01       		.byte	1
 1471 05a2 B4       		.byte	-76
 1472 05a3 03       		.byte	3
 1473 05a4 EE       		.byte	-18
 1474 05a5 04       		.byte	4
 1475 05a6 58       		.byte	88
 1476 05a7 04       		.byte	4
 1477 05a8 59       		.byte	89
 1478 05a9 04       		.byte	4
 1479 05aa 5F       		.byte	95
 1480 05ab 01       		.byte	1
 1481 05ac 80       		.byte	-128
 1482 05ad 07       		.byte	7
ARM GAS  C:\Users\isaac\AppData\Local\Temp\cc62EYFa.s 			page 27


 1483 05ae 83       		.byte	-125
 1484 05af 01       		.byte	1
 1485 05b0 84       		.byte	-124
 1486 05b1 06       		.byte	6
 1487 05b2 85       		.byte	-123
 1488 05b3 F8       		.byte	-8
 1489 05b4 86       		.byte	-122
 1490 05b5 01       		.byte	1
 1491 05b6 88       		.byte	-120
 1492 05b7 07       		.byte	7
 1493 05b8 89       		.byte	-119
 1494 05b9 94       		.byte	-108
 1495 05ba 8B       		.byte	-117
 1496 05bb 28       		.byte	40
 1497 05bc 8D       		.byte	-115
 1498 05bd 06       		.byte	6
 1499 05be 8E       		.byte	-114
 1500 05bf 01       		.byte	1
 1501 05c0 90       		.byte	-112
 1502 05c1 06       		.byte	6
 1503 05c2 91       		.byte	-111
 1504 05c3 4A       		.byte	74
 1505 05c4 93       		.byte	-109
 1506 05c5 30       		.byte	48
 1507 05c6 94       		.byte	-108
 1508 05c7 01       		.byte	1
 1509 05c8 95       		.byte	-107
 1510 05c9 06       		.byte	6
 1511 05ca 96       		.byte	-106
 1512 05cb 06       		.byte	6
 1513 05cc 98       		.byte	-104
 1514 05cd 02       		.byte	2
 1515 05ce 99       		.byte	-103
 1516 05cf 26       		.byte	38
 1517 05d0 9B       		.byte	-101
 1518 05d1 C0       		.byte	-64
 1519 05d2 9F       		.byte	-97
 1520 05d3 06       		.byte	6
 1521 05d4 A0       		.byte	-96
 1522 05d5 04       		.byte	4
 1523 05d6 A3       		.byte	-93
 1524 05d7 01       		.byte	1
 1525 05d8 A4       		.byte	-92
 1526 05d9 08       		.byte	8
 1527 05da A7       		.byte	-89
 1528 05db 06       		.byte	6
 1529 05dc A8       		.byte	-88
 1530 05dd 08       		.byte	8
 1531 05de A9       		.byte	-87
 1532 05df F8       		.byte	-8
 1533 05e0 AC       		.byte	-84
 1534 05e1 08       		.byte	8
 1535 05e2 AF       		.byte	-81
 1536 05e3 06       		.byte	6
 1537 05e4 B0       		.byte	-80
 1538 05e5 08       		.byte	8
 1539 05e6 B1       		.byte	-79
ARM GAS  C:\Users\isaac\AppData\Local\Temp\cc62EYFa.s 			page 28


 1540 05e7 06       		.byte	6
 1541 05e8 B3       		.byte	-77
 1542 05e9 18       		.byte	24
 1543 05ea B5       		.byte	-75
 1544 05eb E0       		.byte	-32
 1545 05ec B6       		.byte	-74
 1546 05ed 07       		.byte	7
 1547 05ee B7       		.byte	-73
 1548 05ef 01       		.byte	1
 1549 05f0 BF       		.byte	-65
 1550 05f1 40       		.byte	64
 1551 05f2 D4       		.byte	-44
 1552 05f3 18       		.byte	24
 1553 05f4 D8       		.byte	-40
 1554 05f5 04       		.byte	4
 1555 05f6 D9       		.byte	-39
 1556 05f7 04       		.byte	4
 1557 05f8 DB       		.byte	-37
 1558 05f9 04       		.byte	4
 1559 05fa DC       		.byte	-36
 1560 05fb 11       		.byte	17
 1561 05fc DD       		.byte	-35
 1562 05fd 10       		.byte	16
 1563 05fe DF       		.byte	-33
 1564 05ff 01       		.byte	1
 1565 0600 00       		.byte	0
 1566 0601 44       		.byte	68
 1567 0602 02       		.byte	2
 1568 0603 84       		.byte	-124
 1569 0604 07       		.byte	7
 1570 0605 01       		.byte	1
 1571 0606 08       		.byte	8
 1572 0607 02       		.byte	2
 1573 0608 09       		.byte	9
 1574 0609 28       		.byte	40
 1575 060a 0C       		.byte	12
 1576 060b 40       		.byte	64
 1577 060c 0D       		.byte	13
 1578 060d 04       		.byte	4
 1579 060e 0E       		.byte	14
 1580 060f 28       		.byte	40
 1581 0610 0F       		.byte	15
 1582 0611 80       		.byte	-128
 1583 0612 10       		.byte	16
 1584 0613 04       		.byte	4
 1585 0614 11       		.byte	17
 1586 0615 54       		.byte	84
 1587 0616 13       		.byte	19
 1588 0617 02       		.byte	2
 1589 0618 15       		.byte	21
 1590 0619 20       		.byte	32
 1591 061a 16       		.byte	22
 1592 061b 28       		.byte	40
 1593 061c 18       		.byte	24
 1594 061d 42       		.byte	66
 1595 061e 1A       		.byte	26
 1596 061f 80       		.byte	-128
ARM GAS  C:\Users\isaac\AppData\Local\Temp\cc62EYFa.s 			page 29


 1597 0620 21       		.byte	33
 1598 0621 80       		.byte	-128
 1599 0622 22       		.byte	34
 1600 0623 21       		.byte	33
 1601 0624 23       		.byte	35
 1602 0625 10       		.byte	16
 1603 0626 28       		.byte	40
 1604 0627 04       		.byte	4
 1605 0628 29       		.byte	41
 1606 0629 02       		.byte	2
 1607 062a 2A       		.byte	42
 1608 062b 04       		.byte	4
 1609 062c 2B       		.byte	43
 1610 062d 02       		.byte	2
 1611 062e 2E       		.byte	46
 1612 062f 01       		.byte	1
 1613 0630 30       		.byte	48
 1614 0631 02       		.byte	2
 1615 0632 31       		.byte	49
 1616 0633 08       		.byte	8
 1617 0634 32       		.byte	50
 1618 0635 60       		.byte	96
 1619 0636 34       		.byte	52
 1620 0637 40       		.byte	64
 1621 0638 35       		.byte	53
 1622 0639 40       		.byte	64
 1623 063a 36       		.byte	54
 1624 063b 04       		.byte	4
 1625 063c 37       		.byte	55
 1626 063d 01       		.byte	1
 1627 063e 38       		.byte	56
 1628 063f 02       		.byte	2
 1629 0640 39       		.byte	57
 1630 0641 04       		.byte	4
 1631 0642 3B       		.byte	59
 1632 0643 90       		.byte	-112
 1633 0644 3E       		.byte	62
 1634 0645 28       		.byte	40
 1635 0646 3F       		.byte	63
 1636 0647 80       		.byte	-128
 1637 0648 4C       		.byte	76
 1638 0649 01       		.byte	1
 1639 064a 4E       		.byte	78
 1640 064b 02       		.byte	2
 1641 064c 5A       		.byte	90
 1642 064d 02       		.byte	2
 1643 064e 61       		.byte	97
 1644 064f 80       		.byte	-128
 1645 0650 63       		.byte	99
 1646 0651 04       		.byte	4
 1647 0652 7E       		.byte	126
 1648 0653 80       		.byte	-128
 1649 0654 7F       		.byte	127
 1650 0655 40       		.byte	64
 1651 0656 8C       		.byte	-116
 1652 0657 04       		.byte	4
 1653 0658 8F       		.byte	-113
ARM GAS  C:\Users\isaac\AppData\Local\Temp\cc62EYFa.s 			page 30


 1654 0659 02       		.byte	2
 1655 065a 91       		.byte	-111
 1656 065b 54       		.byte	84
 1657 065c 93       		.byte	-109
 1658 065d 04       		.byte	4
 1659 065e 94       		.byte	-108
 1660 065f 44       		.byte	68
 1661 0660 95       		.byte	-107
 1662 0661 02       		.byte	2
 1663 0662 96       		.byte	-106
 1664 0663 20       		.byte	32
 1665 0664 97       		.byte	-105
 1666 0665 20       		.byte	32
 1667 0666 98       		.byte	-104
 1668 0667 0A       		.byte	10
 1669 0668 99       		.byte	-103
 1670 0669 10       		.byte	16
 1671 066a 9A       		.byte	-102
 1672 066b 0E       		.byte	14
 1673 066c 9B       		.byte	-101
 1674 066d 43       		.byte	67
 1675 066e 9C       		.byte	-100
 1676 066f 40       		.byte	64
 1677 0670 9E       		.byte	-98
 1678 0671 20       		.byte	32
 1679 0672 A1       		.byte	-95
 1680 0673 24       		.byte	36
 1681 0674 A2       		.byte	-94
 1682 0675 80       		.byte	-128
 1683 0676 A3       		.byte	-93
 1684 0677 40       		.byte	64
 1685 0678 A5       		.byte	-91
 1686 0679 08       		.byte	8
 1687 067a A6       		.byte	-90
 1688 067b 14       		.byte	20
 1689 067c AB       		.byte	-85
 1690 067d 80       		.byte	-128
 1691 067e B1       		.byte	-79
 1692 067f 08       		.byte	8
 1693 0680 B2       		.byte	-78
 1694 0681 02       		.byte	2
 1695 0682 B4       		.byte	-76
 1696 0683 0A       		.byte	10
 1697 0684 B5       		.byte	-75
 1698 0685 04       		.byte	4
 1699 0686 B6       		.byte	-74
 1700 0687 80       		.byte	-128
 1701 0688 B7       		.byte	-73
 1702 0689 62       		.byte	98
 1703 068a C0       		.byte	-64
 1704 068b 8F       		.byte	-113
 1705 068c C2       		.byte	-62
 1706 068d FE       		.byte	-2
 1707 068e C4       		.byte	-60
 1708 068f 6F       		.byte	111
 1709 0690 CA       		.byte	-54
 1710 0691 8F       		.byte	-113
ARM GAS  C:\Users\isaac\AppData\Local\Temp\cc62EYFa.s 			page 31


 1711 0692 CC       		.byte	-52
 1712 0693 DF       		.byte	-33
 1713 0694 CE       		.byte	-50
 1714 0695 7F       		.byte	127
 1715 0696 D6       		.byte	-42
 1716 0697 01       		.byte	1
 1717 0698 D8       		.byte	-40
 1718 0699 0C       		.byte	12
 1719 069a E8       		.byte	-24
 1720 069b 40       		.byte	64
 1721 069c EC       		.byte	-20
 1722 069d 40       		.byte	64
 1723 069e 01       		.byte	1
 1724 069f 20       		.byte	32
 1725 06a0 03       		.byte	3
 1726 06a1 82       		.byte	-126
 1727 06a2 05       		.byte	5
 1728 06a3 7C       		.byte	124
 1729 06a4 09       		.byte	9
 1730 06a5 40       		.byte	64
 1731 06a6 0B       		.byte	11
 1732 06a7 02       		.byte	2
 1733 06a8 0F       		.byte	15
 1734 06a9 64       		.byte	100
 1735 06aa 15       		.byte	21
 1736 06ab 64       		.byte	100
 1737 06ac 17       		.byte	23
 1738 06ad 18       		.byte	24
 1739 06ae 19       		.byte	25
 1740 06af 60       		.byte	96
 1741 06b0 1B       		.byte	27
 1742 06b1 01       		.byte	1
 1743 06b2 1D       		.byte	29
 1744 06b3 18       		.byte	24
 1745 06b4 21       		.byte	33
 1746 06b5 10       		.byte	16
 1747 06b6 25       		.byte	37
 1748 06b7 18       		.byte	24
 1749 06b8 27       		.byte	39
 1750 06b9 64       		.byte	100
 1751 06ba 29       		.byte	41
 1752 06bb 08       		.byte	8
 1753 06bc 2D       		.byte	45
 1754 06bd 78       		.byte	120
 1755 06be 2F       		.byte	47
 1756 06bf 04       		.byte	4
 1757 06c0 31       		.byte	49
 1758 06c1 80       		.byte	-128
 1759 06c2 33       		.byte	51
 1760 06c3 78       		.byte	120
 1761 06c4 35       		.byte	53
 1762 06c5 1C       		.byte	28
 1763 06c6 37       		.byte	55
 1764 06c7 03       		.byte	3
 1765 06c8 3B       		.byte	59
 1766 06c9 28       		.byte	40
 1767 06ca 3F       		.byte	63
ARM GAS  C:\Users\isaac\AppData\Local\Temp\cc62EYFa.s 			page 32


 1768 06cb 40       		.byte	64
 1769 06cc 40       		.byte	64
 1770 06cd 64       		.byte	100
 1771 06ce 41       		.byte	65
 1772 06cf 02       		.byte	2
 1773 06d0 42       		.byte	66
 1774 06d1 05       		.byte	5
 1775 06d2 44       		.byte	68
 1776 06d3 01       		.byte	1
 1777 06d4 45       		.byte	69
 1778 06d5 C0       		.byte	-64
 1779 06d6 46       		.byte	70
 1780 06d7 E0       		.byte	-32
 1781 06d8 48       		.byte	72
 1782 06d9 0A       		.byte	10
 1783 06da 49       		.byte	73
 1784 06db FF       		.byte	-1
 1785 06dc 4A       		.byte	74
 1786 06dd FF       		.byte	-1
 1787 06de 4B       		.byte	75
 1788 06df FF       		.byte	-1
 1789 06e0 4C       		.byte	76
 1790 06e1 62       		.byte	98
 1791 06e2 4D       		.byte	77
 1792 06e3 A0       		.byte	-96
 1793 06e4 4E       		.byte	78
 1794 06e5 F0       		.byte	-16
 1795 06e6 4F       		.byte	79
 1796 06e7 41       		.byte	65
 1797 06e8 50       		.byte	80
 1798 06e9 0C       		.byte	12
 1799 06ea 58       		.byte	88
 1800 06eb 04       		.byte	4
 1801 06ec 59       		.byte	89
 1802 06ed 04       		.byte	4
 1803 06ee 5A       		.byte	90
 1804 06ef 04       		.byte	4
 1805 06f0 5C       		.byte	92
 1806 06f1 10       		.byte	16
 1807 06f2 5D       		.byte	93
 1808 06f3 01       		.byte	1
 1809 06f4 5F       		.byte	95
 1810 06f5 01       		.byte	1
 1811 06f6 66       		.byte	102
 1812 06f7 40       		.byte	64
 1813 06f8 67       		.byte	103
 1814 06f9 02       		.byte	2
 1815 06fa 69       		.byte	105
 1816 06fb 10       		.byte	16
 1817 06fc 6A       		.byte	106
 1818 06fd 30       		.byte	48
 1819 06fe 6B       		.byte	107
 1820 06ff 10       		.byte	16
 1821 0700 6D       		.byte	109
 1822 0701 10       		.byte	16
 1823 0702 6E       		.byte	110
 1824 0703 10       		.byte	16
ARM GAS  C:\Users\isaac\AppData\Local\Temp\cc62EYFa.s 			page 33


 1825 0704 6F       		.byte	111
 1826 0705 12       		.byte	18
 1827 0706 D8       		.byte	-40
 1828 0707 04       		.byte	4
 1829 0708 D9       		.byte	-39
 1830 0709 04       		.byte	4
 1831 070a DF       		.byte	-33
 1832 070b 01       		.byte	1
 1833 070c 01       		.byte	1
 1834 070d 18       		.byte	24
 1835 070e 03       		.byte	3
 1836 070f 01       		.byte	1
 1837 0710 05       		.byte	5
 1838 0711 08       		.byte	8
 1839 0712 07       		.byte	7
 1840 0713 01       		.byte	1
 1841 0714 09       		.byte	9
 1842 0715 04       		.byte	4
 1843 0716 0B       		.byte	11
 1844 0717 80       		.byte	-128
 1845 0718 0C       		.byte	12
 1846 0719 01       		.byte	1
 1847 071a 0E       		.byte	14
 1848 071b 09       		.byte	9
 1849 071c 10       		.byte	16
 1850 071d 01       		.byte	1
 1851 071e 12       		.byte	18
 1852 071f 81       		.byte	-127
 1853 0720 15       		.byte	21
 1854 0721 34       		.byte	52
 1855 0722 20       		.byte	32
 1856 0723 05       		.byte	5
 1857 0724 21       		.byte	33
 1858 0725 09       		.byte	9
 1859 0726 22       		.byte	34
 1860 0727 08       		.byte	8
 1861 0728 29       		.byte	41
 1862 0729 10       		.byte	16
 1863 072a 2A       		.byte	42
 1864 072b 06       		.byte	6
 1865 072c 2B       		.byte	43
 1866 072d 02       		.byte	2
 1867 072e 2D       		.byte	45
 1868 072f 10       		.byte	16
 1869 0730 2F       		.byte	47
 1870 0731 40       		.byte	64
 1871 0732 32       		.byte	50
 1872 0733 28       		.byte	40
 1873 0734 33       		.byte	51
 1874 0735 40       		.byte	64
 1875 0736 35       		.byte	53
 1876 0737 40       		.byte	64
 1877 0738 36       		.byte	54
 1878 0739 04       		.byte	4
 1879 073a 37       		.byte	55
 1880 073b 01       		.byte	1
 1881 073c 38       		.byte	56
ARM GAS  C:\Users\isaac\AppData\Local\Temp\cc62EYFa.s 			page 34


 1882 073d 42       		.byte	66
 1883 073e 3A       		.byte	58
 1884 073f 08       		.byte	8
 1885 0740 3B       		.byte	59
 1886 0741 10       		.byte	16
 1887 0742 3D       		.byte	61
 1888 0743 0C       		.byte	12
 1889 0744 3E       		.byte	62
 1890 0745 20       		.byte	32
 1891 0746 40       		.byte	64
 1892 0747 49       		.byte	73
 1893 0748 42       		.byte	66
 1894 0749 08       		.byte	8
 1895 074a 49       		.byte	73
 1896 074b 02       		.byte	2
 1897 074c 4A       		.byte	74
 1898 074d 0A       		.byte	10
 1899 074e 53       		.byte	83
 1900 074f 10       		.byte	16
 1901 0750 82       		.byte	-126
 1902 0751 84       		.byte	-124
 1903 0752 89       		.byte	-119
 1904 0753 4C       		.byte	76
 1905 0754 8A       		.byte	-118
 1906 0755 01       		.byte	1
 1907 0756 8B       		.byte	-117
 1908 0757 40       		.byte	64
 1909 0758 8C       		.byte	-116
 1910 0759 03       		.byte	3
 1911 075a 8E       		.byte	-114
 1912 075b 10       		.byte	16
 1913 075c 90       		.byte	-112
 1914 075d 40       		.byte	64
 1915 075e 91       		.byte	-111
 1916 075f 20       		.byte	32
 1917 0760 93       		.byte	-109
 1918 0761 10       		.byte	16
 1919 0762 94       		.byte	-108
 1920 0763 04       		.byte	4
 1921 0764 95       		.byte	-107
 1922 0765 0A       		.byte	10
 1923 0766 96       		.byte	-106
 1924 0767 21       		.byte	33
 1925 0768 97       		.byte	-105
 1926 0769 20       		.byte	32
 1927 076a 98       		.byte	-104
 1928 076b 08       		.byte	8
 1929 076c 99       		.byte	-103
 1930 076d 10       		.byte	16
 1931 076e 9A       		.byte	-102
 1932 076f 27       		.byte	39
 1933 0770 9B       		.byte	-101
 1934 0771 41       		.byte	65
 1935 0772 9D       		.byte	-99
 1936 0773 42       		.byte	66
 1937 0774 A1       		.byte	-95
 1938 0775 04       		.byte	4
ARM GAS  C:\Users\isaac\AppData\Local\Temp\cc62EYFa.s 			page 35


 1939 0776 A2       		.byte	-94
 1940 0777 22       		.byte	34
 1941 0778 A3       		.byte	-93
 1942 0779 02       		.byte	2
 1943 077a A4       		.byte	-92
 1944 077b 02       		.byte	2
 1945 077c A5       		.byte	-91
 1946 077d 08       		.byte	8
 1947 077e A6       		.byte	-90
 1948 077f 04       		.byte	4
 1949 0780 B6       		.byte	-74
 1950 0781 21       		.byte	33
 1951 0782 C0       		.byte	-64
 1952 0783 A7       		.byte	-89
 1953 0784 C2       		.byte	-62
 1954 0785 DC       		.byte	-36
 1955 0786 C4       		.byte	-60
 1956 0787 69       		.byte	105
 1957 0788 CA       		.byte	-54
 1958 0789 AF       		.byte	-81
 1959 078a CC       		.byte	-52
 1960 078b DE       		.byte	-34
 1961 078c CE       		.byte	-50
 1962 078d 6F       		.byte	111
 1963 078e D0       		.byte	-48
 1964 078f 0D       		.byte	13
 1965 0790 D2       		.byte	-46
 1966 0791 0C       		.byte	12
 1967 0792 E0       		.byte	-32
 1968 0793 88       		.byte	-120
 1969 0794 E4       		.byte	-28
 1970 0795 80       		.byte	-128
 1971 0796 E8       		.byte	-24
 1972 0797 10       		.byte	16
 1973 0798 EC       		.byte	-20
 1974 0799 40       		.byte	64
 1975 079a 12       		.byte	18
 1976 079b 20       		.byte	32
 1977 079c 16       		.byte	22
 1978 079d 80       		.byte	-128
 1979 079e 32       		.byte	50
 1980 079f 10       		.byte	16
 1981 07a0 3B       		.byte	59
 1982 07a1 02       		.byte	2
 1983 07a2 3E       		.byte	62
 1984 07a3 80       		.byte	-128
 1985 07a4 C4       		.byte	-60
 1986 07a5 30       		.byte	48
 1987 07a6 CC       		.byte	-52
 1988 07a7 10       		.byte	16
 1989 07a8 CE       		.byte	-50
 1990 07a9 60       		.byte	96
 1991 07aa 50       		.byte	80
 1992 07ab 04       		.byte	4
 1993 07ac 57       		.byte	87
 1994 07ad 11       		.byte	17
 1995 07ae 58       		.byte	88
ARM GAS  C:\Users\isaac\AppData\Local\Temp\cc62EYFa.s 			page 36


 1996 07af 10       		.byte	16
 1997 07b0 59       		.byte	89
 1998 07b1 04       		.byte	4
 1999 07b2 64       		.byte	100
 2000 07b3 08       		.byte	8
 2001 07b4 81       		.byte	-127
 2002 07b5 04       		.byte	4
 2003 07b6 87       		.byte	-121
 2004 07b7 01       		.byte	1
 2005 07b8 8F       		.byte	-113
 2006 07b9 10       		.byte	16
 2007 07ba 96       		.byte	-106
 2008 07bb 20       		.byte	32
 2009 07bc 97       		.byte	-105
 2010 07bd 02       		.byte	2
 2011 07be A2       		.byte	-94
 2012 07bf 20       		.byte	32
 2013 07c0 D4       		.byte	-44
 2014 07c1 E0       		.byte	-32
 2015 07c2 D6       		.byte	-42
 2016 07c3 60       		.byte	96
 2017 07c4 D8       		.byte	-40
 2018 07c5 80       		.byte	-128
 2019 07c6 E6       		.byte	-26
 2020 07c7 90       		.byte	-112
 2021 07c8 96       		.byte	-106
 2022 07c9 20       		.byte	32
 2023 07ca 97       		.byte	-105
 2024 07cb 02       		.byte	2
 2025 07cc A8       		.byte	-88
 2026 07cd 04       		.byte	4
 2027 07ce B0       		.byte	-80
 2028 07cf 18       		.byte	24
 2029 07d0 B6       		.byte	-74
 2030 07d1 20       		.byte	32
 2031 07d2 EE       		.byte	-18
 2032 07d3 80       		.byte	-128
 2033 07d4 96       		.byte	-106
 2034 07d5 20       		.byte	32
 2035 07d6 AB       		.byte	-85
 2036 07d7 01       		.byte	1
 2037 07d8 EE       		.byte	-18
 2038 07d9 20       		.byte	32
 2039 07da 1B       		.byte	27
 2040 07db 04       		.byte	4
 2041 07dc 24       		.byte	36
 2042 07dd 10       		.byte	16
 2043 07de 80       		.byte	-128
 2044 07df 10       		.byte	16
 2045 07e0 C6       		.byte	-58
 2046 07e1 08       		.byte	8
 2047 07e2 C8       		.byte	-56
 2048 07e3 01       		.byte	1
 2049 07e4 44       		.byte	68
 2050 07e5 02       		.byte	2
 2051 07e6 AB       		.byte	-85
 2052 07e7 04       		.byte	4
ARM GAS  C:\Users\isaac\AppData\Local\Temp\cc62EYFa.s 			page 37


 2053 07e8 D0       		.byte	-48
 2054 07e9 04       		.byte	4
 2055 07ea 24       		.byte	36
 2056 07eb 08       		.byte	8
 2057 07ec AA       		.byte	-86
 2058 07ed 10       		.byte	16
 2059 07ee C8       		.byte	-56
 2060 07ef 20       		.byte	32
 2061 07f0 EE       		.byte	-18
 2062 07f1 20       		.byte	32
 2063 07f2 B4       		.byte	-76
 2064 07f3 04       		.byte	4
 2065 07f4 9C       		.byte	-100
 2066 07f5 02       		.byte	2
 2067 07f6 10       		.byte	16
 2068 07f7 80       		.byte	-128
 2069 07f8 12       		.byte	18
 2070 07f9 80       		.byte	-128
 2071 07fa 74       		.byte	116
 2072 07fb 02       		.byte	2
 2073 07fc 84       		.byte	-124
 2074 07fd 02       		.byte	2
 2075 07fe 8C       		.byte	-116
 2076 07ff 80       		.byte	-128
 2077 0800 8E       		.byte	-114
 2078 0801 80       		.byte	-128
 2079 0802 B4       		.byte	-76
 2080 0803 02       		.byte	2
 2081 0804 C4       		.byte	-60
 2082 0805 08       		.byte	8
 2083 0806 DE       		.byte	-34
 2084 0807 04       		.byte	4
 2085 0808 E2       		.byte	-30
 2086 0809 02       		.byte	2
 2087 080a E6       		.byte	-26
 2088 080b 02       		.byte	2
 2089 080c E8       		.byte	-24
 2090 080d 08       		.byte	8
 2091 080e 00       		.byte	0
 2092 080f 03       		.byte	3
 2093 0810 01       		.byte	1
 2094 0811 01       		.byte	1
 2095 0812 08       		.byte	8
 2096 0813 03       		.byte	3
 2097 0814 09       		.byte	9
 2098 0815 01       		.byte	1
 2099 0816 0A       		.byte	10
 2100 0817 03       		.byte	3
 2101 0818 0C       		.byte	12
 2102 0819 03       		.byte	3
 2103 081a 0D       		.byte	13
 2104 081b 01       		.byte	1
 2105 081c 10       		.byte	16
 2106 081d 03       		.byte	3
 2107 081e 1A       		.byte	26
 2108 081f 01       		.byte	1
 2109 0820 1C       		.byte	28
ARM GAS  C:\Users\isaac\AppData\Local\Temp\cc62EYFa.s 			page 38


 2110 0821 03       		.byte	3
 2111 0822 00       		.byte	0
 2112 0823 03       		.byte	3
 2113 0824 10       		.byte	16
 2114 0825 0A       		.byte	10
 2115 0826 00       		.byte	0
 2116 0827 00       		.byte	0
 2117 0828 80       		.byte	-128
 2118 0829 80       		.byte	-128
 2119 082a 00       		.byte	0
 2120 082b 00       		.byte	0
 2121 082c 40       		.byte	64
 2122 082d 00       		.byte	0
 2123 082e 00       		.byte	0
 2124 082f 00       		.byte	0
 2125 0830 00       		.byte	0
 2126 0831 00       		.byte	0
 2127 0832 00       		.byte	0
 2128 0833 00       		.byte	0
 2129 0834 00       		.byte	0
 2130 0835 3F       		.byte	63
 2131 0836 3F       		.byte	63
 2132 0837 00       		.byte	0
 2133 0838 80       		.byte	-128
 2134 0839 00       		.byte	0
 2135 083a 40       		.byte	64
 2136 083b 80       		.byte	-128
 2137 083c 80       		.byte	-128
 2138 083d 00       		.byte	0
 2139 083e 80       		.byte	-128
 2140 083f 00       		.byte	0
 2141 0840 00       		.byte	0
 2142 0841 00       		.byte	0
 2143 0842 00       		.byte	0
 2144 0843 00       		.byte	0
 2145 0844 20       		.byte	32
 2146 0845 20       		.byte	32
 2147 0846 00       		.byte	0
 2148 0847 00       		.byte	0
 2149 0848 00       		.byte	0
 2150 0849 00       		.byte	0
 2151 084a 00       		.byte	0
 2152 084b 00       		.byte	0
 2153 084c 00       		.byte	0
 2154 084d 0B       		.byte	11
 2155 084e 0B       		.byte	11
 2156 084f 00       		.byte	0
 2157 0850 00       		.byte	0
 2158 0851 00       		.byte	0
 2159 0852 00       		.byte	0
 2160 0853 00       		.byte	0
 2161 0854 00       		.byte	0
 2162 0855 7F       		.byte	127
 2163 0856 7F       		.byte	127
 2164 0857 00       		.byte	0
 2165 0858 00       		.byte	0
 2166 0859 00       		.byte	0
ARM GAS  C:\Users\isaac\AppData\Local\Temp\cc62EYFa.s 			page 39


 2167 085a 00       		.byte	0
 2168 085b 00       		.byte	0
 2169 085c 00       		.byte	0
 2170 085d 01       		.byte	1
 2171 085e 00       		.byte	0
 2172 085f 00       		.byte	0
 2173              		.section	.cywolatch,"a",%progbits
 2174              		.align	2
 2175              		.type	cy_meta_wonvl, %object
 2176              		.size	cy_meta_wonvl, 4
 2177              	cy_meta_wonvl:
 2178 0000 BC       		.byte	-68
 2179 0001 90       		.byte	-112
 2180 0002 AC       		.byte	-84
 2181 0003 AF       		.byte	-81
 2182              		.section	.cycustnvl,"a",%progbits
 2183              		.align	2
 2184              		.type	cy_meta_custnvl, %object
 2185              		.size	cy_meta_custnvl, 4
 2186              	cy_meta_custnvl:
 2187 0000 00       		.byte	0
 2188 0001 00       		.byte	0
 2189 0002 40       		.byte	64
 2190 0003 05       		.byte	5
 2191              		.section	.cymeta,"a",%progbits
 2192              		.align	2
 2193              		.type	cy_metadata, %object
 2194              		.size	cy_metadata, 12
 2195              	cy_metadata:
 2196 0000 00       		.byte	0
 2197 0001 01       		.byte	1
 2198 0002 2E       		.byte	46
 2199 0003 16       		.byte	22
 2200 0004 10       		.byte	16
 2201 0005 69       		.byte	105
 2202 0006 00       		.byte	0
 2203 0007 01       		.byte	1
 2204 0008 00       		.byte	0
 2205 0009 00       		.byte	0
 2206 000a 00       		.byte	0
 2207 000b 00       		.byte	0
 2208              		.section	.cyflashprotect,"a",%progbits
 2209              		.align	2
 2210              		.type	cy_meta_flashprotect, %object
 2211              		.size	cy_meta_flashprotect, 256
 2212              	cy_meta_flashprotect:
 2213 0000 00000000 		.space	256
 2213      00000000 
 2213      00000000 
 2213      00000000 
 2213      00000000 
 2214              		.text
 2215              	.Letext0:
 2216              		.file 1 "c:\\program files (x86)\\cypress\\psoc creator\\4.2\\psoc creator\\import\\gnu\\arm\\5.4.
 2217              		.file 2 "c:\\program files (x86)\\cypress\\psoc creator\\4.2\\psoc creator\\import\\gnu\\arm\\5.4.
 2218              		.file 3 "Generated_Source\\PSoC5\\cymetadata.c"
 2219              		.section	.debug_info,"",%progbits
ARM GAS  C:\Users\isaac\AppData\Local\Temp\cc62EYFa.s 			page 40


 2220              	.Ldebug_info0:
 2221 0000 35010000 		.4byte	0x135
 2222 0004 0400     		.2byte	0x4
 2223 0006 00000000 		.4byte	.Ldebug_abbrev0
 2224 000a 04       		.byte	0x4
 2225 000b 01       		.uleb128 0x1
 2226 000c 24000000 		.4byte	.LASF17
 2227 0010 0C       		.byte	0xc
 2228 0011 B8010000 		.4byte	.LASF18
 2229 0015 D7000000 		.4byte	.LASF19
 2230 0019 00000000 		.4byte	.Ldebug_line0
 2231 001d 02       		.uleb128 0x2
 2232 001e 01       		.byte	0x1
 2233 001f 06       		.byte	0x6
 2234 0020 AC010000 		.4byte	.LASF0
 2235 0024 03       		.uleb128 0x3
 2236 0025 00000000 		.4byte	.LASF9
 2237 0029 01       		.byte	0x1
 2238 002a 1D       		.byte	0x1d
 2239 002b 2F000000 		.4byte	0x2f
 2240 002f 02       		.uleb128 0x2
 2241 0030 01       		.byte	0x1
 2242 0031 08       		.byte	0x8
 2243 0032 16000000 		.4byte	.LASF1
 2244 0036 02       		.uleb128 0x2
 2245 0037 02       		.byte	0x2
 2246 0038 05       		.byte	0x5
 2247 0039 99010000 		.4byte	.LASF2
 2248 003d 02       		.uleb128 0x2
 2249 003e 02       		.byte	0x2
 2250 003f 07       		.byte	0x7
 2251 0040 C4000000 		.4byte	.LASF3
 2252 0044 02       		.uleb128 0x2
 2253 0045 04       		.byte	0x4
 2254 0046 05       		.byte	0x5
 2255 0047 A3010000 		.4byte	.LASF4
 2256 004b 02       		.uleb128 0x2
 2257 004c 04       		.byte	0x4
 2258 004d 07       		.byte	0x7
 2259 004e B2000000 		.4byte	.LASF5
 2260 0052 02       		.uleb128 0x2
 2261 0053 08       		.byte	0x8
 2262 0054 05       		.byte	0x5
 2263 0055 8B010000 		.4byte	.LASF6
 2264 0059 02       		.uleb128 0x2
 2265 005a 08       		.byte	0x8
 2266 005b 07       		.byte	0x7
 2267 005c 40010000 		.4byte	.LASF7
 2268 0060 04       		.uleb128 0x4
 2269 0061 04       		.byte	0x4
 2270 0062 05       		.byte	0x5
 2271 0063 696E7400 		.ascii	"int\000"
 2272 0067 02       		.uleb128 0x2
 2273 0068 04       		.byte	0x4
 2274 0069 07       		.byte	0x7
 2275 006a 33010000 		.4byte	.LASF8
 2276 006e 03       		.uleb128 0x3
ARM GAS  C:\Users\isaac\AppData\Local\Temp\cc62EYFa.s 			page 41


 2277 006f 57010000 		.4byte	.LASF10
 2278 0073 02       		.byte	0x2
 2279 0074 18       		.byte	0x18
 2280 0075 24000000 		.4byte	0x24
 2281 0079 05       		.uleb128 0x5
 2282 007a 91000000 		.4byte	0x91
 2283 007e 8A000000 		.4byte	0x8a
 2284 0082 06       		.uleb128 0x6
 2285 0083 8A000000 		.4byte	0x8a
 2286 0087 5F08     		.2byte	0x85f
 2287 0089 00       		.byte	0
 2288 008a 02       		.uleb128 0x2
 2289 008b 04       		.byte	0x4
 2290 008c 07       		.byte	0x7
 2291 008d 82010000 		.4byte	.LASF11
 2292 0091 07       		.uleb128 0x7
 2293 0092 6E000000 		.4byte	0x6e
 2294 0096 08       		.uleb128 0x8
 2295 0097 21010000 		.4byte	.LASF12
 2296 009b 03       		.byte	0x3
 2297 009c 1F       		.byte	0x1f
 2298 009d A7000000 		.4byte	0xa7
 2299 00a1 05       		.uleb128 0x5
 2300 00a2 03       		.byte	0x3
 2301 00a3 00000000 		.4byte	cy_meta_configecc
 2302 00a7 07       		.uleb128 0x7
 2303 00a8 79000000 		.4byte	0x79
 2304 00ac 05       		.uleb128 0x5
 2305 00ad 91000000 		.4byte	0x91
 2306 00b1 BC000000 		.4byte	0xbc
 2307 00b5 09       		.uleb128 0x9
 2308 00b6 8A000000 		.4byte	0x8a
 2309 00ba 03       		.byte	0x3
 2310 00bb 00       		.byte	0
 2311 00bc 0A       		.uleb128 0xa
 2312 00bd 11010000 		.4byte	.LASF13
 2313 00c1 03       		.byte	0x3
 2314 00c2 3801     		.2byte	0x138
 2315 00c4 CE000000 		.4byte	0xce
 2316 00c8 05       		.uleb128 0x5
 2317 00c9 03       		.byte	0x3
 2318 00ca 00000000 		.4byte	cy_meta_custnvl
 2319 00ce 07       		.uleb128 0x7
 2320 00cf AC000000 		.4byte	0xac
 2321 00d3 0A       		.uleb128 0xa
 2322 00d4 74010000 		.4byte	.LASF14
 2323 00d8 03       		.byte	0x3
 2324 00d9 4601     		.2byte	0x146
 2325 00db E5000000 		.4byte	0xe5
 2326 00df 05       		.uleb128 0x5
 2327 00e0 03       		.byte	0x3
 2328 00e1 00000000 		.4byte	cy_meta_wonvl
 2329 00e5 07       		.uleb128 0x7
 2330 00e6 AC000000 		.4byte	0xac
 2331 00ea 05       		.uleb128 0x5
 2332 00eb 91000000 		.4byte	0x91
 2333 00ef FA000000 		.4byte	0xfa
ARM GAS  C:\Users\isaac\AppData\Local\Temp\cc62EYFa.s 			page 42


 2334 00f3 09       		.uleb128 0x9
 2335 00f4 8A000000 		.4byte	0x8a
 2336 00f8 FF       		.byte	0xff
 2337 00f9 00       		.byte	0
 2338 00fa 0A       		.uleb128 0xa
 2339 00fb 5F010000 		.4byte	.LASF15
 2340 00ff 03       		.byte	0x3
 2341 0100 5401     		.2byte	0x154
 2342 0102 0C010000 		.4byte	0x10c
 2343 0106 05       		.uleb128 0x5
 2344 0107 03       		.byte	0x3
 2345 0108 00000000 		.4byte	cy_meta_flashprotect
 2346 010c 07       		.uleb128 0x7
 2347 010d EA000000 		.4byte	0xea
 2348 0111 05       		.uleb128 0x5
 2349 0112 91000000 		.4byte	0x91
 2350 0116 21010000 		.4byte	0x121
 2351 011a 09       		.uleb128 0x9
 2352 011b 8A000000 		.4byte	0x8a
 2353 011f 0B       		.byte	0xb
 2354 0120 00       		.byte	0
 2355 0121 0A       		.uleb128 0xa
 2356 0122 0A000000 		.4byte	.LASF16
 2357 0126 03       		.byte	0x3
 2358 0127 8101     		.2byte	0x181
 2359 0129 33010000 		.4byte	0x133
 2360 012d 05       		.uleb128 0x5
 2361 012e 03       		.byte	0x3
 2362 012f 00000000 		.4byte	cy_metadata
 2363 0133 07       		.uleb128 0x7
 2364 0134 11010000 		.4byte	0x111
 2365 0138 00       		.byte	0
 2366              		.section	.debug_abbrev,"",%progbits
 2367              	.Ldebug_abbrev0:
 2368 0000 01       		.uleb128 0x1
 2369 0001 11       		.uleb128 0x11
 2370 0002 01       		.byte	0x1
 2371 0003 25       		.uleb128 0x25
 2372 0004 0E       		.uleb128 0xe
 2373 0005 13       		.uleb128 0x13
 2374 0006 0B       		.uleb128 0xb
 2375 0007 03       		.uleb128 0x3
 2376 0008 0E       		.uleb128 0xe
 2377 0009 1B       		.uleb128 0x1b
 2378 000a 0E       		.uleb128 0xe
 2379 000b 10       		.uleb128 0x10
 2380 000c 17       		.uleb128 0x17
 2381 000d 00       		.byte	0
 2382 000e 00       		.byte	0
 2383 000f 02       		.uleb128 0x2
 2384 0010 24       		.uleb128 0x24
 2385 0011 00       		.byte	0
 2386 0012 0B       		.uleb128 0xb
 2387 0013 0B       		.uleb128 0xb
 2388 0014 3E       		.uleb128 0x3e
 2389 0015 0B       		.uleb128 0xb
 2390 0016 03       		.uleb128 0x3
ARM GAS  C:\Users\isaac\AppData\Local\Temp\cc62EYFa.s 			page 43


 2391 0017 0E       		.uleb128 0xe
 2392 0018 00       		.byte	0
 2393 0019 00       		.byte	0
 2394 001a 03       		.uleb128 0x3
 2395 001b 16       		.uleb128 0x16
 2396 001c 00       		.byte	0
 2397 001d 03       		.uleb128 0x3
 2398 001e 0E       		.uleb128 0xe
 2399 001f 3A       		.uleb128 0x3a
 2400 0020 0B       		.uleb128 0xb
 2401 0021 3B       		.uleb128 0x3b
 2402 0022 0B       		.uleb128 0xb
 2403 0023 49       		.uleb128 0x49
 2404 0024 13       		.uleb128 0x13
 2405 0025 00       		.byte	0
 2406 0026 00       		.byte	0
 2407 0027 04       		.uleb128 0x4
 2408 0028 24       		.uleb128 0x24
 2409 0029 00       		.byte	0
 2410 002a 0B       		.uleb128 0xb
 2411 002b 0B       		.uleb128 0xb
 2412 002c 3E       		.uleb128 0x3e
 2413 002d 0B       		.uleb128 0xb
 2414 002e 03       		.uleb128 0x3
 2415 002f 08       		.uleb128 0x8
 2416 0030 00       		.byte	0
 2417 0031 00       		.byte	0
 2418 0032 05       		.uleb128 0x5
 2419 0033 01       		.uleb128 0x1
 2420 0034 01       		.byte	0x1
 2421 0035 49       		.uleb128 0x49
 2422 0036 13       		.uleb128 0x13
 2423 0037 01       		.uleb128 0x1
 2424 0038 13       		.uleb128 0x13
 2425 0039 00       		.byte	0
 2426 003a 00       		.byte	0
 2427 003b 06       		.uleb128 0x6
 2428 003c 21       		.uleb128 0x21
 2429 003d 00       		.byte	0
 2430 003e 49       		.uleb128 0x49
 2431 003f 13       		.uleb128 0x13
 2432 0040 2F       		.uleb128 0x2f
 2433 0041 05       		.uleb128 0x5
 2434 0042 00       		.byte	0
 2435 0043 00       		.byte	0
 2436 0044 07       		.uleb128 0x7
 2437 0045 26       		.uleb128 0x26
 2438 0046 00       		.byte	0
 2439 0047 49       		.uleb128 0x49
 2440 0048 13       		.uleb128 0x13
 2441 0049 00       		.byte	0
 2442 004a 00       		.byte	0
 2443 004b 08       		.uleb128 0x8
 2444 004c 34       		.uleb128 0x34
 2445 004d 00       		.byte	0
 2446 004e 03       		.uleb128 0x3
 2447 004f 0E       		.uleb128 0xe
ARM GAS  C:\Users\isaac\AppData\Local\Temp\cc62EYFa.s 			page 44


 2448 0050 3A       		.uleb128 0x3a
 2449 0051 0B       		.uleb128 0xb
 2450 0052 3B       		.uleb128 0x3b
 2451 0053 0B       		.uleb128 0xb
 2452 0054 49       		.uleb128 0x49
 2453 0055 13       		.uleb128 0x13
 2454 0056 3F       		.uleb128 0x3f
 2455 0057 19       		.uleb128 0x19
 2456 0058 02       		.uleb128 0x2
 2457 0059 18       		.uleb128 0x18
 2458 005a 00       		.byte	0
 2459 005b 00       		.byte	0
 2460 005c 09       		.uleb128 0x9
 2461 005d 21       		.uleb128 0x21
 2462 005e 00       		.byte	0
 2463 005f 49       		.uleb128 0x49
 2464 0060 13       		.uleb128 0x13
 2465 0061 2F       		.uleb128 0x2f
 2466 0062 0B       		.uleb128 0xb
 2467 0063 00       		.byte	0
 2468 0064 00       		.byte	0
 2469 0065 0A       		.uleb128 0xa
 2470 0066 34       		.uleb128 0x34
 2471 0067 00       		.byte	0
 2472 0068 03       		.uleb128 0x3
 2473 0069 0E       		.uleb128 0xe
 2474 006a 3A       		.uleb128 0x3a
 2475 006b 0B       		.uleb128 0xb
 2476 006c 3B       		.uleb128 0x3b
 2477 006d 05       		.uleb128 0x5
 2478 006e 49       		.uleb128 0x49
 2479 006f 13       		.uleb128 0x13
 2480 0070 3F       		.uleb128 0x3f
 2481 0071 19       		.uleb128 0x19
 2482 0072 02       		.uleb128 0x2
 2483 0073 18       		.uleb128 0x18
 2484 0074 00       		.byte	0
 2485 0075 00       		.byte	0
 2486 0076 00       		.byte	0
 2487              		.section	.debug_aranges,"",%progbits
 2488 0000 14000000 		.4byte	0x14
 2489 0004 0200     		.2byte	0x2
 2490 0006 00000000 		.4byte	.Ldebug_info0
 2491 000a 04       		.byte	0x4
 2492 000b 00       		.byte	0
 2493 000c 0000     		.2byte	0
 2494 000e 0000     		.2byte	0
 2495 0010 00000000 		.4byte	0
 2496 0014 00000000 		.4byte	0
 2497              		.section	.debug_line,"",%progbits
 2498              	.Ldebug_line0:
 2499 0000 3D010000 		.section	.debug_str,"MS",%progbits,1
 2499      02003701 
 2499      00000201 
 2499      FB0E0D00 
 2499      01010101 
 2500              	.LASF9:
ARM GAS  C:\Users\isaac\AppData\Local\Temp\cc62EYFa.s 			page 45


 2501 0000 5F5F7569 		.ascii	"__uint8_t\000"
 2501      6E74385F 
 2501      7400
 2502              	.LASF16:
 2503 000a 63795F6D 		.ascii	"cy_metadata\000"
 2503      65746164 
 2503      61746100 
 2504              	.LASF1:
 2505 0016 756E7369 		.ascii	"unsigned char\000"
 2505      676E6564 
 2505      20636861 
 2505      7200
 2506              	.LASF17:
 2507 0024 474E5520 		.ascii	"GNU C11 5.4.1 20160609 (release) [ARM/embedded-5-br"
 2507      43313120 
 2507      352E342E 
 2507      31203230 
 2507      31363036 
 2508 0057 616E6368 		.ascii	"anch revision 237715] -mcpu=cortex-m3 -mthumb -g -O"
 2508      20726576 
 2508      6973696F 
 2508      6E203233 
 2508      37373135 
 2509 008a 67202D66 		.ascii	"g -ffunction-sections -ffat-lto-objects\000"
 2509      66756E63 
 2509      74696F6E 
 2509      2D736563 
 2509      74696F6E 
 2510              	.LASF5:
 2511 00b2 6C6F6E67 		.ascii	"long unsigned int\000"
 2511      20756E73 
 2511      69676E65 
 2511      6420696E 
 2511      7400
 2512              	.LASF3:
 2513 00c4 73686F72 		.ascii	"short unsigned int\000"
 2513      7420756E 
 2513      7369676E 
 2513      65642069 
 2513      6E7400
 2514              	.LASF19:
 2515 00d7 433A5C55 		.ascii	"C:\\Users\\isaac\\Documents\\PSoC Creator\\Sender\\"
 2515      73657273 
 2515      5C697361 
 2515      61635C44 
 2515      6F63756D 
 2516 0104 53656E64 		.ascii	"Sender.cydsn\000"
 2516      65722E63 
 2516      7964736E 
 2516      00
 2517              	.LASF13:
 2518 0111 63795F6D 		.ascii	"cy_meta_custnvl\000"
 2518      6574615F 
 2518      63757374 
 2518      6E766C00 
 2519              	.LASF12:
 2520 0121 63795F6D 		.ascii	"cy_meta_configecc\000"
ARM GAS  C:\Users\isaac\AppData\Local\Temp\cc62EYFa.s 			page 46


 2520      6574615F 
 2520      636F6E66 
 2520      69676563 
 2520      6300
 2521              	.LASF8:
 2522 0133 756E7369 		.ascii	"unsigned int\000"
 2522      676E6564 
 2522      20696E74 
 2522      00
 2523              	.LASF7:
 2524 0140 6C6F6E67 		.ascii	"long long unsigned int\000"
 2524      206C6F6E 
 2524      6720756E 
 2524      7369676E 
 2524      65642069 
 2525              	.LASF10:
 2526 0157 75696E74 		.ascii	"uint8_t\000"
 2526      385F7400 
 2527              	.LASF15:
 2528 015f 63795F6D 		.ascii	"cy_meta_flashprotect\000"
 2528      6574615F 
 2528      666C6173 
 2528      6870726F 
 2528      74656374 
 2529              	.LASF14:
 2530 0174 63795F6D 		.ascii	"cy_meta_wonvl\000"
 2530      6574615F 
 2530      776F6E76 
 2530      6C00
 2531              	.LASF11:
 2532 0182 73697A65 		.ascii	"sizetype\000"
 2532      74797065 
 2532      00
 2533              	.LASF6:
 2534 018b 6C6F6E67 		.ascii	"long long int\000"
 2534      206C6F6E 
 2534      6720696E 
 2534      7400
 2535              	.LASF2:
 2536 0199 73686F72 		.ascii	"short int\000"
 2536      7420696E 
 2536      7400
 2537              	.LASF4:
 2538 01a3 6C6F6E67 		.ascii	"long int\000"
 2538      20696E74 
 2538      00
 2539              	.LASF0:
 2540 01ac 7369676E 		.ascii	"signed char\000"
 2540      65642063 
 2540      68617200 
 2541              	.LASF18:
 2542 01b8 47656E65 		.ascii	"Generated_Source\\PSoC5\\cymetadata.c\000"
 2542      72617465 
 2542      645F536F 
 2542      75726365 
 2542      5C50536F 
 2543              		.ident	"GCC: (GNU Tools for ARM Embedded Processors) 5.4.1 20160609 (release) [ARM/embedded-5-bran
ARM GAS  C:\Users\isaac\AppData\Local\Temp\cc62EYFa.s 			page 47


